SF:/Users/gmtfr/bee-mvp/bee-mvp/supabase/functions/_shared/metrics.ts
FN:4,client
FN:12,recordLatency
FN:32,recordTokenUsage
FNDA:3,client
FNDA:10,recordLatency
FNDA:0,recordTokenUsage
FNF:3
FNH:2
BRDA:5,1,0,1
BRDA:13,2,0,7
BRDA:13,2,1,3
BRDA:24,2,2,0
BRF:4
BRH:3
DA:1,5
DA:3,5
DA:4,8
DA:5,8
DA:6,8
DA:7,8
DA:12,5
DA:13,15
DA:14,18
DA:16,18
DA:17,18
DA:18,18
DA:19,18
DA:20,18
DA:21,18
DA:22,18
DA:23,18
DA:24,0
DA:25,0
DA:26,0
DA:27,15
DA:32,0
DA:33,0
DA:34,0
DA:35,0
DA:36,0
DA:38,0
DA:39,0
DA:40,0
DA:41,0
DA:42,0
DA:43,0
DA:44,0
DA:45,0
DA:46,0
DA:47,0
DA:48,0
DA:49,0
DA:50,0
DA:51,0
LH:18
LF:40
end_of_record
SF:/Users/gmtfr/bee-mvp/bee-mvp/supabase/functions/_shared/node_polyfills.ts
FNF:0
FNH:0
BRF:0
BRH:0
DA:1,6
DA:5,6
LH:2
LF:2
end_of_record
SF:/Users/gmtfr/bee-mvp/bee-mvp/supabase/functions/_shared/realtime-util.ts
FN:8,getClient
FN:14,broadcastEvent
FNDA:0,getClient
FNDA:1,broadcastEvent
FNF:2
FNH:1
BRDA:19,2,0,0
BRF:1
BRH:0
DA:2,6
DA:7,6
DA:8,0
DA:9,0
DA:10,0
DA:11,0
DA:12,0
DA:14,6
DA:15,6
DA:16,6
DA:17,6
DA:19,0
DA:20,0
DA:21,0
DA:22,0
DA:23,0
DA:24,0
DA:25,0
DA:27,0
DA:28,7
LH:7
LF:20
end_of_record
SF:/Users/gmtfr/bee-mvp/bee-mvp/supabase/functions/_shared/supabase_client.ts
FN:7,getSupabaseClient
FNDA:1,getSupabaseClient
FNF:1
FNH:1
BRDA:8,1,0,0
BRDA:12,1,1,0
BRDA:14,1,2,0
BRF:3
BRH:0
DA:4,6
DA:7,6
DA:8,0
DA:9,7
DA:10,7
DA:11,7
DA:12,0
DA:14,0
DA:15,0
DA:16,0
DA:18,7
DA:19,7
DA:21,7
DA:22,7
LH:9
LF:14
end_of_record
SF:/Users/gmtfr/bee-mvp/bee-mvp/supabase/functions/ai-coaching-engine/_shared/supabase_client.ts
FN:6,getSupabaseClient
FN:16,from
FN:24,getUser
FN:58,from
FN:66,getUser
FNDA:16,getSupabaseClient
FNDA:0,from
FNDA:4,getUser
FNDA:0,from
FNDA:0,getUser
FNF:5
FNH:2
BRDA:14,1,0,4
BRDA:36,1,1,12
BRDA:38,1,2,0
BRDA:41,1,3,8
BRDA:44,1,4,12
BRDA:44,1,5,0
BRDA:44,1,6,0
BRDA:44,1,7,0
BRDA:46,1,8,12
BRDA:46,1,9,0
BRDA:48,1,10,12
BRDA:54,1,11,0
BRDA:27,3,0,1
BRDA:28,3,1,3
BRF:14
BRH:8
DA:1,1
DA:6,9
DA:12,9
DA:14,25
DA:15,29
DA:16,0
DA:17,0
DA:18,0
DA:19,0
DA:20,0
DA:21,0
DA:22,0
DA:23,29
DA:24,29
DA:25,33
DA:26,33
DA:27,33
DA:28,33
DA:29,33
DA:30,33
DA:31,33
DA:32,33
DA:33,33
DA:34,29
DA:35,29
DA:36,29
DA:38,0
DA:40,25
DA:41,25
DA:42,25
DA:43,25
DA:44,0
DA:46,0
DA:47,0
DA:48,0
DA:50,37
DA:52,37
DA:53,37
DA:54,0
DA:55,0
DA:56,0
DA:57,0
DA:58,0
DA:59,0
DA:60,0
DA:61,0
DA:62,0
DA:63,0
DA:64,0
DA:65,0
DA:66,0
DA:67,0
DA:68,0
DA:69,0
DA:70,0
DA:71,0
DA:72,0
DA:73,0
DA:74,0
DA:75,0
DA:76,0
DA:77,0
DA:78,0
DA:79,25
LH:27
LF:64
end_of_record
SF:/Users/gmtfr/bee-mvp/bee-mvp/supabase/functions/ai-coaching-engine/embedding.ts
FN:10,generateEmbedding
FN:37,storeEmbedding
FNDA:0,generateEmbedding
FNDA:0,storeEmbedding
FNF:2
FNH:0
BRF:0
BRH:0
DA:1,1
DA:6,6
DA:7,6
DA:8,6
DA:10,0
DA:11,0
DA:13,0
DA:14,0
DA:15,0
DA:16,0
DA:17,0
DA:18,0
DA:19,0
DA:20,0
DA:21,0
DA:23,0
DA:24,0
DA:25,0
DA:26,0
DA:28,0
DA:29,0
DA:30,0
DA:31,0
DA:32,0
DA:33,0
DA:34,0
DA:35,0
DA:37,0
DA:38,0
DA:39,0
DA:41,0
DA:42,0
DA:43,0
DA:44,0
DA:45,0
DA:47,0
DA:48,0
DA:49,0
DA:50,0
DA:51,0
LH:4
LF:40
end_of_record
SF:/Users/gmtfr/bee-mvp/bee-mvp/supabase/functions/ai-coaching-engine/middleware/cache.ts
FN:7,CacheError
FN:17,touchLRU
FN:26,getCachedResponse
FN:67,setCachedResponse
FN:104,generateCacheKey
FN:120,clearCache
FNDA:0,CacheError
FNDA:110,touchLRU
FNDA:16,getCachedResponse
FNDA:109,setCachedResponse
FNDA:12,generateCacheKey
FNDA:11,clearCache
FNF:6
FNH:5
BRDA:28,3,0,4
BRDA:28,3,1,13
BRDA:28,3,2,12
BRDA:32,3,3,0
BRDA:32,3,4,13
BRDA:32,3,5,12
BRDA:33,3,6,0
BRDA:43,3,7,13
BRDA:43,3,8,0
BRDA:45,3,9,12
BRDA:49,3,10,7
BRDA:49,3,11,13
BRDA:49,3,12,5
BRDA:53,3,13,7
BRDA:56,3,14,2
BRDA:58,3,15,7
BRDA:73,4,0,4
BRDA:73,4,1,106
BRDA:73,4,2,105
BRDA:80,4,3,0
BRDA:80,4,4,106
BRDA:80,4,5,105
BRDA:81,4,6,0
BRDA:85,4,7,106
BRDA:85,4,8,0
BRDA:87,4,9,105
BRDA:93,4,10,0
BRDA:124,7,0,0
BRDA:125,7,1,0
BRDA:133,7,2,0
BRF:30
BRH:20
DA:6,7
DA:7,0
DA:8,0
DA:9,0
DA:10,0
DA:11,7
DA:13,1
DA:14,7
DA:15,7
DA:17,117
DA:18,117
DA:19,117
DA:20,117
DA:26,7
DA:27,23
DA:28,23
DA:30,48
DA:32,0
DA:33,0
DA:34,0
DA:35,0
DA:36,0
DA:37,0
DA:39,0
DA:40,0
DA:41,0
DA:42,0
DA:43,0
DA:44,0
DA:45,0
DA:48,48
DA:49,23
DA:51,41
DA:52,41
DA:53,41
DA:56,36
DA:57,38
DA:58,38
DA:60,43
DA:61,23
DA:67,7
DA:68,7
DA:69,7
DA:70,7
DA:72,116
DA:73,116
DA:75,327
DA:76,1308
DA:78,327
DA:80,0
DA:81,0
DA:82,0
DA:83,0
DA:84,0
DA:85,0
DA:86,0
DA:87,0
DA:90,327
DA:93,0
DA:94,0
DA:95,0
DA:96,0
DA:97,0
DA:98,116
DA:104,7
DA:105,7
DA:106,7
DA:107,7
DA:108,7
DA:110,19
DA:111,19
DA:112,19
DA:113,19
DA:114,19
DA:115,19
DA:120,7
DA:121,18
DA:123,18
DA:124,0
DA:125,0
DA:128,0
DA:129,0
DA:130,0
DA:131,0
DA:132,0
DA:133,0
DA:134,0
DA:135,0
DA:136,18
LH:49
LF:89
end_of_record
SF:/Users/gmtfr/bee-mvp/bee-mvp/supabase/functions/ai-coaching-engine/middleware/rate-limit.ts
FN:1,<instance_members_initializer>
FN:2,RateLimitError
FN:15,enforceRateLimit
FN:39,enforceRateLimitKV
FN:79,enforceRateLimitMemory
FN:120,getRateLimitStatus
FN:171,clearRateLimits
FNDA:6,<instance_members_initializer>
FNDA:6,RateLimitError
FNDA:41,enforceRateLimit
FNDA:0,enforceRateLimitKV
FNDA:41,enforceRateLimitMemory
FNDA:5,getRateLimitStatus
FNDA:15,clearRateLimits
FNF:7
FNH:6
BRDA:16,3,0,2
BRDA:16,3,1,1
BRDA:23,3,2,0
BRDA:24,3,3,0
BRDA:28,3,4,0
BRDA:85,5,0,12
BRDA:91,5,1,6
BRDA:98,5,2,35
BRDA:105,5,3,0
BRDA:125,8,0,1
BRDA:125,8,1,1
BRDA:130,8,2,0
BRDA:131,8,3,0
BRDA:153,8,4,0
BRDA:158,8,5,3
BRDA:175,10,0,0
BRDA:176,10,1,0
BRDA:182,10,2,0
BRF:18
BRH:8
DA:1,6
DA:2,18
DA:3,12
DA:4,12
DA:5,12
DA:6,6
DA:9,6
DA:15,6
DA:16,47
DA:17,47
DA:18,47
DA:19,47
DA:21,47
DA:23,0
DA:24,0
DA:25,0
DA:26,0
DA:27,0
DA:28,0
DA:29,0
DA:30,0
DA:33,47
DA:34,47
DA:39,0
DA:40,0
DA:41,0
DA:42,0
DA:43,0
DA:44,0
DA:46,0
DA:47,0
DA:48,0
DA:51,0
DA:52,0
DA:53,0
DA:54,0
DA:56,0
DA:57,0
DA:60,0
DA:61,0
DA:62,0
DA:64,0
DA:65,0
DA:66,0
DA:67,0
DA:68,0
DA:70,0
DA:73,0
DA:74,0
DA:79,6
DA:80,6
DA:81,6
DA:82,6
DA:83,6
DA:85,47
DA:88,47
DA:91,47
DA:92,53
DA:93,53
DA:94,53
DA:95,53
DA:96,53
DA:98,53
DA:101,82
DA:102,82
DA:105,0
DA:106,0
DA:107,0
DA:108,0
DA:109,0
DA:110,0
DA:111,0
DA:112,0
DA:113,0
DA:114,0
DA:115,47
DA:120,6
DA:125,11
DA:126,11
DA:127,11
DA:129,11
DA:130,0
DA:131,0
DA:132,0
DA:133,0
DA:134,0
DA:136,0
DA:137,0
DA:138,0
DA:139,0
DA:141,0
DA:142,0
DA:144,0
DA:145,0
DA:147,0
DA:148,0
DA:149,0
DA:150,0
DA:151,0
DA:152,0
DA:153,0
DA:154,0
DA:155,0
DA:158,11
DA:159,11
DA:161,11
DA:162,11
DA:163,11
DA:164,11
DA:165,11
DA:166,11
DA:171,6
DA:172,21
DA:174,21
DA:175,0
DA:176,0
DA:177,0
DA:178,0
DA:179,0
DA:180,0
DA:181,0
DA:182,0
DA:183,0
DA:184,0
DA:185,21
LH:49
LF:125
end_of_record
SF:/Users/gmtfr/bee-mvp/bee-mvp/supabase/functions/ai-coaching-engine/middleware/request-id.ts
FN:22,ensureRequestId
FN:31,withRequestId
FNDA:2,ensureRequestId
FNDA:1,withRequestId
FNF:2
FNH:2
BRDA:24,1,0,1
BRF:1
BRH:1
DA:13,1
DA:22,1
DA:23,3
DA:24,3
DA:25,3
DA:31,1
DA:32,2
DA:33,2
DA:34,2
DA:35,2
DA:36,2
DA:37,2
DA:38,2
LH:13
LF:13
end_of_record
SF:/Users/gmtfr/bee-mvp/bee-mvp/supabase/functions/ai-coaching-engine/middleware/safety/red-flag-detector.ts
FN:55,detectRedFlags
FNDA:49,detectRedFlags
FNF:1
FNH:1
BRDA:58,1,0,165
BRDA:60,1,1,548
BRDA:61,1,2,18
BRDA:64,1,3,147
BRDA:67,1,4,771
BRDA:68,1,5,1
BRDA:71,1,6,146
BRDA:72,1,7,30
BRF:8
BRH:8
DA:9,7
DA:10,7
DA:11,7
DA:12,7
DA:13,7
DA:14,7
DA:15,7
DA:16,7
DA:17,7
DA:18,49
DA:19,7
DA:20,7
DA:21,7
DA:22,7
DA:23,7
DA:24,7
DA:25,7
DA:26,7
DA:27,35
DA:28,7
DA:29,7
DA:30,7
DA:31,7
DA:32,7
DA:33,7
DA:34,7
DA:35,7
DA:36,7
DA:37,49
DA:38,7
DA:39,7
DA:40,7
DA:41,7
DA:42,7
DA:43,7
DA:44,7
DA:45,7
DA:46,42
DA:47,7
DA:48,7
DA:55,7
DA:56,56
DA:58,56
DA:60,221
DA:61,769
DA:62,787
DA:63,787
DA:64,769
DA:67,221
DA:68,992
DA:69,993
DA:70,993
DA:71,992
DA:72,367
DA:74,86
DA:75,56
LH:56
LF:56
end_of_record
SF:/Users/gmtfr/bee-mvp/bee-mvp/supabase/functions/ai-coaching-engine/mod.ts
FN:135,handleOptions
FN:143,handler
FN:158,handler
FN:165,handler
FN:172,handler
FN:180,handler
FN:210,handler
FN:239,handler
FN:251,handler
FN:285,_handleFrequencyOptimization
FN:365,_handlePatternAggregation
FN:472,_handleConversation
FN:795,callAIAPI
FNDA:3,handleOptions
FNDA:0,handler
FNDA:0,handler
FNDA:0,handler
FNDA:0,handler
FNDA:1,handler
FNDA:0,handler
FNDA:0,handler
FNDA:13,handler
FNDA:0,_handleFrequencyOptimization
FNDA:0,_handlePatternAggregation
FNDA:0,_handleConversation
FNDA:0,callAIAPI
FNF:13
FNH:3
BRDA:29,0,0,4
BRDA:30,0,1,1
BRDA:30,0,2,4
BRDA:33,0,3,4
BRDA:36,0,4,0
BRDA:36,0,5,0
BRDA:37,0,6,2
BRDA:46,0,7,0
BRDA:55,0,8,0
BRDA:56,0,9,0
BRDA:59,0,10,0
BRDA:63,0,11,1
BRDA:63,0,12,1
BRDA:68,1,0,0
BRDA:181,7,0,0
BRDA:187,7,1,0
BRDA:198,7,2,0
BRDA:254,11,0,0
BRDA:264,11,1,3
BRDA:265,11,2,10
BRDA:270,11,3,0
BRDA:273,11,4,11
BRDA:273,11,5,10
BRDA:273,11,6,9
BRDA:274,11,7,9
BRDA:279,11,8,1
BRF:26
BRH:14
DA:1,5
DA:2,5
DA:3,5
DA:4,5
DA:5,5
DA:6,5
DA:7,5
DA:8,5
DA:9,5
DA:10,5
DA:11,5
DA:12,5
DA:13,5
DA:14,5
DA:15,5
DA:16,5
DA:17,5
DA:18,5
DA:19,5
DA:20,5
DA:21,5
DA:22,5
DA:27,5
DA:28,5
DA:29,5
DA:30,5
DA:33,5
DA:36,0
DA:37,5
DA:38,5
DA:43,5
DA:46,5
DA:47,0
DA:48,0
DA:53,0
DA:54,0
DA:55,0
DA:56,0
DA:57,0
DA:58,0
DA:59,0
DA:62,5
DA:63,5
DA:64,6
DA:65,7
DA:66,21
DA:67,7
DA:68,0
DA:69,0
DA:70,0
DA:71,0
DA:72,6
DA:128,5
DA:129,5
DA:130,5
DA:131,5
DA:132,5
DA:135,5
DA:136,24
DA:137,8
DA:140,5
DA:141,5
DA:142,15
DA:143,0
DA:144,0
DA:145,0
DA:146,0
DA:147,0
DA:148,0
DA:149,0
DA:150,0
DA:151,0
DA:152,0
DA:153,0
DA:154,0
DA:155,0
DA:156,5
DA:157,15
DA:158,0
DA:159,0
DA:160,0
DA:161,0
DA:162,0
DA:163,5
DA:164,15
DA:165,0
DA:166,0
DA:167,0
DA:168,0
DA:169,0
DA:170,5
DA:171,15
DA:172,0
DA:173,0
DA:174,0
DA:175,0
DA:176,0
DA:178,5
DA:179,15
DA:180,5
DA:181,0
DA:182,0
DA:187,6
DA:188,0
DA:189,0
DA:190,0
DA:191,0
DA:192,0
DA:193,0
DA:194,0
DA:195,0
DA:196,0
DA:197,24
DA:198,6
DA:200,0
DA:201,0
DA:202,0
DA:203,0
DA:204,0
DA:205,0
DA:208,5
DA:209,15
DA:210,0
DA:211,0
DA:212,0
DA:213,0
DA:214,0
DA:215,0
DA:217,0
DA:218,0
DA:219,0
DA:220,0
DA:221,0
DA:222,0
DA:223,0
DA:224,0
DA:225,0
DA:226,0
DA:227,0
DA:228,0
DA:230,0
DA:231,0
DA:232,0
DA:233,0
DA:234,0
DA:235,0
DA:236,0
DA:237,5
DA:238,15
DA:239,0
DA:240,0
DA:241,0
DA:242,0
DA:243,0
DA:244,5
DA:246,5
DA:247,5
DA:248,47
DA:251,5
DA:252,18
DA:254,18
DA:255,0
DA:256,0
DA:257,0
DA:258,0
DA:259,0
DA:260,0
DA:261,0
DA:262,0
DA:263,0
DA:264,18
DA:265,18
DA:266,28
DA:267,28
DA:268,28
DA:269,28
DA:270,0
DA:271,0
DA:272,0
DA:273,0
DA:274,18
DA:275,27
DA:276,27
DA:277,27
DA:278,27
DA:279,18
DA:280,19
DA:285,0
DA:286,0
DA:287,0
DA:289,0
DA:291,0
DA:293,0
DA:294,0
DA:296,0
DA:297,0
DA:298,0
DA:299,0
DA:301,0
DA:304,0
DA:305,0
DA:306,0
DA:308,0
DA:309,0
DA:310,0
DA:311,0
DA:312,0
DA:313,0
DA:315,0
DA:318,0
DA:319,0
DA:320,0
DA:321,0
DA:323,0
DA:326,0
DA:329,0
DA:330,0
DA:331,0
DA:332,0
DA:334,0
DA:335,0
DA:336,0
DA:338,0
DA:339,0
DA:340,0
DA:341,0
DA:342,0
DA:343,0
DA:344,0
DA:345,0
DA:346,0
DA:347,0
DA:349,0
DA:350,0
DA:351,0
DA:352,0
DA:353,0
DA:354,0
DA:355,0
DA:356,0
DA:357,0
DA:359,0
DA:360,0
DA:365,0
DA:366,0
DA:367,0
DA:369,0
DA:371,0
DA:373,0
DA:374,0
DA:375,0
DA:376,0
DA:377,0
DA:378,0
DA:381,0
DA:382,0
DA:383,0
DA:385,0
DA:386,0
DA:387,0
DA:388,0
DA:389,0
DA:390,0
DA:392,0
DA:395,0
DA:396,0
DA:397,0
DA:398,0
DA:400,0
DA:403,0
DA:404,0
DA:405,0
DA:406,0
DA:408,0
DA:409,0
DA:410,0
DA:411,0
DA:412,0
DA:413,0
DA:414,0
DA:415,0
DA:416,0
DA:417,0
DA:418,0
DA:419,0
DA:420,0
DA:421,0
DA:422,0
DA:423,0
DA:425,0
DA:427,0
DA:428,0
DA:429,0
DA:430,0
DA:431,0
DA:433,0
DA:434,0
DA:435,0
DA:436,0
DA:437,0
DA:438,0
DA:439,0
DA:440,0
DA:441,0
DA:442,0
DA:444,0
DA:446,0
DA:447,0
DA:448,0
DA:449,0
DA:450,0
DA:451,0
DA:452,0
DA:454,0
DA:455,0
DA:456,0
DA:457,0
DA:458,0
DA:459,0
DA:460,0
DA:461,0
DA:462,0
DA:463,0
DA:464,0
DA:466,0
DA:467,0
DA:472,0
DA:473,0
DA:474,0
DA:476,0
DA:478,0
DA:480,0
DA:481,0
DA:482,0
DA:483,0
DA:484,0
DA:485,0
DA:486,0
DA:487,0
DA:488,0
DA:490,0
DA:491,0
DA:492,0
DA:493,0
DA:495,0
DA:498,0
DA:499,0
DA:500,0
DA:503,0
DA:504,0
DA:505,0
DA:506,0
DA:507,0
DA:508,0
DA:509,0
DA:510,0
DA:511,0
DA:512,0
DA:514,0
DA:517,0
DA:521,0
DA:522,0
DA:523,0
DA:524,0
DA:525,0
DA:526,0
DA:529,0
DA:530,0
DA:531,0
DA:532,0
DA:533,0
DA:534,0
DA:535,0
DA:537,0
DA:539,0
DA:540,0
DA:542,0
DA:543,0
DA:545,0
DA:546,0
DA:547,0
DA:548,0
DA:550,0
DA:552,0
DA:553,0
DA:555,0
DA:557,0
DA:558,0
DA:560,0
DA:562,0
DA:563,0
DA:564,0
DA:565,0
DA:566,0
DA:567,0
DA:569,0
DA:572,0
DA:573,0
DA:574,0
DA:575,0
DA:576,0
DA:577,0
DA:579,0
DA:580,0
DA:581,0
DA:582,0
DA:585,0
DA:586,0
DA:587,0
DA:588,0
DA:589,0
DA:590,0
DA:591,0
DA:592,0
DA:593,0
DA:594,0
DA:595,0
DA:596,0
DA:597,0
DA:598,0
DA:599,0
DA:600,0
DA:601,0
DA:602,0
DA:604,0
DA:605,0
DA:606,0
DA:607,0
DA:610,0
DA:611,0
DA:612,0
DA:613,0
DA:614,0
DA:615,0
DA:616,0
DA:617,0
DA:619,0
DA:620,0
DA:621,0
DA:624,0
DA:627,0
DA:628,0
DA:629,0
DA:631,0
DA:634,0
DA:635,0
DA:636,0
DA:637,0
DA:638,0
DA:639,0
DA:640,0
DA:642,0
DA:645,0
DA:646,0
DA:647,0
DA:648,0
DA:651,0
DA:652,0
DA:653,0
DA:654,0
DA:655,0
DA:658,0
DA:659,0
DA:661,0
DA:662,0
DA:663,0
DA:664,0
DA:665,0
DA:666,0
DA:667,0
DA:668,0
DA:670,0
DA:671,0
DA:673,0
DA:674,0
DA:675,0
DA:677,0
DA:678,0
DA:679,0
DA:680,0
DA:682,0
DA:683,0
DA:686,0
DA:687,0
DA:689,0
DA:690,0
DA:692,0
DA:693,0
DA:694,0
DA:695,0
DA:697,0
DA:698,0
DA:699,0
DA:700,0
DA:701,0
DA:703,0
DA:704,0
DA:705,0
DA:706,0
DA:707,0
DA:708,0
DA:709,0
DA:710,0
DA:711,0
DA:712,0
DA:713,0
DA:714,0
DA:715,0
DA:716,0
DA:720,0
DA:723,0
DA:724,0
DA:725,0
DA:728,0
DA:729,0
DA:730,0
DA:731,0
DA:732,0
DA:733,0
DA:734,0
DA:738,0
DA:739,0
DA:740,0
DA:741,0
DA:742,0
DA:743,0
DA:744,0
DA:745,0
DA:746,0
DA:747,0
DA:749,0
DA:750,0
DA:751,0
DA:753,0
DA:754,0
DA:756,0
DA:758,0
DA:759,0
DA:760,0
DA:761,0
DA:762,0
DA:763,0
DA:765,0
DA:766,0
DA:767,0
DA:768,0
DA:769,0
DA:770,0
DA:771,0
DA:772,0
DA:773,0
DA:774,0
DA:776,0
DA:777,0
DA:778,0
DA:779,0
DA:780,0
DA:781,0
DA:782,0
DA:783,0
DA:784,0
DA:785,0
DA:786,0
DA:788,0
DA:789,0
DA:795,0
DA:796,0
DA:797,0
DA:798,0
DA:800,0
DA:801,0
DA:802,0
DA:804,0
DA:806,0
DA:808,0
DA:809,0
DA:810,0
DA:811,0
DA:812,0
DA:813,0
DA:814,0
DA:815,0
DA:817,0
DA:818,0
DA:820,0
DA:821,0
DA:822,0
DA:823,0
DA:824,0
DA:825,0
DA:826,0
DA:829,0
DA:832,0
DA:833,0
DA:836,0
DA:837,0
DA:838,0
DA:839,0
DA:841,0
DA:842,0
DA:843,0
DA:844,0
DA:845,0
DA:847,0
DA:848,0
DA:850,0
DA:851,0
DA:852,0
DA:853,0
DA:854,0
DA:856,0
DA:858,0
DA:859,0
DA:860,0
DA:861,0
DA:862,0
DA:863,0
DA:866,5
DA:867,5
DA:868,5
DA:869,5
DA:870,5
LH:90
LF:622
end_of_record
SF:/Users/gmtfr/bee-mvp/bee-mvp/supabase/functions/ai-coaching-engine/personalization/coaching-personas.ts
FN:17,derivePersona
FN:24,condition
FN:31,condition
FN:38,condition
FN:45,condition
FN:52,condition
FN:59,condition
FN:66,condition
FN:88,getDefaultPersonaForMomentum
FN:104,getPersonaDescription
FN:117,isValidMomentumState
FNDA:7,derivePersona
FNDA:7,condition
FNDA:7,condition
FNDA:7,condition
FNDA:7,condition
FNDA:7,condition
FNDA:7,condition
FNDA:7,condition
FNDA:0,getDefaultPersonaForMomentum
FNDA:1,getPersonaDescription
FNDA:2,isValidMomentumState
FNF:11
FNH:10
BRDA:79,1,0,0
BRDA:38,4,0,3
BRDA:45,5,0,1
BRDA:52,6,0,0
BRDA:59,7,0,3
BRDA:66,8,0,1
BRF:6
BRH:4
DA:17,6
DA:18,13
DA:21,13
DA:23,13
DA:24,13
DA:25,13
DA:26,13
DA:27,13
DA:30,13
DA:31,13
DA:32,13
DA:33,13
DA:34,13
DA:37,13
DA:38,13
DA:39,13
DA:40,13
DA:41,13
DA:44,13
DA:45,13
DA:46,13
DA:47,13
DA:48,13
DA:51,13
DA:52,0
DA:53,13
DA:54,13
DA:55,13
DA:58,13
DA:59,13
DA:60,13
DA:61,13
DA:62,13
DA:65,13
DA:66,13
DA:67,13
DA:68,13
DA:69,13
DA:70,13
DA:73,13
DA:74,13
DA:75,13
DA:77,13
DA:78,13
DA:79,13
DA:82,0
DA:83,13
DA:88,0
DA:89,0
DA:90,0
DA:91,0
DA:92,0
DA:93,0
DA:94,0
DA:95,0
DA:96,0
DA:97,0
DA:98,0
DA:99,0
DA:104,6
DA:105,7
DA:106,7
DA:107,7
DA:108,7
DA:109,7
DA:111,7
DA:112,7
DA:117,6
DA:118,40
DA:119,8
LH:56
LF:70
end_of_record
SF:/Users/gmtfr/bee-mvp/bee-mvp/supabase/functions/ai-coaching-engine/personalization/cross-patient-patterns.ts
FN:47,<instance_members_initializer>
FN:48,CrossPatientPatternsService
FN:54,aggregateEffectivenessPatterns
FN:162,aggregateEngagementPatterns
FN:225,storePatternAggregate
FN:256,generateInsights
FN:317,processWeeklyAggregation
FNDA:8,<instance_members_initializer>
FNDA:8,CrossPatientPatternsService
FNDA:6,aggregateEffectivenessPatterns
FNDA:2,aggregateEngagementPatterns
FNDA:4,storePatternAggregate
FNDA:2,generateInsights
FNDA:1,processWeeklyAggregation
FNF:7
FNH:7
BRDA:79,3,0,1
BRDA:79,3,1,5
BRDA:80,3,2,1
BRDA:83,3,3,4
BRDA:137,3,4,0
BRDA:153,3,5,1
BRDA:89,4,0,0
BRDA:91,4,1,12
BRDA:96,4,2,19
BRDA:117,6,0,5
BRDA:119,6,1,4
BRDA:130,9,0,0
BRDA:130,9,1,0
BRDA:171,10,0,0
BRDA:172,10,1,0
BRDA:172,10,2,0
BRDA:234,15,0,0
BRDA:237,15,1,0
BRDA:237,15,2,0
BRDA:245,15,3,0
BRDA:246,15,4,0
BRDA:247,15,5,0
BRDA:268,17,0,0
BRDA:269,17,1,1
BRDA:275,17,2,0
BRDA:286,17,3,1
BRDA:307,17,4,0
BRDA:320,20,0,0
BRDA:326,20,1,3
BRDA:336,20,2,0
BRDA:366,20,3,0
BRF:31
BRH:12
DA:47,6
DA:48,34
DA:54,6
DA:55,6
DA:56,6
DA:57,6
DA:58,12
DA:60,12
DA:61,12
DA:62,12
DA:69,12
DA:70,12
DA:71,12
DA:73,12
DA:74,12
DA:75,12
DA:77,12
DA:79,12
DA:80,12
DA:81,13
DA:82,13
DA:83,13
DA:86,16
DA:88,16
DA:89,0
DA:91,36
DA:92,240
DA:93,48
DA:95,36
DA:96,36
DA:97,55
DA:98,55
DA:99,36
DA:100,36
DA:101,36
DA:102,16
DA:105,16
DA:106,16
DA:108,16
DA:109,28
DA:110,28
DA:111,28
DA:112,16
DA:115,16
DA:116,16
DA:117,36
DA:118,41
DA:119,41
DA:120,41
DA:121,16
DA:123,16
DA:124,16
DA:125,16
DA:126,16
DA:129,0
DA:130,0
DA:131,0
DA:134,16
DA:135,16
DA:136,16
DA:137,0
DA:138,12
DA:140,12
DA:141,12
DA:142,12
DA:143,12
DA:144,12
DA:145,12
DA:146,12
DA:147,12
DA:148,12
DA:149,12
DA:150,12
DA:151,12
DA:152,12
DA:153,12
DA:154,13
DA:155,13
DA:156,13
DA:157,12
DA:162,6
DA:163,8
DA:165,8
DA:166,8
DA:167,8
DA:168,8
DA:169,8
DA:171,0
DA:172,0
DA:175,0
DA:176,0
DA:179,0
DA:180,0
DA:181,0
DA:182,0
DA:183,0
DA:184,0
DA:187,0
DA:188,0
DA:189,0
DA:190,0
DA:192,0
DA:193,0
DA:194,0
DA:195,0
DA:196,0
DA:198,0
DA:199,0
DA:200,0
DA:201,0
DA:202,0
DA:204,0
DA:205,0
DA:206,0
DA:207,0
DA:208,0
DA:209,0
DA:210,0
DA:211,0
DA:212,0
DA:213,0
DA:214,0
DA:215,0
DA:216,0
DA:217,0
DA:218,0
DA:219,0
DA:220,8
DA:225,6
DA:226,10
DA:227,10
DA:228,10
DA:229,20
DA:230,10
DA:231,10
DA:232,10
DA:233,0
DA:234,0
DA:235,0
DA:236,0
DA:237,0
DA:238,10
DA:239,10
DA:240,10
DA:241,20
DA:242,10
DA:243,10
DA:245,0
DA:246,0
DA:247,0
DA:248,0
DA:249,0
DA:250,0
DA:251,10
DA:256,6
DA:257,8
DA:259,8
DA:260,8
DA:261,8
DA:262,8
DA:263,8
DA:264,8
DA:266,24
DA:268,0
DA:269,8
DA:271,9
DA:274,9
DA:275,0
DA:276,0
DA:277,0
DA:278,0
DA:279,0
DA:280,0
DA:281,0
DA:282,0
DA:283,0
DA:284,0
DA:285,0
DA:286,0
DA:289,9
DA:290,9
DA:292,9
DA:293,9
DA:294,9
DA:295,9
DA:296,9
DA:297,9
DA:298,9
DA:299,9
DA:300,27
DA:301,9
DA:302,9
DA:303,9
DA:304,9
DA:306,9
DA:307,0
DA:308,0
DA:309,0
DA:310,0
DA:311,8
DA:317,6
DA:318,6
DA:319,6
DA:320,0
DA:322,7
DA:323,7
DA:326,35
DA:327,10
DA:328,10
DA:329,10
DA:330,10
DA:331,10
DA:332,10
DA:335,7
DA:336,0
DA:337,0
DA:338,0
DA:339,0
DA:342,7
DA:345,7
DA:346,7
DA:347,7
DA:348,7
DA:349,14
DA:350,7
DA:351,7
DA:352,7
DA:353,7
DA:354,7
DA:355,7
DA:356,14
DA:358,7
DA:359,7
DA:361,7
DA:362,7
DA:363,7
DA:364,7
DA:365,7
DA:366,0
DA:367,0
DA:368,0
DA:369,0
DA:370,0
DA:371,0
DA:372,0
DA:373,0
DA:374,7
DA:375,6
LH:162
LF:248
end_of_record
SF:/Users/gmtfr/bee-mvp/bee-mvp/supabase/functions/ai-coaching-engine/personalization/effectiveness-tracker.ts
FN:31,<instance_members_initializer>
FN:33,EffectivenessTracker
FN:43,recordInteractionEffectiveness
FN:73,analyzeUserEffectiveness
FN:205,recordUserFeedback
FN:250,recordUserRating
FN:299,getEffectivenessSummary
FNDA:5,<instance_members_initializer>
FNDA:5,EffectivenessTracker
FNDA:0,recordInteractionEffectiveness
FNDA:2,analyzeUserEffectiveness
FNDA:0,recordUserFeedback
FNDA:0,recordUserRating
FNDA:0,getEffectivenessSummary
FNF:7
FNH:3
BRDA:89,5,0,0
BRDA:94,5,1,1
BRDA:123,5,2,0
BRDA:126,5,3,1
BRDA:126,5,4,0
BRDA:128,5,5,1
BRDA:129,5,6,0
BRDA:169,5,7,0
BRDA:171,5,8,1
BRDA:173,5,9,0
BRDA:175,5,10,1
BRDA:177,5,11,0
BRDA:179,5,12,1
BRDA:184,5,13,0
BRDA:186,5,14,1
BRDA:196,5,15,0
BRDA:122,9,0,0
BRDA:140,10,0,2
BRDA:146,10,1,0
BRDA:150,10,2,0
BRDA:154,10,3,1
BRDA:145,14,0,0
BRDA:162,15,0,1
BRDA:162,15,1,2
BRF:24
BRH:11
DA:8,6
DA:30,6
DA:31,6
DA:33,6
DA:35,11
DA:36,48
DA:37,11
DA:38,11
DA:43,0
DA:44,0
DA:45,0
DA:46,0
DA:47,0
DA:48,0
DA:49,0
DA:50,0
DA:51,0
DA:52,0
DA:53,0
DA:54,0
DA:55,0
DA:56,0
DA:58,0
DA:59,0
DA:60,0
DA:61,0
DA:63,0
DA:64,0
DA:65,0
DA:66,0
DA:67,0
DA:68,0
DA:73,6
DA:74,6
DA:75,6
DA:76,6
DA:77,8
DA:78,8
DA:79,8
DA:82,8
DA:83,8
DA:84,8
DA:85,8
DA:86,8
DA:87,24
DA:89,0
DA:90,0
DA:91,0
DA:92,0
DA:94,8
DA:96,9
DA:97,9
DA:98,9
DA:99,9
DA:100,9
DA:101,9
DA:102,9
DA:103,9
DA:104,9
DA:105,9
DA:106,18
DA:107,9
DA:108,9
DA:111,9
DA:112,9
DA:113,9
DA:114,9
DA:116,9
DA:117,9
DA:121,0
DA:122,0
DA:123,0
DA:124,0
DA:126,0
DA:128,0
DA:129,0
DA:130,0
DA:132,8
DA:135,8
DA:136,40
DA:138,8
DA:139,11
DA:140,11
DA:141,13
DA:142,13
DA:144,0
DA:145,0
DA:146,0
DA:147,0
DA:149,0
DA:150,0
DA:151,0
DA:153,13
DA:154,11
DA:155,12
DA:156,12
DA:157,8
DA:160,8
DA:161,8
DA:162,8
DA:163,8
DA:167,8
DA:169,0
DA:170,0
DA:171,0
DA:173,0
DA:174,0
DA:175,0
DA:177,0
DA:178,0
DA:179,0
DA:181,9
DA:182,9
DA:183,9
DA:184,0
DA:185,0
DA:186,0
DA:188,9
DA:189,9
DA:190,9
DA:191,9
DA:192,9
DA:193,9
DA:194,9
DA:195,9
DA:196,0
DA:197,0
DA:198,0
DA:199,0
DA:200,8
DA:205,0
DA:206,0
DA:207,0
DA:208,0
DA:209,0
DA:210,0
DA:212,0
DA:213,0
DA:214,0
DA:215,0
DA:216,0
DA:217,0
DA:219,0
DA:220,0
DA:221,0
DA:223,0
DA:225,0
DA:226,0
DA:227,0
DA:228,0
DA:230,0
DA:231,0
DA:233,0
DA:234,0
DA:235,0
DA:236,0
DA:237,0
DA:238,0
DA:240,0
DA:241,0
DA:242,0
DA:243,0
DA:244,0
DA:245,0
DA:250,0
DA:251,0
DA:252,0
DA:253,0
DA:254,0
DA:255,0
DA:256,0
DA:257,0
DA:259,0
DA:261,0
DA:262,0
DA:263,0
DA:264,0
DA:265,0
DA:266,0
DA:268,0
DA:269,0
DA:270,0
DA:272,0
DA:274,0
DA:275,0
DA:276,0
DA:277,0
DA:279,0
DA:280,0
DA:282,0
DA:283,0
DA:284,0
DA:285,0
DA:286,0
DA:287,0
DA:289,0
DA:290,0
DA:291,0
DA:292,0
DA:293,0
DA:294,0
DA:299,0
DA:306,0
DA:307,0
DA:308,0
DA:309,0
DA:312,0
DA:313,0
DA:314,0
DA:315,0
DA:317,0
DA:319,0
DA:322,0
DA:323,0
DA:324,0
DA:326,0
DA:327,0
DA:328,0
DA:329,0
DA:330,0
DA:332,0
DA:333,0
DA:334,0
DA:335,0
DA:336,0
DA:337,0
DA:339,0
DA:340,0
DA:341,0
DA:342,0
DA:343,0
DA:344,0
DA:345,0
DA:346,0
DA:347,0
DA:348,6
LH:72
LF:236
end_of_record
SF:/Users/gmtfr/bee-mvp/bee-mvp/supabase/functions/ai-coaching-engine/personalization/feature_vector.ts
FN:7,patientHash
FN:20,buildFeatureVector
FNDA:1,patientHash
FNDA:1,buildFeatureVector
FNF:2
FNH:2
BRDA:9,1,0,8
BRF:1
BRH:1
DA:7,1
DA:8,2
DA:9,2
DA:11,10
DA:12,10
DA:14,2
DA:15,2
DA:20,1
DA:21,1
DA:22,1
DA:24,2
DA:25,2
DA:26,2
DA:27,2
DA:28,2
DA:29,2
DA:30,2
DA:31,2
LH:18
LF:18
end_of_record
SF:/Users/gmtfr/bee-mvp/bee-mvp/supabase/functions/ai-coaching-engine/personalization/frequency-optimizer.ts
FN:31,<instance_members_initializer>
FN:33,FrequencyOptimizer
FN:42,getUserPreferences
FN:76,createDefaultPreferences
FN:113,optimizeFrequency
FN:209,optimizeInterventionTiming
FN:259,ensureReasonableSpacing
FN:280,updateUserPreferences
FN:323,getOptimalFrequency
FN:360,runOptimization
FNDA:5,<instance_members_initializer>
FNDA:5,FrequencyOptimizer
FNDA:0,getUserPreferences
FNDA:0,createDefaultPreferences
FNDA:0,optimizeFrequency
FNDA:1,optimizeInterventionTiming
FNDA:1,ensureReasonableSpacing
FNDA:0,updateUserPreferences
FNDA:0,getOptimalFrequency
FNDA:0,runOptimization
FNF:10
FNH:4
BRDA:220,7,0,0
BRDA:228,7,1,0
BRDA:249,7,2,0
BRDA:260,11,0,0
BRDA:265,11,1,4
BRDA:269,11,2,3
BRF:6
BRH:2
DA:8,6
DA:30,6
DA:31,6
DA:33,6
DA:34,11
DA:35,48
DA:36,11
DA:37,11
DA:42,0
DA:43,0
DA:44,0
DA:45,0
DA:46,0
DA:47,0
DA:48,0
DA:50,0
DA:51,0
DA:52,0
DA:53,0
DA:55,0
DA:56,0
DA:57,0
DA:59,0
DA:60,0
DA:61,0
DA:62,0
DA:63,0
DA:64,0
DA:65,0
DA:66,0
DA:67,0
DA:68,0
DA:69,0
DA:70,0
DA:71,0
DA:76,0
DA:77,0
DA:78,0
DA:79,0
DA:80,0
DA:81,0
DA:82,0
DA:83,0
DA:84,0
DA:85,0
DA:87,0
DA:88,0
DA:89,0
DA:91,0
DA:92,0
DA:93,0
DA:94,0
DA:96,0
DA:97,0
DA:98,0
DA:99,0
DA:100,0
DA:101,0
DA:102,0
DA:103,0
DA:104,0
DA:105,0
DA:106,0
DA:107,0
DA:108,0
DA:113,0
DA:114,0
DA:116,0
DA:117,0
DA:118,0
DA:119,0
DA:122,0
DA:123,0
DA:125,0
DA:126,0
DA:127,0
DA:128,0
DA:129,0
DA:130,0
DA:132,0
DA:133,0
DA:134,0
DA:135,0
DA:138,0
DA:139,0
DA:140,0
DA:141,0
DA:142,0
DA:143,0
DA:144,0
DA:145,0
DA:147,0
DA:148,0
DA:149,0
DA:150,0
DA:151,0
DA:152,0
DA:153,0
DA:155,0
DA:158,0
DA:159,0
DA:162,0
DA:163,0
DA:164,0
DA:165,0
DA:166,0
DA:167,0
DA:168,0
DA:169,0
DA:170,0
DA:172,0
DA:173,0
DA:174,0
DA:175,0
DA:176,0
DA:177,0
DA:180,0
DA:183,0
DA:184,0
DA:185,0
DA:186,0
DA:187,0
DA:188,0
DA:190,0
DA:191,0
DA:192,0
DA:193,0
DA:194,0
DA:195,0
DA:196,0
DA:197,0
DA:198,0
DA:199,0
DA:200,0
DA:201,0
DA:202,0
DA:203,0
DA:204,0
DA:209,6
DA:210,7
DA:212,7
DA:213,7
DA:215,7
DA:216,7
DA:217,7
DA:218,7
DA:219,7
DA:220,7
DA:222,0
DA:223,0
DA:225,0
DA:226,0
DA:228,0
DA:230,0
DA:231,0
DA:234,0
DA:235,0
DA:236,0
DA:237,0
DA:238,0
DA:241,0
DA:242,0
DA:243,0
DA:244,0
DA:247,0
DA:249,0
DA:250,7
DA:251,7
DA:252,35
DA:253,7
DA:254,7
DA:259,6
DA:260,0
DA:262,21
DA:263,21
DA:265,7
DA:266,11
DA:267,11
DA:269,11
DA:270,14
DA:271,14
DA:272,11
DA:274,7
DA:275,7
DA:280,0
DA:281,0
DA:282,0
DA:283,0
DA:284,0
DA:285,0
DA:286,0
DA:289,0
DA:290,0
DA:291,0
DA:292,0
DA:294,0
DA:295,0
DA:296,0
DA:297,0
DA:298,0
DA:299,0
DA:301,0
DA:302,0
DA:303,0
DA:304,0
DA:306,0
DA:307,0
DA:308,0
DA:309,0
DA:311,0
DA:312,0
DA:314,0
DA:315,0
DA:316,0
DA:317,0
DA:318,0
DA:323,0
DA:327,0
DA:328,0
DA:329,0
DA:331,0
DA:333,0
DA:334,0
DA:335,0
DA:336,0
DA:337,0
DA:338,0
DA:339,0
DA:341,0
DA:342,0
DA:343,0
DA:344,0
DA:345,0
DA:346,0
DA:347,0
DA:349,0
DA:350,0
DA:351,0
DA:352,0
DA:353,0
DA:354,0
DA:355,0
DA:360,0
DA:361,0
DA:362,0
DA:365,0
DA:366,0
DA:367,0
DA:369,0
DA:370,0
DA:371,0
DA:372,0
DA:373,0
DA:374,0
DA:375,6
LH:36
LF:255
end_of_record
SF:/Users/gmtfr/bee-mvp/bee-mvp/supabase/functions/ai-coaching-engine/personalization/lightgbm_model.ts
FN:16,predictLightGBM
FN:61,scoreFromSnapshot
FN:66,safe
FNDA:2,predictLightGBM
FNDA:1,scoreFromSnapshot
FNDA:3,safe
FNF:3
FNH:3
BRDA:25,1,0,1
BRDA:27,1,1,0
BRDA:37,1,2,0
BRDA:47,1,3,0
BRDA:67,3,0,0
BRDA:67,3,1,0
BRF:6
BRH:1
DA:2,1
DA:10,1
DA:16,1
DA:17,3
DA:18,3
DA:19,3
DA:22,3
DA:25,3
DA:26,4
DA:27,0
DA:28,0
DA:29,0
DA:30,4
DA:31,4
DA:34,3
DA:35,3
DA:36,3
DA:37,0
DA:38,0
DA:39,0
DA:40,0
DA:41,0
DA:44,3
DA:45,3
DA:46,3
DA:47,0
DA:48,0
DA:49,0
DA:50,0
DA:51,0
DA:54,3
DA:56,3
DA:57,3
DA:58,3
DA:61,1
DA:62,1
DA:63,1
DA:64,1
DA:66,0
DA:67,0
DA:68,2
DA:69,2
DA:70,2
DA:71,2
DA:72,2
DA:73,2
DA:74,2
LH:32
LF:47
end_of_record
SF:/Users/gmtfr/bee-mvp/bee-mvp/supabase/functions/ai-coaching-engine/personalization/pattern-analysis.ts
FN:23,analyzeEngagement
FN:59,createRollingWindows
FN:97,analyzeEngagementPeaks
FN:136,calculateVolatilityScore
FN:162,calculateEngagementFrequency
FNDA:7,analyzeEngagement
FNDA:6,createRollingWindows
FNDA:6,analyzeEngagementPeaks
FNDA:6,calculateVolatilityScore
FNDA:6,calculateEngagementFrequency
FNF:5
FNH:5
BRDA:24,1,0,1
BRDA:30,1,1,6
BRDA:63,4,0,0
BRDA:120,9,0,18
BRDA:121,9,1,8
BRDA:122,9,2,2
BRDA:123,9,3,10
BRDA:123,9,4,6
BRDA:124,9,5,1
BRDA:125,9,6,4
BRDA:127,9,7,0
BRDA:137,10,0,0
BRDA:165,14,0,0
BRDA:178,14,1,5
BRDA:178,14,2,1
BRDA:179,14,3,1
BRDA:179,14,4,4
BRF:17
BRH:13
DA:23,6
DA:24,13
DA:25,14
DA:26,14
DA:27,14
DA:28,14
DA:29,14
DA:30,14
DA:33,19
DA:34,19
DA:35,37
DA:36,37
DA:37,19
DA:38,19
DA:41,19
DA:44,19
DA:47,19
DA:50,19
DA:52,19
DA:53,19
DA:54,19
DA:55,19
DA:56,19
DA:57,13
DA:59,12
DA:60,12
DA:61,12
DA:63,0
DA:65,12
DA:66,12
DA:67,12
DA:69,12
DA:70,12
DA:73,12
DA:74,12
DA:75,12
DA:76,12
DA:77,12
DA:78,12
DA:79,12
DA:81,12
DA:82,12
DA:85,12
DA:86,12
DA:87,12
DA:88,12
DA:89,12
DA:90,12
DA:91,12
DA:92,12
DA:94,12
DA:95,12
DA:97,12
DA:98,12
DA:100,12
DA:103,12
DA:104,30
DA:105,30
DA:106,12
DA:109,12
DA:110,12
DA:111,12
DA:112,12
DA:113,12
DA:114,12
DA:116,12
DA:119,12
DA:120,156
DA:121,174
DA:122,182
DA:123,174
DA:124,190
DA:125,184
DA:126,188
DA:127,0
DA:128,0
DA:129,0
DA:130,174
DA:131,12
DA:133,12
DA:134,12
DA:136,12
DA:137,12
DA:140,0
DA:141,0
DA:142,0
DA:143,0
DA:145,0
DA:146,0
DA:149,0
DA:151,0
DA:153,0
DA:154,0
DA:155,0
DA:159,0
DA:160,12
DA:162,12
DA:163,12
DA:165,0
DA:168,12
DA:169,12
DA:170,12
DA:171,12
DA:172,12
DA:174,12
DA:178,12
DA:179,17
DA:180,16
DA:181,12
LH:92
LF:109
end_of_record
SF:/Users/gmtfr/bee-mvp/bee-mvp/supabase/functions/ai-coaching-engine/personalization/strategy-optimizer.ts
FN:28,<instance_members_initializer>
FN:30,StrategyOptimizer
FN:37,optimizeStrategyForUser
FN:95,selectOptimalPersona
FN:128,selectBackupPersona
FN:145,optimizeInterventionFrequency
FN:182,optimizeTonality
FN:213,optimizeComplexity
FN:246,generateAdaptationReasons
FN:300,getDefaultStrategy
FN:323,shouldUpdateStrategy
FNDA:5,<instance_members_initializer>
FNDA:5,StrategyOptimizer
FNDA:0,optimizeStrategyForUser
FNDA:0,selectOptimalPersona
FNDA:0,selectBackupPersona
FNDA:0,optimizeInterventionFrequency
FNDA:0,optimizeTonality
FNDA:0,optimizeComplexity
FNDA:0,generateAdaptationReasons
FNDA:0,getDefaultStrategy
FNDA:0,shouldUpdateStrategy
FNF:11
FNH:2
BRF:0
BRH:0
DA:27,5
DA:28,5
DA:30,5
DA:31,10
DA:32,10
DA:37,0
DA:38,0
DA:39,0
DA:40,0
DA:41,0
DA:43,0
DA:46,0
DA:49,0
DA:52,0
DA:55,0
DA:56,0
DA:57,0
DA:58,0
DA:62,0
DA:65,0
DA:68,0
DA:69,0
DA:70,0
DA:71,0
DA:72,0
DA:73,0
DA:76,0
DA:77,0
DA:78,0
DA:79,0
DA:80,0
DA:81,0
DA:82,0
DA:83,0
DA:84,0
DA:85,0
DA:88,0
DA:89,0
DA:90,0
DA:95,0
DA:96,0
DA:97,0
DA:98,0
DA:99,0
DA:102,0
DA:105,0
DA:107,0
DA:108,0
DA:109,0
DA:110,0
DA:112,0
DA:113,0
DA:114,0
DA:115,0
DA:118,0
DA:119,0
DA:120,0
DA:122,0
DA:123,0
DA:128,0
DA:129,0
DA:130,0
DA:131,0
DA:132,0
DA:135,0
DA:136,0
DA:137,0
DA:139,0
DA:140,0
DA:145,0
DA:146,0
DA:147,0
DA:148,0
DA:149,0
DA:150,0
DA:151,0
DA:154,0
DA:156,0
DA:157,0
DA:158,0
DA:159,0
DA:160,0
DA:163,0
DA:164,0
DA:165,0
DA:168,0
DA:169,0
DA:170,0
DA:172,0
DA:173,0
DA:174,0
DA:176,0
DA:177,0
DA:182,0
DA:183,0
DA:184,0
DA:185,0
DA:186,0
DA:189,0
DA:192,0
DA:193,0
DA:194,0
DA:195,0
DA:196,0
DA:199,0
DA:200,0
DA:201,0
DA:203,0
DA:204,0
DA:205,0
DA:207,0
DA:208,0
DA:213,0
DA:214,0
DA:215,0
DA:216,0
DA:217,0
DA:218,0
DA:219,0
DA:222,0
DA:225,0
DA:226,0
DA:227,0
DA:228,0
DA:229,0
DA:232,0
DA:233,0
DA:234,0
DA:236,0
DA:237,0
DA:238,0
DA:240,0
DA:241,0
DA:246,0
DA:247,0
DA:248,0
DA:249,0
DA:250,0
DA:251,0
DA:252,0
DA:253,0
DA:256,0
DA:257,0
DA:258,0
DA:259,0
DA:260,0
DA:262,0
DA:263,0
DA:264,0
DA:267,0
DA:268,0
DA:269,0
DA:270,0
DA:271,0
DA:273,0
DA:274,0
DA:275,0
DA:278,0
DA:279,0
DA:280,0
DA:281,0
DA:282,0
DA:285,0
DA:286,0
DA:287,0
DA:290,0
DA:291,0
DA:292,0
DA:294,0
DA:295,0
DA:300,0
DA:301,0
DA:304,0
DA:305,0
DA:306,0
DA:307,0
DA:308,0
DA:310,0
DA:311,0
DA:312,0
DA:313,0
DA:314,0
DA:315,0
DA:316,0
DA:317,0
DA:318,0
DA:323,0
DA:324,0
DA:325,0
DA:326,0
DA:327,0
DA:328,0
DA:330,0
DA:331,0
DA:332,0
DA:333,0
DA:334,0
DA:335,0
DA:338,0
DA:339,0
DA:340,0
DA:343,0
DA:344,0
DA:347,0
DA:348,0
DA:349,0
DA:350,0
DA:352,0
DA:353,0
DA:354,0
DA:355,0
DA:358,0
DA:359,0
DA:360,0
DA:362,0
DA:363,0
DA:364,0
DA:365,0
DA:366,0
DA:367,0
DA:368,0
DA:370,0
DA:371,0
DA:372,0
DA:373,0
DA:374,0
DA:375,0
DA:376,0
DA:377,0
DA:378,0
DA:379,5
LH:6
LF:231
end_of_record
SF:/Users/gmtfr/bee-mvp/bee-mvp/supabase/functions/ai-coaching-engine/prompt-builder.ts
FN:114,buildPrompt
FN:184,loadTemplate
FN:215,loadMomentumConversationTemplate
FN:263,injectPersonalizationContext
FN:355,formatEngagementSummary
FNDA:15,buildPrompt
FNDA:30,loadTemplate
FNDA:15,loadMomentumConversationTemplate
FNDA:15,injectPersonalizationContext
FNDA:15,formatEngagementSummary
FNF:5
FNH:5
BRDA:40,0,0,0
BRDA:29,1,0,0
BRDA:186,5,0,15
BRDA:187,5,1,0
BRDA:224,6,0,0
BRDA:288,7,0,7
BRDA:293,7,1,1
BRDA:297,7,2,6
BRDA:297,7,3,1
BRDA:306,7,4,2
BRDA:306,7,5,2
BRDA:306,7,6,2
BRDA:309,7,7,0
BRDA:315,7,8,2
BRDA:322,7,9,0
BRDA:322,7,10,0
BRDA:329,7,11,0
BRDA:329,7,12,0
BRDA:358,8,0,2
BRDA:364,8,1,13
BRDA:366,8,2,0
BRDA:367,8,3,13
BRDA:368,8,4,2
BRDA:369,8,5,11
BRF:24
BRH:14
DA:6,1
DA:7,7
DA:8,7
DA:9,7
DA:12,7
DA:15,7
DA:16,7
DA:26,7
DA:28,14
DA:29,0
DA:30,0
DA:34,0
DA:35,14
DA:36,7
DA:38,7
DA:40,0
DA:41,0
DA:42,0
DA:43,0
DA:44,0
DA:47,7
DA:48,7
DA:49,7
DA:52,1
DA:55,7
DA:79,7
DA:81,7
DA:103,7
DA:114,7
DA:115,7
DA:116,7
DA:117,7
DA:118,7
DA:119,7
DA:120,7
DA:124,7
DA:125,7
DA:126,7
DA:129,7
DA:130,7
DA:133,7
DA:135,22
DA:136,22
DA:137,22
DA:138,22
DA:139,22
DA:140,22
DA:143,22
DA:144,22
DA:145,22
DA:146,22
DA:147,22
DA:148,22
DA:149,22
DA:150,22
DA:151,22
DA:155,22
DA:156,22
DA:157,22
DA:158,22
DA:159,22
DA:160,22
DA:163,22
DA:164,22
DA:165,22
DA:166,25
DA:167,25
DA:168,25
DA:169,25
DA:170,22
DA:173,22
DA:174,22
DA:175,22
DA:176,22
DA:178,22
DA:179,22
DA:184,7
DA:185,37
DA:186,37
DA:187,52
DA:190,0
DA:191,0
DA:192,0
DA:193,0
DA:194,0
DA:196,0
DA:197,0
DA:198,0
DA:199,0
DA:200,0
DA:201,0
DA:203,0
DA:204,0
DA:205,0
DA:206,0
DA:208,0
DA:209,0
DA:210,37
DA:215,7
DA:216,22
DA:217,22
DA:218,22
DA:219,22
DA:222,22
DA:223,22
DA:224,22
DA:226,0
DA:227,0
DA:228,0
DA:229,0
DA:230,0
DA:232,0
DA:233,0
DA:234,0
DA:235,0
DA:236,0
DA:237,0
DA:239,0
DA:240,0
DA:243,0
DA:244,0
DA:247,0
DA:248,0
DA:249,0
DA:250,0
DA:251,0
DA:252,0
DA:253,0
DA:254,0
DA:256,0
DA:257,0
DA:263,7
DA:264,7
DA:265,7
DA:266,7
DA:267,7
DA:268,7
DA:272,7
DA:273,7
DA:274,7
DA:277,7
DA:278,7
DA:281,7
DA:283,22
DA:286,22
DA:287,22
DA:288,22
DA:289,22
DA:290,29
DA:293,29
DA:294,29
DA:295,30
DA:296,30
DA:297,29
DA:298,35
DA:299,36
DA:300,36
DA:301,36
DA:302,36
DA:305,22
DA:306,22
DA:307,0
DA:308,0
DA:309,0
DA:310,0
DA:311,24
DA:314,22
DA:315,22
DA:316,22
DA:317,22
DA:318,24
DA:321,22
DA:322,0
DA:323,0
DA:324,0
DA:325,0
DA:328,22
DA:329,0
DA:330,0
DA:331,0
DA:332,0
DA:333,0
DA:334,0
DA:336,22
DA:337,22
DA:339,22
DA:340,22
DA:341,22
DA:342,22
DA:343,22
DA:344,22
DA:345,22
DA:346,22
DA:347,22
DA:348,22
DA:350,22
DA:355,7
DA:356,22
DA:358,22
DA:359,22
DA:360,22
DA:361,22
DA:362,24
DA:364,22
DA:365,0
DA:366,0
DA:367,0
DA:368,0
DA:369,0
DA:371,22
DA:372,22
DA:373,22
DA:374,22
LH:144
LF:213
end_of_record
SF:/Users/gmtfr/bee-mvp/bee-mvp/supabase/functions/ai-coaching-engine/prompt_templates/needs_care.ts
FNF:0
FNH:0
BRF:0
BRH:0
DA:1,7
DA:5,7
LH:2
LF:2
end_of_record
SF:/Users/gmtfr/bee-mvp/bee-mvp/supabase/functions/ai-coaching-engine/prompt_templates/rising.ts
FNF:0
FNH:0
BRF:0
BRH:0
DA:1,7
DA:5,7
LH:2
LF:2
end_of_record
SF:/Users/gmtfr/bee-mvp/bee-mvp/supabase/functions/ai-coaching-engine/prompt_templates/steady.ts
FNF:0
FNH:0
BRF:0
BRH:0
DA:1,7
DA:5,7
LH:2
LF:2
end_of_record
SF:/Users/gmtfr/bee-mvp/bee-mvp/supabase/functions/ai-coaching-engine/response-logger.ts
FN:23,logConversation
FN:115,getRecentMessages
FNDA:9,logConversation
FNDA:5,getRecentMessages
FNF:2
FNH:2
BRDA:36,1,0,0
BRDA:41,1,1,0
BRDA:44,1,2,0
BRDA:45,1,3,0
BRDA:49,1,4,0
BRDA:51,1,5,0
BRDA:51,1,6,0
BRDA:98,1,7,0
BRDA:101,1,8,0
BRDA:101,1,9,0
BRDA:101,1,10,0
BRDA:127,4,0,0
BRDA:130,4,1,0
BRDA:134,4,2,0
BRDA:134,4,3,0
BRDA:138,4,4,0
BRDA:141,4,5,0
BRF:17
BRH:0
DA:3,6
DA:5,6
DA:6,6
DA:23,6
DA:24,6
DA:25,6
DA:26,6
DA:27,6
DA:28,6
DA:29,6
DA:32,15
DA:33,15
DA:34,15
DA:35,15
DA:36,15
DA:39,0
DA:40,0
DA:41,0
DA:44,0
DA:45,0
DA:46,0
DA:49,0
DA:51,0
DA:52,0
DA:53,0
DA:54,0
DA:56,0
DA:57,0
DA:59,0
DA:60,0
DA:61,0
DA:62,0
DA:63,0
DA:64,0
DA:65,0
DA:67,0
DA:68,0
DA:69,0
DA:70,0
DA:71,0
DA:73,0
DA:74,0
DA:78,0
DA:79,0
DA:82,0
DA:83,0
DA:86,0
DA:87,0
DA:88,0
DA:89,0
DA:91,0
DA:92,0
DA:95,0
DA:96,0
DA:98,0
DA:101,0
DA:103,0
DA:104,0
DA:105,0
DA:106,0
DA:108,0
DA:109,0
DA:115,6
DA:116,6
DA:117,6
DA:118,6
DA:121,11
DA:122,11
DA:123,11
DA:124,11
DA:125,11
DA:128,0
DA:129,0
DA:130,0
DA:133,0
DA:134,0
DA:135,0
DA:138,0
DA:140,0
DA:141,0
DA:143,0
DA:144,0
DA:145,0
DA:146,0
DA:147,0
DA:148,0
DA:150,0
DA:151,0
DA:154,0
DA:155,0
DA:158,0
DA:159,0
DA:161,0
DA:162,0
DA:165,0
DA:166,11
LH:25
LF:96
end_of_record
SF:/Users/gmtfr/bee-mvp/bee-mvp/supabase/functions/ai-coaching-engine/routes/conversation.controller.ts
FN:14,conversationController
FNDA:9,conversationController
FNF:1
FNH:1
BRDA:7,0,0,2
BRDA:28,1,0,1
BRDA:28,1,1,0
BRDA:29,1,2,3
BRDA:31,1,3,0
BRDA:36,1,4,6
BRDA:54,1,5,5
BRDA:61,1,6,0
BRDA:65,1,7,4
BRF:9
BRH:6
DA:4,5
DA:5,5
DA:7,5
DA:14,5
DA:15,5
DA:16,5
DA:18,14
DA:21,14
DA:22,14
DA:23,14
DA:24,14
DA:26,14
DA:27,14
DA:28,0
DA:29,14
DA:30,14
DA:31,0
DA:32,0
DA:33,0
DA:36,14
DA:37,20
DA:38,20
DA:39,20
DA:40,20
DA:41,60
DA:42,20
DA:43,20
DA:45,56
DA:48,14
DA:49,14
DA:50,14
DA:52,14
DA:53,14
DA:54,14
DA:55,14
DA:56,14
DA:57,14
DA:58,14
DA:59,14
DA:60,14
DA:61,0
DA:62,0
DA:63,0
DA:65,14
DA:66,18
DA:67,18
DA:68,18
DA:69,18
DA:70,18
DA:71,18
DA:72,18
DA:73,18
DA:74,18
DA:75,18
DA:76,18
DA:77,18
DA:79,14
DA:80,14
LH:51
LF:58
end_of_record
SF:/Users/gmtfr/bee-mvp/bee-mvp/supabase/functions/ai-coaching-engine/routes/daily-content.controller.ts
FN:23,dailyContentController
FN:102,json
FN:109,ensureRichFullContent
FNDA:0,dailyContentController
FNDA:0,json
FNDA:0,ensureRichFullContent
FNF:3
FNH:0
BRF:0
BRH:0
DA:6,5
DA:8,5
DA:23,0
DA:24,0
DA:25,0
DA:27,0
DA:29,0
DA:30,0
DA:31,0
DA:33,0
DA:34,0
DA:35,0
DA:37,0
DA:38,0
DA:39,0
DA:40,0
DA:41,0
DA:42,0
DA:44,0
DA:46,0
DA:47,0
DA:49,0
DA:50,0
DA:52,0
DA:53,0
DA:58,0
DA:60,0
DA:61,0
DA:62,0
DA:63,0
DA:64,0
DA:65,0
DA:66,0
DA:67,0
DA:68,0
DA:69,0
DA:70,0
DA:71,0
DA:72,0
DA:73,0
DA:75,0
DA:77,0
DA:78,0
DA:79,0
DA:80,0
DA:81,0
DA:82,0
DA:83,0
DA:84,0
DA:85,0
DA:86,0
DA:88,0
DA:89,0
DA:90,0
DA:91,0
DA:92,0
DA:93,0
DA:94,0
DA:95,0
DA:96,0
DA:97,0
DA:99,0
DA:100,0
DA:102,0
DA:103,0
DA:104,0
DA:105,0
DA:106,0
DA:107,0
DA:109,0
DA:113,0
DA:115,0
DA:116,0
DA:117,0
DA:118,0
DA:119,0
DA:120,0
DA:121,0
DA:122,0
DA:123,0
DA:124,0
DA:125,0
DA:126,0
DA:127,0
DA:129,0
DA:130,0
DA:131,0
DA:132,0
DA:133,0
DA:134,0
DA:135,0
DA:136,0
DA:137,0
DA:138,0
DA:139,0
DA:140,0
DA:141,0
DA:142,0
DA:143,0
DA:144,0
DA:145,0
DA:146,0
DA:147,0
DA:148,0
DA:149,0
DA:150,0
DA:151,0
DA:152,0
DA:154,0
DA:155,0
LH:2
LF:110
end_of_record
SF:/Users/gmtfr/bee-mvp/bee-mvp/supabase/functions/ai-coaching-engine/routes/frequency-opt.controller.ts
FN:10,frequencyOptController
FN:59,json
FNDA:0,frequencyOptController
FNDA:0,json
FNF:2
FNH:0
BRF:0
BRH:0
DA:4,5
DA:10,0
DA:11,0
DA:12,0
DA:14,0
DA:16,0
DA:17,0
DA:18,0
DA:19,0
DA:21,0
DA:22,0
DA:23,0
DA:24,0
DA:25,0
DA:26,0
DA:28,0
DA:29,0
DA:30,0
DA:31,0
DA:32,0
DA:34,0
DA:35,0
DA:37,0
DA:38,0
DA:39,0
DA:41,0
DA:42,0
DA:43,0
DA:44,0
DA:45,0
DA:46,0
DA:47,0
DA:48,0
DA:49,0
DA:50,0
DA:51,0
DA:53,0
DA:54,0
DA:55,0
DA:56,0
DA:57,0
DA:59,0
DA:60,0
DA:61,0
DA:62,0
DA:63,0
DA:64,0
LH:1
LF:47
end_of_record
SF:/Users/gmtfr/bee-mvp/bee-mvp/supabase/functions/ai-coaching-engine/routes/jitai.controller.ts
FN:14,jitaiController
FN:39,push
FN:105,json
FNDA:1,jitaiController
FNDA:0,push
FNDA:1,json
FNF:3
FNH:2
BRDA:23,1,0,0
BRDA:45,1,1,0
BRDA:45,1,2,0
BRDA:49,1,3,0
BRDA:49,1,4,0
BRDA:49,1,5,0
BRDA:53,1,6,0
BRDA:91,1,7,0
BRF:8
BRH:0
DA:1,6
DA:2,6
DA:3,6
DA:4,6
DA:5,6
DA:6,6
DA:7,6
DA:8,6
DA:14,6
DA:15,6
DA:16,6
DA:18,7
DA:19,7
DA:20,7
DA:21,7
DA:23,0
DA:24,0
DA:25,0
DA:28,7
DA:31,7
DA:32,7
DA:33,7
DA:34,7
DA:36,7
DA:39,0
DA:40,0
DA:41,0
DA:42,0
DA:43,0
DA:45,0
DA:46,0
DA:47,0
DA:49,0
DA:50,0
DA:51,0
DA:53,0
DA:54,7
DA:56,7
DA:57,7
DA:58,7
DA:59,7
DA:60,7
DA:61,7
DA:62,7
DA:63,7
DA:64,7
DA:65,7
DA:66,7
DA:67,7
DA:68,7
DA:71,7
DA:74,7
DA:75,7
DA:76,7
DA:79,7
DA:80,7
DA:81,7
DA:82,7
DA:83,7
DA:85,7
DA:86,35
DA:87,7
DA:88,7
DA:89,7
DA:90,7
DA:91,0
DA:92,0
DA:93,0
DA:94,0
DA:95,0
DA:96,0
DA:97,0
DA:98,0
DA:99,0
DA:100,0
DA:102,0
DA:103,7
DA:105,7
DA:106,7
DA:107,7
DA:108,28
DA:109,7
DA:110,7
LH:57
LF:83
end_of_record
SF:/Users/gmtfr/bee-mvp/bee-mvp/supabase/functions/ai-coaching-engine/routes/pattern-aggregate.controller.ts
FN:13,patternAggregateController
FN:99,json
FNDA:0,patternAggregateController
FNDA:0,json
FNF:2
FNH:0
BRF:0
BRH:0
DA:4,5
DA:5,5
DA:13,0
DA:14,0
DA:15,0
DA:17,0
DA:19,0
DA:20,0
DA:21,0
DA:22,0
DA:23,0
DA:24,0
DA:25,0
DA:28,0
DA:29,0
DA:30,0
DA:31,0
DA:32,0
DA:33,0
DA:36,0
DA:37,0
DA:38,0
DA:39,0
DA:40,0
DA:42,0
DA:43,0
DA:45,0
DA:46,0
DA:47,0
DA:48,0
DA:49,0
DA:50,0
DA:51,0
DA:52,0
DA:53,0
DA:54,0
DA:55,0
DA:56,0
DA:57,0
DA:58,0
DA:59,0
DA:60,0
DA:61,0
DA:63,0
DA:65,0
DA:66,0
DA:67,0
DA:68,0
DA:69,0
DA:70,0
DA:71,0
DA:72,0
DA:73,0
DA:74,0
DA:75,0
DA:76,0
DA:77,0
DA:78,0
DA:79,0
DA:81,0
DA:83,0
DA:84,0
DA:85,0
DA:86,0
DA:87,0
DA:88,0
DA:89,0
DA:90,0
DA:92,0
DA:93,0
DA:94,0
DA:95,0
DA:96,0
DA:97,0
DA:99,0
DA:100,0
DA:101,0
DA:102,0
DA:103,0
DA:104,0
LH:2
LF:80
end_of_record
SF:/Users/gmtfr/bee-mvp/bee-mvp/supabase/functions/ai-coaching-engine/routes/stream.controller.ts
FN:14,streamController
FNDA:0,streamController
FNF:1
FNH:0
BRF:0
BRH:0
DA:1,5
DA:14,0
DA:15,0
DA:16,0
DA:18,0
DA:19,0
DA:20,0
DA:21,0
DA:23,0
DA:24,0
DA:25,0
DA:26,0
DA:27,0
DA:28,0
DA:29,0
DA:30,0
DA:31,0
DA:33,0
DA:34,0
DA:35,0
DA:36,0
DA:37,0
DA:38,0
DA:39,0
DA:41,0
DA:42,0
DA:44,0
DA:45,0
DA:46,0
DA:47,0
DA:48,0
DA:49,0
DA:50,0
DA:51,0
DA:52,0
DA:53,0
DA:54,0
DA:55,0
LH:1
LF:38
end_of_record
SF:/Users/gmtfr/bee-mvp/bee-mvp/supabase/functions/ai-coaching-engine/safety/content-safety-validator.ts
FN:16,<static_initializer>
FN:89,validateContent
FN:164,validateTopicSpecificContent
FN:211,generateSafeFallback
FNDA:6,<static_initializer>
FNDA:3,validateContent
FNDA:3,validateTopicSpecificContent
FNDA:0,generateSafeFallback
FNF:4
FNH:3
BRDA:105,2,0,1
BRDA:116,2,1,1
BRDA:127,2,2,1
BRDA:133,2,3,1
BRDA:144,2,4,1
BRDA:144,2,5,1
BRDA:146,2,6,2
BRDA:146,2,7,0
BRDA:146,2,8,0
BRDA:153,2,9,1
BRDA:168,6,0,1
BRDA:169,6,1,0
BRDA:177,6,2,0
BRDA:186,6,3,0
BRDA:192,6,4,1
BRDA:193,6,5,0
BRDA:198,6,6,0
BRF:17
BRH:10
DA:14,6
DA:16,6
DA:18,12
DA:19,12
DA:20,12
DA:21,12
DA:22,12
DA:23,12
DA:24,12
DA:25,12
DA:28,12
DA:29,12
DA:30,12
DA:31,12
DA:32,12
DA:33,12
DA:34,12
DA:35,12
DA:36,12
DA:39,12
DA:40,12
DA:41,12
DA:42,12
DA:43,12
DA:44,12
DA:45,12
DA:48,12
DA:49,12
DA:50,12
DA:51,12
DA:52,12
DA:53,12
DA:54,12
DA:55,12
DA:58,12
DA:59,12
DA:60,12
DA:61,12
DA:62,12
DA:63,12
DA:64,12
DA:65,12
DA:66,12
DA:67,12
DA:68,12
DA:69,12
DA:70,12
DA:71,12
DA:74,12
DA:75,12
DA:76,12
DA:77,12
DA:78,12
DA:79,12
DA:80,12
DA:81,12
DA:82,12
DA:83,12
DA:84,6
DA:89,6
DA:90,6
DA:91,6
DA:92,6
DA:93,6
DA:94,9
DA:96,9
DA:97,9
DA:98,9
DA:101,9
DA:102,9
DA:105,9
DA:106,10
DA:107,10
DA:108,10
DA:109,10
DA:112,9
DA:113,9
DA:116,9
DA:117,10
DA:118,10
DA:119,10
DA:120,10
DA:123,9
DA:124,9
DA:127,9
DA:128,10
DA:129,10
DA:132,9
DA:133,9
DA:134,10
DA:135,10
DA:136,10
DA:137,10
DA:140,9
DA:143,9
DA:144,9
DA:145,10
DA:146,0
DA:147,0
DA:148,0
DA:149,11
DA:150,11
DA:152,9
DA:153,9
DA:154,9
DA:155,9
DA:156,9
DA:157,9
DA:158,9
DA:159,9
DA:164,6
DA:165,9
DA:167,9
DA:168,9
DA:169,0
DA:170,0
DA:171,0
DA:172,10
DA:173,10
DA:174,10
DA:175,10
DA:177,0
DA:178,0
DA:179,0
DA:180,0
DA:181,0
DA:182,0
DA:183,0
DA:184,0
DA:186,0
DA:187,0
DA:188,0
DA:189,0
DA:190,0
DA:192,9
DA:193,0
DA:194,0
DA:195,0
DA:196,10
DA:198,0
DA:199,0
DA:200,0
DA:201,0
DA:202,0
DA:203,9
DA:205,9
DA:206,9
DA:211,0
DA:212,0
DA:213,0
DA:214,0
DA:215,0
DA:216,0
DA:217,0
DA:218,0
DA:219,0
DA:220,0
DA:221,0
DA:222,0
DA:223,0
DA:224,0
DA:225,0
DA:226,0
DA:227,0
DA:228,0
DA:229,0
DA:230,0
DA:231,0
DA:232,0
DA:233,0
DA:234,0
DA:235,0
DA:236,0
DA:237,0
DA:238,0
DA:239,0
DA:240,0
DA:241,0
DA:242,0
DA:243,0
DA:244,0
DA:245,0
DA:247,0
DA:248,0
DA:249,6
LH:121
LF:185
end_of_record
SF:/Users/gmtfr/bee-mvp/bee-mvp/supabase/functions/ai-coaching-engine/sentiment/sentiment-analyzer.ts
FN:10,analyzeSentiment
FN:24,analyzeLocalSentiment
FN:102,analyzeRemoteSentiment
FNDA:17,analyzeSentiment
FNDA:17,analyzeLocalSentiment
FNDA:0,analyzeRemoteSentiment
FNF:3
FNH:2
BRDA:13,1,0,0
BRDA:50,2,0,109
BRDA:52,2,1,92
BRDA:52,2,2,17
BRDA:59,2,3,5
BRDA:59,2,4,104
BRDA:61,2,5,16
BRDA:62,2,6,1
BRDA:62,2,7,15
BRDA:63,2,8,93
BRDA:63,2,9,16
BRDA:64,2,10,0
BRDA:69,2,11,10
BRDA:73,2,12,1
BRDA:74,2,13,0
BRDA:78,2,14,0
BRDA:87,2,15,6
BRDA:89,2,16,11
BRDA:89,2,17,6
BRDA:91,2,18,5
BRF:20
BRH:16
DA:10,6
DA:11,23
DA:13,0
DA:14,0
DA:15,0
DA:17,23
DA:18,23
DA:24,6
DA:25,23
DA:28,23
DA:29,138
DA:30,138
DA:31,138
DA:32,115
DA:33,23
DA:36,23
DA:37,138
DA:38,138
DA:39,138
DA:40,138
DA:41,23
DA:44,161
DA:45,207
DA:47,23
DA:48,23
DA:50,23
DA:51,132
DA:52,132
DA:55,132
DA:58,132
DA:59,132
DA:61,132
DA:62,148
DA:63,132
DA:64,0
DA:65,241
DA:66,132
DA:69,23
DA:70,23
DA:73,23
DA:74,0
DA:75,24
DA:78,0
DA:79,0
DA:80,0
DA:83,23
DA:86,23
DA:87,23
DA:88,29
DA:89,23
DA:90,40
DA:91,34
DA:92,39
DA:93,39
DA:95,92
DA:96,23
DA:102,0
DA:103,0
DA:104,0
DA:105,0
DA:106,0
DA:107,0
DA:109,0
DA:110,0
DA:111,0
DA:112,0
DA:113,0
DA:114,0
DA:115,0
DA:116,0
DA:117,0
DA:118,0
DA:119,0
DA:120,0
DA:121,0
DA:122,0
DA:123,0
DA:124,0
DA:125,0
DA:127,0
DA:128,0
DA:129,0
DA:131,0
DA:132,0
DA:135,0
DA:137,0
DA:138,0
DA:139,0
DA:140,0
DA:141,0
DA:142,0
DA:143,0
DA:144,0
DA:145,0
LH:48
LF:94
end_of_record
SF:/Users/gmtfr/bee-mvp/bee-mvp/supabase/functions/ai-coaching-engine/services/ai-client.ts
FN:55,callAIAPI
FNDA:4,callAIAPI
FNF:1
FNH:1
BRDA:7,0,0,0
BRDA:11,0,1,2
BRDA:65,1,0,0
BRDA:66,1,1,0
BRDA:68,1,2,0
BRDA:78,1,3,0
BRDA:90,1,4,0
BRDA:100,1,5,1
BRDA:101,1,6,3
BRDA:102,1,7,0
BRDA:108,1,8,1
BRDA:124,1,9,0
BRDA:132,1,10,1
BRDA:132,1,11,0
BRDA:189,1,12,1
BRDA:189,1,13,0
BRDA:204,1,14,1
BRDA:205,1,15,0
BRDA:208,1,16,1
BRDA:208,1,17,0
BRDA:239,1,18,0
BRF:21
BRH:8
DA:7,0
DA:11,5
DA:14,5
DA:55,5
DA:59,9
DA:61,9
DA:65,0
DA:66,0
DA:68,0
DA:69,0
DA:70,0
DA:72,9
DA:73,9
DA:74,9
DA:76,9
DA:78,0
DA:79,0
DA:80,0
DA:81,0
DA:82,0
DA:83,0
DA:84,0
DA:85,0
DA:86,0
DA:87,9
DA:88,9
DA:90,0
DA:91,9
DA:92,9
DA:93,9
DA:94,9
DA:95,9
DA:96,9
DA:97,9
DA:99,9
DA:100,9
DA:101,9
DA:102,24
DA:103,0
DA:104,12
DA:105,12
DA:106,12
DA:107,12
DA:108,12
DA:112,10
DA:113,0
DA:115,10
DA:117,10
DA:118,10
DA:119,10
DA:120,10
DA:121,10
DA:122,10
DA:123,10
DA:124,0
DA:125,0
DA:126,0
DA:127,10
DA:128,10
DA:132,0
DA:133,0
DA:134,0
DA:135,0
DA:136,0
DA:137,0
DA:139,0
DA:140,0
DA:141,0
DA:142,0
DA:143,0
DA:144,0
DA:145,0
DA:147,0
DA:148,0
DA:149,0
DA:150,0
DA:151,0
DA:152,0
DA:153,0
DA:154,0
DA:155,0
DA:156,0
DA:157,0
DA:158,0
DA:159,0
DA:160,0
DA:161,0
DA:162,0
DA:163,0
DA:166,0
DA:167,0
DA:168,0
DA:169,0
DA:170,0
DA:171,0
DA:172,0
DA:173,0
DA:174,0
DA:175,0
DA:176,0
DA:177,0
DA:178,0
DA:179,0
DA:180,0
DA:181,0
DA:182,0
DA:183,0
DA:184,0
DA:185,0
DA:186,0
DA:189,0
DA:190,0
DA:191,0
DA:192,0
DA:193,0
DA:194,0
DA:195,0
DA:196,0
DA:198,10
DA:203,0
DA:204,0
DA:205,0
DA:206,0
DA:208,0
DA:209,0
DA:210,0
DA:211,0
DA:212,0
DA:213,0
DA:214,0
DA:215,0
DA:216,0
DA:217,0
DA:218,0
DA:219,0
DA:220,0
DA:221,0
DA:222,0
DA:224,0
DA:225,0
DA:226,0
DA:227,0
DA:228,0
DA:229,0
DA:230,0
DA:231,0
DA:232,0
DA:233,0
DA:234,0
DA:235,0
DA:238,10
DA:239,0
DA:240,0
DA:241,27
DA:242,9
LH:42
LF:155
end_of_record
SF:/Users/gmtfr/bee-mvp/bee-mvp/supabase/functions/ai-coaching-engine/services/coach-interaction-logger.ts
FN:20,logCoachInteraction
FNDA:11,logCoachInteraction
FNF:1
FNH:1
BRDA:22,1,0,10
BRDA:22,1,1,1
BRDA:26,1,2,1
BRDA:26,1,3,1
BRDA:29,1,4,0
BRF:5
BRH:4
DA:1,6
DA:2,6
DA:20,6
DA:21,17
DA:22,17
DA:24,18
DA:25,17
DA:26,17
DA:27,18
DA:28,18
DA:29,18
DA:31,0
DA:32,0
DA:33,0
DA:34,0
DA:35,0
DA:36,0
DA:37,0
DA:38,0
DA:39,0
DA:40,17
LH:12
LF:21
end_of_record
SF:/Users/gmtfr/bee-mvp/bee-mvp/supabase/functions/ai-coaching-engine/services/conversation.service.ts
FN:49,processConversation
FN:317,json
FNDA:9,processConversation
FNDA:9,json
FNF:2
FNH:2
BRDA:26,0,0,0
BRDA:27,0,1,0
BRDA:28,0,2,4
BRDA:29,0,3,4
BRDA:32,0,4,3
BRDA:58,1,0,0
BRDA:61,1,1,0
BRDA:83,1,2,8
BRDA:83,1,3,8
BRDA:83,1,4,3
BRDA:85,1,5,6
BRDA:89,1,6,0
BRDA:91,1,7,8
BRDA:91,1,8,6
BRDA:94,1,9,4
BRDA:95,1,10,6
BRDA:96,1,11,6
BRDA:100,1,12,2
BRDA:100,1,13,0
BRDA:100,1,14,7
BRDA:100,1,15,2
BRDA:102,1,16,4
BRDA:106,1,17,3
BRDA:106,1,18,7
BRDA:106,1,19,4
BRDA:107,1,20,0
BRDA:113,1,21,0
BRDA:114,1,22,0
BRDA:117,1,23,5
BRDA:117,1,24,4
BRDA:120,1,25,2
BRDA:123,1,26,0
BRDA:139,1,27,4
BRDA:142,1,28,2
BRDA:149,1,29,0
BRDA:152,1,30,0
BRDA:153,1,31,4
BRDA:156,1,32,0
BRDA:156,1,33,7
BRDA:156,1,34,4
BRDA:159,1,35,0
BRDA:159,1,36,7
BRDA:159,1,37,5
BRDA:159,1,38,4
BRDA:165,1,39,2
BRDA:167,1,40,4
BRDA:174,1,41,0
BRDA:175,1,42,4
BRDA:177,1,43,0
BRDA:182,1,44,7
BRDA:182,1,45,0
BRDA:190,1,46,4
BRDA:193,1,47,7
BRDA:193,1,48,0
BRDA:195,1,49,5
BRDA:195,1,50,4
BRDA:199,1,51,2
BRDA:199,1,52,7
BRDA:199,1,53,4
BRDA:207,1,54,2
BRDA:218,1,55,2
BRDA:219,1,56,2
BRDA:222,1,57,0
BRDA:225,1,58,0
BRDA:241,1,59,2
BRDA:241,1,60,2
BRDA:255,1,61,0
BRDA:255,1,62,7
BRDA:255,1,63,4
BRDA:258,1,64,0
BRDA:258,1,65,0
BRDA:258,1,66,7
BRDA:258,1,67,0
BRDA:271,1,68,4
BRDA:274,1,69,0
BRDA:274,1,70,7
BRDA:274,1,71,0
BRDA:285,1,72,4
BRDA:293,1,73,0
BRDA:294,1,74,0
BRDA:295,1,75,0
BRDA:296,1,76,0
BRDA:302,1,77,0
BRDA:302,1,78,4
BRDA:305,1,79,4
BRDA:307,1,80,0
BRDA:311,1,81,0
BRDA:172,2,0,0
BRDA:172,2,1,0
BRF:89
BRH:54
DA:7,5
DA:8,5
DA:9,5
DA:10,5
DA:11,5
DA:12,5
DA:13,5
DA:14,5
DA:15,5
DA:16,5
DA:17,5
DA:18,5
DA:19,5
DA:22,5
DA:26,0
DA:27,0
DA:28,5
DA:29,5
DA:32,5
DA:33,8
DA:34,8
DA:49,5
DA:50,5
DA:51,5
DA:53,14
DA:55,14
DA:58,0
DA:59,0
DA:60,0
DA:61,0
DA:64,14
DA:65,14
DA:67,14
DA:69,14
DA:70,14
DA:71,14
DA:72,14
DA:73,14
DA:74,14
DA:75,14
DA:76,14
DA:77,14
DA:78,14
DA:79,14
DA:80,14
DA:81,14
DA:83,14
DA:84,75
DA:85,25
DA:88,28
DA:89,0
DA:90,0
DA:91,0
DA:94,14
DA:95,14
DA:96,14
DA:97,14
DA:100,0
DA:101,69
DA:102,23
DA:105,25
DA:106,14
DA:107,0
DA:108,0
DA:109,0
DA:110,25
DA:111,25
DA:112,25
DA:113,0
DA:114,0
DA:115,0
DA:116,0
DA:117,25
DA:120,26
DA:121,28
DA:122,28
DA:123,0
DA:124,0
DA:125,0
DA:126,0
DA:127,0
DA:128,0
DA:129,0
DA:130,0
DA:131,0
DA:132,0
DA:133,0
DA:134,0
DA:136,0
DA:137,0
DA:138,0
DA:139,28
DA:142,21
DA:143,0
DA:144,0
DA:145,0
DA:146,0
DA:147,0
DA:148,0
DA:149,0
DA:151,23
DA:152,0
DA:153,23
DA:156,0
DA:157,0
DA:158,0
DA:159,0
DA:161,30
DA:164,30
DA:165,26
DA:166,28
DA:167,28
DA:170,30
DA:171,34
DA:172,0
DA:173,30
DA:174,0
DA:175,0
DA:176,0
DA:177,0
DA:178,0
DA:180,14
DA:181,14
DA:182,0
DA:183,0
DA:184,0
DA:185,0
DA:186,0
DA:187,0
DA:188,0
DA:189,0
DA:190,0
DA:191,25
DA:192,25
DA:193,0
DA:194,0
DA:195,0
DA:198,30
DA:199,14
DA:200,25
DA:201,25
DA:202,25
DA:203,25
DA:205,25
DA:206,25
DA:207,25
DA:208,27
DA:209,27
DA:210,27
DA:211,25
DA:212,25
DA:213,25
DA:214,25
DA:215,25
DA:216,25
DA:217,25
DA:218,25
DA:219,106
DA:220,0
DA:221,0
DA:222,0
DA:223,0
DA:224,0
DA:225,0
DA:226,0
DA:227,0
DA:228,0
DA:229,0
DA:230,0
DA:232,25
DA:234,25
DA:235,25
DA:236,25
DA:237,25
DA:238,25
DA:239,25
DA:240,25
DA:241,25
DA:243,25
DA:244,25
DA:246,25
DA:249,0
DA:250,0
DA:251,0
DA:252,0
DA:253,0
DA:254,0
DA:255,0
DA:258,0
DA:259,0
DA:260,0
DA:261,0
DA:262,0
DA:263,0
DA:264,0
DA:265,0
DA:266,0
DA:267,0
DA:268,0
DA:269,0
DA:270,0
DA:271,0
DA:274,0
DA:275,0
DA:276,0
DA:277,0
DA:278,0
DA:279,0
DA:280,0
DA:282,0
DA:284,0
DA:285,0
DA:287,25
DA:288,25
DA:289,25
DA:290,25
DA:291,25
DA:292,14
DA:293,0
DA:294,0
DA:295,0
DA:296,0
DA:297,14
DA:299,14
DA:300,14
DA:301,14
DA:302,0
DA:303,14
DA:304,14
DA:305,14
DA:306,14
DA:307,82
DA:309,0
DA:310,14
DA:311,0
DA:312,0
DA:313,0
DA:314,0
DA:315,14
DA:317,14
DA:318,14
DA:319,14
DA:320,56
DA:321,14
DA:322,14
LH:131
LF:245
end_of_record
SF:/Users/gmtfr/bee-mvp/bee-mvp/supabase/functions/ai-coaching-engine/services/daily-content.service.ts
FN:13,chooseTopicForDate
FN:24,buildDailyContentPrompt
FN:78,parseAIContentResponse
FN:161,calculateContentConfidence
FN:189,wordCount
FN:193,isFullContentValid
FN:224,isTitleValid
FN:231,generateDailyHealthContent
FNDA:4,chooseTopicForDate
FNDA:6,buildDailyContentPrompt
FNDA:9,parseAIContentResponse
FNDA:0,calculateContentConfidence
FNDA:0,wordCount
FNDA:0,isFullContentValid
FNDA:0,isTitleValid
FNDA:0,generateDailyHealthContent
FNF:8
FNH:3
BRDA:84,3,0,2
BRDA:90,3,1,5
BRDA:90,3,2,4
BRDA:90,3,3,3
BRDA:100,3,4,3
BRDA:100,3,5,3
BRDA:101,3,6,1
BRDA:104,3,7,4
BRDA:105,3,8,4
BRDA:114,3,9,4
BRDA:116,3,10,5
BRDA:128,3,11,1
BRDA:128,3,12,4
BRDA:128,3,13,1
BRDA:129,3,14,2
BRDA:131,3,15,3
BRDA:135,3,16,1
BRDA:135,3,17,4
BRF:18
BRH:18
DA:6,5
DA:7,5
DA:13,5
DA:14,9
DA:15,9
DA:16,9
DA:18,9
DA:19,9
DA:24,5
DA:25,11
DA:26,33
DA:27,33
DA:29,11
DA:30,11
DA:40,11
DA:64,11
DA:66,11
DA:67,11
DA:69,11
DA:70,44
DA:71,44
DA:72,11
DA:73,11
DA:78,5
DA:79,5
DA:80,5
DA:82,14
DA:83,14
DA:84,14
DA:85,48
DA:86,16
DA:88,14
DA:90,14
DA:91,21
DA:92,21
DA:94,18
DA:95,18
DA:97,18
DA:98,18
DA:99,72
DA:100,14
DA:101,113
DA:102,14
DA:103,14
DA:104,14
DA:105,14
DA:106,14
DA:108,14
DA:109,14
DA:110,14
DA:111,14
DA:112,14
DA:113,14
DA:114,14
DA:115,14
DA:116,14
DA:117,19
DA:123,19
DA:124,19
DA:126,19
DA:128,19
DA:129,19
DA:130,19
DA:131,19
DA:132,22
DA:133,22
DA:135,19
DA:136,19
DA:137,19
DA:138,19
DA:139,19
DA:141,19
DA:142,19
DA:143,76
DA:145,19
DA:147,19
DA:148,19
DA:149,19
DA:150,19
DA:151,19
DA:152,19
DA:153,19
DA:154,19
DA:155,19
DA:156,14
DA:161,0
DA:162,0
DA:163,0
DA:165,0
DA:167,0
DA:168,0
DA:170,0
DA:171,0
DA:172,0
DA:173,0
DA:174,0
DA:175,0
DA:176,0
DA:177,0
DA:179,0
DA:180,0
DA:181,0
DA:183,0
DA:184,0
DA:187,1
DA:189,0
DA:190,0
DA:191,0
DA:193,0
DA:194,0
DA:195,0
DA:197,0
DA:200,0
DA:201,0
DA:202,0
DA:205,0
DA:206,0
DA:207,0
DA:208,0
DA:209,0
DA:210,0
DA:213,0
DA:214,0
DA:215,0
DA:217,0
DA:218,0
DA:219,0
DA:221,0
DA:222,0
DA:224,0
DA:225,0
DA:226,0
DA:231,0
DA:232,0
DA:233,0
DA:235,0
DA:236,0
DA:237,0
DA:238,0
DA:239,0
DA:240,0
DA:241,0
DA:242,0
DA:243,0
DA:245,0
DA:247,0
DA:248,0
DA:249,0
DA:250,0
DA:252,0
DA:253,0
DA:254,0
DA:255,0
DA:256,0
DA:258,0
DA:259,0
DA:260,0
DA:261,0
DA:262,0
DA:263,0
DA:264,0
DA:266,0
DA:267,0
DA:268,0
DA:269,0
DA:270,0
DA:271,0
DA:272,0
DA:273,0
DA:274,0
DA:275,0
DA:277,0
DA:280,0
DA:284,0
DA:285,0
DA:286,0
DA:288,0
DA:289,0
DA:290,0
DA:291,0
DA:292,0
DA:293,0
DA:294,0
DA:295,0
DA:296,0
DA:297,0
DA:298,0
DA:300,0
DA:302,0
DA:303,0
DA:304,0
DA:305,0
DA:306,0
DA:307,0
DA:308,0
DA:309,0
DA:310,0
DA:312,0
DA:313,0
DA:314,0
DA:315,0
DA:316,0
DA:318,0
DA:319,0
DA:320,0
DA:321,0
DA:322,0
DA:323,0
DA:324,0
DA:325,0
DA:326,0
DA:327,0
DA:328,0
DA:329,0
DA:330,0
DA:331,0
DA:333,0
DA:336,0
DA:337,0
DA:338,0
DA:339,0
DA:340,0
DA:341,0
DA:342,0
DA:343,0
DA:344,0
DA:345,0
DA:346,0
DA:347,0
DA:349,0
DA:350,0
DA:351,0
DA:352,0
DA:355,0
DA:356,0
DA:357,0
DA:358,0
DA:359,0
DA:360,0
DA:361,0
DA:362,0
DA:365,0
DA:366,0
DA:367,0
DA:368,0
DA:369,0
DA:370,0
DA:371,0
DA:372,0
DA:373,0
DA:374,0
DA:375,0
DA:376,0
DA:377,0
DA:378,0
DA:379,0
DA:380,0
DA:381,0
DA:382,0
DA:383,0
DA:384,0
DA:386,0
DA:387,0
DA:388,0
DA:389,0
DA:390,0
DA:391,0
DA:392,0
DA:393,0
DA:394,0
DA:395,0
DA:396,0
DA:397,0
DA:398,0
DA:400,0
DA:401,0
DA:403,0
DA:404,0
DA:405,0
DA:406,0
DA:407,0
DA:409,0
DA:410,0
DA:411,0
DA:412,0
DA:413,0
DA:414,0
LH:86
LF:287
end_of_record
SF:/Users/gmtfr/bee-mvp/bee-mvp/supabase/functions/ai-coaching-engine/services/embedding.service.ts
FN:6,getEmbedding
FN:57,pseudoEmbedding
FNDA:0,getEmbedding
FNDA:0,pseudoEmbedding
FNF:2
FNH:0
BRF:0
BRH:0
DA:1,6
DA:3,6
DA:4,6
DA:6,0
DA:8,0
DA:10,0
DA:11,0
DA:12,0
DA:13,0
DA:15,0
DA:16,0
DA:17,0
DA:18,0
DA:19,0
DA:20,0
DA:23,0
DA:24,0
DA:25,0
DA:26,0
DA:27,0
DA:28,0
DA:29,0
DA:30,0
DA:32,0
DA:33,0
DA:34,0
DA:35,0
DA:36,0
DA:37,0
DA:38,0
DA:39,0
DA:40,0
DA:41,0
DA:42,0
DA:43,0
DA:45,0
DA:46,0
DA:47,0
DA:48,0
DA:49,0
DA:50,0
DA:51,0
DA:52,0
DA:53,0
DA:54,0
DA:55,0
DA:57,0
DA:59,0
DA:60,0
DA:61,0
DA:62,0
DA:63,0
DA:64,0
DA:65,0
DA:66,0
DA:67,0
LH:3
LF:56
end_of_record
SF:/Users/gmtfr/bee-mvp/bee-mvp/supabase/functions/ai-coaching-engine/services/engagement-data.ts
FN:11,<instance_members_initializer>
FN:13,EngagementDataService
FN:43,getUserEngagementEvents
FN:112,transformEventFormat
FN:124,mapEventType
FN:149,isValidEventType
FN:157,getFallbackEvents
FN:171,healthCheck
FNDA:10,<instance_members_initializer>
FNDA:10,EngagementDataService
FNDA:5,getUserEngagementEvents
FNDA:0,transformEventFormat
FNDA:4,mapEventType
FNDA:4,isValidEventType
FNDA:5,getFallbackEvents
FNDA:1,healthCheck
FNF:8
FNH:7
BRDA:15,2,0,7
BRDA:21,2,1,3
BRDA:24,2,2,2
BRDA:27,2,3,3
BRDA:27,2,4,1
BRDA:49,5,0,0
BRDA:84,5,1,0
BRDA:91,5,2,0
BRDA:126,10,0,1
BRDA:127,10,1,1
BRDA:128,10,2,1
BRDA:129,10,3,1
BRDA:130,10,4,1
BRDA:133,10,5,1
BRDA:134,10,6,1
BRDA:137,10,7,1
BRDA:140,10,8,1
BRDA:175,13,0,0
BRF:18
BRH:14
DA:3,6
DA:10,6
DA:11,6
DA:13,6
DA:14,16
DA:15,16
DA:16,23
DA:19,23
DA:20,23
DA:21,23
DA:23,26
DA:24,23
DA:25,23
DA:27,16
DA:29,51
DA:30,17
DA:31,18
DA:32,0
DA:33,0
DA:34,17
DA:35,16
DA:43,6
DA:44,11
DA:46,11
DA:47,11
DA:48,11
DA:49,11
DA:52,0
DA:53,0
DA:56,0
DA:57,0
DA:58,0
DA:61,0
DA:62,0
DA:64,0
DA:65,0
DA:67,0
DA:68,0
DA:69,0
DA:70,0
DA:71,0
DA:72,0
DA:73,0
DA:74,0
DA:77,11
DA:78,11
DA:79,11
DA:80,11
DA:81,11
DA:82,11
DA:83,33
DA:84,11
DA:86,0
DA:87,0
DA:88,0
DA:89,0
DA:91,0
DA:92,0
DA:93,0
DA:94,0
DA:97,0
DA:98,0
DA:99,0
DA:101,0
DA:102,0
DA:103,0
DA:104,0
DA:105,0
DA:106,0
DA:107,0
DA:112,0
DA:113,0
DA:114,0
DA:115,0
DA:116,0
DA:117,0
DA:118,0
DA:124,6
DA:125,10
DA:126,10
DA:127,10
DA:128,10
DA:129,10
DA:130,10
DA:131,11
DA:133,10
DA:134,10
DA:135,11
DA:137,10
DA:138,11
DA:140,10
DA:142,11
DA:143,10
DA:144,10
DA:149,6
DA:150,50
DA:151,10
DA:157,6
DA:158,11
DA:159,11
DA:160,11
DA:161,11
DA:162,11
DA:163,44
DA:164,11
DA:165,11
DA:166,11
DA:171,6
DA:172,7
DA:173,7
DA:174,7
DA:175,7
DA:177,0
DA:178,0
DA:179,0
DA:180,0
DA:182,0
DA:183,0
DA:184,0
DA:185,0
DA:186,0
DA:187,7
DA:190,6
LH:70
LF:123
end_of_record
SF:/Users/gmtfr/bee-mvp/bee-mvp/supabase/functions/ai-coaching-engine/services/jitai-effectiveness.ts
FN:6,recordJITAIOutcome
FNDA:1,recordJITAIOutcome
FNF:1
FNH:1
BRDA:14,1,0,0
BRDA:20,1,1,0
BRDA:31,1,2,0
BRDA:39,1,3,0
BRF:4
BRH:0
DA:2,6
DA:6,6
DA:7,6
DA:8,6
DA:9,6
DA:10,6
DA:11,6
DA:13,7
DA:14,0
DA:15,0
DA:16,7
DA:17,7
DA:18,7
DA:19,7
DA:20,7
DA:21,0
DA:22,0
DA:23,0
DA:24,0
DA:25,0
DA:26,0
DA:27,0
DA:28,0
DA:31,0
DA:32,7
DA:33,7
DA:34,7
DA:35,7
DA:36,7
DA:37,7
DA:38,7
DA:39,7
DA:40,0
DA:41,7
LH:22
LF:34
end_of_record
SF:/Users/gmtfr/bee-mvp/bee-mvp/supabase/functions/ai-coaching-engine/services/jitai-engine.ts
FN:7,evaluateJITAITriggers
FN:11,push
FNDA:3,evaluateJITAITriggers
FNDA:4,push
FNF:2
FNH:2
BRDA:20,1,0,2
BRDA:20,1,1,1
BRDA:28,1,2,2
BRDA:28,1,3,1
BRDA:33,1,4,2
BRDA:33,1,5,0
BRDA:33,1,6,0
BRDA:38,1,7,2
BRF:8
BRH:6
DA:7,8
DA:8,11
DA:9,11
DA:11,11
DA:12,75
DA:13,11
DA:20,11
DA:21,12
DA:22,12
DA:23,12
DA:25,12
DA:28,11
DA:29,12
DA:30,12
DA:33,0
DA:34,0
DA:35,0
DA:38,11
DA:39,13
DA:40,13
DA:42,11
DA:43,11
LH:19
LF:22
end_of_record
SF:/Users/gmtfr/bee-mvp/bee-mvp/supabase/functions/ai-coaching-engine/services/jitai-event-logger.ts
FN:12,logJITAIEvent
FNDA:1,logJITAIEvent
FNF:1
FNH:1
BRDA:20,1,0,0
BRDA:26,1,1,0
BRF:2
BRH:0
DA:1,6
DA:12,6
DA:13,6
DA:14,6
DA:15,6
DA:16,6
DA:18,7
DA:19,7
DA:20,0
DA:21,0
DA:23,7
DA:24,35
DA:25,7
DA:26,7
DA:28,0
DA:29,0
DA:31,0
DA:32,0
DA:33,0
DA:34,0
DA:35,0
DA:36,0
DA:37,0
DA:38,7
LH:13
LF:24
end_of_record
SF:/Users/gmtfr/bee-mvp/bee-mvp/supabase/functions/ai-coaching-engine/services/jitai-push.ts
FN:18,enqueueJITAITriggers
FNDA:1,enqueueJITAITriggers
FNF:1
FNH:1
BRDA:22,1,0,0
BRDA:25,1,1,0
BRDA:32,1,2,0
BRF:3
BRH:0
DA:1,6
DA:18,6
DA:19,6
DA:20,6
DA:22,0
DA:24,7
DA:25,0
DA:26,0
DA:27,7
DA:29,7
DA:30,7
DA:31,7
DA:32,7
DA:34,0
DA:36,0
DA:37,0
DA:38,0
DA:39,0
DA:40,0
DA:41,0
DA:42,0
DA:43,0
DA:44,0
DA:45,0
DA:46,0
DA:47,0
DA:48,7
LH:11
LF:27
end_of_record
SF:/Users/gmtfr/bee-mvp/bee-mvp/supabase/functions/ai-coaching-engine/services/predictive-trigger-model.ts
FN:9,predictTriggers
FNDA:2,predictTriggers
FNF:1
FNH:1
BRDA:15,1,0,0
BRDA:26,1,1,0
BRF:2
BRH:0
DA:2,7
DA:9,7
DA:10,9
DA:12,9
DA:14,9
DA:15,9
DA:17,0
DA:18,0
DA:19,0
DA:20,0
DA:21,0
DA:22,0
DA:23,0
DA:24,0
DA:25,0
DA:26,0
DA:27,0
DA:28,0
DA:31,0
DA:32,9
LH:7
LF:20
end_of_record
SF:/Users/gmtfr/bee-mvp/bee-mvp/supabase/functions/ai-coaching-engine/services/wearable-data.stub.ts
FN:8,getLatestWearableData
FN:10,rand
FNDA:1,getLatestWearableData
FNDA:4,rand
FNF:2
FNH:2
BRF:0
BRH:0
DA:8,6
DA:9,21
DA:10,7
DA:11,11
DA:12,11
DA:13,7
DA:15,7
DA:16,7
DA:17,7
DA:18,7
DA:19,7
DA:20,7
DA:21,7
DA:22,7
DA:23,7
DA:24,7
LH:16
LF:16
end_of_record
SF:/Users/gmtfr/bee-mvp/bee-mvp/supabase/functions/ai-coaching-engine/services/wearable-summary.client.ts
FN:3,getDailySleepScore
FN:17,getRollingAvgHR
FNDA:2,getDailySleepScore
FNDA:2,getRollingAvgHR
FNF:2
FNH:2
BRDA:7,1,0,0
BRDA:10,1,1,0
BRDA:20,2,0,0
BRDA:23,2,1,0
BRF:4
BRH:0
DA:1,7
DA:3,7
DA:4,9
DA:5,9
DA:6,9
DA:7,9
DA:8,0
DA:9,0
DA:10,0
DA:11,9
DA:12,9
DA:13,9
DA:14,9
DA:15,9
DA:17,7
DA:18,9
DA:19,9
DA:20,9
DA:21,0
DA:22,0
DA:23,0
DA:24,9
DA:25,9
DA:26,9
DA:27,9
DA:28,9
LH:20
LF:26
end_of_record
