SF:/Users/gmtfr/bee-mvp/bee-mvp/supabase/functions/ai-coaching-engine/middleware/cache.ts
FN:7,CacheError
FN:20,getCachedResponse
FN:59,setCachedResponse
FN:99,generateCacheKey
FN:115,clearCache
FNDA:0,CacheError
FNDA:16,getCachedResponse
FNDA:109,setCachedResponse
FNDA:12,generateCacheKey
FNDA:11,clearCache
FNF:5
FNH:4
BRDA:22,2,0,4
BRDA:22,2,1,13
BRDA:22,2,2,12
BRDA:26,2,3,0
BRDA:26,2,4,13
BRDA:26,2,5,12
BRDA:27,2,6,0
BRDA:37,2,7,13
BRDA:37,2,8,0
BRDA:39,2,9,12
BRDA:43,2,10,7
BRDA:43,2,11,13
BRDA:43,2,12,5
BRDA:45,2,13,7
BRDA:48,2,14,2
BRDA:50,2,15,7
BRDA:65,3,0,4
BRDA:65,3,1,106
BRDA:65,3,2,105
BRDA:72,3,3,0
BRDA:72,3,4,106
BRDA:72,3,5,105
BRDA:73,3,6,0
BRDA:77,3,7,106
BRDA:77,3,8,0
BRDA:79,3,9,105
BRDA:85,3,10,0
BRDA:119,6,0,0
BRDA:120,6,1,0
BRDA:128,6,2,0
BRF:30
BRH:20
DA:6,5
DA:7,0
DA:8,0
DA:9,0
DA:10,0
DA:11,5
DA:14,5
DA:20,5
DA:21,21
DA:22,21
DA:24,46
DA:26,0
DA:27,0
DA:28,0
DA:29,0
DA:30,0
DA:31,0
DA:33,0
DA:34,0
DA:35,0
DA:36,0
DA:37,0
DA:38,0
DA:39,0
DA:42,46
DA:43,21
DA:44,39
DA:45,39
DA:48,34
DA:49,36
DA:50,36
DA:52,41
DA:53,21
DA:59,5
DA:60,5
DA:61,5
DA:62,119
DA:64,114
DA:65,114
DA:67,325
DA:68,1300
DA:70,325
DA:72,0
DA:73,0
DA:74,0
DA:75,0
DA:76,0
DA:77,0
DA:78,0
DA:79,0
DA:82,325
DA:85,0
DA:86,0
DA:87,0
DA:88,0
DA:89,0
DA:90,0
DA:91,0
DA:92,0
DA:93,114
DA:99,5
DA:100,5
DA:101,5
DA:102,5
DA:103,5
DA:105,17
DA:106,17
DA:107,17
DA:108,17
DA:109,17
DA:110,17
DA:115,5
DA:116,16
DA:118,16
DA:119,0
DA:120,0
DA:123,0
DA:124,0
DA:125,0
DA:126,0
DA:127,0
DA:128,0
DA:129,0
DA:130,0
DA:131,16
LH:42
LF:85
end_of_record
SF:/Users/gmtfr/bee-mvp/bee-mvp/supabase/functions/ai-coaching-engine/middleware/rate-limit.ts
FN:1,<instance_members_initializer>
FN:2,RateLimitError
FN:15,enforceRateLimit
FN:39,enforceRateLimitKV
FN:79,enforceRateLimitMemory
FN:122,getRateLimitStatus
FN:173,clearRateLimits
FNDA:6,<instance_members_initializer>
FNDA:6,RateLimitError
FNDA:41,enforceRateLimit
FNDA:0,enforceRateLimitKV
FNDA:41,enforceRateLimitMemory
FNDA:5,getRateLimitStatus
FNDA:15,clearRateLimits
FNF:7
FNH:6
BRDA:16,3,0,2
BRDA:16,3,1,1
BRDA:23,3,2,0
BRDA:24,3,3,0
BRDA:28,3,4,0
BRDA:33,3,5,35
BRDA:85,5,0,12
BRDA:93,5,1,6
BRDA:100,5,2,35
BRDA:107,5,3,0
BRDA:127,8,0,1
BRDA:127,8,1,1
BRDA:132,8,2,0
BRDA:133,8,3,0
BRDA:155,8,4,0
BRDA:160,8,5,3
BRDA:177,10,0,0
BRDA:178,10,1,0
BRDA:184,10,2,0
BRF:19
BRH:9
DA:1,5
DA:2,16
DA:3,11
DA:4,11
DA:5,11
DA:6,5
DA:9,5
DA:15,5
DA:16,46
DA:17,46
DA:18,46
DA:19,46
DA:21,46
DA:23,0
DA:24,0
DA:25,0
DA:26,0
DA:27,0
DA:28,0
DA:29,0
DA:30,0
DA:33,46
DA:34,46
DA:39,0
DA:40,0
DA:41,0
DA:42,0
DA:43,0
DA:44,0
DA:46,0
DA:47,0
DA:48,0
DA:51,0
DA:52,0
DA:53,0
DA:54,0
DA:56,0
DA:57,0
DA:60,0
DA:61,0
DA:62,0
DA:64,0
DA:65,0
DA:66,0
DA:67,0
DA:68,0
DA:70,0
DA:73,0
DA:74,0
DA:79,5
DA:80,5
DA:81,5
DA:82,5
DA:83,5
DA:85,46
DA:88,46
DA:89,46
DA:93,46
DA:94,52
DA:95,52
DA:96,52
DA:97,52
DA:98,52
DA:100,52
DA:103,81
DA:104,81
DA:107,0
DA:108,0
DA:109,0
DA:110,0
DA:111,0
DA:112,0
DA:113,0
DA:114,0
DA:115,0
DA:116,0
DA:117,46
DA:122,5
DA:127,10
DA:128,10
DA:129,10
DA:131,10
DA:132,0
DA:133,0
DA:134,0
DA:135,0
DA:136,0
DA:138,0
DA:139,0
DA:140,0
DA:141,0
DA:143,0
DA:144,0
DA:146,0
DA:147,0
DA:149,0
DA:150,0
DA:151,0
DA:152,0
DA:153,0
DA:154,0
DA:155,0
DA:156,0
DA:157,0
DA:160,10
DA:161,10
DA:163,10
DA:164,10
DA:165,10
DA:166,10
DA:167,10
DA:168,10
DA:173,5
DA:174,20
DA:176,20
DA:177,0
DA:178,0
DA:179,0
DA:180,0
DA:181,0
DA:182,0
DA:183,0
DA:184,0
DA:185,0
DA:186,0
DA:187,20
LH:50
LF:126
end_of_record
SF:/Users/gmtfr/bee-mvp/bee-mvp/supabase/functions/ai-coaching-engine/middleware/safety/red-flag-detector.ts
FN:55,detectRedFlags
FNDA:40,detectRedFlags
FNF:1
FNH:1
BRDA:58,1,0,129
BRDA:60,1,1,422
BRDA:61,1,2,18
BRDA:64,1,3,111
BRDA:67,1,4,582
BRDA:68,1,5,1
BRDA:71,1,6,110
BRDA:72,1,7,21
BRF:8
BRH:8
DA:9,5
DA:10,5
DA:11,5
DA:12,5
DA:13,5
DA:14,5
DA:15,5
DA:16,5
DA:17,5
DA:18,35
DA:19,5
DA:20,5
DA:21,5
DA:22,5
DA:23,5
DA:24,5
DA:25,5
DA:26,5
DA:27,25
DA:28,5
DA:29,5
DA:30,5
DA:31,5
DA:32,5
DA:33,5
DA:34,5
DA:35,5
DA:36,5
DA:37,35
DA:38,5
DA:39,5
DA:40,5
DA:41,5
DA:42,5
DA:43,5
DA:44,5
DA:45,5
DA:46,30
DA:47,5
DA:48,5
DA:55,5
DA:56,45
DA:58,45
DA:60,174
DA:61,596
DA:62,614
DA:63,614
DA:64,596
DA:67,174
DA:68,756
DA:69,757
DA:70,757
DA:71,756
DA:72,284
DA:74,66
DA:75,45
LH:56
LF:56
end_of_record
SF:/Users/gmtfr/bee-mvp/bee-mvp/supabase/functions/ai-coaching-engine/mod.ts
FN:106,handler
FN:159,handleFrequencyOptimization
FN:238,handlePatternAggregation
FN:340,handleConversation
FN:658,callAIAPI
FNDA:13,handler
FNDA:0,handleFrequencyOptimization
FNDA:0,handlePatternAggregation
FNDA:0,handleConversation
FNDA:0,callAIAPI
FNF:5
FNH:1
BRDA:23,0,0,2
BRDA:30,0,1,0
BRDA:35,0,2,0
BRDA:37,0,3,0
BRDA:39,0,4,0
BRDA:44,0,5,0
BRDA:44,0,6,0
BRDA:114,1,0,3
BRDA:116,1,1,10
BRDA:118,1,2,1
BRDA:123,1,3,9
BRDA:130,1,4,0
BRDA:137,1,5,9
BRDA:140,1,6,0
BRDA:142,1,7,9
BRDA:145,1,8,0
BRDA:147,1,9,9
BRF:17
BRH:8
DA:1,4
DA:2,4
DA:3,4
DA:4,4
DA:5,4
DA:6,4
DA:7,4
DA:8,4
DA:9,4
DA:10,4
DA:11,4
DA:12,4
DA:13,4
DA:14,4
DA:15,4
DA:16,4
DA:17,4
DA:18,4
DA:20,4
DA:21,4
DA:22,4
DA:23,4
DA:24,4
DA:27,4
DA:30,4
DA:31,0
DA:32,0
DA:34,0
DA:35,0
DA:36,0
DA:37,0
DA:38,0
DA:39,0
DA:40,0
DA:43,4
DA:44,0
DA:45,0
DA:46,0
DA:48,0
DA:106,4
DA:108,17
DA:109,17
DA:110,17
DA:111,17
DA:112,17
DA:114,17
DA:115,60
DA:116,20
DA:118,27
DA:119,18
DA:120,18
DA:121,18
DA:122,18
DA:123,18
DA:126,26
DA:127,26
DA:130,26
DA:131,0
DA:132,0
DA:133,0
DA:134,0
DA:135,0
DA:136,0
DA:137,0
DA:140,26
DA:141,0
DA:142,0
DA:145,26
DA:146,0
DA:147,0
DA:150,26
DA:151,26
DA:152,26
DA:153,26
DA:154,26
DA:159,0
DA:160,0
DA:161,0
DA:163,0
DA:165,0
DA:167,0
DA:168,0
DA:170,0
DA:171,0
DA:172,0
DA:173,0
DA:175,0
DA:178,0
DA:179,0
DA:181,0
DA:182,0
DA:183,0
DA:184,0
DA:185,0
DA:186,0
DA:188,0
DA:191,0
DA:192,0
DA:193,0
DA:194,0
DA:196,0
DA:199,0
DA:202,0
DA:203,0
DA:204,0
DA:205,0
DA:207,0
DA:208,0
DA:209,0
DA:211,0
DA:212,0
DA:213,0
DA:214,0
DA:215,0
DA:216,0
DA:217,0
DA:218,0
DA:219,0
DA:220,0
DA:222,0
DA:223,0
DA:224,0
DA:225,0
DA:226,0
DA:227,0
DA:228,0
DA:229,0
DA:230,0
DA:232,0
DA:233,0
DA:238,0
DA:239,0
DA:240,0
DA:242,0
DA:244,0
DA:246,0
DA:247,0
DA:250,0
DA:251,0
DA:253,0
DA:254,0
DA:255,0
DA:256,0
DA:257,0
DA:258,0
DA:260,0
DA:263,0
DA:264,0
DA:265,0
DA:266,0
DA:268,0
DA:271,0
DA:272,0
DA:273,0
DA:274,0
DA:276,0
DA:277,0
DA:278,0
DA:279,0
DA:280,0
DA:281,0
DA:282,0
DA:283,0
DA:284,0
DA:285,0
DA:286,0
DA:287,0
DA:288,0
DA:289,0
DA:290,0
DA:291,0
DA:293,0
DA:295,0
DA:296,0
DA:297,0
DA:298,0
DA:299,0
DA:301,0
DA:302,0
DA:303,0
DA:304,0
DA:305,0
DA:306,0
DA:307,0
DA:308,0
DA:309,0
DA:310,0
DA:312,0
DA:314,0
DA:315,0
DA:316,0
DA:317,0
DA:318,0
DA:319,0
DA:320,0
DA:322,0
DA:323,0
DA:324,0
DA:325,0
DA:326,0
DA:327,0
DA:328,0
DA:329,0
DA:330,0
DA:331,0
DA:332,0
DA:334,0
DA:335,0
DA:340,0
DA:341,0
DA:342,0
DA:344,0
DA:346,0
DA:348,0
DA:349,0
DA:350,0
DA:351,0
DA:352,0
DA:353,0
DA:354,0
DA:355,0
DA:356,0
DA:358,0
DA:359,0
DA:360,0
DA:361,0
DA:363,0
DA:366,0
DA:367,0
DA:368,0
DA:371,0
DA:372,0
DA:373,0
DA:374,0
DA:375,0
DA:376,0
DA:377,0
DA:378,0
DA:379,0
DA:380,0
DA:382,0
DA:385,0
DA:389,0
DA:390,0
DA:391,0
DA:392,0
DA:393,0
DA:394,0
DA:397,0
DA:398,0
DA:399,0
DA:400,0
DA:401,0
DA:402,0
DA:404,0
DA:406,0
DA:407,0
DA:409,0
DA:410,0
DA:412,0
DA:413,0
DA:414,0
DA:415,0
DA:417,0
DA:419,0
DA:420,0
DA:422,0
DA:424,0
DA:425,0
DA:427,0
DA:429,0
DA:430,0
DA:431,0
DA:432,0
DA:433,0
DA:434,0
DA:436,0
DA:437,0
DA:438,0
DA:439,0
DA:440,0
DA:441,0
DA:442,0
DA:444,0
DA:445,0
DA:446,0
DA:447,0
DA:450,0
DA:451,0
DA:452,0
DA:453,0
DA:454,0
DA:455,0
DA:456,0
DA:457,0
DA:458,0
DA:459,0
DA:460,0
DA:461,0
DA:462,0
DA:463,0
DA:464,0
DA:465,0
DA:466,0
DA:467,0
DA:469,0
DA:470,0
DA:471,0
DA:472,0
DA:475,0
DA:476,0
DA:477,0
DA:478,0
DA:479,0
DA:480,0
DA:481,0
DA:483,0
DA:484,0
DA:485,0
DA:488,0
DA:491,0
DA:492,0
DA:493,0
DA:495,0
DA:498,0
DA:499,0
DA:500,0
DA:501,0
DA:502,0
DA:503,0
DA:504,0
DA:506,0
DA:509,0
DA:510,0
DA:511,0
DA:512,0
DA:515,0
DA:516,0
DA:517,0
DA:518,0
DA:519,0
DA:522,0
DA:523,0
DA:525,0
DA:526,0
DA:527,0
DA:528,0
DA:529,0
DA:530,0
DA:531,0
DA:532,0
DA:534,0
DA:535,0
DA:537,0
DA:538,0
DA:539,0
DA:541,0
DA:542,0
DA:543,0
DA:544,0
DA:546,0
DA:547,0
DA:550,0
DA:551,0
DA:553,0
DA:554,0
DA:556,0
DA:557,0
DA:558,0
DA:559,0
DA:561,0
DA:562,0
DA:563,0
DA:564,0
DA:565,0
DA:567,0
DA:568,0
DA:569,0
DA:570,0
DA:571,0
DA:572,0
DA:573,0
DA:574,0
DA:575,0
DA:576,0
DA:577,0
DA:578,0
DA:579,0
DA:580,0
DA:584,0
DA:587,0
DA:588,0
DA:589,0
DA:592,0
DA:593,0
DA:594,0
DA:595,0
DA:596,0
DA:597,0
DA:601,0
DA:602,0
DA:603,0
DA:604,0
DA:605,0
DA:606,0
DA:607,0
DA:608,0
DA:609,0
DA:610,0
DA:612,0
DA:613,0
DA:614,0
DA:616,0
DA:617,0
DA:619,0
DA:621,0
DA:622,0
DA:623,0
DA:624,0
DA:625,0
DA:626,0
DA:628,0
DA:629,0
DA:630,0
DA:631,0
DA:632,0
DA:633,0
DA:634,0
DA:635,0
DA:636,0
DA:637,0
DA:639,0
DA:640,0
DA:641,0
DA:642,0
DA:643,0
DA:644,0
DA:645,0
DA:646,0
DA:647,0
DA:648,0
DA:649,0
DA:651,0
DA:652,0
DA:658,0
DA:659,0
DA:660,0
DA:661,0
DA:663,0
DA:664,0
DA:665,0
DA:667,0
DA:669,0
DA:671,0
DA:672,0
DA:673,0
DA:674,0
DA:675,0
DA:676,0
DA:677,0
DA:678,0
DA:680,0
DA:681,0
DA:683,0
DA:684,0
DA:685,0
DA:686,0
DA:687,0
DA:688,0
DA:689,0
DA:692,0
DA:695,0
DA:696,0
DA:699,0
DA:700,0
DA:701,0
DA:702,0
DA:704,0
DA:705,0
DA:706,0
DA:707,0
DA:708,0
DA:710,0
DA:711,0
DA:713,0
DA:714,0
DA:715,0
DA:716,0
DA:717,0
DA:719,0
DA:721,0
DA:722,0
DA:723,0
DA:724,0
DA:725,0
DA:726,0
DA:729,4
DA:730,4
DA:731,4
DA:732,4
DA:733,4
LH:56
LF:501
end_of_record
SF:/Users/gmtfr/bee-mvp/bee-mvp/supabase/functions/ai-coaching-engine/personalization/coaching-personas.ts
FN:17,derivePersona
FN:24,condition
FN:31,condition
FN:38,condition
FN:45,condition
FN:52,condition
FN:59,condition
FN:66,condition
FN:88,getDefaultPersonaForMomentum
FN:104,getPersonaDescription
FN:117,isValidMomentumState
FNDA:3,derivePersona
FNDA:3,condition
FNDA:3,condition
FNDA:3,condition
FNDA:3,condition
FNDA:3,condition
FNDA:3,condition
FNDA:3,condition
FNDA:0,getDefaultPersonaForMomentum
FNDA:1,getPersonaDescription
FNDA:2,isValidMomentumState
FNF:11
FNH:10
BRDA:79,1,0,0
BRDA:38,4,0,2
BRDA:45,5,0,0
BRDA:52,6,0,0
BRDA:59,7,0,2
BRDA:66,8,0,0
BRF:6
BRH:2
DA:17,5
DA:18,8
DA:21,8
DA:23,8
DA:24,8
DA:25,8
DA:26,8
DA:27,8
DA:30,8
DA:31,8
DA:32,8
DA:33,8
DA:34,8
DA:37,8
DA:38,8
DA:39,8
DA:40,8
DA:41,8
DA:44,8
DA:45,0
DA:46,8
DA:47,8
DA:48,8
DA:51,8
DA:52,0
DA:53,8
DA:54,8
DA:55,8
DA:58,8
DA:59,8
DA:60,8
DA:61,8
DA:62,8
DA:65,8
DA:66,0
DA:67,8
DA:68,8
DA:69,8
DA:70,8
DA:73,8
DA:74,8
DA:75,8
DA:77,8
DA:78,8
DA:79,8
DA:82,0
DA:83,8
DA:88,0
DA:89,0
DA:90,0
DA:91,0
DA:92,0
DA:93,0
DA:94,0
DA:95,0
DA:96,0
DA:97,0
DA:98,0
DA:99,0
DA:104,5
DA:105,6
DA:106,6
DA:107,6
DA:108,6
DA:109,6
DA:111,6
DA:112,6
DA:117,5
DA:118,35
DA:119,7
LH:54
LF:70
end_of_record
SF:/Users/gmtfr/bee-mvp/bee-mvp/supabase/functions/ai-coaching-engine/personalization/cross-patient-patterns.ts
FN:44,<instance_members_initializer>
FN:45,CrossPatientPatternsService
FN:51,aggregateEffectivenessPatterns
FN:159,aggregateEngagementPatterns
FN:222,storePatternAggregate
FN:253,generateInsights
FN:312,processWeeklyAggregation
FNDA:7,<instance_members_initializer>
FNDA:7,CrossPatientPatternsService
FNDA:6,aggregateEffectivenessPatterns
FNDA:2,aggregateEngagementPatterns
FNDA:4,storePatternAggregate
FNDA:2,generateInsights
FNDA:1,processWeeklyAggregation
FNF:7
FNH:7
BRDA:76,3,0,1
BRDA:76,3,1,5
BRDA:77,3,2,1
BRDA:80,3,3,4
BRDA:134,3,4,0
BRDA:150,3,5,1
BRDA:86,4,0,0
BRDA:88,4,1,12
BRDA:93,4,2,19
BRDA:114,6,0,5
BRDA:116,6,1,4
BRDA:127,9,0,0
BRDA:127,9,1,0
BRDA:168,10,0,0
BRDA:169,10,1,0
BRDA:169,10,2,0
BRDA:231,15,0,0
BRDA:234,15,1,0
BRDA:234,15,2,0
BRDA:242,15,3,0
BRDA:243,15,4,0
BRDA:244,15,5,0
BRDA:265,17,0,0
BRDA:266,17,1,1
BRDA:272,17,2,0
BRDA:283,17,3,1
BRDA:302,17,4,0
BRDA:315,20,0,0
BRDA:321,20,1,3
BRDA:331,20,2,0
BRDA:361,20,3,0
BRF:31
BRH:12
DA:44,5
DA:45,29
DA:51,5
DA:52,5
DA:53,5
DA:54,5
DA:55,11
DA:57,11
DA:58,11
DA:59,11
DA:66,11
DA:67,11
DA:68,11
DA:70,11
DA:71,11
DA:72,11
DA:74,11
DA:76,11
DA:77,11
DA:78,12
DA:79,12
DA:80,12
DA:83,15
DA:85,15
DA:86,0
DA:88,35
DA:89,235
DA:90,47
DA:92,35
DA:93,35
DA:94,54
DA:95,54
DA:96,35
DA:97,35
DA:98,35
DA:99,15
DA:102,15
DA:103,15
DA:105,15
DA:106,27
DA:107,27
DA:108,27
DA:109,15
DA:112,15
DA:113,15
DA:114,35
DA:115,40
DA:116,40
DA:117,40
DA:118,15
DA:120,15
DA:121,15
DA:122,15
DA:123,15
DA:126,0
DA:127,0
DA:128,0
DA:131,15
DA:132,15
DA:133,15
DA:134,0
DA:135,11
DA:137,11
DA:138,11
DA:139,11
DA:140,11
DA:141,11
DA:142,11
DA:143,11
DA:144,11
DA:145,11
DA:146,11
DA:147,11
DA:148,11
DA:149,11
DA:150,11
DA:151,12
DA:152,12
DA:153,12
DA:154,11
DA:159,5
DA:160,7
DA:162,7
DA:163,7
DA:164,7
DA:165,7
DA:166,7
DA:168,0
DA:169,0
DA:172,0
DA:173,0
DA:176,0
DA:177,0
DA:178,0
DA:179,0
DA:180,0
DA:181,0
DA:184,0
DA:185,0
DA:186,0
DA:187,0
DA:189,0
DA:190,0
DA:191,0
DA:192,0
DA:193,0
DA:195,0
DA:196,0
DA:197,0
DA:198,0
DA:199,0
DA:201,0
DA:202,0
DA:203,0
DA:204,0
DA:205,0
DA:206,0
DA:207,0
DA:208,0
DA:209,0
DA:210,0
DA:211,0
DA:212,0
DA:213,0
DA:214,0
DA:215,0
DA:216,0
DA:217,7
DA:222,5
DA:223,9
DA:224,9
DA:225,9
DA:226,18
DA:227,9
DA:228,9
DA:229,9
DA:230,0
DA:231,0
DA:232,0
DA:233,0
DA:234,0
DA:235,9
DA:236,9
DA:237,9
DA:238,18
DA:239,9
DA:240,9
DA:242,0
DA:243,0
DA:244,0
DA:245,0
DA:246,0
DA:247,0
DA:248,9
DA:253,5
DA:254,7
DA:256,7
DA:257,7
DA:258,7
DA:259,7
DA:260,7
DA:261,7
DA:263,21
DA:265,0
DA:266,7
DA:268,8
DA:271,8
DA:272,0
DA:273,0
DA:274,0
DA:275,0
DA:276,0
DA:277,0
DA:278,0
DA:279,0
DA:280,0
DA:281,0
DA:282,0
DA:283,0
DA:286,8
DA:287,8
DA:288,8
DA:289,8
DA:290,8
DA:291,8
DA:292,8
DA:293,8
DA:294,8
DA:295,24
DA:296,8
DA:297,8
DA:298,8
DA:299,8
DA:301,8
DA:302,0
DA:303,0
DA:304,0
DA:305,0
DA:306,7
DA:312,5
DA:313,5
DA:314,5
DA:315,0
DA:317,6
DA:318,6
DA:321,30
DA:322,9
DA:323,9
DA:324,9
DA:325,9
DA:326,9
DA:327,9
DA:330,6
DA:331,0
DA:332,0
DA:333,0
DA:334,0
DA:337,6
DA:340,6
DA:341,6
DA:342,6
DA:343,6
DA:344,12
DA:345,6
DA:346,6
DA:347,6
DA:348,6
DA:349,6
DA:350,6
DA:351,12
DA:353,6
DA:354,6
DA:356,6
DA:357,6
DA:358,6
DA:359,6
DA:360,6
DA:361,0
DA:362,0
DA:363,0
DA:364,0
DA:365,0
DA:366,0
DA:367,0
DA:368,0
DA:369,6
DA:370,5
LH:161
LF:247
end_of_record
SF:/Users/gmtfr/bee-mvp/bee-mvp/supabase/functions/ai-coaching-engine/personalization/effectiveness-tracker.ts
FN:29,<instance_members_initializer>
FN:31,EffectivenessTracker
FN:38,recordInteractionEffectiveness
FN:68,analyzeUserEffectiveness
FN:196,recordUserFeedback
FN:241,recordUserRating
FN:290,getEffectivenessSummary
FNDA:13,<instance_members_initializer>
FNDA:13,EffectivenessTracker
FNDA:0,recordInteractionEffectiveness
FNDA:12,analyzeUserEffectiveness
FNDA:0,recordUserFeedback
FNDA:0,recordUserRating
FNDA:3,getEffectivenessSummary
FNF:7
FNH:4
BRDA:84,4,0,0
BRDA:89,4,1,11
BRDA:89,4,2,10
BRDA:103,4,3,2
BRDA:112,4,4,1
BRDA:113,4,5,0
BRDA:116,4,6,1
BRDA:117,4,7,0
BRDA:120,4,8,1
BRDA:121,4,9,0
BRDA:159,4,10,3
BRDA:159,4,11,2
BRDA:159,4,12,0
BRDA:161,4,13,1
BRDA:163,4,14,0
BRDA:165,4,15,1
BRDA:167,4,16,0
BRDA:169,4,17,1
BRDA:174,4,18,0
BRDA:176,4,19,1
BRDA:187,4,20,1
BRDA:113,8,0,0
BRDA:132,9,0,2
BRDA:137,9,1,0
BRDA:141,9,2,0
BRDA:145,9,3,1
BRDA:137,13,0,0
BRDA:153,14,0,1
BRDA:153,14,1,2
BRDA:308,17,0,0
BRDA:316,17,1,0
BRDA:318,17,2,0
BRDA:333,17,3,0
BRF:33
BRH:17
DA:6,5
DA:28,5
DA:29,5
DA:31,5
DA:32,18
DA:33,18
DA:38,0
DA:39,0
DA:40,0
DA:41,0
DA:42,0
DA:43,0
DA:44,0
DA:45,0
DA:46,0
DA:47,0
DA:48,0
DA:49,0
DA:50,0
DA:51,0
DA:53,0
DA:54,0
DA:55,0
DA:56,0
DA:58,0
DA:59,0
DA:60,0
DA:61,0
DA:62,0
DA:63,0
DA:68,5
DA:69,5
DA:70,5
DA:71,5
DA:72,17
DA:73,17
DA:74,17
DA:77,17
DA:78,17
DA:79,17
DA:80,17
DA:81,17
DA:82,51
DA:84,0
DA:85,0
DA:86,0
DA:87,0
DA:89,17
DA:91,38
DA:92,38
DA:93,38
DA:94,38
DA:95,38
DA:96,38
DA:97,38
DA:98,38
DA:99,38
DA:100,38
DA:101,76
DA:102,38
DA:103,38
DA:106,30
DA:107,30
DA:108,30
DA:109,30
DA:112,0
DA:113,0
DA:114,0
DA:116,0
DA:117,0
DA:118,0
DA:120,0
DA:121,0
DA:122,0
DA:124,17
DA:127,17
DA:128,85
DA:130,17
DA:131,20
DA:132,20
DA:133,22
DA:134,22
DA:136,0
DA:137,0
DA:138,0
DA:140,0
DA:141,0
DA:142,0
DA:144,22
DA:145,20
DA:146,21
DA:147,21
DA:148,17
DA:151,17
DA:152,17
DA:153,17
DA:154,17
DA:157,17
DA:159,0
DA:160,0
DA:161,0
DA:163,0
DA:164,0
DA:165,0
DA:167,0
DA:168,0
DA:169,0
DA:171,23
DA:172,23
DA:173,23
DA:174,0
DA:175,0
DA:176,0
DA:178,23
DA:179,23
DA:180,23
DA:181,23
DA:182,23
DA:183,23
DA:184,23
DA:185,23
DA:187,20
DA:188,21
DA:189,21
DA:190,21
DA:191,17
DA:196,0
DA:197,0
DA:198,0
DA:199,0
DA:200,0
DA:201,0
DA:203,0
DA:204,0
DA:205,0
DA:206,0
DA:207,0
DA:208,0
DA:210,0
DA:211,0
DA:212,0
DA:214,0
DA:216,0
DA:217,0
DA:218,0
DA:219,0
DA:221,0
DA:222,0
DA:224,0
DA:225,0
DA:226,0
DA:227,0
DA:228,0
DA:229,0
DA:231,0
DA:232,0
DA:233,0
DA:234,0
DA:235,0
DA:236,0
DA:241,0
DA:242,0
DA:243,0
DA:244,0
DA:245,0
DA:246,0
DA:247,0
DA:248,0
DA:250,0
DA:252,0
DA:253,0
DA:254,0
DA:255,0
DA:256,0
DA:257,0
DA:259,0
DA:260,0
DA:261,0
DA:263,0
DA:265,0
DA:266,0
DA:267,0
DA:268,0
DA:270,0
DA:271,0
DA:273,0
DA:274,0
DA:275,0
DA:276,0
DA:277,0
DA:278,0
DA:280,0
DA:281,0
DA:282,0
DA:283,0
DA:284,0
DA:285,0
DA:290,5
DA:297,5
DA:298,8
DA:299,8
DA:300,8
DA:303,8
DA:304,8
DA:305,24
DA:306,8
DA:308,0
DA:310,8
DA:313,8
DA:314,8
DA:316,0
DA:317,0
DA:318,0
DA:319,0
DA:320,0
DA:322,8
DA:323,8
DA:324,8
DA:325,8
DA:326,8
DA:328,8
DA:329,8
DA:330,8
DA:331,8
DA:333,0
DA:334,0
DA:335,0
DA:336,0
DA:337,8
DA:338,5
LH:94
LF:230
end_of_record
SF:/Users/gmtfr/bee-mvp/bee-mvp/supabase/functions/ai-coaching-engine/personalization/frequency-optimizer.ts
FN:29,<instance_members_initializer>
FN:31,FrequencyOptimizer
FN:38,getUserPreferences
FN:72,createDefaultPreferences
FN:109,optimizeFrequency
FN:205,optimizeInterventionTiming
FN:255,ensureReasonableSpacing
FN:276,updateUserPreferences
FN:319,getOptimalFrequency
FN:356,runOptimization
FNDA:4,<instance_members_initializer>
FNDA:4,FrequencyOptimizer
FNDA:0,getUserPreferences
FNDA:0,createDefaultPreferences
FNDA:0,optimizeFrequency
FNDA:1,optimizeInterventionTiming
FNDA:1,ensureReasonableSpacing
FNDA:0,updateUserPreferences
FNDA:0,getOptimalFrequency
FNDA:0,runOptimization
FNF:10
FNH:4
BRDA:216,6,0,0
BRDA:224,6,1,0
BRDA:245,6,2,0
BRDA:256,10,0,0
BRDA:261,10,1,4
BRDA:265,10,2,3
BRF:6
BRH:2
DA:6,5
DA:28,5
DA:29,5
DA:31,5
DA:32,9
DA:33,9
DA:38,0
DA:39,0
DA:40,0
DA:41,0
DA:42,0
DA:43,0
DA:44,0
DA:46,0
DA:47,0
DA:48,0
DA:49,0
DA:51,0
DA:52,0
DA:53,0
DA:55,0
DA:56,0
DA:57,0
DA:58,0
DA:59,0
DA:60,0
DA:61,0
DA:62,0
DA:63,0
DA:64,0
DA:65,0
DA:66,0
DA:67,0
DA:72,0
DA:73,0
DA:74,0
DA:75,0
DA:76,0
DA:77,0
DA:78,0
DA:79,0
DA:80,0
DA:81,0
DA:83,0
DA:84,0
DA:85,0
DA:87,0
DA:88,0
DA:89,0
DA:90,0
DA:92,0
DA:93,0
DA:94,0
DA:95,0
DA:96,0
DA:97,0
DA:98,0
DA:99,0
DA:100,0
DA:101,0
DA:102,0
DA:103,0
DA:104,0
DA:109,0
DA:110,0
DA:112,0
DA:113,0
DA:114,0
DA:115,0
DA:118,0
DA:119,0
DA:121,0
DA:122,0
DA:123,0
DA:124,0
DA:125,0
DA:126,0
DA:128,0
DA:129,0
DA:130,0
DA:131,0
DA:134,0
DA:135,0
DA:136,0
DA:137,0
DA:138,0
DA:139,0
DA:140,0
DA:141,0
DA:143,0
DA:144,0
DA:145,0
DA:146,0
DA:147,0
DA:148,0
DA:149,0
DA:151,0
DA:154,0
DA:155,0
DA:158,0
DA:159,0
DA:160,0
DA:161,0
DA:162,0
DA:163,0
DA:164,0
DA:165,0
DA:166,0
DA:168,0
DA:169,0
DA:170,0
DA:171,0
DA:172,0
DA:173,0
DA:176,0
DA:179,0
DA:180,0
DA:181,0
DA:182,0
DA:183,0
DA:184,0
DA:186,0
DA:187,0
DA:188,0
DA:189,0
DA:190,0
DA:191,0
DA:192,0
DA:193,0
DA:194,0
DA:195,0
DA:196,0
DA:197,0
DA:198,0
DA:199,0
DA:200,0
DA:205,5
DA:206,6
DA:208,6
DA:209,6
DA:211,6
DA:212,6
DA:213,6
DA:214,6
DA:215,6
DA:216,6
DA:218,0
DA:219,0
DA:221,0
DA:222,0
DA:224,0
DA:226,0
DA:227,0
DA:230,0
DA:231,0
DA:232,0
DA:233,0
DA:234,0
DA:237,0
DA:238,0
DA:239,0
DA:240,0
DA:243,0
DA:245,0
DA:246,6
DA:247,6
DA:248,30
DA:249,6
DA:250,6
DA:255,5
DA:256,0
DA:258,18
DA:259,18
DA:261,6
DA:262,10
DA:263,10
DA:265,10
DA:266,13
DA:267,13
DA:268,10
DA:270,6
DA:271,6
DA:276,0
DA:277,0
DA:278,0
DA:279,0
DA:280,0
DA:281,0
DA:282,0
DA:285,0
DA:286,0
DA:287,0
DA:288,0
DA:290,0
DA:291,0
DA:292,0
DA:293,0
DA:294,0
DA:295,0
DA:297,0
DA:298,0
DA:299,0
DA:300,0
DA:302,0
DA:303,0
DA:304,0
DA:305,0
DA:307,0
DA:308,0
DA:310,0
DA:311,0
DA:312,0
DA:313,0
DA:314,0
DA:319,0
DA:323,0
DA:324,0
DA:325,0
DA:327,0
DA:329,0
DA:330,0
DA:331,0
DA:332,0
DA:333,0
DA:334,0
DA:335,0
DA:337,0
DA:338,0
DA:339,0
DA:340,0
DA:341,0
DA:342,0
DA:343,0
DA:345,0
DA:346,0
DA:347,0
DA:348,0
DA:349,0
DA:350,0
DA:351,0
DA:356,0
DA:357,0
DA:358,0
DA:361,0
DA:362,0
DA:363,0
DA:365,0
DA:366,0
DA:367,0
DA:368,0
DA:369,0
DA:370,0
DA:371,5
LH:34
LF:253
end_of_record
SF:/Users/gmtfr/bee-mvp/bee-mvp/supabase/functions/ai-coaching-engine/personalization/pattern-analysis.ts
FN:23,analyzeEngagement
FN:59,createRollingWindows
FN:97,analyzeEngagementPeaks
FN:136,calculateVolatilityScore
FN:162,calculateEngagementFrequency
FNDA:7,analyzeEngagement
FNDA:6,createRollingWindows
FNDA:6,analyzeEngagementPeaks
FNDA:6,calculateVolatilityScore
FNDA:6,calculateEngagementFrequency
FNF:5
FNH:5
BRDA:24,1,0,1
BRDA:30,1,1,6
BRDA:63,4,0,0
BRDA:120,9,0,18
BRDA:121,9,1,8
BRDA:122,9,2,2
BRDA:123,9,3,10
BRDA:123,9,4,6
BRDA:124,9,5,1
BRDA:125,9,6,4
BRDA:127,9,7,0
BRDA:137,10,0,0
BRDA:165,14,0,0
BRDA:178,14,1,5
BRDA:178,14,2,1
BRDA:179,14,3,1
BRDA:179,14,4,4
BRF:17
BRH:13
DA:23,5
DA:24,12
DA:25,13
DA:26,13
DA:27,13
DA:28,13
DA:29,13
DA:30,13
DA:33,18
DA:34,18
DA:35,36
DA:36,36
DA:37,18
DA:38,18
DA:41,18
DA:44,18
DA:47,18
DA:50,18
DA:52,18
DA:53,18
DA:54,18
DA:55,18
DA:56,18
DA:57,12
DA:59,11
DA:60,11
DA:61,11
DA:63,0
DA:65,11
DA:66,11
DA:67,11
DA:69,11
DA:70,11
DA:73,11
DA:74,11
DA:75,11
DA:76,11
DA:77,11
DA:78,11
DA:79,11
DA:81,11
DA:82,11
DA:85,11
DA:86,11
DA:87,11
DA:88,11
DA:89,11
DA:90,11
DA:91,11
DA:92,11
DA:94,11
DA:95,11
DA:97,11
DA:98,11
DA:100,11
DA:103,11
DA:104,29
DA:105,29
DA:106,11
DA:109,11
DA:110,11
DA:111,11
DA:112,11
DA:113,11
DA:114,11
DA:116,11
DA:119,11
DA:120,155
DA:121,173
DA:122,181
DA:123,173
DA:124,189
DA:125,183
DA:126,187
DA:127,0
DA:128,0
DA:129,0
DA:130,173
DA:131,11
DA:133,11
DA:134,11
DA:136,11
DA:137,11
DA:140,0
DA:141,0
DA:142,0
DA:143,0
DA:145,0
DA:146,0
DA:149,0
DA:151,0
DA:153,0
DA:154,0
DA:155,0
DA:159,0
DA:160,11
DA:162,11
DA:163,11
DA:165,0
DA:168,11
DA:169,11
DA:170,11
DA:171,11
DA:172,11
DA:174,11
DA:178,11
DA:179,16
DA:180,15
DA:181,11
LH:92
LF:109
end_of_record
SF:/Users/gmtfr/bee-mvp/bee-mvp/supabase/functions/ai-coaching-engine/personalization/strategy-optimizer.ts
FN:26,<instance_members_initializer>
FN:28,StrategyOptimizer
FN:35,optimizeStrategyForUser
FN:94,selectOptimalPersona
FN:127,selectBackupPersona
FN:144,optimizeInterventionFrequency
FN:181,optimizeTonality
FN:212,optimizeComplexity
FN:245,generateAdaptationReasons
FN:291,getDefaultStrategy
FN:314,shouldUpdateStrategy
FNDA:13,<instance_members_initializer>
FNDA:13,StrategyOptimizer
FNDA:4,optimizeStrategyForUser
FNDA:3,selectOptimalPersona
FNDA:3,selectBackupPersona
FNDA:3,optimizeInterventionFrequency
FNDA:3,optimizeTonality
FNDA:3,optimizeComplexity
FNDA:3,generateAdaptationReasons
FNDA:1,getDefaultStrategy
FNDA:0,shouldUpdateStrategy
FNF:11
FNH:10
BRDA:41,3,0,3
BRDA:83,3,1,1
BRDA:104,4,0,1
BRDA:109,4,1,2
BRDA:109,4,2,1
BRDA:111,4,3,0
BRDA:117,4,4,0
BRDA:117,4,5,0
BRDA:138,5,0,0
BRDA:155,8,0,0
BRDA:155,8,1,0
BRDA:157,8,2,0
BRDA:162,8,3,0
BRDA:162,8,4,0
BRDA:171,8,5,1
BRDA:171,8,6,0
BRDA:193,9,0,0
BRDA:198,9,1,1
BRDA:202,9,2,0
BRDA:224,10,0,0
BRDA:226,10,1,0
BRDA:235,10,2,0
BRDA:255,11,0,0
BRDA:257,11,1,0
BRDA:264,11,2,0
BRDA:269,11,3,0
BRDA:271,11,4,0
BRDA:276,11,5,1
BRDA:281,11,6,0
BRDA:295,12,0,0
BRF:30
BRH:8
DA:25,4
DA:26,4
DA:28,4
DA:29,17
DA:30,17
DA:35,4
DA:36,4
DA:37,4
DA:38,4
DA:39,8
DA:41,8
DA:44,11
DA:47,11
DA:50,11
DA:53,11
DA:54,11
DA:55,11
DA:56,11
DA:60,11
DA:63,11
DA:66,11
DA:67,11
DA:68,11
DA:69,11
DA:70,11
DA:71,11
DA:74,11
DA:75,11
DA:76,11
DA:77,11
DA:78,11
DA:79,11
DA:80,11
DA:81,11
DA:83,8
DA:84,9
DA:87,9
DA:88,9
DA:89,8
DA:94,4
DA:95,4
DA:96,4
DA:97,4
DA:98,7
DA:101,7
DA:104,7
DA:106,8
DA:107,8
DA:108,8
DA:109,7
DA:111,0
DA:112,0
DA:113,0
DA:114,10
DA:117,0
DA:118,0
DA:119,0
DA:121,7
DA:122,7
DA:127,4
DA:128,4
DA:129,4
DA:130,4
DA:131,7
DA:134,7
DA:135,7
DA:136,7
DA:138,0
DA:139,7
DA:144,4
DA:145,4
DA:146,4
DA:147,4
DA:148,4
DA:149,7
DA:150,7
DA:153,7
DA:155,0
DA:156,0
DA:157,0
DA:158,7
DA:159,7
DA:162,0
DA:163,0
DA:164,0
DA:167,7
DA:168,7
DA:169,7
DA:171,0
DA:172,0
DA:173,0
DA:175,7
DA:176,7
DA:181,4
DA:182,4
DA:183,4
DA:184,4
DA:185,7
DA:188,7
DA:191,7
DA:192,7
DA:193,0
DA:194,0
DA:195,0
DA:198,7
DA:199,8
DA:200,8
DA:202,0
DA:203,0
DA:204,0
DA:206,7
DA:207,7
DA:212,4
DA:213,4
DA:214,4
DA:215,4
DA:216,4
DA:217,7
DA:218,7
DA:221,7
DA:224,0
DA:225,7
DA:226,0
DA:227,0
DA:228,0
DA:231,7
DA:232,7
DA:233,7
DA:235,0
DA:236,0
DA:237,0
DA:239,7
DA:240,7
DA:245,4
DA:246,4
DA:247,4
DA:248,4
DA:249,4
DA:250,4
DA:251,4
DA:252,7
DA:255,0
DA:256,0
DA:257,0
DA:258,0
DA:259,0
DA:262,7
DA:263,7
DA:264,0
DA:265,0
DA:266,0
DA:269,0
DA:270,0
DA:271,0
DA:272,0
DA:273,0
DA:276,7
DA:277,8
DA:278,8
DA:281,0
DA:282,0
DA:283,0
DA:285,7
DA:286,7
DA:291,4
DA:292,5
DA:295,0
DA:296,0
DA:297,0
DA:298,5
DA:299,5
DA:301,5
DA:302,5
DA:303,5
DA:304,5
DA:305,5
DA:306,5
DA:307,10
DA:308,5
DA:309,5
DA:314,0
DA:315,0
DA:316,0
DA:317,0
DA:318,0
DA:319,0
DA:321,0
DA:322,0
DA:323,0
DA:324,0
DA:325,0
DA:326,0
DA:329,0
DA:331,0
DA:332,0
DA:335,0
DA:336,0
DA:337,0
DA:338,0
DA:340,0
DA:341,0
DA:342,0
DA:343,0
DA:346,0
DA:347,0
DA:349,0
DA:350,0
DA:351,0
DA:352,0
DA:353,0
DA:355,0
DA:357,0
DA:358,0
DA:359,0
DA:360,0
DA:361,0
DA:362,4
LH:133
LF:217
end_of_record
SF:/Users/gmtfr/bee-mvp/bee-mvp/supabase/functions/ai-coaching-engine/prompt-builder.ts
FN:18,buildPrompt
FN:77,loadTemplate
FN:114,injectPersonalizationContext
FN:166,formatEngagementSummary
FNDA:15,buildPrompt
FNDA:30,loadTemplate
FNDA:15,injectPersonalizationContext
FNDA:15,formatEngagementSummary
FNF:4
FNH:4
BRDA:89,4,0,0
BRDA:92,4,1,0
BRDA:131,5,0,7
BRDA:136,5,1,1
BRDA:139,5,2,6
BRDA:139,5,3,1
BRDA:147,5,4,2
BRDA:147,5,5,2
BRDA:147,5,6,2
BRDA:148,5,7,0
BRDA:153,5,8,2
BRDA:169,6,0,2
BRDA:171,6,1,13
BRDA:174,6,2,0
BRDA:174,6,3,13
BRDA:175,6,4,2
BRDA:175,6,5,11
BRF:17
BRH:13
DA:8,6
DA:9,6
DA:18,6
DA:19,6
DA:20,6
DA:21,6
DA:22,6
DA:23,6
DA:24,6
DA:28,6
DA:29,6
DA:32,21
DA:33,21
DA:34,21
DA:35,21
DA:38,21
DA:39,21
DA:40,21
DA:41,21
DA:42,21
DA:43,21
DA:44,21
DA:48,21
DA:49,21
DA:50,21
DA:51,21
DA:52,21
DA:53,21
DA:56,21
DA:57,21
DA:58,21
DA:59,24
DA:60,24
DA:61,24
DA:62,24
DA:63,21
DA:66,21
DA:67,21
DA:68,21
DA:69,21
DA:71,21
DA:72,21
DA:77,6
DA:79,36
DA:80,36
DA:81,36
DA:82,36
DA:83,36
DA:85,36
DA:86,36
DA:87,36
DA:88,36
DA:89,0
DA:91,0
DA:92,36
DA:95,0
DA:96,0
DA:97,0
DA:98,0
DA:100,0
DA:102,0
DA:103,0
DA:104,0
DA:105,0
DA:107,0
DA:108,0
DA:114,6
DA:115,6
DA:116,6
DA:117,6
DA:118,6
DA:119,6
DA:123,6
DA:124,6
DA:126,21
DA:129,21
DA:130,21
DA:131,21
DA:132,28
DA:133,28
DA:136,28
DA:137,29
DA:138,29
DA:139,28
DA:140,35
DA:141,35
DA:142,35
DA:143,28
DA:146,21
DA:147,21
DA:148,0
DA:149,23
DA:152,21
DA:153,21
DA:154,23
DA:155,23
DA:157,21
DA:158,21
DA:159,21
DA:160,21
DA:161,21
DA:166,6
DA:167,21
DA:169,21
DA:170,23
DA:171,23
DA:173,34
DA:174,0
DA:175,0
DA:177,21
DA:178,21
LH:95
LF:111
end_of_record
SF:/Users/gmtfr/bee-mvp/bee-mvp/supabase/functions/ai-coaching-engine/response-logger.ts
FN:21,logConversation
FN:89,getRecentMessages
FNDA:9,logConversation
FNDA:5,getRecentMessages
FNF:2
FNH:2
BRDA:33,1,0,0
BRDA:37,1,1,0
BRDA:41,1,2,0
BRDA:41,1,3,0
BRDA:41,1,4,0
BRDA:42,1,5,0
BRDA:45,1,6,0
BRDA:45,1,7,0
BRDA:52,1,8,0
BRDA:70,1,9,0
BRDA:82,1,10,0
BRDA:101,2,0,0
BRDA:103,2,1,0
BRDA:106,2,2,0
BRDA:107,2,3,0
BRDA:108,2,4,0
BRDA:112,2,5,0
BRDA:112,2,6,0
BRDA:123,2,7,0
BRF:19
BRH:0
DA:1,5
DA:3,5
DA:4,5
DA:21,5
DA:22,5
DA:23,5
DA:24,5
DA:25,5
DA:26,5
DA:29,14
DA:30,14
DA:31,14
DA:32,14
DA:33,14
DA:36,0
DA:37,0
DA:40,14
DA:41,0
DA:42,0
DA:43,0
DA:45,0
DA:46,0
DA:47,0
DA:48,0
DA:50,0
DA:51,0
DA:52,0
DA:53,0
DA:54,14
DA:56,14
DA:57,14
DA:58,14
DA:59,14
DA:60,14
DA:61,14
DA:62,14
DA:64,14
DA:65,14
DA:66,14
DA:67,14
DA:68,14
DA:70,0
DA:71,0
DA:74,0
DA:75,0
DA:76,0
DA:77,0
DA:79,0
DA:80,0
DA:82,0
DA:83,0
DA:89,5
DA:90,5
DA:91,5
DA:92,5
DA:95,10
DA:96,10
DA:97,10
DA:98,10
DA:99,10
DA:102,0
DA:103,0
DA:106,0
DA:107,0
DA:108,0
DA:110,0
DA:111,10
DA:112,10
DA:113,0
DA:114,10
DA:116,10
DA:117,10
DA:118,10
DA:119,10
DA:120,30
DA:121,10
DA:123,0
DA:124,0
DA:127,0
DA:128,0
DA:129,0
DA:130,0
DA:132,0
DA:133,0
DA:136,0
DA:137,10
LH:47
LF:86
end_of_record
SF:/Users/gmtfr/bee-mvp/bee-mvp/supabase/functions/ai-coaching-engine/routes/conversation.controller.ts
FN:11,conversationController
FNDA:9,conversationController
FNF:1
FNH:1
BRF:0
BRH:0
DA:4,4
DA:11,4
DA:12,4
DA:13,4
DA:15,52
DA:16,13
LH:6
LF:6
end_of_record
SF:/Users/gmtfr/bee-mvp/bee-mvp/supabase/functions/ai-coaching-engine/routes/daily-content.controller.ts
FN:16,dailyContentController
FN:109,json
FNDA:0,dailyContentController
FNDA:0,json
FNF:2
FNH:0
BRF:0
BRH:0
DA:5,4
DA:7,4
DA:16,0
DA:17,0
DA:18,0
DA:20,0
DA:22,0
DA:23,0
DA:24,0
DA:26,0
DA:27,0
DA:28,0
DA:30,0
DA:31,0
DA:32,0
DA:33,0
DA:34,0
DA:35,0
DA:37,0
DA:39,0
DA:40,0
DA:42,0
DA:44,0
DA:45,0
DA:46,0
DA:47,0
DA:48,0
DA:49,0
DA:50,0
DA:51,0
DA:52,0
DA:53,0
DA:54,0
DA:55,0
DA:56,0
DA:57,0
DA:58,0
DA:59,0
DA:60,0
DA:62,0
DA:63,0
DA:65,0
DA:66,0
DA:68,0
DA:69,0
DA:70,0
DA:71,0
DA:72,0
DA:73,0
DA:74,0
DA:75,0
DA:76,0
DA:77,0
DA:78,0
DA:79,0
DA:80,0
DA:82,0
DA:84,0
DA:85,0
DA:86,0
DA:87,0
DA:88,0
DA:89,0
DA:90,0
DA:91,0
DA:92,0
DA:93,0
DA:95,0
DA:96,0
DA:97,0
DA:98,0
DA:99,0
DA:100,0
DA:101,0
DA:102,0
DA:103,0
DA:104,0
DA:106,0
DA:107,0
DA:109,0
DA:110,0
DA:111,0
DA:112,0
DA:113,0
DA:114,0
LH:2
LF:85
end_of_record
SF:/Users/gmtfr/bee-mvp/bee-mvp/supabase/functions/ai-coaching-engine/routes/frequency-opt.controller.ts
FN:10,frequencyOptController
FN:58,json
FNDA:0,frequencyOptController
FNDA:0,json
FNF:2
FNH:0
BRF:0
BRH:0
DA:4,4
DA:10,0
DA:11,0
DA:12,0
DA:14,0
DA:16,0
DA:17,0
DA:18,0
DA:19,0
DA:21,0
DA:22,0
DA:23,0
DA:24,0
DA:25,0
DA:27,0
DA:28,0
DA:29,0
DA:30,0
DA:31,0
DA:33,0
DA:34,0
DA:36,0
DA:37,0
DA:38,0
DA:40,0
DA:41,0
DA:42,0
DA:43,0
DA:44,0
DA:45,0
DA:46,0
DA:47,0
DA:48,0
DA:49,0
DA:50,0
DA:52,0
DA:53,0
DA:54,0
DA:55,0
DA:56,0
DA:58,0
DA:59,0
DA:60,0
DA:61,0
DA:62,0
DA:63,0
LH:1
LF:46
end_of_record
SF:/Users/gmtfr/bee-mvp/bee-mvp/supabase/functions/ai-coaching-engine/routes/pattern-aggregate.controller.ts
FN:11,patternAggregateController
FN:91,json
FNDA:0,patternAggregateController
FNDA:0,json
FNF:2
FNH:0
BRF:0
BRH:0
DA:4,4
DA:5,4
DA:11,0
DA:12,0
DA:13,0
DA:15,0
DA:17,0
DA:18,0
DA:19,0
DA:22,0
DA:23,0
DA:24,0
DA:25,0
DA:26,0
DA:29,0
DA:30,0
DA:31,0
DA:32,0
DA:33,0
DA:35,0
DA:37,0
DA:38,0
DA:39,0
DA:40,0
DA:41,0
DA:42,0
DA:43,0
DA:44,0
DA:45,0
DA:46,0
DA:47,0
DA:48,0
DA:49,0
DA:50,0
DA:51,0
DA:52,0
DA:53,0
DA:55,0
DA:57,0
DA:58,0
DA:59,0
DA:60,0
DA:61,0
DA:62,0
DA:63,0
DA:64,0
DA:65,0
DA:66,0
DA:67,0
DA:68,0
DA:69,0
DA:70,0
DA:71,0
DA:73,0
DA:75,0
DA:76,0
DA:77,0
DA:78,0
DA:79,0
DA:80,0
DA:81,0
DA:82,0
DA:84,0
DA:85,0
DA:86,0
DA:87,0
DA:88,0
DA:89,0
DA:91,0
DA:92,0
DA:93,0
DA:94,0
DA:95,0
DA:96,0
LH:2
LF:74
end_of_record
SF:/Users/gmtfr/bee-mvp/bee-mvp/supabase/functions/ai-coaching-engine/safety/content-safety-validator.ts
FN:16,<static_initializer>
FN:89,validateContent
FN:164,validateTopicSpecificContent
FN:211,generateSafeFallback
FNDA:5,<static_initializer>
FNDA:3,validateContent
FNDA:3,validateTopicSpecificContent
FNDA:0,generateSafeFallback
FNF:4
FNH:3
BRDA:105,2,0,1
BRDA:116,2,1,1
BRDA:127,2,2,1
BRDA:133,2,3,1
BRDA:144,2,4,1
BRDA:144,2,5,1
BRDA:146,2,6,2
BRDA:146,2,7,0
BRDA:146,2,8,0
BRDA:153,2,9,1
BRDA:168,6,0,1
BRDA:169,6,1,0
BRDA:177,6,2,0
BRDA:186,6,3,0
BRDA:192,6,4,1
BRDA:193,6,5,0
BRDA:198,6,6,0
BRF:17
BRH:10
DA:14,5
DA:16,5
DA:18,10
DA:19,10
DA:20,10
DA:21,10
DA:22,10
DA:23,10
DA:24,10
DA:25,10
DA:28,10
DA:29,10
DA:30,10
DA:31,10
DA:32,10
DA:33,10
DA:34,10
DA:35,10
DA:36,10
DA:39,10
DA:40,10
DA:41,10
DA:42,10
DA:43,10
DA:44,10
DA:45,10
DA:48,10
DA:49,10
DA:50,10
DA:51,10
DA:52,10
DA:53,10
DA:54,10
DA:55,10
DA:58,10
DA:59,10
DA:60,10
DA:61,10
DA:62,10
DA:63,10
DA:64,10
DA:65,10
DA:66,10
DA:67,10
DA:68,10
DA:69,10
DA:70,10
DA:71,10
DA:74,10
DA:75,10
DA:76,10
DA:77,10
DA:78,10
DA:79,10
DA:80,10
DA:81,10
DA:82,10
DA:83,10
DA:84,5
DA:89,5
DA:90,5
DA:91,5
DA:92,5
DA:93,5
DA:94,8
DA:96,8
DA:97,8
DA:98,8
DA:101,8
DA:102,8
DA:105,8
DA:106,9
DA:107,9
DA:108,9
DA:109,9
DA:112,8
DA:113,8
DA:116,8
DA:117,9
DA:118,9
DA:119,9
DA:120,9
DA:123,8
DA:124,8
DA:127,8
DA:128,9
DA:129,9
DA:132,8
DA:133,8
DA:134,9
DA:135,9
DA:136,9
DA:137,9
DA:140,8
DA:143,8
DA:144,8
DA:145,9
DA:146,0
DA:147,0
DA:148,0
DA:149,10
DA:150,10
DA:152,8
DA:153,8
DA:154,8
DA:155,8
DA:156,8
DA:157,8
DA:158,8
DA:159,8
DA:164,5
DA:165,8
DA:167,8
DA:168,8
DA:169,0
DA:170,0
DA:171,0
DA:172,9
DA:173,9
DA:174,9
DA:175,9
DA:177,0
DA:178,0
DA:179,0
DA:180,0
DA:181,0
DA:182,0
DA:183,0
DA:184,0
DA:186,0
DA:187,0
DA:188,0
DA:189,0
DA:190,0
DA:192,8
DA:193,0
DA:194,0
DA:195,0
DA:196,9
DA:198,0
DA:199,0
DA:200,0
DA:201,0
DA:202,0
DA:203,8
DA:205,8
DA:206,8
DA:211,0
DA:212,0
DA:213,0
DA:214,0
DA:215,0
DA:216,0
DA:217,0
DA:218,0
DA:219,0
DA:220,0
DA:221,0
DA:222,0
DA:223,0
DA:224,0
DA:225,0
DA:226,0
DA:227,0
DA:228,0
DA:229,0
DA:230,0
DA:231,0
DA:232,0
DA:233,0
DA:234,0
DA:235,0
DA:236,0
DA:237,0
DA:238,0
DA:239,0
DA:240,0
DA:241,0
DA:242,0
DA:243,0
DA:244,0
DA:245,0
DA:247,0
DA:248,0
DA:249,5
LH:121
LF:185
end_of_record
SF:/Users/gmtfr/bee-mvp/bee-mvp/supabase/functions/ai-coaching-engine/sentiment/sentiment-analyzer.ts
FN:10,analyzeSentiment
FN:24,analyzeLocalSentiment
FN:102,analyzeRemoteSentiment
FNDA:17,analyzeSentiment
FNDA:17,analyzeLocalSentiment
FNDA:0,analyzeRemoteSentiment
FNF:3
FNH:2
BRDA:13,1,0,0
BRDA:50,2,0,109
BRDA:52,2,1,92
BRDA:52,2,2,17
BRDA:59,2,3,5
BRDA:59,2,4,104
BRDA:61,2,5,16
BRDA:62,2,6,1
BRDA:62,2,7,15
BRDA:63,2,8,93
BRDA:63,2,9,16
BRDA:64,2,10,0
BRDA:69,2,11,10
BRDA:73,2,12,1
BRDA:74,2,13,0
BRDA:78,2,14,0
BRDA:87,2,15,6
BRDA:89,2,16,11
BRDA:89,2,17,6
BRDA:91,2,18,5
BRF:20
BRH:16
DA:10,5
DA:11,22
DA:13,0
DA:14,0
DA:15,0
DA:17,22
DA:18,22
DA:24,5
DA:25,22
DA:28,22
DA:29,132
DA:30,132
DA:31,132
DA:32,110
DA:33,22
DA:36,22
DA:37,132
DA:38,132
DA:39,132
DA:40,132
DA:41,22
DA:44,154
DA:45,198
DA:47,22
DA:48,22
DA:50,22
DA:51,131
DA:52,131
DA:55,131
DA:58,131
DA:59,131
DA:61,131
DA:62,147
DA:63,131
DA:64,0
DA:65,240
DA:66,131
DA:69,22
DA:70,22
DA:73,22
DA:74,0
DA:75,23
DA:78,0
DA:79,0
DA:80,0
DA:83,22
DA:86,22
DA:87,22
DA:88,28
DA:89,22
DA:90,39
DA:91,33
DA:92,38
DA:93,38
DA:95,88
DA:96,22
DA:102,0
DA:103,0
DA:104,0
DA:105,0
DA:106,0
DA:107,0
DA:109,0
DA:110,0
DA:111,0
DA:112,0
DA:113,0
DA:114,0
DA:115,0
DA:116,0
DA:117,0
DA:118,0
DA:119,0
DA:120,0
DA:121,0
DA:122,0
DA:123,0
DA:124,0
DA:125,0
DA:127,0
DA:128,0
DA:129,0
DA:131,0
DA:132,0
DA:135,0
DA:137,0
DA:138,0
DA:139,0
DA:140,0
DA:141,0
DA:142,0
DA:143,0
DA:144,0
DA:145,0
LH:48
LF:94
end_of_record
SF:/Users/gmtfr/bee-mvp/bee-mvp/supabase/functions/ai-coaching-engine/services/ai-client.ts
FN:10,callAIAPI
FNDA:4,callAIAPI
FNF:1
FNH:1
BRDA:7,0,0,0
BRDA:8,0,1,2
BRDA:11,1,0,0
BRDA:21,1,1,0
BRDA:33,1,2,0
BRDA:43,1,3,1
BRDA:44,1,4,3
BRDA:45,1,5,0
BRDA:48,1,6,1
BRDA:56,1,7,0
BRDA:67,1,8,0
BRDA:76,1,9,0
BRF:12
BRH:4
DA:7,0
DA:8,4
DA:10,4
DA:11,0
DA:12,0
DA:13,0
DA:15,8
DA:16,8
DA:17,8
DA:19,8
DA:21,0
DA:22,0
DA:23,0
DA:24,0
DA:25,0
DA:26,0
DA:27,0
DA:28,0
DA:29,0
DA:30,8
DA:31,8
DA:33,0
DA:34,8
DA:35,8
DA:36,8
DA:37,8
DA:38,8
DA:39,8
DA:40,8
DA:42,8
DA:43,8
DA:44,8
DA:45,22
DA:46,0
DA:47,11
DA:48,11
DA:50,9
DA:51,9
DA:52,9
DA:53,9
DA:54,9
DA:56,0
DA:57,0
DA:58,0
DA:59,0
DA:60,0
DA:62,0
DA:63,0
DA:65,9
DA:67,0
DA:70,0
DA:71,0
DA:72,0
DA:76,0
DA:77,8
LH:28
LF:55
end_of_record
SF:/Users/gmtfr/bee-mvp/bee-mvp/supabase/functions/ai-coaching-engine/services/conversation.service.ts
FN:38,processConversation
FN:247,json
FNDA:9,processConversation
FNDA:9,json
FNF:2
FNH:2
BRDA:22,0,0,0
BRDA:23,0,1,0
BRDA:27,0,2,1
BRDA:48,1,0,0
BRDA:50,1,1,0
BRDA:64,1,2,8
BRDA:64,1,3,8
BRDA:64,1,4,3
BRDA:66,1,5,6
BRDA:70,1,6,0
BRDA:72,1,7,8
BRDA:72,1,8,6
BRDA:75,1,9,4
BRDA:76,1,10,6
BRDA:77,1,11,6
BRDA:81,1,12,2
BRDA:81,1,13,0
BRDA:81,1,14,7
BRDA:81,1,15,2
BRDA:83,1,16,4
BRDA:87,1,17,3
BRDA:87,1,18,7
BRDA:87,1,19,4
BRDA:88,1,20,0
BRDA:92,1,21,0
BRDA:93,1,22,0
BRDA:96,1,23,5
BRDA:96,1,24,4
BRDA:99,1,25,2
BRDA:102,1,26,0
BRDA:118,1,27,4
BRDA:121,1,28,2
BRDA:127,1,29,0
BRDA:130,1,30,0
BRDA:131,1,31,4
BRDA:134,1,32,0
BRDA:134,1,33,7
BRDA:134,1,34,4
BRDA:137,1,35,0
BRDA:137,1,36,7
BRDA:137,1,37,5
BRDA:137,1,38,4
BRDA:143,1,39,2
BRDA:145,1,40,4
BRDA:152,1,41,0
BRDA:153,1,42,4
BRDA:155,1,43,0
BRDA:160,1,44,7
BRDA:160,1,45,4
BRDA:168,1,46,0
BRDA:171,1,47,7
BRDA:171,1,48,0
BRDA:173,1,49,5
BRDA:173,1,50,4
BRDA:176,1,51,2
BRDA:176,1,52,7
BRDA:176,1,53,4
BRDA:182,1,54,2
BRDA:192,1,55,2
BRDA:193,1,56,2
BRDA:202,1,57,2
BRDA:202,1,58,2
BRDA:212,1,59,0
BRDA:212,1,60,7
BRDA:212,1,61,4
BRDA:215,1,62,0
BRDA:215,1,63,0
BRDA:215,1,64,7
BRDA:215,1,65,0
BRDA:228,1,66,4
BRDA:239,1,67,0
BRDA:239,1,68,4
BRDA:241,1,69,0
BRDA:150,2,0,0
BRDA:150,2,1,0
BRF:75
BRH:49
DA:5,4
DA:6,4
DA:7,4
DA:8,4
DA:9,4
DA:10,4
DA:11,4
DA:12,4
DA:13,4
DA:14,4
DA:15,4
DA:16,4
DA:17,4
DA:22,0
DA:23,0
DA:24,4
DA:27,4
DA:28,5
DA:29,5
DA:38,4
DA:39,4
DA:40,4
DA:42,13
DA:44,13
DA:47,0
DA:48,0
DA:49,0
DA:50,0
DA:52,13
DA:54,13
DA:55,13
DA:56,13
DA:57,13
DA:58,13
DA:59,13
DA:60,13
DA:61,13
DA:62,13
DA:64,13
DA:65,72
DA:66,24
DA:69,27
DA:70,0
DA:71,0
DA:72,0
DA:75,13
DA:76,13
DA:77,13
DA:78,13
DA:81,0
DA:82,66
DA:83,22
DA:86,24
DA:87,13
DA:88,0
DA:89,0
DA:90,0
DA:91,24
DA:92,0
DA:93,0
DA:94,0
DA:95,0
DA:96,24
DA:99,25
DA:100,27
DA:101,27
DA:102,0
DA:103,0
DA:104,0
DA:105,0
DA:106,0
DA:107,0
DA:108,0
DA:109,0
DA:110,0
DA:111,0
DA:112,0
DA:113,0
DA:115,0
DA:116,0
DA:117,0
DA:118,27
DA:121,20
DA:122,0
DA:123,0
DA:124,0
DA:125,0
DA:126,0
DA:127,0
DA:129,22
DA:130,0
DA:131,22
DA:134,0
DA:135,0
DA:136,0
DA:137,0
DA:139,29
DA:142,29
DA:143,25
DA:144,27
DA:145,27
DA:148,29
DA:149,33
DA:150,0
DA:151,29
DA:152,0
DA:153,0
DA:154,0
DA:155,0
DA:156,0
DA:158,13
DA:159,13
DA:160,13
DA:161,24
DA:162,24
DA:163,24
DA:164,24
DA:165,24
DA:166,24
DA:167,24
DA:168,0
DA:169,0
DA:170,0
DA:171,0
DA:172,0
DA:173,0
DA:176,13
DA:177,24
DA:178,24
DA:180,24
DA:181,24
DA:182,24
DA:183,26
DA:184,26
DA:185,26
DA:186,24
DA:187,24
DA:188,24
DA:189,24
DA:190,24
DA:191,24
DA:192,24
DA:193,126
DA:194,24
DA:195,24
DA:198,24
DA:199,24
DA:200,24
DA:201,24
DA:202,24
DA:204,24
DA:207,0
DA:208,0
DA:209,0
DA:210,0
DA:211,0
DA:212,0
DA:215,0
DA:216,0
DA:217,0
DA:218,0
DA:219,0
DA:220,0
DA:221,0
DA:222,0
DA:223,0
DA:224,0
DA:225,0
DA:226,0
DA:227,0
DA:228,0
DA:230,24
DA:231,24
DA:232,24
DA:233,24
DA:234,24
DA:235,24
DA:237,24
DA:238,24
DA:239,0
DA:240,13
DA:241,0
DA:242,0
DA:243,0
DA:244,0
DA:245,13
DA:247,13
DA:248,13
DA:249,13
DA:250,52
DA:251,13
DA:252,13
LH:112
LF:192
end_of_record
SF:/Users/gmtfr/bee-mvp/bee-mvp/supabase/functions/ai-coaching-engine/services/daily-content.service.ts
FN:11,chooseTopicForDate
FN:22,buildDailyContentPrompt
FN:67,parseAIContentResponse
FN:115,calculateContentConfidence
FN:143,generateDailyHealthContent
FNDA:4,chooseTopicForDate
FNDA:6,buildDailyContentPrompt
FNDA:8,parseAIContentResponse
FNDA:0,calculateContentConfidence
FNDA:0,generateDailyHealthContent
FNF:5
FNH:3
BRDA:73,3,0,2
BRDA:80,3,1,4
BRDA:80,3,2,3
BRDA:94,3,3,5
BRDA:98,3,4,4
BRDA:98,3,5,1
BRF:6
BRH:6
DA:4,4
DA:5,4
DA:11,4
DA:12,8
DA:13,8
DA:14,8
DA:16,8
DA:17,8
DA:22,4
DA:23,10
DA:24,30
DA:25,30
DA:27,10
DA:28,10
DA:37,10
DA:39,10
DA:53,10
DA:55,10
DA:56,10
DA:58,10
DA:59,40
DA:60,40
DA:61,10
DA:62,10
DA:67,4
DA:68,4
DA:69,4
DA:71,12
DA:72,12
DA:73,12
DA:74,42
DA:75,14
DA:78,12
DA:80,12
DA:81,15
DA:82,15
DA:84,15
DA:85,15
DA:87,15
DA:88,15
DA:89,15
DA:90,15
DA:91,15
DA:92,15
DA:93,15
DA:94,12
DA:95,17
DA:97,17
DA:98,17
DA:99,17
DA:100,17
DA:102,17
DA:103,17
DA:104,17
DA:105,17
DA:106,17
DA:107,17
DA:108,17
DA:109,17
DA:110,12
DA:115,0
DA:116,0
DA:117,0
DA:119,0
DA:121,0
DA:122,0
DA:124,0
DA:125,0
DA:126,0
DA:127,0
DA:128,0
DA:129,0
DA:130,0
DA:131,0
DA:133,0
DA:134,0
DA:135,0
DA:137,0
DA:138,0
DA:143,0
DA:144,0
DA:145,0
DA:147,0
DA:148,0
DA:149,0
DA:150,0
DA:151,0
DA:152,0
DA:153,0
DA:154,0
DA:155,0
DA:157,0
DA:159,0
DA:160,0
DA:161,0
DA:163,0
DA:164,0
DA:166,0
DA:167,0
DA:168,0
DA:169,0
DA:172,0
DA:173,0
DA:174,0
DA:175,0
DA:176,0
DA:177,0
DA:178,0
DA:179,0
DA:181,0
DA:182,0
DA:183,0
DA:184,0
DA:185,0
DA:187,0
DA:188,0
DA:189,0
DA:190,0
DA:191,0
DA:192,0
LH:60
LF:120
end_of_record
SF:/Users/gmtfr/bee-mvp/bee-mvp/supabase/functions/ai-coaching-engine/services/engagement-data.ts
FN:9,<instance_members_initializer>
FN:11,EngagementDataService
FN:33,getUserEngagementEvents
FN:98,transformEventFormat
FN:110,mapEventType
FN:135,isValidEventType
FN:143,getFallbackEvents
FN:157,healthCheck
FNDA:9,<instance_members_initializer>
FNDA:9,EngagementDataService
FNDA:5,getUserEngagementEvents
FNDA:0,transformEventFormat
FNDA:4,mapEventType
FNDA:4,isValidEventType
FNDA:5,getFallbackEvents
FNDA:1,healthCheck
FNF:8
FNH:7
BRDA:13,2,0,2
BRDA:17,2,1,7
BRDA:22,2,2,4
BRDA:39,3,0,0
BRDA:59,3,1,0
BRDA:69,3,2,0
BRDA:76,3,3,0
BRDA:112,7,0,1
BRDA:113,7,1,1
BRDA:114,7,2,1
BRDA:115,7,3,1
BRDA:116,7,4,1
BRDA:119,7,5,1
BRDA:120,7,6,1
BRDA:123,7,7,1
BRDA:126,7,8,1
BRDA:161,10,0,0
BRF:17
BRH:12
DA:1,5
DA:8,5
DA:9,5
DA:11,5
DA:12,14
DA:13,14
DA:14,16
DA:15,16
DA:16,16
DA:17,16
DA:19,21
DA:20,21
DA:22,14
DA:23,18
DA:24,18
DA:25,14
DA:33,5
DA:34,10
DA:36,10
DA:37,10
DA:38,10
DA:39,10
DA:42,0
DA:43,0
DA:46,0
DA:47,0
DA:48,0
DA:49,0
DA:50,0
DA:52,0
DA:53,0
DA:55,0
DA:56,0
DA:57,0
DA:58,0
DA:59,0
DA:62,10
DA:63,10
DA:64,10
DA:65,10
DA:66,10
DA:67,10
DA:68,30
DA:69,10
DA:71,0
DA:72,0
DA:73,0
DA:74,0
DA:76,0
DA:77,0
DA:78,0
DA:79,0
DA:82,0
DA:83,0
DA:84,0
DA:86,0
DA:87,0
DA:89,0
DA:90,0
DA:91,0
DA:92,0
DA:93,0
DA:98,0
DA:99,0
DA:100,0
DA:101,0
DA:102,0
DA:103,0
DA:104,0
DA:110,5
DA:111,9
DA:112,9
DA:113,9
DA:114,9
DA:115,9
DA:116,9
DA:117,10
DA:119,9
DA:120,9
DA:121,10
DA:123,9
DA:124,10
DA:126,9
DA:128,10
DA:129,9
DA:130,9
DA:135,5
DA:136,45
DA:137,9
DA:143,5
DA:144,10
DA:145,10
DA:146,10
DA:147,10
DA:148,10
DA:149,40
DA:150,10
DA:151,10
DA:152,10
DA:157,5
DA:158,6
DA:159,6
DA:160,6
DA:161,6
DA:163,0
DA:164,0
DA:165,0
DA:166,0
DA:168,0
DA:169,0
DA:170,0
DA:171,0
DA:172,0
DA:173,6
DA:176,5
LH:67
LF:115
end_of_record
