SF:lib/core/notifications/domain/services/notification_trigger_service.dart
DA:18,0
DA:21,0
DA:23,0
DA:26,0
DA:27,0
DA:30,0
DA:34,0
DA:41,0
DA:50,0
DA:52,0
DA:53,0
DA:56,0
DA:59,0
DA:63,0
DA:65,0
DA:66,0
DA:67,0
DA:68,0
DA:69,0
DA:70,0
DA:74,0
DA:75,0
DA:76,0
DA:79,0
DA:80,0
DA:85,0
DA:89,0
DA:91,0
DA:96,0
DA:98,0
DA:100,0
DA:103,0
DA:104,0
DA:105,0
DA:107,0
DA:108,0
DA:113,0
DA:115,0
DA:120,0
DA:124,0
DA:125,0
DA:126,0
DA:127,0
DA:129,0
DA:130,0
DA:131,0
DA:132,0
DA:134,0
DA:137,0
DA:138,0
DA:141,0
DA:143,0
DA:148,0
DA:153,0
DA:155,0
DA:158,0
DA:159,0
DA:160,0
DA:161,0
DA:162,0
DA:163,0
DA:166,0
DA:167,0
DA:170,0
DA:172,0
DA:177,0
DA:183,0
DA:185,0
DA:188,0
DA:190,0
DA:200,0
DA:207,0
DA:212,0
DA:214,0
DA:217,0
DA:219,0
DA:220,0
DA:221,0
DA:222,0
DA:223,0
DA:224,0
DA:225,0
DA:226,0
DA:232,0
DA:239,0
DA:243,0
DA:245,0
DA:249,0
DA:250,0
DA:251,0
DA:252,0
DA:253,0
DA:256,0
DA:260,0
DA:263,0
DA:265,0
DA:270,0
DA:276,0
DA:278,0
DA:281,0
DA:284,0
DA:287,0
DA:291,0
DA:294,0
DA:311,2
DA:321,1
DA:328,2
DA:329,2
DA:330,3
DA:331,2
DA:332,2
DA:343,1
DA:350,1
DA:351,1
DA:352,1
DA:353,1
DA:355,1
DA:356,3
DA:357,1
DA:359,1
DA:360,2
DA:374,1
DA:382,1
DA:383,1
DA:384,1
DA:385,1
DA:386,1
DA:387,1
DA:388,1
DA:400,1
DA:407,1
DA:408,1
DA:409,1
DA:410,1
DA:411,1
DA:412,1
DA:425,1
DA:433,1
DA:434,1
DA:435,2
DA:436,1
DA:437,1
DA:438,1
DA:439,1
DA:456,1
DA:468,1
DA:469,1
DA:470,1
DA:471,1
DA:472,1
DA:473,1
DA:474,1
DA:475,1
DA:476,2
DA:477,3
DA:478,1
DA:494,1
DA:504,1
DA:505,1
DA:506,1
DA:507,1
DA:508,1
DA:509,1
DA:510,1
DA:511,1
DA:512,1
DA:516,1
DA:517,1
DA:524,2
DA:528,2
DA:529,1
DA:530,1
DA:531,1
DA:532,1
DA:533,1
DA:534,1
DA:535,1
LF:177
LH:73
end_of_record
SF:lib/core/notifications/domain/services/notification_preferences_service.dart
DA:30,1
DA:31,1
DA:35,1
DA:41,0
DA:42,0
DA:44,0
DA:45,0
DA:46,0
DA:49,0
DA:54,2
DA:56,0
DA:57,0
DA:58,0
DA:62,1
DA:63,1
DA:65,0
DA:66,0
DA:67,0
DA:70,1
DA:71,1
DA:73,0
DA:74,0
DA:75,0
DA:78,1
DA:79,1
DA:81,0
DA:82,0
DA:83,0
DA:87,1
DA:88,1
DA:90,0
DA:91,0
DA:92,0
DA:95,1
DA:96,1
DA:98,0
DA:99,0
DA:101,0
DA:105,1
DA:106,1
DA:108,0
DA:109,0
DA:111,0
DA:115,1
DA:116,1
DA:118,0
DA:119,0
DA:120,0
DA:123,0
DA:124,0
DA:125,0
DA:129,1
DA:130,1
DA:131,1
DA:132,3
DA:133,1
DA:137,0
DA:138,0
DA:140,0
DA:141,0
DA:147,1
DA:148,2
DA:150,1
DA:151,1
DA:152,1
DA:155,2
DA:156,0
DA:159,0
DA:166,0
DA:167,0
DA:168,0
DA:171,0
DA:181,0
DA:182,0
DA:185,0
DA:186,0
DA:187,0
DA:193,0
DA:194,0
DA:195,0
DA:197,0
DA:198,0
DA:201,0
DA:202,0
DA:208,0
DA:218,0
DA:221,0
DA:224,0
DA:227,0
DA:230,0
DA:233,0
DA:236,0
DA:239,0
DA:242,0
DA:245,0
DA:249,0
DA:250,0
DA:251,0
DA:252,0
DA:253,0
DA:254,0
DA:255,0
DA:257,0
DA:258,0
DA:259,0
DA:260,0
DA:261,0
DA:263,0
DA:264,0
DA:265,0
DA:266,0
DA:267,0
DA:269,0
DA:273,1
DA:274,1
DA:276,0
DA:280,2
DA:282,0
DA:283,0
DA:284,0
DA:285,0
DA:289,0
DA:290,0
DA:294,0
DA:295,0
DA:296,0
DA:297,0
DA:298,0
DA:301,0
DA:302,0
DA:303,0
DA:305,0
DA:310,0
DA:313,0
DA:314,0
LF:135
LH:32
end_of_record
SF:lib/core/notifications/domain/models/notification_models.dart
DA:18,2
DA:27,1
DA:28,1
DA:29,3
DA:30,1
DA:31,1
DA:32,2
DA:33,6
DA:39,1
DA:40,1
DA:41,1
DA:42,1
DA:43,1
DA:44,1
DA:45,2
DA:46,4
DA:51,0
DA:53,0
DA:65,2
DA:72,1
DA:73,1
DA:74,2
DA:75,2
DA:76,2
DA:77,3
DA:81,0
DA:83,0
DA:98,1
DA:108,2
DA:109,1
DA:110,1
DA:111,1
DA:112,1
DA:113,1
DA:114,1
DA:115,2
DA:118,1
DA:119,1
DA:120,1
DA:121,1
DA:122,1
DA:124,1
DA:125,0
DA:126,1
DA:127,1
DA:128,2
DA:140,1
DA:147,2
DA:148,1
DA:149,1
DA:150,1
DA:151,2
DA:154,0
DA:155,0
DA:156,0
DA:157,0
DA:159,0
DA:160,0
DA:161,0
DA:172,1
DA:178,1
DA:179,1
DA:182,1
DA:186,1
DA:187,1
DA:188,1
DA:189,1
DA:190,4
DA:191,0
DA:193,2
DA:197,0
DA:198,0
DA:213,1
DA:223,1
DA:224,1
DA:225,1
DA:226,1
DA:228,1
DA:229,1
DA:230,1
DA:231,2
DA:233,1
DA:234,2
DA:235,2
DA:237,3
DA:238,1
DA:252,1
DA:260,1
DA:261,1
DA:262,1
DA:264,1
DA:265,4
DA:266,1
DA:268,2
DA:269,1
DA:270,2
DA:286,1
DA:296,1
DA:297,1
DA:298,1
DA:299,1
DA:300,2
DA:301,2
DA:302,2
DA:303,2
DA:304,2
DA:319,1
DA:328,1
DA:329,1
DA:330,2
DA:331,1
DA:332,1
DA:333,1
DA:334,1
DA:335,2
DA:359,1
DA:368,1
DA:369,1
DA:370,1
DA:371,1
DA:372,1
DA:373,1
DA:374,4
DA:375,0
DA:377,1
DA:378,2
DA:382,0
DA:383,0
DA:384,0
DA:385,0
DA:386,0
DA:387,0
DA:388,0
DA:389,0
DA:407,0
DA:419,0
DA:420,0
DA:421,0
DA:422,0
DA:423,0
DA:424,0
DA:425,0
DA:426,0
DA:427,0
DA:428,0
DA:429,0
DA:448,0
DA:460,0
DA:461,0
DA:462,0
DA:464,0
DA:466,0
DA:468,0
DA:469,0
DA:470,0
DA:471,0
DA:472,0
DA:473,0
DA:474,0
DA:476,0
DA:480,0
DA:481,0
DA:482,0
DA:483,0
DA:484,0
DA:485,0
DA:486,0
DA:487,0
DA:488,0
DA:489,0
DA:493,0
DA:494,0
DA:496,0
DA:497,0
DA:500,0
DA:501,0
DA:505,0
DA:510,0
DA:511,0
DA:514,0
DA:515,0
DA:516,0
DA:517,0
DA:518,0
DA:519,0
DA:520,0
DA:521,0
DA:522,0
DA:523,0
DA:536,0
DA:542,0
DA:543,0
DA:544,0
DA:545,0
DA:548,0
DA:549,0
DA:550,0
DA:551,0
DA:552,0
DA:553,0
DA:554,0
DA:555,0
DA:568,0
DA:575,0
DA:576,0
DA:577,0
DA:578,0
DA:579,0
DA:580,0
DA:598,0
DA:620,0
DA:638,0
DA:640,0
DA:641,0
DA:642,0
DA:643,0
DA:657,0
DA:675,0
DA:677,0
DA:678,0
DA:679,0
DA:680,0
DA:690,0
DA:691,0
DA:692,0
DA:693,0
DA:694,0
DA:695,0
DA:697,0
DA:698,0
DA:700,0
DA:701,0
DA:703,0
DA:704,0
DA:706,0
DA:707,0
LF:236
LH:110
end_of_record
SF:lib/core/notifications/domain/services/notification_content_service.dart
DA:10,2
DA:11,2
DA:13,2
DA:16,2
DA:22,2
DA:25,2
DA:26,2
DA:30,2
DA:31,2
DA:37,2
DA:38,2
DA:43,2
DA:50,2
DA:51,2
DA:55,2
DA:56,2
DA:62,2
DA:63,2
DA:68,2
DA:76,2
DA:80,2
DA:81,2
DA:87,2
DA:88,2
DA:99,2
DA:104,2
DA:106,2
DA:108,2
DA:109,2
DA:116,2
DA:117,2
DA:122,2
DA:132,2
DA:137,2
DA:138,2
DA:142,2
DA:143,2
DA:149,2
DA:150,2
DA:155,2
DA:162,2
DA:163,2
DA:167,2
DA:168,2
DA:174,2
DA:175,2
DA:183,2
DA:187,2
DA:188,2
DA:193,2
DA:194,2
DA:205,2
DA:210,2
DA:212,2
DA:216,2
DA:217,2
DA:223,2
DA:224,2
DA:231,2
DA:233,2
DA:237,2
DA:238,2
DA:244,2
DA:245,2
DA:250,2
DA:259,2
DA:263,2
DA:264,2
DA:270,2
DA:271,2
DA:282,2
DA:291,2
DA:292,2
DA:296,2
DA:301,2
DA:311,2
DA:313,2
DA:315,4
DA:316,2
DA:323,2
DA:324,2
DA:334,1
DA:341,1
DA:346,1
DA:351,2
DA:352,2
DA:353,2
DA:354,2
DA:358,2
DA:359,2
DA:360,2
DA:361,2
DA:367,2
DA:368,2
DA:374,2
DA:375,1
DA:382,2
LF:97
LH:97
end_of_record
SF:lib/core/services/background_notification_handler.dart
DA:10,1
DA:15,2
DA:16,3
DA:21,2
DA:24,2
DA:28,0
DA:29,0
LF:7
LH:5
end_of_record
SF:lib/core/config/environment.dart
DA:10,0
DA:16,0
DA:24,0
DA:25,0
DA:26,0
DA:30,0
DA:34,0
DA:35,0
DA:38,0
DA:39,0
DA:48,0
DA:52,0
DA:56,0
DA:57,0
DA:63,1
DA:64,0
DA:65,0
DA:71,0
DA:72,0
DA:73,0
DA:78,0
DA:79,0
DA:80,0
DA:86,0
DA:87,0
DA:88,0
DA:94,0
DA:95,0
DA:96,0
DA:103,0
DA:104,0
DA:107,3
DA:108,0
DA:109,0
DA:112,0
DA:113,0
DA:117,0
DA:118,0
DA:119,0
DA:120,0
DA:121,0
DA:122,0
DA:123,0
DA:124,0
DA:128,0
DA:129,0
DA:133,0
DA:134,0
DA:141,0
DA:142,0
DA:145,0
DA:146,0
LF:52
LH:2
end_of_record
SF:lib/core/notifications/domain/services/notification_core_service.dart
DA:17,2
DA:18,2
DA:20,2
DA:38,1
DA:44,1
DA:45,1
DA:48,2
DA:51,2
DA:54,1
DA:59,0
DA:60,0
DA:61,0
DA:62,0
DA:64,0
DA:65,0
DA:67,0
DA:70,0
DA:75,0
DA:78,0
DA:79,0
DA:87,2
DA:90,0
DA:91,0
DA:96,0
DA:97,0
DA:98,0
DA:104,0
DA:115,0
DA:118,0
DA:119,0
DA:122,0
DA:123,0
DA:126,0
DA:129,0
DA:136,0
DA:138,0
DA:141,0
DA:143,0
DA:144,0
DA:147,0
DA:151,0
DA:153,0
DA:155,0
DA:159,0
DA:161,0
DA:163,0
DA:164,0
DA:168,0
DA:171,0
DA:172,0
DA:175,0
DA:180,1
DA:181,1
DA:182,1
DA:184,1
DA:189,0
DA:190,0
DA:193,0
DA:201,0
DA:204,0
DA:205,0
DA:208,0
DA:210,0
DA:212,0
DA:217,0
DA:219,0
DA:220,0
DA:221,0
DA:227,0
DA:237,0
DA:238,0
DA:239,0
DA:240,0
DA:244,0
DA:245,0
DA:246,0
DA:249,0
DA:260,1
DA:261,1
DA:262,1
DA:263,1
DA:268,0
DA:269,0
DA:270,0
DA:273,0
DA:277,0
DA:283,1
DA:286,2
DA:287,3
DA:292,1
DA:295,1
DA:298,0
DA:304,1
DA:307,1
DA:310,1
DA:313,2
DA:317,0
DA:323,1
DA:324,1
DA:325,1
DA:330,0
DA:331,0
DA:333,0
DA:334,0
DA:336,0
DA:339,0
DA:348,0
DA:351,0
DA:352,0
DA:353,0
DA:355,0
DA:359,0
DA:363,0
DA:366,0
DA:372,1
DA:374,1
DA:375,1
DA:378,0
DA:385,0
DA:387,0
DA:388,0
DA:392,0
DA:393,0
DA:395,0
DA:398,0
DA:405,1
DA:407,1
DA:408,1
DA:409,1
DA:412,0
DA:418,0
DA:420,0
DA:421,0
DA:424,0
DA:425,0
DA:427,0
DA:428,0
DA:432,0
DA:437,0
DA:443,0
DA:445,0
DA:446,0
DA:450,0
DA:451,0
DA:453,0
DA:455,0
DA:458,0
DA:463,0
DA:471,1
DA:479,1
DA:484,1
DA:491,1
DA:492,1
DA:496,0
DA:502,1
DA:504,1
DA:505,1
DA:508,1
DA:509,1
DA:511,0
DA:513,0
DA:518,0
DA:520,0
DA:524,1
DA:525,1
DA:526,1
DA:527,1
DA:529,2
DA:530,2
DA:531,1
DA:535,0
DA:542,1
DA:544,1
DA:545,2
DA:546,1
DA:549,0
DA:555,1
DA:558,2
DA:560,1
DA:563,1
DA:565,1
DA:567,1
DA:570,2
DA:575,0
DA:581,1
DA:583,2
DA:585,1
DA:586,1
DA:587,1
DA:588,1
DA:589,1
DA:592,1
DA:593,2
DA:594,3
DA:595,1
DA:598,0
DA:604,1
DA:605,1
DA:606,1
DA:607,1
DA:608,1
DA:612,1
DA:613,1
DA:615,1
DA:616,1
DA:617,0
DA:618,1
DA:620,1
DA:621,1
DA:623,0
DA:624,0
DA:626,0
DA:627,0
DA:630,0
DA:631,0
DA:633,0
DA:634,0
DA:644,0
DA:646,0
DA:647,0
DA:650,0
DA:651,0
DA:657,0
DA:664,0
DA:666,0
DA:667,0
DA:670,0
DA:672,0
DA:673,0
DA:676,0
DA:681,0
DA:682,0
DA:683,0
DA:686,0
DA:688,0
DA:693,0
DA:695,0
DA:696,0
DA:699,0
DA:705,0
DA:712,0
DA:714,0
DA:715,0
DA:716,0
DA:717,0
DA:720,0
DA:724,0
DA:731,0
DA:733,0
LF:249
LH:88
end_of_record
SF:lib/core/services/firebase_service.dart
DA:18,1
DA:23,2
DA:29,0
DA:35,1
DA:36,1
DA:42,0
DA:44,1
DA:45,0
DA:51,0
DA:59,0
DA:62,0
DA:63,0
DA:64,0
DA:68,0
DA:74,1
DA:77,2
DA:78,1
DA:79,1
DA:83,1
DA:91,0
DA:93,0
DA:97,0
DA:98,0
DA:103,0
DA:108,1
DA:111,1
DA:114,0
DA:117,0
DA:121,0
DA:125,0
DA:128,0
DA:135,0
DA:138,0
DA:139,0
DA:148,1
DA:151,0
DA:153,1
DA:154,1
DA:156,2
LF:39
LH:16
end_of_record
SF:lib/firebase_options.dart
DA:18,1
DA:22,1
DA:23,1
DA:25,0
DA:27,0
DA:29,0
DA:31,0
DA:32,0
DA:37,0
LF:9
LH:3
end_of_record
SF:lib/core/services/cache/strategies/today_feed_cache_optimization_strategy.dart
DA:125,2
DA:142,2
DA:148,2
DA:160,2
DA:165,2
DA:178,2
DA:183,2
DA:196,1
DA:200,1
DA:212,6
DA:215,3
DA:218,6
DA:221,2
DA:222,8
DA:259,1
DA:273,1
DA:283,1
DA:297,1
DA:304,1
DA:367,2
DA:371,2
DA:372,6
DA:373,2
DA:375,2
DA:376,0
DA:377,0
DA:381,10
DA:384,4
DA:385,2
DA:386,6
DA:387,0
DA:389,2
DA:394,4
DA:395,2
DA:396,6
DA:397,0
DA:399,2
DA:406,2
DA:407,0
DA:408,0
DA:409,0
DA:410,0
DA:412,0
DA:417,4
DA:418,4
DA:419,1
DA:420,3
DA:421,0
DA:423,1
DA:428,2
DA:429,6
DA:430,0
DA:433,2
DA:438,1
DA:441,1
DA:442,1
DA:443,3
DA:445,1
DA:449,2
DA:450,2
DA:451,2
DA:452,2
DA:453,2
DA:454,2
DA:455,2
DA:460,1
DA:464,1
DA:465,0
DA:466,1
DA:467,0
DA:468,1
DA:469,1
DA:470,0
DA:471,0
DA:472,0
DA:473,0
DA:478,1
DA:479,1
DA:480,1
DA:483,1
DA:484,1
DA:489,1
DA:492,1
DA:493,1
DA:498,1
DA:500,2
DA:505,1
DA:508,1
DA:509,1
DA:510,1
DA:514,1
DA:516,2
DA:535,1
DA:539,2
DA:542,0
DA:544,0
DA:546,0
DA:547,0
DA:549,0
DA:552,0
DA:555,0
DA:558,2
DA:560,4
DA:561,4
DA:562,2
DA:565,0
DA:567,0
DA:568,0
DA:569,0
DA:572,0
DA:574,0
DA:575,0
DA:578,0
DA:579,0
DA:582,0
DA:583,0
DA:586,0
DA:587,0
DA:590,0
DA:591,0
DA:594,0
DA:595,0
DA:597,0
DA:598,0
DA:600,0
DA:601,0
DA:604,0
DA:605,0
DA:608,0
DA:614,0
DA:618,0
DA:619,0
DA:621,0
DA:622,0
DA:624,0
DA:630,0
DA:631,0
DA:635,0
DA:636,0
DA:640,0
DA:641,0
DA:645,0
DA:646,0
DA:650,0
DA:651,0
DA:661,2
DA:665,2
DA:668,0
DA:670,0
DA:672,0
DA:675,0
DA:678,0
DA:681,0
DA:684,2
DA:689,0
DA:691,0
DA:692,0
DA:693,0
DA:696,1
DA:698,1
DA:699,1
DA:702,1
DA:703,1
DA:706,1
DA:707,1
DA:710,1
DA:711,1
DA:714,1
DA:715,1
DA:717,2
DA:718,1
DA:720,1
DA:721,2
DA:724,1
DA:725,1
DA:728,1
DA:734,1
DA:738,0
DA:739,0
DA:741,0
DA:742,0
DA:744,0
DA:750,1
DA:751,1
DA:753,3
DA:756,1
DA:757,1
DA:761,1
DA:762,1
DA:772,2
DA:776,2
DA:779,0
DA:781,0
DA:783,0
DA:786,0
DA:789,0
DA:792,0
DA:795,2
DA:800,0
DA:802,0
DA:803,0
DA:804,0
DA:807,1
DA:809,1
DA:810,1
DA:813,1
DA:814,1
DA:817,1
DA:818,1
DA:821,1
DA:822,1
DA:825,1
DA:826,1
DA:829,1
DA:830,1
DA:832,2
DA:833,1
DA:835,1
DA:837,3
DA:838,3
DA:840,1
DA:841,1
DA:844,1
DA:855,0
DA:856,0
DA:858,0
DA:859,0
DA:861,0
DA:867,1
DA:868,1
DA:870,3
DA:873,1
DA:874,1
DA:878,1
DA:879,1
DA:883,1
DA:884,1
DA:894,2
DA:898,2
DA:901,0
DA:903,0
DA:905,0
DA:906,0
DA:908,0
DA:911,0
DA:914,0
DA:917,2
DA:919,4
DA:920,4
DA:921,2
DA:924,0
DA:926,0
DA:927,0
DA:928,0
DA:931,0
DA:933,0
DA:934,0
DA:937,0
DA:938,0
DA:941,0
DA:942,0
DA:945,0
DA:946,0
DA:949,0
DA:950,0
DA:953,0
DA:954,0
DA:956,0
DA:957,0
DA:959,0
DA:960,0
DA:963,0
DA:964,0
DA:967,0
DA:973,0
DA:977,0
DA:978,0
DA:980,0
DA:981,0
DA:983,0
DA:989,0
DA:990,0
DA:994,0
DA:995,0
DA:999,0
DA:1000,0
DA:1004,0
DA:1005,0
DA:1009,0
DA:1010,0
DA:1019,2
DA:1023,2
DA:1026,0
DA:1028,0
DA:1030,0
DA:1033,0
DA:1036,0
DA:1039,0
DA:1042,2
DA:1047,0
DA:1049,0
DA:1050,0
DA:1051,0
DA:1054,1
DA:1056,1
DA:1057,1
DA:1060,1
DA:1061,1
DA:1064,1
DA:1065,1
DA:1068,1
DA:1069,1
DA:1072,1
DA:1073,1
DA:1075,2
DA:1076,1
DA:1078,1
DA:1080,1
DA:1081,2
DA:1084,1
DA:1085,1
DA:1088,1
DA:1094,2
DA:1099,0
DA:1100,0
DA:1102,0
DA:1103,0
DA:1105,0
DA:1111,1
DA:1112,1
DA:1114,3
DA:1117,1
DA:1118,1
DA:1122,1
DA:1123,1
LF:335
LH:179
end_of_record
SF:lib/core/services/cache/today_feed_cache_configuration.dart
DA:218,11
DA:221,9
DA:223,27
DA:227,12
DA:230,18
DA:233,1
DA:234,2
DA:237,1
DA:238,2
DA:245,2
DA:248,2
DA:251,2
DA:254,0
DA:257,0
DA:260,0
DA:267,3
DA:270,0
DA:273,0
DA:276,0
DA:277,0
DA:285,4
DA:286,4
DA:287,4
DA:289,2
DA:291,2
DA:297,4
DA:301,4
DA:304,0
DA:305,0
DA:311,4
DA:312,8
DA:318,4
DA:322,4
DA:323,8
DA:329,4
DA:330,8
DA:340,5
DA:341,10
DA:347,4
DA:348,8
DA:354,4
DA:355,8
DA:361,4
DA:365,4
DA:369,4
DA:370,8
DA:376,4
DA:377,8
DA:387,1
DA:391,1
DA:394,0
DA:397,1
DA:401,1
DA:404,0
DA:407,0
DA:411,2
DA:414,0
DA:417,1
DA:421,1
DA:424,0
DA:427,0
DA:431,1
DA:434,0
DA:437,0
DA:445,5
DA:448,4
DA:451,4
DA:455,5
DA:458,4
DA:461,4
DA:465,5
DA:468,4
DA:471,4
DA:475,5
DA:478,4
DA:481,4
DA:485,5
DA:488,4
DA:491,4
DA:495,4
DA:498,4
DA:501,4
DA:504,4
DA:512,4
DA:515,8
DA:516,8
DA:517,8
DA:518,0
DA:523,8
DA:524,8
DA:525,0
DA:530,16
DA:531,0
DA:537,0
DA:543,4
DA:546,8
DA:547,8
DA:548,8
DA:549,0
DA:554,8
DA:555,0
DA:560,8
DA:561,8
DA:562,8
DA:563,8
DA:564,8
DA:565,8
DA:566,0
DA:571,12
DA:572,12
DA:573,0
DA:579,0
DA:585,4
DA:588,8
DA:589,8
DA:590,8
DA:591,8
DA:592,8
DA:593,0
DA:598,8
DA:599,8
DA:600,8
DA:601,8
DA:602,8
DA:603,0
DA:608,8
DA:609,8
DA:610,8
DA:611,8
DA:612,0
DA:617,8
DA:618,8
DA:619,8
DA:620,8
DA:621,8
DA:622,0
DA:628,0
DA:634,4
DA:635,4
DA:636,4
DA:637,4
DA:642,4
DA:644,0
DA:655,9
DA:656,9
DA:657,9
DA:661,0
DA:662,0
DA:663,0
DA:667,2
DA:668,2
DA:669,2
DA:673,9
DA:680,0
DA:681,0
DA:682,0
DA:683,0
DA:684,0
DA:685,0
DA:686,0
DA:687,0
DA:688,0
DA:689,0
DA:691,0
DA:692,0
DA:693,0
DA:694,0
DA:695,0
DA:696,0
DA:697,0
DA:699,0
DA:700,0
DA:701,0
DA:702,0
DA:704,0
DA:705,0
DA:706,0
DA:707,0
DA:708,0
DA:709,0
DA:711,0
DA:712,0
DA:713,0
DA:714,0
DA:715,0
LF:185
LH:118
end_of_record
SF:lib/core/services/cache/today_feed_cache_warming_service.dart
DA:46,3
DA:53,3
DA:56,3
DA:59,3
DA:62,6
DA:64,0
DA:76,1
DA:80,1
DA:83,1
DA:84,1
DA:86,4
DA:89,1
DA:91,1
DA:92,2
DA:95,1
DA:96,2
DA:99,1
DA:100,2
DA:103,2
DA:106,1
DA:108,4
DA:110,1
DA:116,0
DA:117,0
DA:122,1
DA:124,1
DA:127,1
DA:128,0
DA:129,0
DA:130,0
DA:131,0
DA:133,0
DA:137,0
DA:138,0
DA:139,0
DA:140,0
DA:145,3
DA:146,2
DA:151,1
DA:153,1
DA:156,0
DA:157,0
DA:159,0
DA:162,0
DA:164,3
DA:165,2
DA:170,1
DA:172,1
DA:175,1
DA:178,1
DA:179,1
DA:180,1
DA:182,0
DA:187,0
DA:188,0
DA:197,3
DA:199,3
DA:201,0
DA:205,3
DA:207,0
DA:208,0
DA:213,0
DA:216,0
DA:219,0
DA:222,0
DA:224,0
DA:226,0
DA:235,3
DA:237,6
DA:239,0
DA:240,0
DA:244,6
DA:246,0
DA:251,0
DA:252,0
DA:253,0
DA:256,0
DA:257,0
DA:259,0
DA:270,3
DA:272,3
DA:274,3
DA:275,3
DA:276,0
DA:279,6
DA:281,0
DA:286,3
DA:288,3
DA:290,3
DA:291,3
DA:292,0
DA:295,6
DA:297,0
DA:302,0
DA:304,0
DA:306,0
DA:308,0
DA:313,0
DA:315,0
DA:317,0
DA:318,0
DA:321,0
DA:330,0
DA:332,0
DA:336,0
DA:337,0
DA:338,0
DA:341,0
DA:348,0
DA:351,0
DA:355,1
DA:357,1
DA:358,1
DA:363,1
DA:370,1
DA:372,1
DA:376,1
DA:382,1
DA:384,2
DA:385,1
DA:386,2
DA:387,1
DA:391,3
DA:393,1
DA:396,1
DA:397,1
DA:398,1
DA:399,1
DA:400,1
DA:403,0
DA:408,1
DA:410,1
DA:413,1
DA:415,1
DA:417,0
DA:422,0
DA:427,0
DA:438,0
DA:439,0
DA:440,0
DA:442,0
DA:443,0
DA:447,1
DA:449,0
DA:458,2
DA:460,1
DA:461,1
DA:462,1
DA:466,4
DA:468,0
DA:485,39
DA:494,3
DA:504,0
DA:506,0
DA:507,0
DA:521,1
DA:529,1
DA:534,1
DA:542,0
DA:546,0
LF:160
LH:86
end_of_record
SF:lib/core/theme/app_theme.dart
DA:39,7
DA:40,7
DA:42,7
DA:56,7
DA:86,7
DA:87,7
DA:89,14
DA:108,0
DA:109,0
DA:111,0
DA:125,0
DA:146,0
DA:150,0
DA:152,0
DA:153,0
DA:160,0
DA:161,0
DA:163,0
DA:184,7
DA:186,7
DA:188,7
DA:190,7
DA:192,7
DA:196,7
DA:200,7
DA:204,7
DA:208,7
DA:212,7
DA:216,7
DA:223,7
DA:230,7
DA:237,7
DA:245,7
DA:253,7
DA:264,6
DA:266,6
DA:268,4
DA:270,4
DA:276,3
DA:277,9
DA:283,9
DA:284,27
DA:290,7
DA:291,21
DA:297,4
DA:298,12
DA:304,1
DA:305,3
DA:311,0
DA:312,0
DA:318,5
DA:319,15
DA:324,6
DA:326,6
DA:328,5
DA:330,4
DA:335,0
DA:337,0
DA:339,0
DA:341,0
LF:60
LH:43
end_of_record
SF:lib/features/momentum/domain/models/momentum_data.dart
DA:12,8
DA:22,4
DA:23,4
DA:27,4
DA:28,4
DA:39,4
DA:40,4
DA:41,8
DA:42,12
DA:43,4
DA:52,4
DA:54,4
DA:56,4
DA:57,4
DA:63,3
DA:71,3
DA:72,2
DA:73,2
DA:74,2
DA:75,3
DA:76,3
DA:77,3
DA:82,2
DA:83,2
DA:84,4
DA:85,2
DA:86,2
DA:87,4
DA:88,10
DA:89,4
DA:94,2
DA:95,2
DA:96,2
DA:97,8
DA:98,0
DA:100,4
DA:101,2
DA:102,4
DA:104,2
DA:105,6
DA:106,2
DA:107,4
DA:118,9
DA:125,2
DA:126,2
DA:127,4
DA:128,4
DA:129,2
DA:134,2
DA:135,2
DA:136,4
DA:137,2
DA:138,8
DA:139,0
DA:141,4
DA:153,86
DA:161,16
DA:164,20
DA:167,12
DA:170,2
DA:171,2
DA:172,2
DA:173,2
DA:174,2
DA:175,2
DA:180,6
DA:181,6
DA:182,6
DA:183,6
DA:184,6
DA:185,6
LF:71
LH:69
end_of_record
SF:lib/features/momentum/data/services/momentum_api_service.dart
DA:14,0
DA:17,0
DA:18,0
DA:19,0
DA:21,0
DA:23,0
DA:27,0
DA:32,0
DA:33,0
DA:37,0
DA:39,0
DA:42,0
DA:47,0
DA:48,0
DA:51,0
DA:55,0
DA:58,0
DA:59,0
DA:60,0
DA:61,0
DA:62,0
DA:63,0
DA:67,0
DA:68,0
DA:73,0
DA:74,0
DA:76,0
DA:77,0
DA:78,0
DA:79,0
DA:80,0
DA:81,0
DA:82,0
DA:85,0
DA:87,0
DA:94,0
DA:99,0
DA:102,0
DA:104,0
DA:109,0
DA:114,0
DA:116,0
DA:119,0
DA:120,0
DA:122,0
DA:123,0
DA:124,0
DA:125,0
DA:126,0
DA:127,0
DA:128,0
DA:130,0
DA:131,0
DA:132,0
DA:133,0
DA:134,0
DA:136,0
DA:138,0
DA:143,0
DA:145,0
DA:147,0
DA:150,0
DA:152,0
DA:154,0
DA:155,0
DA:162,0
DA:163,0
DA:164,0
DA:168,0
DA:169,0
DA:170,0
DA:173,0
DA:175,0
DA:180,0
DA:184,0
DA:187,0
DA:188,0
DA:191,0
DA:192,0
DA:193,0
DA:197,0
DA:200,0
DA:202,0
DA:205,0
DA:206,0
DA:208,0
DA:212,0
DA:216,0
DA:217,0
DA:220,0
DA:221,0
DA:222,0
DA:223,0
DA:224,0
DA:225,0
DA:231,0
DA:232,0
DA:233,0
DA:235,0
DA:236,0
DA:237,0
DA:242,0
DA:244,0
DA:253,0
DA:256,0
DA:257,0
DA:258,0
DA:259,0
DA:260,0
DA:262,0
DA:263,0
DA:264,0
DA:265,0
DA:267,0
DA:268,0
DA:271,0
DA:272,0
DA:273,0
DA:283,0
DA:284,0
DA:288,0
DA:289,0
DA:300,0
DA:301,0
DA:302,0
DA:303,0
DA:304,0
DA:313,0
DA:318,0
DA:319,0
DA:321,0
DA:324,0
DA:325,0
DA:326,0
DA:327,0
DA:328,0
DA:329,0
DA:330,0
DA:331,0
DA:337,0
DA:340,0
DA:341,0
DA:343,0
DA:346,0
DA:347,0
DA:349,0
DA:350,0
DA:351,0
DA:353,0
DA:355,0
DA:356,0
DA:357,0
DA:358,0
DA:359,0
DA:360,0
DA:372,0
DA:373,0
DA:374,0
DA:376,0
DA:379,0
DA:380,0
DA:381,0
DA:382,0
DA:383,0
DA:386,0
DA:388,0
DA:389,0
DA:391,0
DA:395,0
DA:397,0
DA:399,0
DA:408,0
DA:410,0
DA:411,0
DA:416,0
DA:418,0
DA:424,0
DA:425,0
DA:426,0
DA:428,0
DA:435,0
DA:436,0
DA:437,0
DA:442,0
DA:443,0
DA:446,0
DA:447,0
DA:449,0
DA:450,0
DA:453,0
DA:459,0
DA:464,0
DA:465,0
DA:474,0
DA:478,0
DA:482,0
DA:483,0
DA:484,0
DA:490,0
DA:492,0
DA:493,0
DA:494,0
DA:495,0
DA:497,0
DA:498,0
DA:500,0
DA:501,0
DA:504,0
DA:508,0
DA:509,0
DA:510,0
DA:514,0
DA:518,0
DA:519,0
DA:520,0
DA:523,0
DA:524,0
DA:526,0
DA:529,0
DA:533,0
DA:534,0
DA:536,0
DA:538,0
DA:539,0
DA:544,0
DA:545,0
DA:548,0
DA:549,0
DA:550,0
DA:553,0
DA:554,0
DA:556,0
DA:560,0
DA:564,0
DA:565,0
DA:571,0
DA:572,0
LF:237
LH:0
end_of_record
SF:lib/features/momentum/presentation/providers/momentum_api_provider.dart
DA:11,12
DA:14,0
DA:15,0
DA:19,12
DA:21,0
DA:22,0
DA:24,0
DA:28,0
DA:29,0
DA:30,0
DA:32,0
DA:35,0
DA:39,0
DA:48,0
DA:53,0
DA:59,0
DA:62,0
DA:65,0
DA:73,0
DA:78,0
DA:82,0
DA:83,0
DA:88,0
DA:89,0
DA:91,0
DA:93,0
DA:95,0
DA:98,0
DA:104,0
DA:106,0
DA:110,0
DA:121,0
DA:126,0
DA:127,0
DA:138,0
DA:139,0
DA:143,0
DA:146,0
DA:148,0
DA:149,0
DA:151,0
DA:153,0
DA:157,0
DA:159,0
DA:165,0
DA:166,0
DA:167,0
DA:168,0
DA:169,0
DA:174,0
DA:175,0
DA:176,0
DA:180,0
DA:181,0
DA:182,0
DA:185,0
DA:188,0
DA:191,0
DA:196,0
DA:197,0
DA:198,0
DA:199,0
DA:204,0
DA:205,0
DA:212,0
DA:215,0
DA:216,0
DA:217,0
DA:221,0
DA:222,0
DA:226,0
DA:227,0
DA:231,0
DA:232,0
DA:233,0
DA:237,0
DA:238,0
DA:239,0
DA:244,0
DA:245,0
DA:248,0
DA:255,0
DA:256,0
DA:259,0
DA:261,0
DA:262,0
DA:263,0
DA:265,0
DA:269,0
DA:270,0
DA:273,0
DA:274,0
DA:275,0
DA:276,0
DA:279,0
DA:284,0
DA:286,0
DA:293,0
DA:294,0
DA:298,0
DA:299,0
DA:300,0
DA:301,0
DA:310,0
DA:312,0
DA:315,0
DA:316,0
DA:317,0
DA:318,0
DA:320,0
DA:321,0
DA:325,0
DA:326,0
DA:333,0
DA:336,0
DA:337,0
DA:338,0
DA:339,0
DA:343,0
DA:346,0
DA:350,0
DA:351,0
DA:352,0
DA:353,0
DA:358,0
LF:125
LH:2
end_of_record
SF:lib/features/momentum/presentation/providers/today_feed_provider.dart
DA:8,8
DA:9,4
DA:10,0
DA:15,2
DA:16,1
DA:20,1
DA:22,1
DA:24,1
DA:27,0
DA:29,0
DA:32,0
DA:33,0
DA:38,0
DA:40,0
DA:43,0
DA:45,0
DA:48,0
DA:49,0
DA:54,0
DA:55,0
DA:59,0
DA:60,0
DA:62,0
DA:67,0
DA:68,0
DA:73,0
DA:74,0
DA:78,0
DA:79,0
LF:29
LH:7
end_of_record
SF:lib/features/today_feed/domain/models/today_feed_content.dart
DA:18,2
DA:19,2
DA:20,6
DA:21,0
DA:37,2
DA:38,2
DA:39,6
DA:40,0
DA:59,0
DA:60,0
DA:61,0
DA:62,0
DA:77,40
DA:87,0
DA:88,0
DA:89,0
DA:90,0
DA:92,0
DA:93,0
DA:95,0
DA:96,0
DA:97,0
DA:98,0
DA:102,1
DA:103,1
DA:104,3
DA:105,2
DA:106,3
DA:107,3
DA:108,3
DA:109,2
DA:110,2
DA:115,0
DA:124,0
DA:125,0
DA:126,0
DA:127,0
DA:128,0
DA:129,0
DA:130,0
DA:131,0
DA:143,8
DA:150,0
DA:151,0
DA:153,0
DA:154,0
DA:155,0
DA:157,0
DA:159,0
DA:160,0
DA:162,0
DA:163,0
DA:167,1
DA:168,1
DA:169,6
DA:170,2
DA:171,3
DA:172,3
DA:177,0
DA:183,0
DA:184,0
DA:185,0
DA:186,0
DA:187,0
DA:192,8
DA:193,8
DA:194,8
DA:227,8
DA:258,10
DA:277,7
DA:278,7
DA:279,7
DA:289,7
DA:290,7
DA:294,7
DA:299,2
DA:300,2
DA:301,2
DA:302,4
DA:303,2
DA:304,2
DA:305,2
DA:306,2
DA:307,4
DA:308,4
DA:310,2
DA:311,4
DA:314,2
DA:315,4
DA:317,2
DA:318,2
DA:319,2
DA:320,2
DA:322,2
DA:323,0
DA:324,0
DA:331,3
DA:332,3
DA:333,9
DA:334,3
DA:335,12
DA:336,6
DA:337,6
DA:338,7
DA:339,7
DA:340,9
DA:341,6
DA:342,12
DA:343,12
DA:344,5
DA:345,6
DA:346,6
DA:347,6
DA:348,6
DA:353,6
DA:370,6
DA:371,4
DA:372,6
DA:373,3
DA:374,5
DA:376,12
DA:378,12
DA:379,3
DA:380,4
DA:381,12
DA:382,11
DA:383,12
DA:385,5
DA:386,6
DA:387,5
DA:389,6
DA:390,5
DA:398,0
DA:399,0
DA:400,0
DA:401,0
DA:402,0
DA:403,0
DA:404,0
DA:408,2
DA:409,2
DA:410,8
DA:411,8
DA:412,8
DA:416,0
DA:417,0
DA:421,0
DA:422,0
DA:428,1
DA:429,3
DA:433,1
DA:434,3
DA:438,1
DA:439,1
DA:440,1
DA:442,1
DA:444,1
DA:446,1
DA:448,0
DA:450,0
DA:456,1
DA:457,2
DA:458,2
DA:463,3
DA:464,6
DA:468,0
DA:469,0
DA:473,0
DA:474,0
DA:477,1
DA:480,1
DA:481,3
DA:482,3
DA:483,3
DA:484,3
DA:485,3
DA:488,1
DA:490,6
DA:493,0
DA:495,0
DA:501,44
DA:523,3
DA:530,3
DA:531,2
DA:532,3
DA:533,6
DA:534,2
DA:535,4
DA:536,1
DA:537,2
DA:538,0
DA:539,0
DA:541,0
DA:545,6
DA:546,6
DA:547,2
DA:548,2
DA:549,0
DA:552,2
DA:553,2
DA:554,0
DA:555,2
DA:556,1
DA:557,2
DA:558,0
DA:564,1
DA:565,1
DA:566,1
DA:573,41
DA:575,0
DA:578,1
DA:579,1
DA:581,0
DA:590,6
DA:592,0
DA:593,0
DA:595,1
DA:597,4
DA:600,0
DA:601,0
DA:608,41
DA:610,0
DA:611,0
DA:613,1
DA:615,4
DA:618,0
DA:619,0
DA:626,2
DA:628,0
DA:629,0
DA:631,0
DA:633,0
DA:634,0
DA:637,0
DA:638,0
DA:645,0
DA:647,0
DA:648,0
DA:650,0
DA:652,0
DA:653,0
DA:656,0
DA:657,0
DA:669,1
DA:679,1
DA:680,1
DA:681,1
DA:682,1
DA:683,1
DA:684,1
DA:685,1
DA:687,1
DA:688,1
DA:690,1
DA:695,1
DA:696,1
DA:697,3
DA:698,2
DA:699,2
DA:700,3
DA:701,3
DA:702,3
DA:706,1
DA:709,1
DA:710,3
DA:711,3
DA:712,3
DA:713,3
DA:716,1
DA:718,1
DA:719,1
DA:720,1
DA:721,1
DA:722,1
DA:726,0
DA:728,0
DA:742,0
DA:752,0
DA:755,0
DA:756,0
DA:757,0
DA:758,0
DA:759,0
DA:760,0
DA:761,0
DA:762,0
DA:765,0
DA:767,0
DA:768,0
DA:769,0
DA:770,0
DA:771,0
DA:772,0
DA:773,0
DA:774,0
DA:797,0
LF:296
LH:181
end_of_record
SF:lib/features/today_feed/data/services/today_feed_data_service.dart
DA:15,5
DA:20,2
DA:25,2
DA:29,0
DA:32,0
DA:34,0
DA:35,0
DA:41,2
DA:43,0
DA:49,0
DA:52,0
DA:53,0
DA:55,0
DA:57,0
DA:58,0
DA:59,0
DA:60,0
DA:69,1
DA:72,1
DA:77,0
DA:79,0
DA:81,0
DA:83,0
DA:84,0
DA:90,0
DA:91,0
DA:95,0
DA:100,0
DA:102,0
DA:104,0
DA:110,0
DA:113,0
DA:116,0
DA:121,0
DA:123,0
DA:127,0
DA:131,0
DA:132,0
DA:133,0
DA:134,0
DA:137,0
DA:140,0
DA:146,0
DA:151,0
DA:154,0
DA:157,0
DA:158,0
DA:159,0
DA:160,0
DA:161,0
DA:162,0
DA:165,0
DA:168,0
DA:169,0
DA:172,0
DA:177,0
DA:183,0
DA:186,0
DA:190,0
DA:192,0
DA:197,0
DA:198,0
DA:200,0
DA:201,0
DA:202,0
DA:205,0
DA:209,1
DA:210,1
DA:213,1
DA:214,2
DA:219,0
DA:220,0
DA:221,0
DA:226,0
DA:227,0
DA:229,0
DA:234,0
DA:237,0
DA:242,0
DA:243,0
DA:245,0
DA:246,0
DA:251,0
DA:252,0
DA:255,0
DA:256,0
DA:258,0
DA:260,0
DA:261,0
DA:262,0
DA:265,0
DA:266,0
DA:271,0
DA:272,0
DA:275,0
DA:276,0
DA:278,0
DA:283,0
DA:284,0
DA:287,0
DA:288,0
DA:290,0
DA:295,0
DA:296,0
DA:299,0
DA:301,0
DA:307,0
DA:309,0
DA:310,0
DA:312,0
DA:314,0
DA:323,0
DA:324,0
DA:327,0
DA:329,0
DA:333,0
DA:334,0
DA:336,0
DA:338,0
DA:342,0
LF:120
LH:10
end_of_record
SF:lib/core/services/connectivity_service.dart
DA:15,3
DA:17,10
DA:18,5
DA:22,5
DA:27,4
DA:28,8
DA:31,13
DA:32,2
DA:35,1
DA:39,0
DA:46,2
DA:47,0
DA:50,0
DA:52,0
DA:53,0
DA:56,0
DA:62,0
DA:63,0
DA:64,0
DA:70,0
DA:72,0
DA:77,12
DA:80,6
DA:83,0
DA:86,0
DA:87,0
DA:89,0
DA:95,0
DA:96,0
DA:97,0
DA:100,1
DA:101,4
DA:102,3
DA:111,1
DA:112,2
DA:115,1
DA:119,1
DA:123,1
DA:124,2
DA:127,1
DA:130,1
DA:135,4
DA:136,1
DA:140,4
DA:141,2
DA:142,1
DA:143,0
DA:144,2
DA:149,0
DA:150,0
DA:151,0
DA:155,4
DA:156,2
DA:157,1
LF:54
LH:32
end_of_record
SF:lib/core/services/today_feed_cache_service.dart
DA:82,2
DA:83,2
DA:84,2
DA:85,2
DA:86,2
DA:87,2
DA:90,2
DA:91,2
DA:119,5
DA:123,5
DA:125,0
DA:134,4
DA:138,4
DA:141,3
DA:142,0
DA:146,2
DA:148,2
DA:155,2
DA:156,2
DA:157,2
DA:158,2
DA:159,2
DA:160,2
DA:161,2
DA:162,2
DA:164,2
DA:165,2
DA:166,2
DA:169,4
DA:170,4
DA:171,6
DA:174,0
DA:180,2
DA:181,4
DA:182,4
DA:183,4
DA:186,2
DA:187,6
DA:189,4
DA:194,2
DA:197,2
DA:201,0
DA:204,0
DA:205,0
DA:206,0
DA:210,0
DA:219,2
DA:221,2
DA:222,0
DA:223,0
DA:226,2
DA:229,2
DA:236,4
DA:238,0
DA:243,1
DA:246,0
DA:247,0
DA:248,0
DA:267,1
DA:271,1
DA:272,1
DA:282,1
DA:285,1
DA:286,1
DA:295,0
DA:296,0
DA:297,0
DA:303,1
DA:304,1
DA:308,0
DA:309,0
DA:310,0
DA:314,1
DA:315,1
DA:316,1
DA:320,1
DA:321,1
DA:322,1
DA:336,2
DA:337,2
DA:340,2
DA:342,4
DA:346,0
DA:349,0
DA:353,0
DA:357,0
DA:361,0
DA:368,0
DA:372,0
DA:374,0
DA:375,0
DA:376,0
DA:377,0
DA:383,0
DA:392,1
DA:393,1
DA:396,2
DA:397,1
DA:399,0
DA:408,1
DA:411,1
DA:414,1
DA:417,1
DA:419,2
DA:421,0
DA:422,0
DA:430,2
DA:431,1
DA:434,2
DA:436,2
DA:437,2
DA:439,2
DA:440,0
DA:441,0
DA:445,2
DA:446,0
DA:447,0
DA:450,6
DA:451,4
DA:452,8
DA:455,0
DA:458,0
DA:459,0
DA:460,0
DA:461,0
DA:467,2
DA:468,2
DA:469,2
DA:484,2
DA:486,2
DA:487,4
DA:488,4
DA:490,4
DA:492,0
DA:497,1
DA:498,1
DA:499,1
DA:506,2
DA:507,2
DA:511,2
DA:512,2
DA:514,2
DA:516,2
DA:518,2
DA:519,6
DA:520,2
DA:521,2
DA:522,6
DA:525,0
DA:526,0
DA:531,1
DA:532,1
DA:541,0
DA:544,0
DA:546,0
DA:548,0
DA:553,2
DA:554,2
DA:555,2
DA:559,1
DA:560,1
DA:561,1
DA:565,1
DA:566,1
DA:567,1
DA:574,0
DA:578,0
DA:582,0
DA:584,0
DA:589,0
DA:590,0
DA:591,0
DA:592,0
DA:593,0
DA:594,0
DA:597,0
DA:598,0
DA:603,0
DA:610,0
DA:614,0
DA:620,0
DA:623,0
DA:626,0
DA:627,0
DA:629,0
DA:634,0
DA:635,0
DA:637,0
DA:639,0
DA:644,0
DA:645,0
DA:646,0
DA:648,0
DA:650,0
DA:652,0
DA:653,0
DA:665,0
DA:669,0
DA:673,0
DA:676,0
DA:682,0
DA:686,0
DA:687,0
DA:688,0
DA:689,0
DA:690,0
DA:691,0
DA:692,0
DA:693,0
DA:694,0
DA:695,0
DA:697,0
DA:700,0
DA:701,0
DA:703,0
DA:711,0
DA:715,0
DA:717,0
DA:719,0
DA:728,0
DA:731,0
DA:733,0
DA:735,0
DA:743,0
DA:744,0
DA:746,0
DA:748,0
DA:753,0
DA:754,0
DA:755,0
DA:756,0
DA:758,0
DA:760,0
DA:761,0
DA:763,0
DA:765,0
DA:773,0
DA:777,0
DA:780,0
DA:781,0
DA:782,0
DA:783,0
DA:784,0
DA:789,0
DA:790,0
DA:791,0
DA:792,0
DA:797,0
DA:798,0
DA:799,0
DA:803,0
DA:804,0
DA:805,0
DA:818,1
DA:819,1
DA:822,1
DA:823,1
DA:826,1
DA:829,1
DA:832,1
DA:833,1
DA:836,0
DA:838,0
DA:843,1
DA:844,1
DA:847,1
DA:848,1
DA:851,1
DA:852,1
DA:855,1
DA:856,1
DA:859,1
DA:860,1
DA:863,1
DA:864,1
DA:867,1
DA:868,1
DA:871,1
DA:872,1
DA:875,1
DA:879,1
DA:886,1
DA:887,1
DA:890,1
DA:891,1
DA:894,1
DA:895,1
DA:898,1
DA:899,1
DA:902,1
DA:903,1
LF:291
LH:150
end_of_record
SF:lib/core/providers/supabase_provider.dart
DA:8,0
DA:11,0
DA:14,0
DA:16,0
DA:17,0
DA:20,0
DA:21,0
DA:22,0
DA:25,0
DA:26,0
DA:32,0
DA:33,0
LF:12
LH:0
end_of_record
SF:lib/core/services/cache/managers/today_feed_cache_lifecycle_manager.dart
DA:79,6
DA:98,1
DA:101,1
DA:104,1
DA:107,1
DA:108,2
DA:111,1
DA:114,0
DA:118,0
DA:122,1
DA:126,1
DA:128,1
DA:130,3
DA:138,1
DA:140,2
DA:144,1
DA:145,2
DA:150,1
DA:151,1
DA:154,1
DA:158,1
DA:159,2
DA:160,3
DA:164,1
DA:166,1
DA:168,1
DA:170,0
DA:171,0
DA:175,0
DA:176,0
DA:182,1
DA:187,1
DA:188,1
DA:192,0
DA:196,0
DA:197,0
DA:201,0
DA:203,0
DA:204,0
DA:207,0
DA:208,0
DA:214,1
DA:217,1
DA:218,1
DA:221,2
DA:222,1
DA:225,2
DA:226,1
DA:228,2
DA:230,1
DA:234,1
DA:242,0
DA:243,0
DA:246,0
DA:253,1
DA:255,1
DA:256,1
DA:261,0
DA:268,0
DA:271,0
DA:272,0
DA:273,0
DA:280,0
DA:284,0
DA:287,0
DA:288,0
DA:289,0
DA:290,0
DA:291,0
DA:299,1
DA:301,2
DA:308,2
DA:311,1
DA:314,1
DA:317,1
DA:319,2
DA:321,0
DA:326,2
DA:332,4
DA:339,0
DA:340,0
DA:341,0
DA:347,4
DA:355,1
DA:356,1
DA:360,0
DA:361,0
DA:362,0
DA:370,0
DA:373,0
DA:376,0
DA:378,0
DA:379,0
DA:381,0
DA:382,0
DA:385,0
DA:389,0
DA:390,0
DA:391,0
DA:394,0
DA:395,0
DA:396,0
DA:399,0
DA:401,0
DA:404,0
DA:405,0
DA:406,0
DA:407,0
DA:409,0
DA:414,1
DA:415,0
DA:417,2
DA:425,1
DA:426,1
DA:427,2
DA:428,2
DA:432,1
DA:433,1
DA:434,0
DA:436,2
DA:437,2
DA:441,0
DA:442,0
DA:446,0
DA:447,0
DA:450,0
DA:451,0
DA:453,0
DA:454,0
DA:456,0
DA:457,0
DA:459,0
DA:460,0
DA:463,0
DA:464,0
DA:467,0
DA:468,0
DA:471,0
DA:472,0
DA:475,0
DA:476,0
DA:478,0
DA:482,0
DA:483,0
DA:484,0
DA:486,0
DA:487,0
DA:488,0
DA:489,0
DA:493,0
DA:496,0
DA:497,0
DA:500,0
DA:502,0
DA:503,0
DA:505,0
DA:510,0
DA:513,0
DA:516,0
DA:517,0
DA:520,0
DA:521,0
DA:524,0
DA:527,0
DA:528,0
DA:534,0
DA:536,0
DA:541,0
DA:542,0
DA:543,0
DA:544,0
DA:551,0
DA:552,0
DA:556,1
DA:559,2
DA:561,1
DA:563,2
DA:564,4
DA:565,2
DA:566,3
DA:568,4
DA:571,2
DA:572,3
DA:574,2
DA:575,2
DA:579,2
DA:580,5
DA:589,1
DA:590,0
DA:591,0
DA:592,0
DA:598,2
DA:602,1
DA:607,1
DA:608,2
DA:610,0
DA:614,1
DA:615,2
DA:617,0
DA:621,1
DA:622,2
DA:624,0
DA:628,1
DA:629,2
DA:631,0
DA:635,2
DA:640,1
DA:641,2
DA:643,0
DA:648,1
DA:651,2
DA:665,1
DA:666,1
DA:670,2
DA:671,1
DA:673,1
DA:674,1
DA:675,1
DA:676,2
DA:677,1
DA:678,1
DA:680,2
DA:682,1
DA:684,2
DA:690,1
DA:693,2
DA:696,1
DA:697,1
DA:698,2
DA:700,2
DA:702,1
DA:703,2
DA:705,2
DA:707,2
DA:708,1
DA:710,1
DA:712,1
DA:713,1
DA:719,1
DA:725,2
DA:726,2
DA:728,1
DA:730,1
DA:734,0
DA:735,0
DA:736,0
LF:246
LH:124
end_of_record
SF:lib/core/services/cache/today_feed_cache_health_service.dart
DA:25,2
DA:31,3
DA:36,1
DA:40,4
DA:43,2
DA:44,2
DA:45,2
DA:46,2
DA:48,2
DA:51,2
DA:62,2
DA:64,2
DA:70,2
DA:73,4
DA:74,2
DA:80,2
DA:81,2
DA:83,2
DA:85,0
DA:86,0
DA:90,2
DA:91,2
DA:93,2
DA:101,4
DA:102,2
DA:106,0
DA:107,0
DA:110,0
DA:111,0
DA:117,2
DA:121,2
DA:124,2
DA:126,2
DA:127,2
DA:128,2
DA:132,0
DA:133,0
DA:134,2
DA:135,4
DA:137,2
DA:139,2
DA:142,2
DA:143,2
DA:150,0
DA:151,0
DA:154,0
DA:160,2
DA:162,2
DA:163,4
DA:164,6
DA:171,2
DA:173,2
DA:177,2
DA:179,0
DA:183,2
DA:184,2
DA:187,2
DA:188,2
DA:196,4
DA:197,2
DA:200,2
DA:202,0
DA:203,0
DA:209,2
DA:210,4
DA:211,2
DA:212,0
DA:213,0
DA:215,4
DA:216,0
DA:217,0
DA:222,2
DA:223,2
DA:225,0
DA:226,0
DA:227,0
DA:228,0
DA:233,2
DA:235,2
DA:237,0
DA:238,0
DA:239,0
DA:243,2
DA:245,2
DA:246,0
DA:249,2
DA:255,2
DA:257,4
DA:258,2
DA:263,2
DA:265,2
DA:272,0
DA:273,0
DA:276,0
DA:277,0
DA:285,2
DA:293,6
DA:294,6
DA:295,6
DA:297,2
DA:301,2
DA:306,2
DA:308,2
DA:309,0
DA:311,2
DA:312,0
DA:316,2
DA:317,0
DA:319,6
DA:320,2
DA:327,2
DA:339,2
DA:341,2
DA:342,2
DA:344,2
DA:345,2
DA:346,4
DA:350,2
DA:352,0
DA:353,0
DA:357,2
DA:359,2
DA:360,0
DA:361,2
DA:362,0
DA:363,2
DA:364,0
DA:368,2
DA:370,2
DA:372,4
DA:373,0
DA:374,4
DA:375,0
DA:379,2
DA:380,2
DA:381,0
DA:382,2
DA:383,0
DA:387,2
DA:388,2
DA:389,0
DA:390,2
DA:391,0
DA:394,2
DA:396,0
DA:402,0
DA:403,0
DA:405,0
DA:407,0
DA:409,0
DA:410,0
DA:414,0
DA:417,0
DA:421,2
DA:427,2
DA:429,2
DA:430,0
DA:434,2
DA:435,2
DA:437,2
DA:439,0
DA:440,0
DA:444,2
DA:447,2
DA:452,2
DA:453,0
DA:456,2
DA:457,0
DA:462,2
DA:463,0
DA:472,1
DA:479,0
DA:483,1
DA:484,1
DA:486,4
DA:488,1
DA:491,2
DA:493,1
DA:494,2
DA:495,2
DA:497,3
DA:498,0
DA:499,0
DA:500,3
DA:503,0
DA:507,1
DA:508,2
DA:510,1
DA:516,1
DA:517,2
DA:518,2
DA:519,3
DA:523,0
DA:524,0
DA:525,0
DA:526,0
DA:534,2
DA:536,2
DA:539,0
DA:540,0
DA:542,0
DA:548,2
DA:550,2
DA:553,0
DA:555,0
DA:561,2
DA:563,2
DA:564,2
DA:566,0
DA:567,0
DA:569,0
DA:570,0
DA:575,2
DA:578,2
DA:586,4
DA:587,2
DA:589,6
DA:595,0
DA:601,2
DA:603,2
DA:604,2
DA:606,0
DA:607,0
DA:609,0
DA:610,0
LF:225
LH:144
end_of_record
SF:lib/core/services/cache/today_feed_cache_maintenance_service.dart
DA:29,2
DA:34,2
DA:36,4
DA:38,0
DA:44,3
DA:49,3
DA:57,6
DA:58,2
DA:60,6
DA:66,3
DA:72,0
DA:74,0
DA:77,0
DA:79,0
DA:80,0
DA:81,0
DA:84,0
DA:89,1
DA:91,1
DA:94,0
DA:95,0
DA:98,0
DA:99,0
DA:103,0
DA:105,0
DA:106,0
DA:110,0
DA:112,0
DA:113,0
DA:115,0
DA:117,0
DA:118,0
DA:122,0
DA:127,2
DA:129,0
DA:131,2
DA:134,0
DA:135,0
DA:137,0
DA:138,0
DA:141,4
DA:143,0
DA:148,1
DA:150,0
DA:155,1
DA:156,1
DA:157,1
DA:158,2
DA:160,0
DA:166,1
DA:172,0
DA:177,3
DA:180,0
DA:181,0
DA:185,0
DA:186,0
DA:190,1
DA:191,2
DA:193,2
DA:195,0
DA:201,1
DA:203,0
DA:204,0
DA:213,1
DA:217,1
DA:220,0
DA:221,0
DA:222,0
DA:230,1
DA:232,0
DA:237,1
DA:239,2
DA:240,2
DA:245,1
DA:246,2
DA:247,1
DA:250,0
DA:255,0
DA:259,0
DA:260,0
DA:261,0
DA:263,0
DA:269,0
DA:273,0
DA:275,0
DA:276,0
DA:279,0
DA:284,0
DA:286,0
DA:287,0
DA:291,0
DA:292,0
DA:293,0
DA:297,0
DA:303,0
DA:305,0
DA:306,0
DA:309,0
DA:310,0
DA:311,0
DA:313,0
DA:319,0
DA:323,0
DA:326,0
DA:327,0
DA:330,0
DA:331,0
DA:332,0
DA:335,0
DA:340,0
DA:344,0
DA:347,0
DA:349,0
DA:350,0
DA:353,0
DA:354,0
DA:355,0
DA:360,0
DA:362,0
DA:367,3
DA:369,2
DA:372,6
DA:374,0
DA:379,0
DA:380,0
DA:383,0
LF:126
LH:37
end_of_record
SF:lib/core/services/cache/today_feed_cache_performance_service.dart
DA:34,3
DA:40,3
DA:42,0
DA:46,6
DA:49,3
DA:50,3
DA:52,3
DA:53,3
DA:56,3
DA:58,6
DA:60,6
DA:61,3
DA:64,3
DA:66,3
DA:68,3
DA:71,3
DA:72,6
DA:73,3
DA:79,0
DA:80,0
DA:81,0
DA:82,0
DA:83,0
DA:85,0
DA:91,4
DA:93,1
DA:97,3
DA:98,3
DA:101,3
DA:102,6
DA:103,3
DA:104,3
DA:106,3
DA:107,3
DA:108,6
DA:112,3
DA:113,6
DA:114,3
DA:116,6
DA:117,3
DA:120,3
DA:121,3
DA:122,9
DA:123,3
DA:124,6
DA:128,3
DA:129,6
DA:130,3
DA:131,3
DA:133,6
DA:134,3
DA:135,6
DA:139,6
DA:140,6
DA:144,6
DA:145,3
DA:146,3
DA:147,9
DA:148,9
DA:149,3
DA:150,3
DA:151,3
DA:153,3
DA:154,3
DA:155,9
DA:156,9
DA:157,3
DA:158,3
DA:159,3
DA:161,3
DA:162,3
DA:163,9
DA:164,9
DA:165,3
DA:166,3
DA:167,3
DA:172,3
DA:173,3
DA:174,3
DA:176,6
DA:177,6
DA:178,6
DA:179,6
DA:180,3
DA:188,6
DA:196,0
DA:197,0
DA:198,0
DA:199,0
DA:200,0
DA:201,0
DA:207,1
DA:209,1
DA:211,2
DA:213,2
DA:217,1
DA:219,1
DA:221,2
DA:228,3
DA:229,6
DA:230,0
DA:231,0
DA:236,3
DA:240,3
DA:242,3
DA:243,0
DA:244,0
DA:247,3
DA:248,0
DA:249,0
DA:252,6
DA:253,3
DA:260,0
DA:261,0
DA:262,0
DA:268,0
DA:272,0
DA:275,0
DA:278,0
DA:281,0
DA:282,0
DA:283,0
DA:284,0
DA:286,0
DA:294,0
DA:296,0
DA:300,0
DA:302,0
DA:303,0
DA:304,0
DA:306,0
DA:307,0
DA:311,0
DA:312,0
DA:313,0
DA:314,0
DA:316,0
DA:320,0
DA:323,0
DA:324,0
DA:325,0
DA:326,0
DA:327,0
DA:338,3
DA:339,3
DA:340,15
DA:343,3
DA:344,3
DA:345,6
DA:346,6
DA:347,6
DA:348,6
DA:350,0
DA:354,3
DA:355,3
DA:356,3
DA:357,12
DA:358,15
DA:359,3
DA:362,3
DA:363,6
DA:364,0
DA:365,0
DA:369,3
DA:374,3
DA:375,6
DA:376,6
DA:377,6
DA:380,12
DA:381,12
DA:382,12
DA:384,3
DA:385,0
DA:386,0
DA:390,3
DA:395,3
DA:397,3
DA:398,3
DA:399,0
DA:400,0
DA:403,3
DA:404,3
DA:405,0
DA:406,0
DA:409,3
DA:410,3
DA:416,0
DA:417,0
DA:418,0
DA:419,0
DA:424,3
DA:426,3
DA:434,1
DA:435,1
DA:436,3
DA:439,1
DA:446,1
DA:447,1
DA:448,2
DA:449,1
DA:452,1
DA:454,1
DA:456,0
DA:457,2
DA:458,1
DA:461,1
DA:463,1
DA:464,2
DA:465,1
DA:468,1
DA:469,1
DA:470,2
DA:471,1
DA:475,1
DA:477,1
DA:478,2
DA:479,1
DA:481,1
DA:484,1
DA:485,1
DA:486,0
DA:487,0
DA:488,0
DA:492,1
DA:495,1
DA:497,1
DA:498,0
DA:499,0
DA:502,0
DA:503,0
DA:506,0
DA:507,0
DA:510,0
DA:511,0
DA:517,1
DA:518,1
DA:529,1
DA:531,0
DA:535,1
DA:536,1
DA:539,1
DA:541,2
DA:542,1
DA:543,2
DA:546,1
DA:547,1
DA:548,1
DA:549,1
DA:550,2
DA:554,5
DA:555,2
DA:558,1
DA:561,1
DA:564,3
DA:565,3
DA:568,2
DA:570,2
DA:571,3
DA:576,0
DA:577,0
DA:584,1
DA:586,0
DA:591,1
DA:593,0
DA:600,1
DA:601,1
DA:603,1
DA:604,1
DA:607,1
DA:608,1
DA:609,1
DA:611,1
DA:612,0
DA:613,0
DA:615,1
DA:616,0
DA:617,0
DA:622,1
DA:623,1
DA:624,1
DA:626,1
DA:627,0
DA:628,0
DA:630,1
DA:631,0
DA:632,0
DA:636,1
DA:637,2
DA:640,1
DA:642,1
DA:648,0
DA:649,0
DA:656,1
DA:658,0
DA:662,1
DA:664,1
DA:665,1
DA:666,1
DA:669,1
DA:670,1
DA:671,1
DA:672,1
DA:675,0
DA:676,0
DA:681,1
DA:682,1
DA:683,1
DA:684,1
DA:687,0
DA:688,0
DA:693,1
DA:694,1
DA:695,1
DA:696,2
DA:699,0
DA:700,0
DA:705,1
DA:706,1
DA:707,1
DA:708,2
DA:711,0
DA:712,0
DA:717,1
DA:719,2
DA:720,1
DA:724,1
DA:726,1
DA:727,1
DA:730,2
DA:731,5
DA:736,0
DA:737,0
DA:744,1
DA:746,0
DA:750,2
DA:752,1
DA:755,1
DA:756,1
DA:757,1
DA:758,1
DA:760,1
DA:761,1
DA:763,1
DA:764,1
DA:766,1
DA:767,1
DA:768,2
DA:774,1
DA:775,1
DA:776,1
DA:777,1
DA:782,2
DA:783,2
DA:785,2
DA:786,2
DA:788,4
DA:792,0
DA:793,0
LF:358
LH:254
end_of_record
SF:lib/core/services/cache/today_feed_cache_statistics_service.dart
DA:15,2
DA:20,2
DA:21,2
DA:22,2
DA:27,3
DA:31,1
DA:35,4
DA:38,2
DA:42,0
DA:43,0
DA:44,0
DA:45,0
DA:52,0
DA:53,0
DA:58,0
DA:61,0
DA:66,0
DA:67,0
DA:72,0
DA:73,0
DA:78,0
DA:79,0
DA:84,1
DA:89,1
DA:90,1
DA:96,0
DA:97,0
DA:98,0
DA:99,0
DA:107,0
DA:108,0
DA:112,0
DA:119,0
DA:125,0
DA:135,0
DA:139,0
DA:147,0
DA:150,0
DA:155,0
DA:159,0
DA:167,0
DA:178,0
DA:192,0
DA:196,0
DA:197,0
DA:199,0
DA:202,0
DA:203,0
DA:204,0
DA:205,0
DA:207,0
DA:213,0
DA:214,0
DA:215,0
DA:216,0
DA:222,0
DA:229,0
DA:230,0
DA:231,0
DA:232,0
DA:233,0
DA:242,0
DA:246,0
DA:248,0
DA:249,0
DA:250,0
DA:252,0
DA:253,0
DA:254,0
DA:255,0
DA:260,0
DA:262,0
DA:263,0
DA:264,0
DA:266,0
DA:268,0
DA:273,0
DA:274,0
DA:275,0
DA:276,0
DA:282,0
DA:285,0
DA:286,0
DA:289,0
DA:295,0
DA:303,0
DA:306,0
DA:307,0
DA:308,0
DA:309,0
DA:310,0
DA:311,0
DA:315,0
DA:316,0
DA:317,0
DA:318,0
DA:319,0
DA:320,0
DA:323,0
DA:327,0
DA:328,0
DA:329,0
DA:330,0
DA:335,0
DA:340,0
DA:343,0
DA:346,0
DA:347,0
DA:350,0
DA:351,0
DA:356,0
DA:357,0
DA:364,0
DA:370,0
DA:373,0
DA:377,0
DA:378,0
DA:382,0
DA:387,0
LF:119
LH:11
end_of_record
SF:lib/core/services/cache/today_feed_cache_sync_service.dart
DA:35,2
DA:40,2
DA:42,4
DA:46,1
DA:50,0
DA:54,1
DA:55,1
DA:58,0
DA:59,0
DA:63,1
DA:64,2
DA:65,2
DA:67,2
DA:68,3
DA:71,1
DA:73,1
DA:75,1
DA:78,2
DA:79,2
DA:82,0
DA:83,0
DA:88,1
DA:90,0
DA:94,1
DA:95,1
DA:97,1
DA:98,1
DA:100,0
DA:101,0
DA:102,0
DA:107,1
DA:109,0
DA:113,1
DA:114,1
DA:115,2
DA:117,0
DA:118,0
DA:123,1
DA:125,0
DA:129,1
DA:130,3
DA:133,1
DA:135,1
DA:138,0
DA:139,0
DA:144,1
DA:146,0
DA:149,1
DA:153,1
DA:155,0
DA:159,0
DA:165,2
DA:168,1
DA:170,0
DA:175,1
DA:176,1
DA:177,2
DA:178,1
DA:182,0
DA:183,0
DA:188,0
DA:191,0
DA:192,0
DA:194,0
DA:196,0
DA:197,0
DA:205,1
DA:207,0
DA:212,2
DA:214,1
DA:215,2
DA:216,2
DA:217,1
DA:218,1
DA:219,2
DA:222,4
DA:224,0
DA:225,0
DA:231,1
DA:233,0
DA:237,1
DA:238,1
DA:239,1
DA:240,1
DA:241,1
DA:243,1
DA:245,1
DA:246,1
DA:252,1
DA:253,1
DA:254,1
DA:257,0
DA:258,0
DA:259,0
DA:268,1
DA:270,0
DA:274,1
DA:275,1
DA:277,0
DA:278,0
DA:280,0
DA:281,0
DA:286,1
DA:288,0
DA:292,1
DA:295,0
DA:296,0
DA:299,0
DA:301,0
DA:302,0
DA:304,0
DA:308,0
DA:310,0
DA:311,0
DA:313,0
DA:315,0
DA:316,0
DA:320,0
DA:325,1
DA:327,0
DA:331,1
DA:334,0
DA:335,0
DA:338,0
DA:340,0
DA:341,0
DA:345,0
DA:347,0
DA:348,0
DA:349,0
DA:350,0
DA:354,0
DA:359,0
DA:361,0
DA:365,0
DA:366,0
DA:367,0
DA:368,0
DA:371,0
DA:373,0
DA:374,0
DA:375,0
DA:380,0
DA:382,0
DA:383,0
DA:384,0
DA:387,0
DA:388,0
DA:389,0
DA:394,0
DA:395,0
DA:397,0
DA:401,0
DA:402,0
DA:403,0
DA:412,1
DA:414,0
DA:415,1
DA:422,2
DA:424,0
DA:431,2
DA:433,2
DA:435,4
DA:436,0
DA:437,0
DA:438,0
DA:440,0
DA:441,0
DA:445,4
DA:447,0
DA:452,3
DA:454,2
DA:457,0
DA:462,0
DA:466,0
DA:467,0
DA:470,0
DA:471,0
DA:472,0
DA:473,0
DA:475,0
DA:479,0
DA:480,0
DA:485,0
DA:487,0
DA:488,0
DA:491,0
DA:492,0
DA:495,0
DA:498,0
DA:499,0
DA:500,0
DA:504,0
DA:505,0
DA:508,0
DA:509,0
DA:511,0
DA:516,0
DA:518,0
DA:520,0
DA:522,0
DA:523,0
DA:524,0
DA:525,0
DA:526,0
DA:529,0
DA:530,0
DA:533,0
DA:538,0
DA:540,0
DA:542,0
DA:543,0
DA:544,0
DA:547,0
DA:548,0
DA:550,0
DA:552,0
DA:556,0
DA:558,0
DA:563,0
DA:567,0
DA:575,0
DA:579,1
DA:581,1
DA:583,2
DA:586,0
DA:591,0
DA:593,0
DA:594,0
DA:596,0
DA:601,0
DA:603,0
DA:605,0
DA:610,1
DA:620,1
DA:622,1
DA:623,1
DA:630,1
DA:632,1
DA:639,0
DA:645,0
DA:646,0
DA:654,0
DA:658,0
DA:660,0
DA:661,0
DA:662,0
DA:665,0
DA:666,0
DA:671,0
DA:672,0
LF:251
LH:85
end_of_record
SF:lib/core/services/cache/today_feed_content_service.dart
DA:26,2
DA:32,4
DA:34,0
DA:40,1
DA:45,0
DA:49,1
DA:50,1
DA:56,2
DA:57,3
DA:59,1
DA:60,2
DA:63,2
DA:64,0
DA:65,0
DA:69,1
DA:72,1
DA:73,1
DA:74,2
DA:75,2
DA:78,1
DA:81,2
DA:82,2
DA:85,1
DA:89,1
DA:90,1
DA:91,0
DA:94,0
DA:97,2
DA:98,4
DA:99,2
DA:100,3
DA:103,0
DA:109,2
DA:113,1
DA:117,1
DA:119,2
DA:123,1
DA:124,1
DA:128,1
DA:129,1
DA:130,0
DA:134,0
DA:138,0
DA:144,1
DA:146,0
DA:150,1
DA:153,1
DA:156,0
DA:157,0
DA:161,0
DA:163,0
DA:165,0
DA:166,0
DA:167,0
DA:168,0
DA:169,0
DA:173,0
DA:177,0
DA:180,0
DA:181,0
DA:186,1
DA:188,0
DA:193,1
DA:195,0
DA:201,0
DA:207,1
DA:209,0
DA:213,1
DA:215,0
DA:217,0
DA:219,0
DA:222,0
DA:227,1
DA:229,0
DA:233,1
DA:234,1
DA:235,1
DA:237,2
DA:239,0
DA:244,1
DA:245,1
DA:246,1
DA:247,1
DA:252,1
DA:254,1
DA:255,1
DA:258,0
DA:259,0
DA:263,2
DA:264,1
DA:265,2
DA:269,2
DA:270,0
DA:273,2
DA:274,4
DA:276,0
DA:281,1
DA:283,1
DA:286,0
DA:287,0
DA:289,0
DA:291,0
DA:292,0
DA:293,0
DA:296,0
DA:297,0
DA:299,0
DA:305,2
DA:307,1
DA:311,1
DA:312,1
DA:314,1
DA:315,1
DA:317,0
DA:318,0
DA:323,2
DA:325,0
DA:329,2
DA:330,2
DA:331,2
DA:332,2
DA:333,2
DA:335,4
DA:337,0
DA:342,1
DA:344,0
DA:348,1
DA:353,1
DA:356,0
DA:362,3
DA:364,1
DA:368,2
DA:369,2
DA:370,2
DA:372,2
DA:374,1
DA:379,1
DA:380,1
DA:383,2
DA:386,2
DA:387,2
DA:392,0
DA:393,0
DA:398,0
DA:400,0
DA:404,0
DA:406,0
DA:410,2
DA:414,2
DA:416,0
DA:418,0
DA:424,0
DA:426,0
DA:430,0
DA:431,0
DA:432,0
DA:434,0
DA:439,3
DA:443,6
DA:445,0
LF:160
LH:92
end_of_record
SF:lib/core/services/cache/today_feed_timezone_service.dart
DA:19,2
DA:24,2
DA:28,2
DA:29,1
DA:35,2
DA:37,0
DA:41,2
DA:42,2
DA:43,2
DA:47,2
DA:48,4
DA:49,4
DA:50,4
DA:56,1
DA:60,1
DA:63,0
DA:64,0
DA:65,0
DA:67,0
DA:68,0
DA:72,0
DA:76,0
DA:79,0
DA:89,2
DA:92,0
DA:95,0
DA:97,0
DA:100,0
DA:107,3
DA:108,3
DA:109,3
DA:110,3
DA:113,6
DA:114,6
DA:115,3
DA:116,3
DA:119,6
DA:121,3
DA:123,3
DA:124,3
DA:126,3
DA:127,3
DA:128,3
DA:133,2
DA:137,0
DA:139,4
DA:143,2
DA:145,0
DA:149,2
DA:151,2
DA:153,0
DA:159,2
DA:163,6
DA:164,6
DA:168,2
DA:172,6
DA:176,0
DA:181,0
DA:185,0
DA:188,0
DA:189,0
DA:193,0
DA:194,0
DA:195,0
DA:196,0
DA:197,0
DA:203,0
DA:204,0
DA:205,0
DA:206,0
DA:213,0
DA:219,2
DA:220,1
DA:224,2
DA:227,0
DA:228,0
DA:231,4
DA:233,0
DA:238,0
DA:241,0
DA:242,0
DA:243,0
DA:244,0
DA:251,0
DA:253,0
DA:255,0
DA:256,0
DA:257,0
DA:263,0
DA:265,0
DA:266,0
DA:267,0
DA:268,0
DA:273,0
DA:278,2
DA:281,2
DA:282,2
DA:284,2
DA:285,2
DA:288,2
DA:289,0
DA:290,0
DA:291,0
DA:296,0
DA:297,0
DA:303,0
DA:309,0
DA:311,0
DA:315,0
DA:316,0
DA:320,0
DA:325,0
DA:329,0
DA:332,0
DA:333,0
DA:341,0
DA:347,2
DA:350,2
DA:351,2
DA:354,2
DA:355,2
DA:356,2
DA:357,2
DA:364,2
DA:368,2
DA:371,0
DA:374,2
DA:375,2
DA:376,2
DA:377,4
DA:384,2
DA:386,4
DA:390,2
DA:391,8
DA:392,0
DA:393,0
DA:396,8
DA:400,0
DA:402,0
DA:407,2
DA:408,6
DA:409,6
DA:410,6
DA:414,2
DA:416,0
DA:420,2
DA:421,2
DA:422,2
DA:424,2
DA:429,2
DA:433,2
DA:437,2
DA:440,0
DA:441,0
DA:442,0
DA:443,0
LF:156
LH:80
end_of_record
SF:lib/core/services/cache/strategies/today_feed_cache_initialization_strategy.dart
DA:82,40
DA:95,1
DA:100,1
DA:108,1
DA:112,1
DA:120,2
DA:125,1
DA:128,1
DA:135,1
DA:139,1
DA:173,2
DA:185,2
DA:193,2
DA:205,1
DA:212,1
DA:265,2
DA:269,2
DA:270,2
DA:274,1
DA:275,1
DA:279,1
DA:280,1
DA:284,1
DA:285,1
DA:287,2
DA:288,1
DA:293,1
DA:297,1
DA:298,1
DA:299,1
DA:300,1
DA:301,1
DA:302,1
DA:303,1
DA:306,5
DA:311,1
DA:315,1
DA:316,1
DA:317,1
DA:318,0
DA:319,1
DA:320,1
DA:321,0
DA:322,0
DA:323,0
DA:324,0
DA:329,0
DA:332,0
DA:335,0
DA:336,0
DA:337,0
DA:341,0
DA:344,0
DA:345,0
DA:346,0
DA:347,0
DA:350,0
DA:351,0
DA:359,1
DA:360,1
DA:361,1
DA:363,2
DA:367,1
DA:369,2
DA:373,1
DA:376,1
DA:377,1
DA:381,1
DA:384,1
DA:385,1
DA:389,1
DA:392,1
DA:393,1
DA:412,1
DA:416,1
DA:419,1
DA:421,1
DA:423,0
DA:424,0
DA:426,1
DA:428,1
DA:430,1
DA:433,1
DA:436,1
DA:439,0
DA:441,0
DA:442,0
DA:445,0
DA:446,0
DA:449,0
DA:452,0
DA:453,0
DA:454,0
DA:457,0
DA:458,0
DA:460,0
DA:461,0
DA:464,0
DA:465,0
DA:468,0
DA:470,0
DA:476,0
DA:477,0
DA:479,0
DA:480,0
DA:482,0
DA:489,0
DA:490,0
DA:503,1
DA:507,1
DA:510,1
DA:511,1
DA:513,0
DA:514,0
DA:516,0
DA:518,0
DA:520,1
DA:523,1
DA:525,1
DA:526,1
DA:527,1
DA:528,2
DA:529,1
DA:532,0
DA:534,0
DA:535,0
DA:538,0
DA:539,0
DA:542,0
DA:545,0
DA:546,0
DA:548,0
DA:549,0
DA:551,0
DA:552,0
DA:555,0
DA:556,0
DA:559,0
DA:561,0
DA:567,0
DA:568,0
DA:570,0
DA:571,0
DA:573,0
DA:580,0
DA:581,0
DA:592,2
DA:596,2
DA:599,2
DA:601,2
DA:603,0
DA:604,0
DA:606,1
DA:608,1
DA:610,2
DA:613,1
DA:615,1
DA:618,0
DA:620,0
DA:621,0
DA:624,0
DA:625,0
DA:628,0
DA:631,0
DA:633,0
DA:634,0
DA:636,0
DA:637,0
DA:640,0
DA:641,0
DA:644,0
DA:652,0
DA:653,0
DA:655,0
DA:656,0
DA:658,0
DA:671,1
DA:675,0
DA:678,0
DA:680,0
DA:682,0
DA:683,0
DA:685,0
DA:687,0
DA:689,1
DA:692,0
DA:694,0
DA:697,0
DA:699,0
DA:700,0
DA:703,0
DA:704,0
DA:707,0
DA:709,0
DA:710,0
DA:712,0
DA:713,0
DA:716,0
DA:717,0
DA:720,0
DA:724,0
DA:725,0
DA:727,0
DA:728,0
DA:730,0
DA:743,1
DA:747,0
DA:750,0
DA:752,0
DA:754,0
DA:755,0
DA:757,0
DA:759,0
DA:761,1
DA:764,0
DA:766,0
DA:769,0
DA:771,0
DA:772,0
DA:775,0
DA:776,0
DA:777,0
DA:780,0
DA:783,0
DA:785,0
DA:786,0
DA:788,0
DA:789,0
DA:792,0
DA:793,0
DA:796,0
DA:798,0
DA:804,0
DA:805,0
DA:807,0
DA:808,0
DA:810,0
LF:237
LH:89
end_of_record
SF:lib/core/services/cache/managers/today_feed_cache_metrics_aggregator.dart
DA:70,3
DA:75,3
DA:78,3
DA:79,3
DA:82,3
DA:83,2
DA:84,3
DA:85,4
DA:89,2
DA:90,2
DA:91,4
DA:92,2
DA:95,4
DA:99,3
DA:100,1
DA:101,1
DA:102,1
DA:112,2
DA:117,2
DA:120,2
DA:121,2
DA:124,2
DA:125,3
DA:129,1
DA:130,1
DA:131,2
DA:134,2
DA:135,2
DA:139,3
DA:140,1
DA:141,1
DA:142,1
DA:151,2
DA:155,2
DA:158,2
DA:161,2
DA:162,1
DA:163,2
DA:164,1
DA:165,1
DA:168,2
DA:171,2
DA:175,3
DA:176,1
DA:177,1
DA:178,1
DA:194,1
DA:196,1
DA:197,1
DA:200,2
DA:205,2
DA:208,2
DA:211,2
DA:216,2
DA:221,2
DA:223,3
DA:224,3
DA:228,0
DA:229,0
DA:230,0
DA:231,0
DA:240,1
DA:242,1
DA:243,1
DA:246,2
DA:251,2
DA:256,2
DA:261,2
DA:264,2
DA:266,3
DA:267,3
DA:271,0
DA:272,0
DA:273,0
DA:274,0
DA:283,1
DA:289,1
DA:290,1
DA:302,3
DA:303,1
DA:305,1
DA:306,1
DA:307,1
DA:315,1
DA:316,1
DA:317,1
DA:321,2
DA:323,1
DA:324,1
DA:326,1
DA:327,0
DA:328,1
DA:329,0
DA:332,1
DA:333,0
DA:334,1
DA:335,0
DA:336,0
DA:339,0
DA:340,0
DA:341,0
DA:343,0
DA:344,0
DA:345,0
DA:347,0
DA:348,0
DA:354,0
DA:355,0
DA:356,0
DA:362,0
DA:363,0
DA:373,3
DA:374,2
DA:389,1
DA:397,1
DA:398,1
DA:400,1
DA:403,2
DA:404,1
DA:405,1
DA:408,3
DA:409,3
DA:412,3
DA:413,2
DA:417,0
DA:418,0
DA:426,1
DA:432,1
DA:435,2
DA:438,2
DA:442,2
DA:447,2
DA:452,2
DA:456,2
DA:457,2
DA:458,2
DA:459,1
DA:467,0
DA:468,0
DA:469,0
DA:470,0
DA:483,3
DA:486,3
DA:487,3
DA:489,3
DA:491,2
DA:493,2
DA:494,6
DA:495,2
DA:496,4
DA:499,3
DA:500,2
DA:505,3
DA:506,3
DA:508,6
DA:509,6
DA:514,3
DA:515,3
DA:516,6
DA:518,6
DA:519,3
DA:531,1
DA:535,1
DA:537,1
DA:539,1
DA:540,1
DA:541,1
DA:542,1
DA:543,1
DA:544,2
DA:547,0
DA:548,0
DA:553,1
DA:558,1
DA:559,1
DA:561,1
DA:562,1
DA:563,1
DA:564,1
DA:569,2
DA:572,0
DA:573,0
DA:578,1
DA:582,2
DA:584,2
DA:587,1
DA:589,1
DA:592,3
DA:594,0
DA:600,1
DA:603,1
DA:606,2
DA:608,2
DA:609,2
DA:612,1
DA:613,1
DA:614,0
DA:615,1
DA:616,0
DA:617,1
DA:618,0
DA:625,2
DA:626,1
DA:627,0
DA:628,0
DA:630,1
DA:631,1
DA:638,1
DA:639,1
DA:640,0
DA:641,1
DA:642,0
DA:645,0
DA:646,0
DA:651,1
DA:652,0
DA:657,1
DA:660,1
DA:663,2
DA:664,1
DA:666,1
DA:667,0
DA:670,1
DA:671,1
DA:674,0
DA:675,0
DA:682,1
DA:687,2
DA:689,1
DA:692,1
DA:694,1
DA:700,1
DA:704,1
DA:707,0
DA:708,0
DA:713,1
DA:716,1
DA:719,2
DA:721,2
DA:722,2
DA:725,1
DA:726,1
DA:727,1
DA:734,1
DA:735,1
DA:736,0
DA:743,2
DA:744,1
DA:745,0
DA:748,1
DA:749,0
DA:754,0
DA:755,0
DA:762,1
DA:765,1
DA:768,1
DA:773,1
DA:776,1
DA:779,2
DA:781,2
DA:785,2
DA:786,1
DA:787,0
DA:792,1
DA:793,1
DA:794,0
DA:799,0
DA:800,0
DA:803,1
DA:804,1
DA:809,1
DA:812,1
DA:815,2
DA:817,2
DA:821,2
DA:822,1
DA:823,1
DA:826,0
DA:827,0
DA:833,1
DA:834,0
DA:839,0
DA:840,0
DA:843,1
DA:844,0
DA:849,1
DA:853,2
DA:855,2
DA:859,2
DA:860,3
DA:866,1
DA:868,1
DA:874,1
DA:875,1
DA:877,1
DA:878,1
DA:881,0
DA:882,0
DA:887,1
DA:890,1
DA:894,1
DA:899,1
DA:904,2
DA:905,2
DA:908,1
DA:910,2
DA:914,1
DA:916,1
DA:918,1
DA:919,1
DA:920,1
DA:923,0
DA:924,0
DA:929,1
DA:934,1
DA:935,1
DA:936,1
DA:944,1
DA:947,1
DA:951,2
DA:952,2
DA:953,2
DA:955,1
DA:956,1
DA:957,1
DA:958,1
DA:959,1
DA:960,2
DA:961,2
DA:963,0
DA:964,0
DA:971,1
DA:973,1
DA:974,1
DA:976,2
DA:978,2
DA:980,1
DA:981,1
DA:982,1
DA:983,1
DA:984,1
DA:985,2
DA:987,2
DA:988,2
DA:989,2
DA:992,0
DA:993,0
DA:994,0
DA:995,0
DA:1001,1
DA:1003,1
DA:1004,1
DA:1006,1
DA:1009,2
DA:1010,1
DA:1011,1
DA:1015,1
DA:1016,1
DA:1021,2
DA:1023,0
DA:1024,0
DA:1031,1
DA:1034,1
DA:1037,1
DA:1038,1
DA:1040,3
DA:1041,3
DA:1043,1
DA:1044,1
DA:1045,3
DA:1049,0
DA:1050,0
DA:1057,1
DA:1060,1
DA:1063,1
DA:1065,3
DA:1067,1
DA:1068,0
DA:1071,1
DA:1072,1
DA:1075,0
DA:1076,0
DA:1083,1
DA:1084,1
DA:1085,1
DA:1086,0
DA:1087,0
LF:387
LH:301
end_of_record
SF:lib/core/services/cache/offline/offline_cache_action_service.dart
DA:13,2
DA:15,2
DA:19,2
DA:22,2
DA:26,0
DA:27,0
DA:29,0
DA:32,0
DA:33,0
DA:34,0
DA:35,0
DA:37,0
DA:38,0
DA:39,0
DA:40,0
DA:44,0
DA:49,1
DA:55,1
DA:58,1
DA:59,1
DA:60,3
DA:61,3
DA:65,4
DA:69,2
DA:71,3
DA:72,1
DA:73,1
DA:74,1
DA:78,1
DA:79,4
DA:82,2
DA:83,2
DA:84,2
DA:87,0
DA:92,1
DA:94,1
DA:95,1
DA:97,4
DA:99,1
DA:100,1
DA:102,2
DA:105,1
DA:106,4
DA:109,0
DA:110,0
DA:112,0
DA:113,0
DA:114,0
DA:115,0
DA:116,0
DA:119,0
DA:120,0
DA:122,0
DA:125,0
DA:132,2
DA:136,0
DA:137,0
DA:142,1
DA:144,1
DA:145,1
DA:147,1
DA:148,1
DA:150,0
DA:151,0
DA:156,0
DA:158,0
DA:159,0
DA:160,0
DA:161,0
DA:162,0
DA:165,0
DA:166,0
DA:168,0
DA:173,0
DA:174,0
DA:175,0
LF:76
LH:36
end_of_record
SF:lib/core/services/cache/offline/offline_cache_error_service.dart
DA:13,2
DA:18,1
DA:20,1
DA:21,2
DA:23,3
DA:27,2
DA:28,3
DA:31,2
DA:32,2
DA:34,0
DA:39,1
DA:41,1
DA:42,1
DA:44,1
DA:45,1
DA:47,0
DA:48,0
DA:53,0
DA:54,0
DA:55,0
DA:60,0
DA:62,0
DA:63,0
DA:64,0
DA:65,0
DA:66,0
DA:67,0
DA:71,0
DA:76,0
DA:78,0
DA:79,0
DA:85,0
DA:86,0
DA:88,0
DA:90,0
DA:91,0
DA:92,0
DA:97,0
DA:98,0
DA:101,0
DA:102,0
DA:105,0
DA:106,0
LF:43
LH:14
end_of_record
SF:lib/core/services/cache/offline/offline_cache_content_service.dart
DA:19,2
DA:24,1
DA:30,0
DA:36,1
DA:38,1
DA:39,2
DA:40,2
DA:41,2
DA:47,1
DA:48,2
DA:49,3
DA:52,2
DA:53,2
DA:55,2
DA:56,1
DA:59,0
DA:60,0
DA:63,0
DA:69,1
DA:71,4
DA:72,1
DA:74,2
DA:76,2
DA:80,0
DA:85,1
DA:87,1
DA:89,2
DA:90,1
DA:91,2
DA:95,0
DA:100,1
DA:105,0
DA:109,1
DA:113,1
DA:118,0
DA:122,1
DA:123,1
DA:126,2
DA:131,0
DA:137,1
DA:141,0
DA:145,1
DA:149,1
DA:157,1
DA:158,1
DA:159,4
DA:161,0
DA:167,1
DA:171,0
DA:175,1
DA:179,1
DA:187,1
DA:188,2
DA:190,0
DA:196,0
DA:198,0
DA:200,0
DA:204,0
DA:206,0
DA:208,0
DA:212,0
DA:214,0
DA:218,0
DA:221,0
DA:223,0
DA:229,0
DA:231,0
DA:234,0
DA:235,0
DA:236,0
DA:240,0
DA:242,0
DA:245,0
DA:246,0
DA:247,0
DA:248,0
DA:254,0
DA:255,0
DA:258,0
LF:79
LH:41
end_of_record
SF:lib/core/services/cache/offline/offline_cache_validation_service.dart
DA:28,2
DA:33,2
DA:34,2
DA:35,2
DA:36,4
DA:37,2
DA:41,2
DA:44,4
DA:45,2
DA:46,2
DA:47,2
DA:48,2
DA:49,2
DA:50,2
DA:53,4
DA:58,1
DA:63,1
DA:66,1
DA:67,1
DA:68,1
DA:72,1
DA:77,2
DA:79,0
DA:85,1
DA:87,1
DA:90,1
DA:91,2
DA:92,2
DA:94,2
DA:96,0
DA:102,1
DA:106,1
DA:109,1
DA:110,2
DA:111,2
DA:113,2
DA:115,0
DA:121,0
DA:122,0
DA:123,0
DA:124,0
DA:125,0
DA:130,0
DA:131,0
DA:140,0
DA:145,0
DA:146,0
DA:150,0
DA:151,0
DA:152,0
LF:50
LH:34
end_of_record
SF:lib/core/services/cache/offline/offline_cache_maintenance_service.dart
DA:20,2
DA:25,1
DA:32,0
DA:36,1
DA:39,0
DA:40,0
DA:41,0
DA:45,1
DA:46,1
DA:50,0
DA:51,0
DA:54,1
DA:55,2
DA:56,2
DA:60,0
DA:66,1
DA:68,0
DA:72,2
DA:73,1
DA:74,1
DA:75,1
DA:76,1
DA:77,1
DA:78,1
DA:81,2
DA:83,0
DA:89,0
DA:91,0
DA:95,0
DA:98,0
DA:100,0
DA:111,0
DA:113,0
DA:115,0
DA:121,0
DA:123,0
DA:127,0
DA:128,0
DA:131,0
DA:132,0
DA:133,0
DA:135,0
DA:138,0
DA:145,0
DA:146,0
DA:149,0
DA:156,0
DA:157,0
DA:160,0
DA:163,0
DA:169,0
DA:174,0
DA:177,0
DA:179,0
DA:189,0
DA:193,0
DA:196,0
DA:199,0
DA:201,0
DA:202,0
DA:204,0
DA:205,0
DA:208,0
LF:63
LH:17
end_of_record
SF:lib/core/services/cache/offline/offline_cache_stats_service.dart
DA:23,2
DA:28,1
DA:29,1
DA:30,1
DA:31,1
DA:32,1
DA:33,1
DA:36,1
DA:39,1
DA:40,1
DA:43,1
DA:45,1
DA:46,1
DA:47,1
DA:48,1
DA:49,1
DA:50,1
DA:51,1
DA:52,1
DA:53,1
DA:54,1
DA:56,1
DA:57,1
DA:62,1
DA:64,1
DA:67,1
DA:68,2
DA:70,0
DA:76,1
DA:77,1
DA:81,0
DA:83,0
DA:84,0
DA:87,0
DA:88,0
DA:89,0
DA:93,0
DA:98,0
DA:103,1
DA:105,1
DA:108,1
DA:109,1
DA:110,1
DA:112,2
DA:114,0
DA:120,1
DA:122,1
DA:123,1
DA:125,1
DA:126,1
DA:128,0
DA:129,0
DA:134,1
DA:141,1
DA:142,2
DA:143,0
DA:145,2
DA:146,2
LF:58
LH:45
end_of_record
SF:lib/core/services/cache/offline/offline_cache_sync_service.dart
DA:12,2
DA:17,1
DA:19,0
DA:22,1
DA:23,3
DA:27,1
DA:29,0
DA:32,1
DA:36,1
DA:38,0
DA:42,2
DA:45,1
DA:47,2
DA:52,2
DA:54,0
DA:59,1
DA:61,0
DA:64,1
DA:68,1
DA:70,0
DA:76,1
DA:78,0
DA:81,1
DA:82,1
DA:84,1
DA:86,1
DA:89,3
LF:27
LH:20
end_of_record
SF:lib/core/services/cache/today_feed_cache_compatibility_layer.dart
DA:58,1
DA:61,1
DA:80,1
DA:81,1
DA:82,1
DA:97,1
DA:98,1
DA:99,1
DA:113,1
DA:114,1
DA:115,1
DA:124,0
DA:127,0
DA:128,0
DA:135,1
DA:136,1
DA:137,1
DA:144,1
DA:145,1
DA:146,1
DA:153,1
DA:154,1
DA:155,1
DA:166,1
DA:167,1
DA:168,1
DA:177,1
DA:182,1
DA:183,1
DA:198,1
DA:199,1
DA:200,1
DA:207,1
DA:208,1
DA:209,1
DA:216,1
DA:217,1
DA:218,1
DA:229,1
DA:230,1
DA:231,1
DA:238,1
DA:239,1
DA:240,1
DA:253,1
DA:254,1
DA:257,1
DA:259,2
DA:261,2
DA:263,2
DA:266,1
DA:267,2
DA:278,1
DA:279,1
DA:280,1
DA:281,1
DA:290,1
DA:291,1
DA:292,1
DA:293,1
DA:294,1
DA:304,1
DA:305,1
DA:306,1
DA:307,1
DA:308,1
DA:318,1
DA:319,1
DA:320,1
DA:331,1
DA:332,1
DA:383,0
DA:384,0
DA:390,0
DA:391,0
LF:75
LH:68
end_of_record
SF:lib/core/services/cache/today_feed_cache_health_analyzer.dart
DA:10,2
DA:15,2
DA:17,0
DA:22,2
DA:23,2
DA:24,2
DA:25,2
DA:28,2
DA:30,2
DA:36,2
DA:44,0
DA:45,0
DA:46,0
DA:47,0
DA:48,0
DA:49,0
DA:50,0
DA:51,0
DA:57,2
DA:60,2
DA:61,2
DA:62,2
DA:65,6
DA:67,2
DA:68,2
DA:74,2
DA:75,2
DA:76,2
DA:77,2
DA:78,2
DA:80,2
DA:85,2
DA:92,0
DA:93,0
DA:94,0
DA:95,0
DA:101,0
DA:107,0
DA:108,0
DA:114,2
DA:121,2
DA:122,2
DA:123,2
DA:127,4
DA:129,4
DA:131,2
DA:132,0
DA:133,0
DA:135,0
DA:138,2
DA:139,2
DA:140,4
DA:144,2
DA:145,0
DA:146,0
DA:152,4
DA:156,2
DA:157,0
DA:158,0
DA:160,0
DA:163,2
DA:164,2
DA:165,4
DA:171,4
DA:174,2
DA:175,0
DA:176,0
DA:178,0
DA:179,0
DA:180,0
DA:187,4
DA:191,2
DA:192,2
DA:197,2
DA:203,2
DA:204,2
DA:207,2
DA:210,2
DA:212,2
DA:222,2
DA:231,0
DA:232,0
DA:233,0
DA:234,0
DA:241,0
DA:242,0
DA:243,0
DA:249,2
DA:251,2
DA:254,2
DA:256,2
DA:263,2
DA:265,2
DA:273,2
DA:275,2
DA:283,2
DA:285,2
DA:287,2
DA:294,2
DA:299,2
DA:304,2
DA:310,2
DA:311,2
DA:312,2
DA:313,0
DA:317,2
DA:318,2
DA:319,2
DA:320,2
DA:324,2
DA:329,6
DA:330,2
DA:331,0
DA:332,0
DA:336,2
DA:344,0
DA:345,4
DA:346,4
DA:347,4
DA:349,2
DA:350,2
DA:351,0
DA:355,2
DA:361,2
DA:363,2
DA:369,2
DA:378,2
DA:384,2
DA:386,4
DA:387,0
DA:390,4
DA:391,0
DA:394,2
DA:395,4
DA:396,0
DA:399,4
DA:402,2
DA:408,2
DA:410,4
DA:411,2
DA:414,4
DA:415,2
DA:418,2
DA:419,4
DA:420,0
DA:423,2
DA:424,0
DA:428,2
DA:433,2
DA:435,2
DA:436,0
DA:438,2
DA:439,0
DA:441,2
DA:442,0
DA:445,2
DA:446,2
DA:452,2
DA:457,2
DA:459,2
DA:460,0
DA:467,2
DA:468,0
DA:475,2
DA:476,0
DA:483,2
DA:484,2
LF:167
LH:115
end_of_record
SF:lib/core/services/cache/today_feed_cache_metrics_collector.dart
DA:13,2
DA:19,2
DA:21,0
DA:25,2
DA:26,2
DA:29,2
DA:30,4
DA:31,2
DA:32,2
DA:34,2
DA:35,2
DA:36,4
DA:40,2
DA:41,4
DA:42,2
DA:44,4
DA:45,2
DA:48,2
DA:49,2
DA:50,6
DA:51,2
DA:52,4
DA:56,2
DA:57,4
DA:58,2
DA:59,2
DA:61,4
DA:62,2
DA:63,4
DA:67,4
DA:68,4
DA:72,4
DA:73,2
DA:74,2
DA:75,6
DA:76,6
DA:77,2
DA:78,2
DA:79,2
DA:81,2
DA:82,2
DA:83,6
DA:84,6
DA:85,2
DA:86,2
DA:87,2
DA:89,2
DA:90,2
DA:91,6
DA:92,6
DA:93,2
DA:94,2
DA:95,2
DA:100,2
DA:101,2
DA:102,2
DA:104,4
DA:105,4
DA:106,4
DA:107,4
DA:108,2
DA:116,4
DA:124,0
DA:125,0
DA:126,0
DA:127,0
DA:128,0
DA:129,0
DA:135,2
DA:139,2
DA:142,2
DA:144,2
DA:145,2
DA:149,2
DA:150,4
DA:151,6
DA:157,2
DA:158,2
DA:160,2
DA:161,2
DA:165,2
DA:171,2
DA:175,6
DA:176,2
DA:178,2
DA:181,2
DA:182,2
DA:186,0
DA:187,0
DA:188,0
DA:189,0
DA:190,0
DA:191,0
DA:197,2
DA:199,2
DA:200,2
DA:201,2
DA:202,2
DA:204,2
DA:206,2
DA:207,6
DA:208,6
DA:209,2
DA:210,2
DA:212,2
DA:219,2
DA:229,0
DA:230,0
DA:231,0
DA:232,0
DA:233,0
DA:234,0
DA:235,0
DA:239,0
DA:240,0
DA:241,0
DA:253,1
DA:261,3
DA:265,3
DA:269,3
DA:274,3
DA:276,1
DA:277,1
DA:278,1
DA:280,3
DA:283,3
DA:286,3
DA:291,1
DA:292,2
DA:296,1
DA:299,0
DA:300,0
DA:301,0
DA:302,0
DA:310,0
DA:311,0
DA:315,0
DA:321,2
DA:322,2
DA:323,10
DA:326,2
DA:327,2
DA:328,4
DA:329,4
DA:330,6
DA:331,0
DA:333,4
DA:336,2
DA:337,2
DA:338,2
DA:340,16
DA:341,2
DA:342,2
DA:345,2
DA:346,4
DA:347,0
DA:348,0
DA:352,2
DA:357,6
DA:358,4
DA:361,2
DA:366,2
DA:368,2
DA:369,2
DA:370,0
DA:371,0
DA:374,2
DA:375,2
DA:376,0
DA:377,0
DA:380,2
DA:381,2
DA:382,0
DA:383,0
DA:386,2
DA:389,2
DA:394,2
DA:395,2
DA:399,0
DA:400,0
DA:401,0
DA:403,0
DA:404,0
DA:405,0
DA:412,2
DA:418,0
DA:419,0
DA:420,6
DA:421,2
DA:424,2
DA:425,2
DA:426,2
DA:427,2
DA:431,2
DA:433,2
DA:435,2
DA:436,2
DA:439,0
DA:440,0
DA:441,6
DA:443,2
DA:447,2
DA:448,2
DA:451,6
DA:455,2
DA:456,2
DA:463,2
DA:464,2
DA:471,2
DA:492,2
DA:496,2
DA:498,2
DA:499,2
DA:501,0
DA:502,0
DA:504,0
DA:505,0
LF:217
LH:164
end_of_record
SF:lib/core/services/cache/today_feed_cache_report_generator.dart
DA:12,2
DA:17,2
DA:21,0
DA:25,4
DA:29,2
DA:31,2
DA:35,2
DA:37,2
DA:39,2
DA:41,2
DA:43,2
DA:44,4
DA:45,2
DA:52,2
DA:60,4
DA:63,0
DA:64,0
DA:65,0
DA:66,0
DA:72,0
DA:77,0
DA:79,0
DA:80,0
DA:82,0
DA:83,0
DA:85,0
DA:87,0
DA:89,0
DA:90,0
DA:92,0
DA:94,0
DA:95,0
DA:96,0
DA:98,0
DA:99,0
DA:106,0
DA:107,0
DA:108,0
DA:109,0
DA:111,0
DA:112,0
DA:119,0
DA:124,0
DA:126,0
DA:128,0
DA:129,0
DA:131,0
DA:134,0
DA:135,0
DA:136,0
DA:137,0
DA:138,0
DA:140,0
DA:141,0
DA:142,0
DA:144,0
DA:145,0
DA:148,0
DA:151,0
DA:152,0
DA:153,0
DA:154,0
DA:156,0
DA:164,0
DA:169,0
DA:170,0
DA:172,0
DA:173,0
DA:174,0
DA:178,0
DA:179,0
DA:181,0
DA:183,0
DA:184,0
DA:186,0
DA:188,0
DA:189,0
DA:190,0
DA:193,0
DA:196,0
DA:197,0
DA:198,0
DA:199,0
DA:200,0
DA:209,0
DA:214,0
DA:216,0
DA:222,0
DA:223,0
DA:224,0
DA:225,0
DA:226,0
DA:227,0
DA:236,0
DA:248,0
DA:249,0
DA:251,0
DA:253,0
DA:258,0
DA:261,0
DA:262,0
DA:263,0
DA:267,0
DA:268,0
DA:271,0
DA:275,0
DA:276,0
DA:277,0
DA:281,0
DA:282,0
DA:283,0
DA:287,0
DA:288,0
DA:289,0
DA:293,0
DA:297,0
DA:302,0
DA:303,0
DA:307,0
DA:311,0
DA:315,0
DA:316,0
DA:317,0
DA:318,0
DA:320,0
DA:328,0
DA:329,0
DA:330,0
DA:333,0
DA:337,0
DA:341,0
DA:344,0
DA:345,0
DA:357,0
DA:360,0
DA:361,0
DA:373,0
DA:377,0
DA:390,0
DA:394,0
DA:396,0
DA:398,0
DA:399,0
DA:400,0
DA:401,0
DA:403,0
DA:404,0
DA:408,0
DA:409,0
DA:414,0
DA:415,0
DA:421,0
DA:424,0
DA:427,0
DA:430,0
DA:433,0
DA:434,0
DA:437,0
DA:438,0
DA:441,0
DA:442,0
DA:448,0
DA:449,0
DA:457,0
DA:460,0
DA:462,0
DA:464,0
DA:467,0
DA:468,0
DA:470,0
DA:471,0
DA:473,0
DA:474,0
DA:476,0
DA:477,0
DA:480,0
DA:486,0
DA:487,0
DA:488,0
DA:491,0
DA:496,0
DA:498,0
LF:182
LH:14
end_of_record
SF:lib/core/services/error_handling_service.dart
DA:38,0
DA:48,0
DA:51,0
DA:56,0
DA:57,0
DA:69,0
DA:70,0
DA:82,0
DA:83,0
DA:86,0
DA:95,0
DA:97,0
DA:99,0
DA:102,0
DA:115,0
DA:118,0
DA:127,0
DA:129,0
DA:140,39
DA:148,0
DA:150,0
DA:156,0
DA:162,0
DA:169,0
DA:184,0
DA:188,0
DA:198,0
DA:199,0
DA:202,0
DA:205,0
DA:206,0
DA:207,0
DA:213,0
DA:216,0
DA:217,0
DA:218,0
DA:219,0
DA:220,0
DA:224,0
DA:227,0
DA:232,0
DA:234,0
DA:235,0
DA:236,0
DA:239,0
DA:241,0
DA:242,0
DA:245,0
DA:254,0
DA:256,0
DA:259,0
DA:260,0
DA:264,0
DA:266,0
DA:267,0
DA:268,0
DA:270,0
DA:271,0
DA:273,0
DA:274,0
DA:276,0
DA:277,0
DA:283,0
DA:284,0
DA:285,0
DA:290,0
DA:291,0
DA:292,0
DA:293,0
DA:299,0
DA:300,0
DA:304,0
DA:305,0
DA:306,0
DA:309,0
DA:310,0
DA:311,0
DA:313,0
DA:314,0
DA:316,0
DA:317,0
DA:318,0
DA:319,0
DA:322,0
DA:323,0
DA:324,0
DA:325,0
DA:326,0
DA:328,0
LF:89
LH:1
end_of_record
SF:lib/core/services/offline_cache_service.dart
DA:51,3
DA:54,3
DA:57,2
DA:58,2
DA:61,2
DA:62,2
DA:63,2
DA:64,2
DA:65,2
DA:66,2
DA:83,1
DA:88,1
DA:89,1
DA:104,1
DA:108,1
DA:109,1
DA:121,1
DA:124,1
DA:125,1
DA:136,1
DA:139,1
DA:140,1
DA:156,1
DA:160,1
DA:161,1
DA:180,1
DA:186,1
DA:187,1
DA:199,1
DA:200,1
DA:201,1
DA:214,0
DA:215,0
DA:216,0
DA:222,0
DA:223,0
DA:224,0
DA:239,1
DA:244,1
DA:245,1
DA:256,1
DA:257,1
DA:258,1
DA:264,1
DA:265,1
DA:266,1
DA:272,0
DA:273,0
DA:274,0
DA:280,0
DA:281,0
DA:282,0
DA:292,1
DA:293,1
DA:294,1
DA:300,1
DA:301,1
DA:302,1
DA:308,1
DA:309,1
DA:310,1
DA:320,1
DA:321,1
DA:322,1
DA:328,1
DA:329,1
DA:330,1
DA:336,0
DA:337,0
DA:338,0
DA:355,1
DA:356,1
DA:357,1
DA:364,0
DA:365,0
DA:366,0
DA:372,2
DA:373,2
DA:374,1
DA:385,0
DA:386,0
DA:389,0
DA:400,1
DA:404,2
DA:407,1
DA:416,1
DA:417,2
DA:420,1
DA:429,0
DA:436,0
LF:90
LH:67
end_of_record
SF:lib/core/services/cache/today_feed_cache_migration_manager.dart
DA:110,1
DA:111,2
DA:112,1
DA:113,1
DA:114,1
DA:115,1
DA:124,3
DA:132,1
DA:136,1
DA:140,1
DA:141,1
DA:143,1
DA:148,1
DA:150,1
DA:153,2
DA:158,1
DA:159,0
DA:161,0
DA:168,1
DA:169,0
DA:170,0
DA:172,0
DA:177,2
DA:178,2
DA:181,0
DA:187,0
DA:189,0
DA:195,0
DA:198,0
DA:206,1
DA:207,1
DA:211,2
DA:212,0
DA:220,2
DA:221,0
DA:227,1
DA:228,1
DA:233,1
DA:236,1
DA:237,0
DA:239,1
DA:240,0
DA:242,1
DA:245,0
DA:249,0
DA:250,0
DA:251,0
DA:260,0
DA:265,0
DA:268,0
DA:269,0
DA:271,0
DA:272,0
DA:274,0
DA:276,0
DA:277,0
DA:279,0
DA:280,0
DA:282,0
DA:283,0
DA:288,0
DA:290,0
DA:291,0
DA:292,0
DA:300,1
DA:302,1
DA:303,0
DA:304,1
DA:305,3
DA:306,0
DA:311,1
DA:312,1
DA:314,1
DA:315,2
DA:317,2
DA:318,1
DA:319,1
DA:320,2
DA:323,2
DA:324,3
DA:329,1
DA:331,1
DA:332,1
DA:333,3
DA:334,0
DA:339,0
DA:340,0
DA:341,0
DA:343,0
DA:344,0
DA:345,0
DA:348,0
DA:352,0
DA:353,0
DA:357,0
DA:358,0
DA:359,0
DA:360,0
DA:362,0
DA:370,1
DA:375,1
DA:376,0
DA:383,0
DA:387,0
DA:391,0
DA:392,0
DA:395,0
DA:398,0
DA:403,0
DA:404,0
DA:408,0
DA:410,0
DA:411,0
DA:412,0
DA:413,0
DA:420,0
DA:421,0
DA:424,0
DA:425,0
DA:426,0
DA:427,0
DA:428,0
DA:436,0
DA:438,0
DA:439,0
DA:441,0
DA:445,0
DA:446,0
DA:447,0
DA:448,0
DA:450,0
DA:451,0
DA:453,0
DA:464,0
DA:468,0
DA:472,0
DA:475,0
DA:478,0
DA:480,0
DA:481,0
DA:484,0
DA:486,0
DA:492,0
DA:493,0
DA:494,0
DA:495,0
DA:499,0
DA:500,0
DA:502,0
DA:503,0
DA:506,0
DA:509,0
DA:513,0
DA:514,0
DA:515,0
DA:516,0
DA:524,0
DA:525,0
DA:528,0
DA:529,0
DA:530,0
DA:534,0
DA:535,0
DA:537,0
DA:538,0
DA:541,0
DA:542,0
DA:543,0
DA:544,0
DA:545,0
DA:547,0
DA:550,0
DA:552,0
DA:554,0
DA:555,0
DA:556,0
DA:560,0
DA:562,0
DA:563,0
DA:566,0
DA:567,0
DA:568,0
DA:571,0
DA:573,0
DA:574,0
DA:579,0
DA:581,0
DA:584,0
DA:587,0
DA:588,0
DA:591,0
DA:597,0
DA:601,0
DA:604,0
DA:605,0
DA:607,0
DA:608,0
DA:618,0
DA:619,0
DA:621,0
DA:622,0
DA:624,0
DA:626,0
DA:627,0
DA:628,0
DA:629,0
DA:630,0
DA:632,0
DA:635,0
DA:640,0
DA:641,0
DA:642,0
DA:643,0
DA:648,0
DA:649,0
DA:650,0
DA:654,1
DA:656,0
DA:662,2
DA:666,2
LF:220
LH:52
end_of_record
SF:lib/core/services/push_notification_trigger_service.dart
DA:11,0
DA:12,0
DA:14,0
DA:20,0
DA:26,0
DA:29,0
DA:30,0
DA:31,0
DA:32,0
DA:33,0
DA:37,0
DA:44,0
DA:48,0
DA:49,0
DA:50,0
DA:54,0
DA:57,0
DA:61,0
DA:62,0
DA:63,0
DA:64,0
DA:65,0
DA:66,0
DA:67,0
DA:70,0
DA:74,0
DA:78,0
DA:83,0
DA:84,0
DA:85,0
DA:86,0
DA:87,0
DA:88,0
DA:89,0
DA:90,0
DA:91,0
DA:92,0
DA:93,0
DA:96,0
DA:100,0
DA:105,0
DA:113,0
DA:117,0
DA:118,0
DA:119,0
DA:120,0
DA:121,0
DA:122,0
DA:123,0
DA:124,0
DA:127,0
DA:134,0
DA:137,0
DA:142,0
DA:143,0
DA:144,0
DA:145,0
DA:146,0
DA:147,0
DA:148,0
DA:149,0
DA:154,0
DA:159,0
DA:167,0
DA:169,0
DA:171,0
DA:173,0
DA:175,0
DA:181,0
DA:184,0
DA:185,0
DA:186,0
DA:188,0
DA:189,0
DA:190,0
DA:191,0
DA:192,0
DA:193,0
DA:194,0
DA:195,0
DA:198,0
DA:200,0
DA:201,0
DA:202,0
DA:204,0
DA:206,0
DA:207,0
DA:224,2
DA:234,1
DA:241,2
DA:242,2
DA:243,3
DA:244,2
DA:245,2
DA:256,1
DA:263,1
DA:264,1
DA:265,1
DA:266,1
DA:268,1
DA:269,3
DA:270,1
DA:272,1
DA:273,2
DA:287,1
DA:295,1
DA:296,1
DA:297,1
DA:298,1
DA:299,1
DA:300,1
DA:301,1
DA:313,1
DA:320,1
DA:321,1
DA:322,1
DA:323,1
DA:324,1
DA:325,1
DA:338,1
DA:346,1
DA:347,1
DA:348,2
DA:349,1
DA:350,1
DA:351,1
DA:352,1
DA:369,1
DA:381,1
DA:382,1
DA:383,1
DA:384,1
DA:385,1
DA:386,1
DA:387,1
DA:388,1
DA:389,2
DA:390,3
DA:391,1
DA:406,1
DA:416,1
DA:417,1
DA:418,1
DA:419,1
DA:420,1
DA:421,1
DA:422,1
DA:423,1
DA:424,1
DA:428,1
DA:429,1
DA:436,2
DA:440,2
DA:441,1
DA:442,1
DA:443,1
DA:444,1
DA:445,1
DA:446,1
DA:447,1
LF:160
LH:73
end_of_record
SF:lib/core/services/notification_content_service.dart
DA:21,1
DA:30,1
DA:31,1
DA:32,3
DA:33,1
DA:34,1
DA:35,2
DA:36,6
DA:42,1
DA:43,1
DA:44,1
DA:45,1
DA:46,1
DA:47,1
DA:48,2
DA:49,4
DA:54,0
DA:56,0
DA:67,1
DA:74,1
DA:75,1
DA:76,2
DA:77,2
DA:78,2
DA:79,3
DA:83,0
DA:85,0
DA:91,1
DA:92,1
DA:94,1
DA:100,1
DA:106,2
DA:113,1
DA:117,1
DA:122,2
DA:128,1
DA:132,1
DA:137,2
DA:143,1
DA:147,1
DA:152,2
DA:158,1
DA:162,1
DA:168,2
DA:175,1
DA:179,0
DA:188,0
DA:189,0
DA:190,0
DA:191,0
DA:192,0
DA:193,0
DA:196,0
DA:198,0
DA:206,0
DA:210,1
DA:211,2
DA:215,1
DA:218,1
DA:219,1
DA:220,1
DA:221,1
DA:222,1
DA:224,1
DA:225,1
DA:226,2
DA:227,1
DA:228,1
DA:229,1
DA:230,1
DA:233,1
LF:71
LH:57
end_of_record
SF:lib/features/today_feed/data/services/today_feed_performance_monitor.dart
DA:25,3
DA:29,1
DA:33,1
DA:34,1
DA:37,2
DA:39,0
DA:45,1
DA:47,1
DA:49,1
DA:53,1
DA:57,4
DA:58,4
DA:60,2
DA:61,2
DA:67,1
DA:73,2
DA:77,2
DA:78,1
DA:79,1
DA:81,1
DA:86,1
DA:88,1
DA:89,1
DA:92,1
DA:93,1
DA:95,2
DA:96,2
DA:97,2
DA:104,1
DA:109,1
DA:113,1
DA:116,4
DA:119,1
DA:128,1
DA:130,0
DA:133,1
DA:134,1
DA:136,1
DA:137,1
DA:138,1
DA:139,1
DA:140,1
DA:141,1
DA:142,2
DA:143,1
DA:144,1
DA:148,1
DA:149,1
DA:154,1
DA:158,0
DA:161,1
DA:162,1
DA:164,1
DA:166,1
DA:167,1
DA:168,1
DA:169,1
DA:170,1
DA:171,1
DA:172,1
DA:173,1
DA:174,1
DA:175,1
DA:176,1
DA:181,1
DA:184,1
DA:186,2
DA:189,2
DA:191,0
DA:195,0
DA:196,0
DA:199,0
DA:200,0
DA:201,0
DA:202,0
DA:203,0
DA:204,0
DA:205,0
DA:206,0
DA:207,0
DA:209,0
DA:213,0
DA:214,0
DA:218,1
DA:219,0
DA:220,0
DA:221,0
DA:224,0
DA:225,0
DA:226,0
DA:227,0
DA:230,0
DA:233,0
DA:234,0
DA:236,0
DA:239,0
DA:240,0
DA:245,1
DA:249,1
DA:250,1
DA:253,2
DA:254,0
DA:256,0
DA:260,4
DA:261,2
DA:263,0
DA:268,0
DA:270,0
DA:271,0
DA:274,0
DA:275,0
DA:278,0
DA:279,0
DA:281,0
DA:286,1
DA:288,1
DA:289,1
DA:293,1
DA:295,0
DA:296,0
DA:301,0
DA:303,0
DA:304,0
DA:308,0
DA:310,0
DA:311,0
DA:316,2
DA:318,1
DA:321,1
DA:324,0
DA:325,0
DA:327,0
DA:330,1
DA:333,1
DA:336,0
DA:338,0
DA:340,0
DA:341,0
DA:342,0
DA:344,0
DA:347,1
DA:351,1
DA:354,0
DA:356,0
DA:357,0
DA:359,0
DA:362,1
DA:365,1
DA:368,0
DA:370,0
DA:373,1
DA:376,1
DA:379,0
DA:381,0
DA:384,1
DA:387,1
DA:389,1
DA:390,0
DA:391,0
DA:392,0
DA:396,1
DA:399,1
DA:400,1
DA:402,1
DA:403,0
DA:406,1
DA:407,0
DA:408,0
DA:411,1
DA:412,0
DA:415,0
DA:422,1
DA:424,1
DA:426,2
DA:428,1
DA:430,1
DA:432,1
DA:434,1
DA:436,1
DA:441,1
DA:445,1
DA:447,1
DA:449,1
DA:451,1
DA:453,1
DA:455,1
DA:458,1
DA:459,2
DA:460,1
DA:466,1
DA:468,1
DA:514,1
DA:525,2
DA:526,1
DA:527,2
DA:528,2
DA:529,2
DA:530,2
DA:531,2
DA:532,1
DA:533,1
DA:547,0
DA:557,0
DA:558,0
DA:559,0
DA:560,0
DA:561,0
DA:562,0
DA:563,0
DA:564,0
DA:581,1
DA:610,1
LF:212
LH:128
end_of_record
SF:lib/core/services/responsive_service.dart
DA:25,18
DA:26,54
DA:28,18
DA:30,17
DA:32,17
DA:34,17
DA:42,15
DA:43,15
DA:46,15
DA:48,14
DA:50,14
DA:52,14
DA:54,0
DA:60,5
DA:61,5
DA:64,5
DA:66,5
DA:68,5
DA:70,5
DA:72,0
DA:78,18
DA:79,18
DA:82,18
DA:84,17
DA:86,17
DA:88,17
DA:90,0
DA:96,12
DA:97,24
DA:100,16
DA:101,32
DA:104,14
DA:105,28
DA:108,7
DA:109,14
DA:112,0
DA:113,0
DA:116,2
DA:117,4
DA:120,1
DA:121,1
DA:122,1
DA:126,5
DA:127,5
DA:128,5
DA:132,0
DA:133,0
DA:134,0
DA:138,2
DA:142,4
DA:143,2
DA:147,0
DA:151,0
DA:152,0
DA:156,17
DA:157,17
DA:160,17
DA:162,16
DA:164,16
DA:166,16
DA:168,0
DA:174,5
DA:175,5
DA:178,5
DA:180,5
DA:182,5
DA:184,5
DA:186,0
DA:192,7
DA:193,7
DA:196,7
DA:198,7
DA:200,7
DA:202,7
DA:204,0
DA:210,3
DA:211,3
DA:214,3
DA:216,3
DA:218,3
DA:220,3
DA:222,0
DA:228,4
DA:229,4
DA:232,4
DA:234,4
DA:236,4
DA:238,4
DA:240,0
DA:246,2
DA:247,2
DA:250,2
DA:252,2
DA:254,2
DA:256,2
DA:258,0
DA:264,2
DA:265,6
DA:269,2
DA:270,2
DA:271,2
DA:274,2
DA:276,2
DA:278,2
DA:280,2
DA:282,0
DA:288,2
DA:289,2
DA:292,2
DA:293,2
DA:294,2
DA:296,2
DA:298,0
DA:304,18
DA:305,18
DA:308,18
DA:310,17
DA:312,17
DA:314,17
DA:316,0
DA:322,14
DA:323,14
DA:324,14
DA:328,10
DA:329,10
DA:330,10
DA:334,2
DA:335,2
DA:336,2
DA:344,0
DA:346,0
DA:348,0
DA:349,0
DA:359,2
DA:366,2
DA:368,2
DA:370,4
DA:372,2
DA:373,2
DA:375,2
DA:378,3
DA:379,1
LF:142
LH:118
end_of_record
SF:lib/features/today_feed/data/services/today_feed_content_quality_service.dart
DA:26,1
DA:31,1
DA:32,1
DA:35,2
DA:37,0
DA:43,0
DA:44,0
DA:48,1
DA:52,0
DA:57,1
DA:62,1
DA:67,1
DA:68,2
DA:69,1
DA:70,1
DA:71,1
DA:72,1
DA:76,1
DA:77,1
DA:79,1
DA:80,1
DA:84,1
DA:85,2
DA:87,2
DA:88,1
DA:90,1
DA:91,1
DA:92,1
DA:93,1
DA:94,3
DA:95,3
DA:97,1
DA:98,1
DA:106,1
DA:109,1
DA:113,0
DA:114,0
DA:115,0
DA:116,0
DA:122,0
DA:126,0
DA:131,0
DA:134,0
DA:138,0
DA:139,0
DA:140,0
DA:141,0
DA:147,1
DA:149,0
DA:152,1
DA:156,0
DA:158,0
DA:161,0
DA:165,0
DA:172,0
DA:175,0
DA:184,0
DA:186,0
DA:189,0
DA:193,0
DA:195,0
DA:198,0
DA:202,0
DA:208,0
DA:211,0
DA:219,0
DA:224,0
DA:227,0
DA:234,0
DA:235,0
DA:239,0
DA:240,0
DA:244,0
DA:246,0
DA:249,0
DA:250,0
DA:254,0
DA:256,0
DA:259,0
DA:263,0
DA:267,0
DA:272,0
DA:273,0
DA:275,0
DA:276,0
DA:277,0
DA:280,0
DA:282,0
DA:283,0
DA:287,0
DA:291,0
DA:294,0
DA:295,0
DA:296,0
DA:297,0
DA:303,1
DA:304,1
DA:305,1
DA:307,2
DA:313,1
DA:321,2
DA:322,2
DA:323,2
DA:324,2
DA:325,1
DA:329,1
DA:336,1
DA:339,1
DA:342,1
DA:345,1
DA:351,1
DA:356,1
DA:359,2
DA:362,2
DA:365,1
DA:366,0
DA:369,1
DA:370,1
DA:373,1
DA:374,0
DA:378,2
DA:382,0
DA:386,0
DA:390,0
DA:394,0
DA:395,0
DA:414,0
DA:424,0
DA:428,0
DA:429,0
DA:431,0
DA:435,0
LF:132
LH:57
end_of_record
SF:lib/features/today_feed/data/services/today_feed_content_quality_models.dart
DA:13,1
DA:14,1
DA:15,3
DA:16,0
DA:31,1
DA:32,1
DA:33,3
DA:34,0
DA:52,1
DA:64,0
DA:75,0
DA:76,0
DA:77,0
DA:78,0
DA:79,0
DA:80,0
DA:81,0
DA:82,0
DA:83,0
DA:84,0
DA:88,2
DA:89,1
DA:90,2
DA:91,2
DA:92,1
DA:93,1
DA:94,1
DA:95,2
DA:96,1
DA:97,1
DA:100,1
DA:101,1
DA:102,1
DA:103,2
DA:104,2
DA:105,1
DA:106,1
DA:107,2
DA:108,2
DA:109,1
DA:111,1
DA:112,0
DA:135,1
DA:151,0
DA:155,0
DA:163,0
DA:164,0
DA:166,0
DA:167,0
DA:172,2
DA:173,1
DA:174,1
DA:175,1
DA:176,1
DA:177,1
DA:178,1
DA:179,1
DA:180,1
DA:181,1
DA:182,1
DA:183,2
DA:184,1
DA:185,1
DA:188,1
DA:189,1
DA:190,1
DA:191,1
DA:192,2
DA:193,2
DA:194,2
DA:195,2
DA:196,2
DA:197,2
DA:198,2
DA:199,1
DA:200,2
DA:201,2
DA:202,1
DA:219,1
DA:230,0
DA:234,0
DA:237,0
DA:238,0
DA:239,0
DA:241,0
DA:246,0
DA:247,0
DA:248,0
DA:249,0
DA:250,0
DA:251,0
DA:252,0
DA:253,0
DA:254,0
DA:257,0
DA:258,0
DA:259,0
DA:260,0
DA:261,0
DA:262,0
DA:263,0
DA:264,0
DA:265,0
DA:266,0
DA:287,1
DA:302,0
DA:303,0
DA:304,0
DA:314,0
DA:319,0
DA:320,0
DA:321,0
DA:322,0
DA:323,0
DA:324,0
DA:325,0
DA:326,0
DA:327,0
DA:328,0
DA:329,0
DA:330,0
DA:331,0
DA:334,0
DA:335,0
DA:336,0
DA:337,0
DA:338,0
DA:339,0
DA:340,0
DA:341,0
DA:342,0
DA:343,0
DA:344,0
DA:345,0
DA:346,0
DA:347,0
DA:359,1
DA:373,1
DA:387,1
LF:139
LH:63
end_of_record
SF:lib/features/today_feed/data/services/today_feed_content_validator.dart
DA:14,1
DA:15,1
DA:16,1
DA:20,2
DA:21,0
DA:22,0
DA:23,3
DA:24,0
DA:25,0
DA:26,3
DA:27,0
DA:28,0
DA:32,2
DA:33,0
DA:34,0
DA:35,3
DA:36,0
DA:37,0
DA:39,0
DA:40,3
DA:41,0
DA:42,0
DA:46,2
DA:47,3
DA:48,0
DA:49,0
DA:53,4
DA:54,1
DA:55,0
DA:56,0
DA:60,4
DA:61,0
DA:62,0
DA:65,1
DA:66,1
DA:73,1
DA:74,3
DA:77,2
DA:78,2
DA:80,2
DA:82,3
DA:88,1
DA:89,1
DA:92,1
DA:95,5
DA:96,2
DA:98,2
DA:99,1
DA:104,5
DA:105,3
DA:106,1
DA:108,2
DA:110,5
DA:113,5
DA:114,4
DA:115,1
DA:117,2
DA:120,1
DA:124,1
DA:127,2
DA:128,2
DA:129,1
DA:132,1
DA:153,2
DA:154,1
DA:155,1
DA:160,2
DA:163,2
DA:166,1
DA:174,2
DA:175,1
DA:176,0
DA:182,2
DA:183,1
DA:187,1
DA:201,2
DA:202,1
DA:203,0
DA:210,2
DA:211,3
DA:212,4
DA:213,3
DA:215,2
DA:217,1
DA:221,1
DA:222,1
DA:223,1
DA:224,1
DA:226,1
DA:227,1
DA:230,2
DA:231,2
DA:234,1
DA:235,0
DA:236,0
DA:241,1
DA:242,1
DA:243,2
DA:248,1
DA:249,1
DA:254,1
DA:255,2
DA:262,1
DA:272,1
DA:278,1
DA:280,2
DA:281,0
DA:284,1
DA:285,0
DA:290,1
DA:291,1
DA:296,1
DA:297,0
DA:300,1
DA:301,0
DA:304,1
DA:305,1
DA:308,1
DA:309,1
DA:316,1
DA:322,2
DA:323,2
DA:324,1
DA:340,1
LF:124
LH:97
end_of_record
SF:lib/features/today_feed/data/services/today_feed_safety_monitor.dart
DA:13,1
DA:15,1
DA:16,1
DA:17,1
DA:20,1
DA:21,2
DA:22,1
DA:23,0
DA:24,0
DA:28,1
DA:29,2
DA:30,1
DA:31,2
DA:32,2
DA:36,1
DA:37,2
DA:38,1
DA:39,0
DA:40,0
DA:44,1
DA:45,2
DA:46,1
DA:47,0
DA:48,0
DA:53,5
DA:54,1
DA:56,1
DA:57,2
DA:62,2
DA:63,1
DA:66,0
DA:67,0
DA:68,0
DA:69,0
DA:75,1
DA:78,1
DA:79,1
DA:81,4
DA:84,1
DA:100,2
DA:101,1
DA:102,0
DA:103,0
DA:110,2
DA:111,0
DA:114,0
DA:118,1
DA:130,2
DA:131,1
DA:132,0
DA:133,0
DA:138,1
DA:140,1
DA:142,2
DA:143,0
DA:146,0
DA:150,1
DA:152,1
DA:154,2
DA:155,0
DA:160,1
DA:161,1
DA:168,1
DA:171,1
DA:172,1
DA:174,4
DA:177,1
DA:188,2
DA:189,1
DA:190,2
DA:191,1
DA:196,1
DA:207,2
DA:208,1
DA:209,0
DA:213,1
DA:214,0
DA:215,0
DA:219,1
DA:228,2
DA:229,1
DA:230,0
DA:231,0
DA:235,1
DA:236,1
DA:243,1
DA:244,1
DA:245,1
DA:247,4
DA:250,2
DA:251,0
DA:252,0
DA:258,1
DA:266,2
DA:267,1
DA:268,0
DA:269,0
DA:274,1
DA:284,2
DA:285,1
DA:286,0
DA:290,1
DA:291,0
DA:292,0
DA:295,1
DA:296,1
DA:303,1
DA:306,1
DA:307,1
DA:309,4
DA:312,1
DA:322,2
DA:323,1
DA:324,0
DA:328,1
DA:329,0
DA:332,0
DA:338,1
DA:346,2
DA:347,1
DA:348,0
DA:353,1
DA:354,1
DA:361,1
DA:364,1
DA:366,1
DA:367,1
DA:368,1
DA:369,1
DA:374,0
DA:375,0
DA:376,0
DA:380,0
DA:382,0
DA:384,0
DA:388,0
DA:390,0
DA:391,0
DA:392,0
DA:393,0
DA:394,0
DA:395,0
DA:400,0
DA:405,0
DA:407,0
DA:409,0
DA:429,1
LF:147
LH:95
end_of_record
SF:lib/features/today_feed/data/services/today_feed_quality_alert_manager.dart
DA:24,1
DA:28,1
DA:29,1
DA:32,2
DA:34,0
DA:40,0
DA:42,0
DA:44,0
DA:48,1
DA:53,0
DA:56,1
DA:60,2
DA:61,1
DA:62,3
DA:65,2
DA:69,2
DA:70,1
DA:71,1
DA:73,1
DA:74,1
DA:75,1
DA:76,1
DA:78,1
DA:81,1
DA:82,1
DA:83,1
DA:87,2
DA:88,1
DA:89,3
DA:92,2
DA:96,2
DA:97,1
DA:98,1
DA:100,1
DA:101,1
DA:102,1
DA:104,1
DA:107,1
DA:108,1
DA:109,1
DA:113,2
DA:114,1
DA:115,3
DA:119,2
DA:120,1
DA:121,1
DA:123,1
DA:124,1
DA:126,1
DA:129,1
DA:130,1
DA:131,1
DA:136,0
DA:137,0
DA:142,0
DA:147,0
DA:150,0
DA:153,0
DA:154,0
DA:155,0
DA:158,0
DA:162,0
DA:163,0
DA:164,0
DA:165,0
DA:166,0
DA:167,0
DA:168,0
DA:170,0
DA:173,0
DA:174,0
DA:175,0
DA:180,0
DA:181,0
DA:186,0
DA:193,0
DA:197,0
DA:199,0
DA:200,0
DA:201,0
DA:202,0
DA:203,0
DA:205,0
DA:207,0
DA:208,0
DA:213,1
DA:215,0
DA:219,1
DA:220,1
DA:221,1
DA:222,1
DA:226,1
DA:227,1
DA:230,2
DA:233,2
DA:237,1
DA:238,1
DA:241,2
DA:243,1
DA:244,1
DA:245,1
DA:246,1
DA:247,1
DA:251,2
DA:253,2
DA:254,1
DA:258,0
DA:259,0
DA:264,0
DA:266,0
DA:270,0
DA:271,0
DA:273,0
DA:275,0
DA:277,0
DA:280,0
DA:283,0
DA:289,0
DA:295,0
DA:299,0
DA:302,0
DA:303,0
DA:304,0
DA:307,0
DA:308,0
DA:309,0
DA:312,0
DA:314,0
DA:316,0
DA:320,0
DA:321,0
DA:326,0
DA:332,0
DA:334,0
DA:337,0
DA:342,0
DA:343,0
DA:345,0
DA:346,0
DA:349,0
DA:350,0
DA:352,0
DA:358,1
DA:359,1
DA:362,2
DA:368,1
DA:370,1
DA:371,1
DA:374,2
DA:375,0
DA:378,1
DA:380,0
DA:385,1
DA:387,1
DA:388,1
DA:390,1
DA:391,4
DA:393,0
DA:394,0
DA:399,1
DA:401,4
DA:402,2
DA:404,0
DA:409,1
DA:410,2
DA:412,0
DA:413,0
DA:416,0
DA:418,0
DA:420,0
DA:421,0
DA:440,1
DA:453,0
DA:454,0
DA:464,0
LF:175
LH:86
end_of_record
SF:lib/features/today_feed/data/services/today_feed_quality_metrics_calculator.dart
DA:17,1
DA:21,1
DA:24,2
DA:26,0
DA:27,0
DA:34,1
DA:38,0
DA:42,1
DA:43,1
DA:46,2
DA:47,0
DA:50,4
DA:51,2
DA:53,0
DA:58,1
DA:60,0
DA:64,1
DA:66,1
DA:68,1
DA:69,1
DA:70,1
DA:75,4
DA:76,1
DA:80,4
DA:81,1
DA:84,1
DA:86,2
DA:89,1
DA:91,2
DA:94,1
DA:96,1
DA:97,1
DA:98,1
DA:101,1
DA:102,1
DA:103,1
DA:104,1
DA:105,1
DA:112,0
DA:113,0
DA:118,0
DA:120,0
DA:124,0
DA:125,0
DA:128,0
DA:129,0
DA:132,0
DA:134,0
DA:137,0
DA:139,0
DA:143,0
DA:147,0
DA:154,0
DA:155,0
DA:158,0
DA:159,0
DA:164,0
DA:169,0
DA:173,0
DA:176,0
DA:179,0
DA:180,0
DA:185,0
DA:186,0
DA:191,0
DA:193,0
DA:197,0
DA:198,0
DA:200,0
DA:205,1
DA:207,2
DA:213,1
DA:215,1
DA:216,1
DA:218,1
DA:220,3
DA:221,1
DA:223,0
DA:224,0
DA:229,1
DA:233,1
DA:235,2
DA:237,2
DA:241,1
DA:244,2
DA:246,0
DA:247,0
DA:249,0
DA:251,0
DA:253,0
DA:255,0
DA:258,0
DA:259,0
DA:264,1
DA:267,2
DA:269,0
DA:270,0
DA:272,0
DA:273,0
DA:275,0
DA:276,0
DA:281,1
DA:286,1
DA:288,1
DA:289,0
DA:294,1
DA:295,0
DA:298,2
DA:299,0
DA:304,2
DA:305,0
DA:308,1
DA:309,1
DA:316,0
DA:320,0
DA:321,0
DA:323,0
DA:324,0
DA:326,0
DA:330,0
DA:331,0
DA:332,0
DA:333,0
DA:334,0
DA:336,0
DA:338,0
DA:345,0
DA:349,0
DA:350,0
DA:351,0
DA:354,0
DA:356,0
DA:358,0
DA:359,0
DA:366,0
DA:370,0
DA:378,0
DA:379,0
DA:381,0
DA:382,0
DA:383,0
DA:384,0
DA:385,0
DA:386,0
DA:387,0
DA:388,0
DA:390,0
DA:398,0
DA:401,0
DA:402,0
DA:410,0
DA:411,0
DA:413,0
DA:414,0
DA:415,0
DA:416,0
DA:418,0
DA:420,0
DA:425,0
DA:428,0
DA:430,0
DA:431,0
DA:432,0
DA:438,0
DA:440,0
DA:444,0
DA:447,0
DA:448,0
DA:449,0
DA:450,0
DA:455,0
DA:458,0
DA:460,0
DA:463,0
DA:464,0
DA:465,0
DA:467,0
DA:470,0
DA:471,0
DA:472,0
DA:474,0
DA:476,0
DA:477,0
DA:495,0
DA:507,0
DA:508,0
DA:509,0
DA:510,0
DA:511,0
DA:512,0
DA:513,0
DA:514,0
DA:515,0
DA:516,0
LF:194
LH:56
end_of_record
SF:lib/features/today_feed/data/services/session_duration_tracking_service.dart
DA:41,1
DA:42,1
DA:44,1
DA:46,1
DA:67,1
DA:81,1
DA:91,1
DA:92,1
DA:93,1
DA:95,1
DA:96,1
DA:99,1
DA:107,1
DA:109,1
DA:110,2
DA:111,3
DA:112,2
DA:113,2
DA:114,3
DA:115,2
DA:116,1
DA:122,1
DA:127,1
DA:129,1
DA:130,1
DA:131,3
DA:136,2
DA:138,2
DA:142,0
DA:143,0
DA:144,0
DA:145,0
DA:146,0
DA:147,0
DA:148,0
DA:149,0
DA:150,0
DA:151,0
DA:152,0
DA:153,0
DA:158,0
DA:159,0
DA:160,0
DA:161,0
DA:162,0
DA:163,0
DA:164,0
DA:165,0
DA:166,0
DA:167,0
DA:168,0
DA:170,0
DA:171,0
DA:172,0
DA:176,0
DA:179,0
DA:180,0
DA:181,0
DA:182,0
DA:185,0
DA:186,0
DA:188,0
DA:190,0
DA:207,0
DA:216,0
DA:217,0
DA:218,0
DA:220,0
DA:223,0
DA:227,0
DA:228,0
DA:229,0
DA:230,0
DA:231,0
DA:235,0
DA:236,0
DA:237,0
DA:239,0
DA:244,0
DA:245,0
DA:250,0
DA:251,0
DA:252,0
DA:253,0
DA:254,0
DA:258,0
DA:259,0
DA:260,0
DA:262,0
DA:263,0
DA:264,0
DA:265,0
DA:266,0
DA:267,0
DA:269,0
DA:270,0
DA:276,0
DA:277,0
DA:278,0
DA:293,8
DA:304,1
DA:317,0
DA:318,0
DA:319,0
DA:323,0
DA:324,0
DA:326,0
DA:334,0
DA:336,0
DA:350,2
DA:351,1
DA:352,2
DA:353,1
DA:366,0
DA:367,0
DA:370,0
DA:373,0
DA:374,0
DA:378,0
DA:380,0
DA:383,0
DA:384,0
DA:386,0
DA:394,0
DA:399,0
DA:402,0
DA:403,0
DA:406,0
DA:410,0
DA:415,0
DA:416,0
DA:418,0
DA:419,0
DA:424,0
DA:432,0
DA:433,0
DA:435,0
DA:436,0
DA:443,0
DA:447,0
DA:450,0
DA:452,0
DA:457,0
DA:460,0
DA:463,0
DA:464,0
DA:465,0
DA:471,0
DA:473,0
DA:474,0
DA:479,0
DA:487,0
DA:491,0
DA:494,0
DA:497,0
DA:502,0
DA:503,0
DA:507,0
DA:509,0
DA:510,0
DA:517,0
DA:518,0
DA:520,0
DA:523,0
DA:524,0
DA:526,0
DA:529,0
DA:530,0
DA:531,0
DA:532,0
DA:533,0
DA:538,0
DA:539,0
DA:540,0
DA:541,0
DA:547,0
DA:548,0
DA:549,0
DA:551,0
DA:552,0
DA:553,0
DA:554,0
DA:558,0
DA:559,0
DA:561,0
DA:565,0
DA:566,0
DA:571,0
DA:573,0
DA:574,0
DA:577,0
DA:578,0
DA:579,0
DA:580,0
DA:582,0
DA:588,0
DA:589,0
DA:590,0
DA:591,0
DA:595,0
DA:596,0
DA:597,0
DA:598,0
DA:602,0
DA:603,0
DA:605,0
DA:607,0
DA:609,0
DA:610,0
DA:613,0
DA:618,0
DA:620,0
DA:621,0
DA:623,0
DA:629,0
DA:630,0
DA:631,0
DA:634,0
DA:636,0
DA:639,0
DA:640,0
DA:645,0
DA:646,0
DA:647,0
DA:652,0
DA:653,0
DA:657,0
DA:658,0
DA:661,0
DA:664,0
DA:665,0
DA:667,0
DA:668,0
DA:670,0
DA:672,0
DA:676,0
DA:677,0
DA:682,0
DA:687,0
DA:688,0
DA:689,0
DA:690,0
DA:691,0
DA:692,0
DA:694,0
DA:696,0
DA:697,0
DA:702,0
DA:706,0
DA:707,0
DA:710,0
DA:713,0
DA:714,0
DA:716,0
DA:718,0
DA:719,0
DA:722,0
DA:724,0
DA:725,0
DA:729,0
DA:730,0
DA:731,0
DA:732,0
DA:736,0
DA:737,0
DA:738,0
DA:740,0
DA:741,0
DA:742,0
DA:743,0
DA:746,0
DA:747,0
DA:751,0
[...]
DA:40,0
DA:41,0
DA:42,0
DA:43,0
DA:44,0
DA:50,1
DA:52,1
DA:53,1
DA:54,1
DA:56,1
DA:57,1
DA:58,1
DA:59,1
DA:61,2
DA:62,1
DA:63,2
DA:64,1
DA:65,2
DA:66,1
DA:76,1
DA:80,1
DA:81,1
DA:82,1
DA:86,1
DA:90,1
DA:93,1
DA:94,1
DA:96,2
DA:100,1
DA:102,2
DA:106,1
DA:108,2
DA:112,1
DA:113,0
DA:114,1
DA:116,2
DA:123,1
DA:124,3
DA:125,3
DA:126,1
DA:127,1
DA:129,2
DA:130,1
DA:131,1
DA:133,1
DA:134,2
DA:139,1
DA:144,1
DA:146,2
DA:147,1
DA:148,3
DA:151,1
DA:156,1
DA:160,2
DA:162,2
DA:164,1
DA:165,1
DA:167,1
DA:169,1
DA:170,1
DA:172,1
DA:174,2
DA:175,1
DA:178,1
DA:180,1
DA:181,2
DA:182,1
DA:183,1
DA:184,1
DA:191,1
DA:192,1
DA:195,1
DA:197,2
DA:207,1
DA:211,1
DA:212,2
DA:213,1
DA:214,1
DA:216,1
DA:218,1
DA:219,1
DA:221,1
DA:223,2
DA:224,1
DA:226,1
DA:228,1
DA:229,2
DA:230,1
DA:231,1
DA:232,1
DA:240,1
DA:241,0
DA:242,0
DA:243,0
DA:244,0
DA:246,0
DA:249,0
DA:250,0
DA:255,1
DA:257,2
DA:258,1
DA:262,1
DA:270,1
DA:271,1
DA:272,1
DA:273,1
DA:274,1
DA:275,2
DA:276,2
DA:278,1
DA:279,1
DA:280,1
DA:282,1
DA:283,1
DA:284,1
DA:289,2
DA:290,1
DA:291,1
DA:293,1
DA:296,1
DA:297,2
DA:298,1
LF:131
LH:117
end_of_record
SF:lib/features/momentum/presentation/widgets/quick_stats_cards.dart
DA:16,3
DA:25,3
DA:26,3
DA:35,3
DA:37,3
DA:38,3
DA:39,3
DA:42,3
DA:43,6
DA:48,6
DA:51,9
DA:54,3
DA:55,9
DA:56,3
DA:57,9
DA:58,3
DA:59,6
DA:66,3
DA:68,6
DA:69,6
DA:70,3
DA:73,3
DA:75,3
DA:76,6
DA:77,3
DA:78,6
DA:79,6
DA:80,6
DA:81,6
DA:82,3
DA:87,3
DA:88,3
DA:89,3
DA:90,3
DA:91,3
DA:92,3
DA:93,3
DA:94,3
DA:97,3
DA:98,6
LF:40
LH:40
end_of_record
SF:lib/features/momentum/presentation/widgets/components/individual_stat_card.dart
DA:15,3
DA:24,3
DA:25,3
DA:33,3
DA:35,3
DA:36,6
DA:40,9
DA:41,6
DA:45,3
DA:47,6
DA:48,3
DA:51,0
DA:52,0
DA:53,0
DA:54,0
DA:55,0
DA:58,0
DA:62,3
DA:64,3
DA:65,3
DA:66,3
DA:67,3
DA:68,6
DA:69,3
DA:71,3
DA:72,8
DA:73,3
DA:74,3
DA:76,3
DA:77,3
DA:78,6
DA:79,6
DA:82,6
DA:83,6
DA:84,3
DA:86,9
DA:87,3
DA:88,3
DA:89,3
DA:90,9
DA:93,3
DA:94,3
DA:95,3
DA:97,3
DA:98,9
DA:102,3
DA:105,3
DA:106,3
DA:107,6
DA:108,6
DA:109,3
DA:114,3
DA:116,6
DA:119,3
DA:120,3
DA:121,6
DA:122,3
DA:124,9
DA:125,6
DA:132,3
DA:134,6
DA:137,3
DA:138,3
DA:139,6
DA:140,3
DA:142,9
DA:143,3
LF:67
LH:61
end_of_record
SF:lib/features/momentum/presentation/widgets/components/stats_cards_layout.dart
DA:16,3
DA:25,3
DA:27,6
DA:28,3
DA:33,0
DA:34,3
DA:37,3
DA:38,3
DA:39,3
DA:40,12
DA:41,3
DA:42,12
DA:43,3
DA:44,12
DA:49,0
DA:50,0
DA:51,0
DA:52,0
DA:53,0
DA:54,0
DA:55,0
DA:56,0
DA:59,0
DA:60,0
DA:65,3
DA:66,3
DA:68,6
DA:71,3
DA:75,3
DA:76,3
DA:78,6
DA:81,3
DA:85,3
DA:86,3
DA:88,6
DA:91,3
LF:36
LH:25
end_of_record
SF:lib/features/momentum/presentation/screens/momentum_screen.dart
DA:31,1
DA:33,1
DA:35,2
DA:37,1
DA:38,2
DA:39,1
DA:41,1
DA:42,1
DA:46,1
DA:48,1
DA:49,2
DA:50,1
DA:51,1
DA:57,1
DA:61,1
DA:63,0
DA:64,0
DA:65,0
DA:66,0
DA:74,1
DA:75,1
DA:76,1
DA:81,1
DA:82,1
DA:84,0
DA:85,1
DA:88,1
DA:89,1
DA:92,1
DA:93,1
DA:95,0
DA:97,0
DA:99,0
DA:101,0
DA:103,0
DA:104,0
DA:107,1
DA:108,1
DA:125,1
DA:127,1
DA:130,2
DA:131,2
DA:132,2
DA:133,2
DA:136,1
DA:138,1
DA:140,1
DA:142,1
DA:144,1
DA:145,1
DA:146,0
DA:148,0
DA:152,1
DA:155,1
DA:157,0
DA:158,0
DA:160,0
DA:161,0
DA:163,0
DA:164,0
DA:166,0
DA:167,0
DA:171,1
DA:174,1
DA:178,1
DA:180,0
DA:182,1
DA:186,1
DA:188,0
DA:190,0
DA:191,0
DA:195,0
DA:197,0
DA:198,0
DA:202,0
DA:204,0
DA:207,0
DA:215,0
DA:217,1
DA:221,1
DA:223,0
DA:225,0
DA:226,0
DA:232,0
DA:234,0
DA:235,0
DA:241,0
DA:243,1
DA:246,1
DA:255,1
DA:257,1
DA:259,2
DA:260,2
DA:262,1
DA:263,1
DA:264,1
DA:265,1
DA:266,1
DA:268,1
DA:269,1
DA:271,1
DA:273,3
DA:275,2
DA:276,1
DA:277,1
DA:284,2
DA:285,1
DA:287,1
DA:288,1
DA:293,1
DA:298,1
DA:305,2
DA:306,1
DA:308,3
DA:324,1
DA:330,1
DA:332,2
DA:333,2
DA:334,3
DA:336,1
DA:337,1
DA:339,1
DA:340,0
DA:342,0
DA:344,1
DA:347,1
DA:348,1
DA:352,1
DA:357,1
DA:358,1
LF:130
LH:89
end_of_record
SF:lib/core/providers/theme_provider.dart
DA:6,0
DA:9,0
DA:16,0
DA:17,0
DA:21,0
DA:23,0
DA:24,0
DA:25,0
DA:27,0
DA:28,0
DA:33,0
DA:35,0
DA:36,0
DA:37,0
DA:38,0
DA:40,0
DA:45,0
DA:46,0
DA:47,0
DA:48,0
DA:50,0
DA:51,0
DA:53,0
DA:54,0
LF:24
LH:0
end_of_record
SF:lib/features/momentum/presentation/providers/loading_state_provider.dart
DA:14,1
DA:22,0
DA:29,0
DA:30,0
DA:31,0
DA:32,0
DA:33,0
DA:34,0
DA:38,0
DA:39,0
DA:40,0
DA:41,0
DA:42,0
DA:43,0
DA:45,0
DA:46,0
DA:47,0
DA:48,0
DA:49,0
DA:50,0
DA:52,0
DA:53,0
DA:54,0
DA:55,0
DA:56,0
DA:57,0
DA:62,0
DA:65,0
DA:66,0
DA:70,0
DA:71,0
DA:75,0
DA:76,0
DA:80,0
DA:81,0
DA:85,0
DA:86,0
DA:90,0
DA:91,0
DA:101,0
DA:102,0
DA:112,0
DA:113,0
DA:123,0
DA:124,0
DA:129,0
DA:130,0
DA:131,0
DA:135,0
DA:136,0
DA:139,0
DA:140,0
DA:143,0
DA:144,0
DA:147,0
DA:148,0
DA:151,0
DA:152,0
DA:156,0
DA:157,0
DA:160,0
DA:161,0
DA:164,0
DA:165,0
DA:169,0
DA:170,0
DA:176,0
DA:177,0
DA:178,0
DA:179,0
DA:180,0
DA:182,0
DA:186,0
DA:187,0
DA:188,0
DA:190,0
DA:194,0
DA:198,0
DA:199,0
DA:201,0
DA:203,0
DA:205,0
DA:216,0
DA:218,0
LF:84
LH:1
end_of_record
SF:lib/features/momentum/presentation/widgets/momentum_detail_modal.dart
DA:14,0
DA:16,0
DA:18,0
DA:20,0
DA:21,0
DA:22,0
DA:24,0
DA:25,0
DA:30,0
DA:31,0
DA:32,0
DA:33,0
DA:34,0
DA:36,0
DA:37,0
DA:49,0
DA:50,0
DA:54,0
LF:18
LH:0
end_of_record
SF:lib/features/momentum/presentation/widgets/loading_indicator.dart
DA:20,0
DA:28,0
DA:30,0
DA:31,0
DA:32,0
DA:34,0
DA:36,0
DA:38,0
DA:39,0
DA:40,0
DA:42,0
DA:43,0
DA:44,0
DA:45,0
DA:46,0
DA:47,0
DA:48,0
DA:50,0
DA:53,0
DA:58,0
DA:59,0
DA:62,0
DA:65,0
DA:67,0
DA:70,0
DA:71,0
DA:73,0
DA:74,0
DA:86,0
DA:87,0
DA:88,0
DA:89,0
DA:90,0
DA:91,0
DA:98,0
DA:99,0
DA:100,0
DA:102,0
DA:104,0
DA:105,0
DA:107,0
DA:123,0
DA:130,0
DA:132,0
DA:140,0
DA:142,0
DA:143,0
DA:147,0
DA:150,0
DA:151,0
DA:154,0
DA:156,0
DA:157,0
DA:160,0
DA:162,0
DA:163,0
DA:166,0
DA:167,0
DA:168,0
DA:169,0
DA:170,0
DA:171,0
DA:172,0
DA:173,0
DA:174,0
DA:176,0
DA:184,0
DA:185,0
DA:186,0
DA:187,0
DA:188,0
DA:190,0
DA:191,0
DA:192,0
DA:194,0
DA:195,0
DA:196,0
DA:198,0
DA:200,0
DA:201,0
DA:202,0
DA:203,0
DA:204,0
DA:205,0
DA:206,0
DA:227,0
DA:235,0
DA:237,0
DA:238,0
DA:239,0
DA:240,0
DA:241,0
DA:253,0
DA:261,0
DA:263,0
DA:265,0
DA:266,0
DA:267,0
DA:268,0
DA:269,0
DA:270,0
DA:271,0
DA:272,0
DA:274,0
DA:275,0
DA:276,0
DA:277,0
DA:279,0
DA:280,0
DA:281,0
DA:283,0
DA:284,0
DA:285,0
DA:289,0
DA:290,0
DA:291,0
DA:293,0
DA:310,1
DA:317,1
DA:319,1
DA:320,1
DA:321,1
DA:325,1
LF:123
LH:6
end_of_record
SF:lib/features/momentum/presentation/widgets/error_widgets.dart
DA:20,0
DA:28,0
DA:30,0
DA:32,0
DA:33,0
DA:34,0
DA:35,0
DA:36,0
DA:38,0
DA:40,0
DA:42,0
DA:45,0
DA:48,0
DA:49,0
DA:51,0
DA:52,0
DA:67,0
DA:74,0
DA:76,0
DA:78,0
DA:79,0
DA:80,0
DA:81,0
DA:82,0
DA:83,0
DA:85,0
DA:87,0
DA:88,0
DA:89,0
DA:94,0
DA:95,0
DA:96,0
DA:97,0
DA:101,0
DA:103,0
DA:106,0
DA:107,0
DA:108,0
DA:109,0
DA:112,0
DA:113,0
DA:115,0
DA:117,0
DA:118,0
DA:130,1
DA:132,1
DA:134,2
DA:138,1
DA:140,1
DA:141,1
DA:142,1
DA:145,1
DA:146,1
DA:147,1
DA:149,1
DA:152,2
DA:153,1
DA:154,1
DA:156,4
DA:157,1
DA:162,1
DA:163,1
DA:164,1
DA:165,1
DA:167,0
DA:168,0
DA:172,0
DA:173,0
DA:174,0
DA:175,0
DA:177,0
LF:71
LH:20
end_of_record
SF:lib/features/momentum/presentation/screens/notification_settings_screen.dart
DA:9,1
DA:11,1
DA:13,1
DA:15,1
LF:4
LH:4
end_of_record
SF:lib/features/momentum/presentation/screens/profile_settings_screen.dart
DA:9,1
DA:11,0
DA:13,0
DA:15,0
DA:16,0
DA:17,0
DA:19,0
DA:20,0
DA:23,0
DA:24,0
DA:26,0
DA:28,0
DA:30,0
DA:39,0
DA:44,0
DA:49,0
DA:54,0
DA:62,0
DA:67,0
DA:69,0
DA:70,0
DA:72,0
DA:74,0
DA:78,0
DA:80,0
DA:81,0
DA:88,0
DA:89,0
DA:90,0
DA:92,0
DA:94,0
DA:96,0
DA:97,0
DA:98,0
DA:99,0
DA:101,0
DA:104,0
DA:111,0
DA:112,0
DA:114,0
DA:115,0
DA:117,0
DA:119,0
DA:123,0
DA:125,0
DA:126,0
DA:132,0
DA:141,0
DA:146,0
DA:147,0
DA:149,0
DA:151,0
DA:153,0
DA:154,0
DA:155,0
DA:156,0
DA:157,0
DA:161,0
DA:163,0
DA:165,0
DA:173,0
DA:174,0
DA:175,0
DA:176,0
DA:177,0
DA:178,0
DA:179,0
DA:180,0
DA:181,0
DA:182,0
DA:185,0
DA:186,0
DA:187,0
DA:188,0
DA:194,0
DA:196,0
DA:204,0
DA:207,0
DA:211,0
DA:212,0
DA:213,0
DA:215,0
DA:217,0
DA:219,0
DA:221,0
DA:223,0
DA:224,0
DA:234,0
DA:235,0
DA:236,0
DA:238,0
DA:240,0
DA:242,0
DA:243,0
DA:244,0
DA:245,0
DA:247,0
DA:249,0
DA:251,0
DA:258,0
DA:263,0
DA:270,0
DA:275,0
DA:282,0
DA:287,0
DA:297,0
DA:298,0
DA:299,0
DA:301,0
DA:303,0
DA:305,0
DA:306,0
DA:307,0
DA:308,0
DA:310,0
DA:312,0
DA:314,0
DA:321,0
DA:326,0
DA:333,0
DA:338,0
DA:345,0
DA:350,0
DA:357,0
DA:358,0
DA:360,0
DA:361,0
DA:371,0
DA:378,0
DA:382,0
DA:384,0
DA:385,0
DA:387,0
DA:388,0
DA:389,0
DA:391,0
DA:392,0
DA:394,0
DA:395,0
DA:397,0
DA:399,0
DA:403,0
DA:405,0
DA:406,0
DA:412,0
DA:414,0
DA:424,0
DA:426,0
DA:428,0
DA:430,0
DA:435,0
DA:437,0
DA:439,0
DA:441,0
DA:446,0
DA:448,0
DA:450,0
DA:452,0
DA:457,0
DA:459,0
DA:461,0
DA:463,0
LF:162
LH:1
end_of_record
SF:lib/features/momentum/presentation/widgets/notification_settings_form.dart
DA:11,1
DA:13,1
DA:15,1
DA:31,1
DA:33,1
DA:34,1
DA:37,1
DA:38,3
DA:39,3
DA:40,3
DA:41,3
DA:42,3
DA:43,3
DA:44,3
DA:45,3
DA:48,1
DA:50,1
DA:52,1
DA:54,1
DA:63,1
DA:68,2
DA:69,1
DA:74,1
DA:79,1
DA:84,1
DA:90,1
DA:91,1
DA:93,1
DA:95,1
DA:97,1
DA:98,1
DA:99,1
DA:100,1
DA:101,1
DA:105,1
DA:110,1
DA:111,1
DA:113,1
DA:114,1
DA:116,4
DA:117,1
DA:120,1
DA:122,5
DA:129,1
DA:132,1
DA:135,1
DA:136,1
DA:137,0
DA:138,0
DA:139,0
DA:141,0
DA:143,0
DA:144,0
DA:145,0
DA:159,1
DA:160,1
DA:162,1
DA:164,1
DA:166,1
DA:167,1
DA:169,1
DA:170,1
DA:171,3
DA:175,1
DA:176,1
DA:180,1
DA:181,0
DA:182,0
DA:183,0
DA:185,0
DA:191,1
DA:192,1
DA:196,1
DA:197,0
DA:198,0
DA:199,0
DA:201,0
DA:207,1
DA:208,1
DA:212,1
DA:213,0
DA:214,0
DA:215,0
DA:217,0
DA:226,1
DA:227,1
DA:229,1
DA:231,1
DA:233,1
DA:234,1
DA:235,1
DA:242,1
DA:243,1
DA:244,1
DA:245,0
DA:246,0
DA:247,0
DA:249,0
DA:258,1
DA:259,1
DA:261,1
DA:263,1
DA:265,1
DA:266,1
DA:267,1
DA:268,1
DA:269,1
DA:271,1
DA:276,1
DA:277,1
DA:279,1
DA:280,1
DA:282,4
DA:283,1
DA:286,1
DA:288,5
DA:295,1
DA:298,1
DA:301,1
DA:302,1
DA:303,0
DA:304,0
DA:305,0
DA:307,0
DA:314,1
DA:319,0
DA:320,0
DA:321,0
DA:322,0
DA:323,0
DA:325,0
DA:326,0
DA:327,0
DA:328,0
DA:330,0
DA:335,0
DA:336,0
DA:337,0
DA:339,0
DA:340,0
DA:341,0
DA:342,0
DA:344,0
DA:357,1
DA:358,2
DA:359,2
DA:361,1
DA:363,1
DA:365,1
DA:367,1
DA:368,1
DA:369,1
DA:370,1
DA:375,1
DA:377,5
DA:385,1
DA:386,1
DA:388,1
DA:389,1
DA:392,2
DA:393,1
DA:394,1
DA:400,1
DA:401,1
LF:164
LH:119
end_of_record
SF:lib/features/momentum/presentation/widgets/components/error_actions.dart
DA:12,0
DA:20,0
DA:22,0
DA:23,0
DA:25,0
DA:28,0
DA:33,0
DA:34,0
DA:36,0
DA:37,0
DA:38,0
DA:39,0
DA:40,0
DA:41,0
DA:42,0
DA:49,0
DA:50,0
DA:52,0
DA:53,0
DA:54,0
DA:55,0
DA:56,0
DA:62,0
DA:63,0
DA:64,0
DA:65,0
DA:66,0
DA:75,0
DA:77,0
DA:82,0
DA:83,0
DA:86,0
DA:88,0
DA:89,0
DA:92,0
DA:93,0
DA:94,0
DA:95,0
DA:96,0
DA:97,0
DA:98,0
DA:99,0
DA:100,0
DA:101,0
DA:102,0
DA:104,0
DA:109,0
DA:110,0
DA:111,0
LF:49
LH:0
end_of_record
SF:lib/features/momentum/presentation/widgets/components/error_cache_info.dart
DA:9,1
DA:11,0
DA:13,0
DA:14,0
DA:15,0
DA:16,0
DA:18,0
DA:19,0
DA:20,0
DA:22,0
DA:23,0
DA:24,0
DA:28,0
DA:29,0
DA:35,0
DA:36,0
DA:37,0
DA:38,0
DA:39,0
DA:40,0
DA:41,0
DA:43,0
DA:45,0
DA:46,0
DA:47,0
DA:48,0
DA:49,0
DA:50,0
DA:52,0
DA:54,0
DA:62,0
DA:63,0
DA:65,0
DA:66,0
DA:67,0
DA:68,0
DA:69,0
DA:70,0
DA:72,0
DA:73,0
DA:76,0
DA:77,0
DA:78,0
DA:79,0
DA:80,0
DA:81,0
DA:82,0
DA:83,0
DA:85,0
DA:93,0
DA:96,0
DA:97,0
DA:98,0
LF:53
LH:1
end_of_record
SF:lib/features/momentum/presentation/widgets/components/error_type_handler.dart
DA:11,0
DA:13,0
DA:15,0
DA:16,0
DA:17,0
DA:18,0
DA:19,0
DA:24,0
DA:25,0
DA:27,0
DA:28,0
DA:29,0
DA:30,0
DA:31,0
DA:32,0
DA:33,0
DA:35,0
DA:42,0
DA:43,0
DA:45,0
DA:47,0
DA:52,0
DA:53,0
DA:54,0
DA:61,0
DA:62,0
DA:63,0
DA:68,0
DA:69,0
DA:74,0
DA:75,0
DA:81,0
DA:89,0
DA:90,0
DA:94,0
DA:95,0
DA:108,0
LF:37
LH:0
end_of_record
SF:lib/features/momentum/presentation/widgets/components/loading_animations.dart
DA:12,0
DA:21,0
DA:22,0
DA:34,0
DA:36,0
DA:37,0
DA:38,0
DA:41,0
DA:42,0
DA:47,0
DA:52,0
DA:57,0
DA:58,0
DA:61,0
DA:62,0
DA:65,0
DA:66,0
DA:70,0
DA:71,0
DA:72,0
DA:74,0
DA:75,0
DA:77,0
DA:78,0
DA:82,0
DA:84,0
DA:85,0
DA:86,0
DA:87,0
DA:90,0
DA:92,0
DA:93,0
DA:94,0
DA:95,0
DA:96,0
DA:97,0
DA:98,0
DA:100,0
DA:101,0
DA:102,0
DA:103,0
DA:105,0
DA:110,0
DA:111,0
DA:112,0
DA:113,0
DA:114,0
DA:115,0
DA:129,0
DA:137,0
DA:139,0
DA:148,0
DA:150,0
DA:151,0
DA:152,0
DA:155,0
DA:156,0
DA:157,0
DA:158,0
DA:159,0
DA:162,0
DA:163,0
DA:164,0
DA:165,0
DA:166,0
DA:169,0
DA:172,0
DA:173,0
DA:174,0
DA:176,0
DA:179,0
DA:180,0
DA:181,0
DA:187,0
DA:189,0
DA:190,0
DA:192,0
DA:195,0
DA:197,0
DA:198,0
DA:199,0
DA:200,0
DA:201,0
DA:202,0
DA:203,0
DA:204,0
DA:206,0
DA:207,0
DA:208,0
DA:210,0
DA:212,0
LF:91
LH:0
end_of_record
SF:lib/features/momentum/presentation/widgets/components/loading_indicator_variants.dart
DA:13,0
DA:20,0
DA:22,0
DA:24,0
DA:25,0
DA:26,0
DA:27,0
DA:28,0
DA:29,0
DA:30,0
DA:31,0
DA:32,0
DA:34,0
DA:40,0
DA:44,0
DA:45,0
DA:47,0
DA:48,0
DA:50,0
DA:51,0
DA:52,0
DA:53,0
DA:54,0
DA:55,0
DA:56,0
DA:75,0
DA:84,0
DA:86,0
DA:88,0
DA:89,0
DA:90,0
DA:91,0
DA:92,0
DA:93,0
DA:94,0
DA:95,0
DA:97,0
DA:98,0
DA:99,0
DA:100,0
DA:101,0
DA:102,0
DA:104,0
DA:105,0
DA:106,0
DA:110,0
DA:111,0
DA:112,0
DA:114,0
DA:131,0
DA:138,0
DA:140,0
DA:141,0
DA:142,0
DA:146,0
LF:55
LH:0
end_of_record
SF:lib/features/momentum/presentation/widgets/momentum_detail_actions.dart
DA:13,0
DA:19,0
DA:21,0
DA:22,0
DA:23,0
DA:24,0
DA:25,0
DA:26,0
DA:29,0
DA:30,0
DA:31,0
DA:32,0
DA:34,0
DA:35,0
DA:37,0
DA:38,0
DA:42,0
DA:43,0
DA:44,0
DA:45,0
DA:50,0
DA:51,0
DA:53,0
DA:54,0
DA:55,0
DA:63,0
DA:64,0
DA:65,0
DA:68,0
DA:69,0
DA:70,0
DA:72,0
DA:74,0
DA:75,0
DA:76,0
DA:77,0
DA:79,0
LF:37
LH:0
end_of_record
SF:lib/features/momentum/presentation/widgets/momentum_detail_animations.dart
DA:9,0
DA:15,0
DA:17,0
DA:28,0
DA:30,0
DA:31,0
DA:32,0
DA:35,0
DA:37,0
DA:42,0
DA:45,0
DA:46,0
DA:47,0
DA:52,0
DA:53,0
DA:54,0
DA:60,0
DA:61,0
DA:62,0
DA:68,0
DA:70,0
DA:71,0
DA:75,0
DA:78,0
DA:79,0
DA:82,0
DA:84,0
DA:85,0
DA:86,0
DA:87,0
DA:88,0
DA:89,0
DA:90,0
DA:91,0
DA:92,0
DA:93,0
DA:102,0
DA:103,0
DA:104,0
DA:105,0
DA:106,0
DA:107,0
DA:108,0
DA:109,0
DA:112,0
DA:121,0
DA:124,0
DA:127,0
LF:48
LH:0
end_of_record
SF:lib/features/momentum/presentation/widgets/momentum_detail_content.dart
DA:12,0
DA:14,0
DA:16,0
DA:17,0
DA:18,0
DA:20,0
DA:21,0
DA:22,0
DA:23,0
DA:24,0
DA:25,0
DA:26,0
DA:27,0
DA:33,0
DA:34,0
DA:35,0
DA:36,0
DA:37,0
DA:39,0
DA:40,0
DA:42,0
DA:44,0
DA:45,0
DA:46,0
DA:47,0
DA:48,0
DA:49,0
DA:50,0
DA:51,0
DA:52,0
DA:54,0
DA:57,0
DA:58,0
DA:60,0
DA:61,0
DA:63,0
DA:64,0
DA:65,0
DA:66,0
DA:67,0
DA:71,0
DA:72,0
DA:74,0
DA:75,0
DA:76,0
DA:78,0
DA:79,0
DA:81,0
DA:82,0
DA:83,0
DA:96,0
DA:97,0
DA:99,0
DA:100,0
DA:102,0
DA:104,0
DA:105,0
DA:106,0
DA:107,0
DA:108,0
DA:109,0
DA:110,0
DA:113,0
DA:115,0
DA:116,0
DA:118,0
DA:119,0
DA:121,0
DA:124,0
DA:126,0
DA:128,0
DA:129,0
DA:131,0
DA:134,0
DA:136,0
DA:146,0
DA:153,0
DA:154,0
DA:155,0
DA:156,0
DA:157,0
DA:158,0
DA:159,0
DA:160,0
DA:161,0
DA:162,0
DA:163,0
DA:166,0
DA:168,0
DA:169,0
DA:172,0
DA:173,0
DA:174,0
DA:176,0
DA:177,0
DA:179,0
DA:180,0
DA:181,0
DA:183,0
DA:189,0
DA:190,0
DA:191,0
DA:193,0
DA:194,0
DA:204,0
DA:205,0
DA:207,0
DA:208,0
DA:209,0
DA:210,0
DA:211,0
DA:212,0
DA:213,0
DA:215,0
DA:216,0
DA:217,0
DA:218,0
DA:226,0
DA:227,0
DA:228,0
DA:229,0
DA:231,0
DA:232,0
DA:233,0
DA:234,0
DA:235,0
DA:236,0
DA:237,0
DA:238,0
DA:239,0
DA:240,0
DA:241,0
DA:244,0
DA:245,0
DA:246,0
DA:247,0
DA:250,0
DA:251,0
DA:252,0
DA:254,0
DA:255,0
DA:256,0
DA:257,0
DA:259,0
DA:260,0
DA:261,0
DA:266,0
DA:267,0
DA:268,0
DA:269,0
DA:277,0
DA:278,0
DA:280,0
DA:281,0
DA:283,0
DA:285,0
DA:286,0
DA:287,0
DA:288,0
DA:289,0
DA:291,0
DA:292,0
DA:295,0
DA:298,0
DA:299,0
DA:301,0
DA:304,0
DA:307,0
DA:308,0
DA:310,0
DA:313,0
DA:324,0
DA:330,0
DA:332,0
DA:333,0
DA:334,0
DA:335,0
DA:336,0
DA:337,0
DA:338,0
DA:339,0
DA:342,0
DA:345,0
DA:348,0
DA:349,0
DA:350,0
DA:352,0
DA:353,0
DA:355,0
DA:357,0
DA:359,0
DA:360,0
DA:369,0
DA:370,0
DA:371,0
DA:373,0
DA:375,0
DA:380,0
DA:382,0
DA:384,0
DA:386,0
DA:391,0
DA:392,0
DA:393,0
DA:395,0
DA:397,0
DA:400,0
DA:401,0
DA:405,0
DA:406,0
DA:408,0
DA:410,0
DA:412,0
DA:419,0
DA:420,0
DA:422,0
DA:423,0
DA:424,0
DA:430,0
DA:431,0
DA:432,0
DA:434,0
DA:436,0
LF:223
LH:0
end_of_record
SF:lib/features/momentum/presentation/widgets/notification_option_widgets.dart
DA:10,1
DA:18,1
DA:19,1
DA:20,1
DA:25,1
DA:26,1
DA:28,1
DA:29,1
DA:31,1
DA:33,3
DA:36,1
DA:38,1
DA:40,3
DA:45,1
DA:48,1
DA:55,0
DA:61,0
DA:63,0
DA:64,0
DA:66,0
DA:68,0
DA:71,0
DA:72,0
DA:75,0
DA:76,0
DA:77,0
DA:78,0
DA:80,0
DA:81,0
DA:82,0
DA:84,0
DA:86,0
DA:88,0
DA:89,0
DA:90,0
DA:91,0
DA:104,1
DA:110,1
DA:112,1
DA:114,1
DA:115,4
DA:116,1
DA:118,4
DA:129,1
DA:134,1
DA:136,2
DA:137,1
DA:138,1
DA:139,1
DA:140,1
DA:141,2
DA:142,1
DA:144,1
DA:145,2
DA:147,2
DA:148,1
DA:149,2
DA:150,4
DA:158,0
DA:160,0
DA:161,0
DA:162,0
DA:168,1
DA:173,1
DA:178,1
DA:180,1
DA:181,1
DA:183,4
DA:189,1
DA:191,1
DA:193,3
DA:200,1
DA:207,1
DA:208,1
DA:209,1
DA:211,1
DA:212,1
DA:214,1
DA:215,1
DA:217,1
DA:219,3
DA:221,0
DA:223,0
DA:225,0
DA:238,0
DA:239,0
DA:240,0
DA:241,0
DA:244,0
DA:249,0
DA:251,0
DA:252,0
DA:253,0
DA:254,0
DA:261,0
LF:95
LH:56
end_of_record
SF:lib/features/momentum/presentation/widgets/skeleton_action_buttons.dart
DA:9,2
DA:11,1
DA:14,2
DA:15,1
DA:16,1
DA:17,1
DA:19,1
DA:20,1
DA:23,1
DA:24,1
DA:25,1
DA:26,1
DA:27,1
DA:30,1
DA:33,2
DA:36,2
DA:37,1
DA:38,1
DA:41,1
DA:44,2
LF:20
LH:20
end_of_record
SF:lib/features/momentum/presentation/widgets/skeleton_base_components.dart
DA:12,1
DA:20,1
DA:21,1
DA:29,1
DA:31,1
DA:32,1
DA:35,1
DA:36,4
DA:38,4
DA:39,1
DA:40,1
DA:44,2
DA:47,1
DA:49,2
DA:50,1
DA:53,1
DA:57,2
DA:58,2
DA:60,2
DA:61,2
DA:63,1
DA:64,1
DA:65,1
DA:66,1
DA:67,1
DA:69,2
DA:70,1
DA:71,2
DA:72,2
DA:73,1
DA:74,2
DA:75,2
DA:78,1
DA:81,1
DA:83,1
DA:85,1
DA:89,1
DA:91,2
DA:105,1
DA:113,1
DA:117,1
DA:119,1
DA:120,1
DA:121,1
DA:122,1
DA:123,1
DA:124,2
DA:134,0
DA:135,0
DA:136,0
DA:138,0
DA:139,0
DA:152,1
DA:159,1
DA:162,1
DA:164,1
DA:165,3
DA:167,1
DA:168,1
DA:180,0
DA:182,0
DA:183,0
DA:191,0
DA:193,0
DA:196,0
DA:200,0
DA:201,0
DA:204,0
DA:207,0
DA:208,0
DA:211,0
DA:213,0
DA:214,0
DA:217,0
DA:219,0
DA:220,0
DA:221,0
DA:222,0
DA:244,1
DA:260,1
DA:261,3
DA:262,1
DA:264,1
DA:265,1
DA:266,1
DA:267,1
DA:268,1
DA:269,1
DA:270,1
DA:271,1
DA:273,1
DA:276,1
LF:92
LH:68
end_of_record
SF:lib/features/momentum/presentation/widgets/skeleton_momentum_card.dart
DA:11,1
DA:13,1
DA:16,1
DA:17,2
DA:18,2
DA:20,1
DA:22,1
DA:24,1
DA:26,1
DA:27,1
DA:28,1
DA:36,1
DA:40,1
DA:42,1
DA:44,1
DA:45,1
DA:46,1
DA:47,3
DA:50,3
DA:53,1
DA:55,1
DA:56,1
DA:57,1
DA:58,1
DA:60,1
DA:61,2
DA:67,3
DA:70,1
DA:71,1
DA:72,1
DA:73,3
DA:76,3
DA:79,1
DA:81,1
DA:83,1
DA:84,1
DA:86,1
DA:87,1
DA:88,2
DA:91,3
DA:92,1
DA:93,1
DA:94,1
DA:95,1
DA:96,2
DA:103,3
DA:106,1
DA:108,1
DA:109,3
DA:120,1
DA:122,1
DA:124,1
DA:126,1
DA:127,1
DA:130,1
DA:131,2
DA:134,1
DA:135,1
DA:136,1
DA:137,1
DA:138,1
DA:139,2
LF:62
LH:62
end_of_record
SF:lib/features/momentum/presentation/widgets/skeleton_quick_stats_cards.dart
DA:7,2
DA:9,1
DA:11,1
DA:12,1
DA:13,1
DA:14,1
DA:16,1
DA:17,2
DA:18,1
DA:19,1
DA:20,3
DA:21,1
DA:22,1
DA:24,1
DA:25,2
DA:27,1
DA:28,1
DA:30,1
DA:32,1
DA:33,1
DA:34,1
DA:35,2
DA:38,2
DA:41,1
DA:42,1
DA:44,1
DA:48,1
DA:51,1
DA:52,1
DA:57,2
DA:60,1
DA:62,1
DA:66,1
DA:69,2
LF:34
LH:34
end_of_record
SF:lib/features/momentum/presentation/widgets/skeleton_screen.dart
DA:11,1
DA:13,1
DA:15,1
DA:16,1
DA:17,1
DA:19,1
DA:21,1
DA:23,1
DA:27,1
DA:32,1
DA:37,1
DA:42,1
DA:45,1
DA:46,1
DA:47,1
DA:49,1
DA:50,1
DA:53,1
DA:54,1
DA:55,4
DA:57,1
DA:61,2
DA:62,1
DA:63,1
DA:64,1
DA:67,2
DA:68,1
DA:70,2
DA:71,1
DA:72,1
DA:73,1
DA:74,1
DA:76,1
DA:79,1
DA:84,1
DA:85,1
DA:92,2
DA:93,1
DA:94,1
DA:95,4
DA:97,1
LF:41
LH:41
end_of_record
SF:lib/features/momentum/presentation/widgets/skeleton_weekly_trend_chart.dart
DA:10,2
DA:12,1
DA:15,2
DA:16,1
DA:17,1
DA:18,1
DA:20,1
DA:22,1
DA:23,1
DA:25,1
DA:28,1
DA:29,1
DA:31,1
DA:33,1
DA:35,1
DA:36,1
DA:37,4
DA:39,1
DA:42,2
DA:44,1
DA:45,4
DA:47,1
DA:50,2
DA:55,2
DA:58,1
DA:59,1
DA:62,2
DA:64,1
DA:65,1
DA:66,1
DA:69,1
DA:70,1
DA:71,3
DA:72,1
DA:74,1
DA:79,1
DA:80,1
DA:82,1
DA:83,1
DA:84,1
DA:89,2
DA:90,1
DA:92,1
DA:98,1
DA:103,1
DA:104,1
LF:46
LH:46
end_of_record
