SF:lib/core/ui/widgets/bee_text_field.dart
DA:14,12
DA:86,11
DA:87,11
DA:93,11
DA:95,11
DA:96,33
DA:99,11
DA:101,33
DA:102,11
DA:103,11
DA:104,11
DA:107,11
DA:109,11
DA:110,33
DA:111,22
DA:112,11
DA:113,22
DA:114,22
DA:115,22
DA:116,22
DA:117,22
DA:118,22
DA:119,11
DA:120,44
DA:121,44
DA:122,22
DA:123,22
DA:124,22
DA:125,22
DA:126,22
DA:127,11
DA:129,22
DA:130,22
DA:132,22
DA:133,5
DA:134,5
DA:135,5
DA:137,5
DA:139,22
LF:39
LH:39
end_of_record
SF:lib/core/services/responsive_service.dart
DA:25,54
DA:26,162
DA:28,54
DA:30,53
DA:32,53
DA:34,53
DA:42,11
DA:43,11
DA:46,11
DA:48,10
DA:50,10
DA:52,10
DA:54,0
DA:60,2
DA:61,2
DA:64,2
DA:66,2
DA:68,2
DA:70,2
DA:72,0
DA:78,54
DA:79,54
DA:82,54
DA:84,53
DA:86,53
DA:88,53
DA:90,0
DA:96,33
DA:97,66
DA:100,47
DA:101,94
DA:104,46
DA:105,92
DA:108,14
DA:109,28
DA:112,1
DA:113,2
DA:116,2
DA:117,4
DA:120,1
DA:121,1
DA:122,1
DA:126,25
DA:127,25
DA:128,25
DA:132,1
DA:133,1
DA:134,1
DA:138,0
DA:142,0
DA:143,0
DA:147,0
DA:151,0
DA:152,0
DA:156,24
DA:157,24
DA:160,24
DA:162,23
DA:164,23
DA:166,23
DA:168,0
DA:174,2
DA:175,2
DA:178,2
DA:180,2
DA:182,2
DA:184,2
DA:186,0
DA:192,4
DA:193,4
DA:196,4
DA:198,4
DA:200,4
DA:202,4
DA:204,0
DA:210,4
DA:211,4
DA:214,4
DA:216,4
DA:218,4
DA:220,4
DA:222,0
DA:228,2
DA:229,2
DA:232,2
DA:234,2
DA:236,2
DA:238,2
DA:240,0
DA:246,0
DA:247,0
DA:250,0
DA:252,0
DA:254,0
DA:256,0
DA:258,0
DA:264,2
DA:265,6
DA:269,2
DA:270,2
DA:271,2
DA:274,2
DA:276,2
DA:278,2
DA:280,2
DA:282,0
DA:288,1
DA:289,1
DA:292,1
DA:293,1
DA:294,1
DA:296,1
DA:298,0
DA:304,18
DA:305,18
DA:308,18
DA:310,17
DA:312,17
DA:314,17
DA:316,0
DA:322,18
DA:323,18
DA:324,18
DA:328,7
DA:329,7
DA:330,7
DA:334,1
DA:335,1
DA:336,1
DA:344,0
DA:346,0
DA:348,0
DA:349,0
DA:359,1
DA:366,1
DA:368,1
DA:370,2
DA:372,1
DA:373,1
DA:375,1
DA:378,1
DA:379,0
LF:142
LH:113
end_of_record
SF:lib/core/ui/bee_toast.dart
DA:13,1
DA:19,2
DA:21,5
DA:22,5
DA:23,0
DA:24,0
DA:28,1
DA:30,1
DA:31,2
DA:35,1
DA:36,1
DA:37,1
DA:38,1
DA:39,1
DA:41,2
DA:44,1
DA:45,1
DA:46,1
LF:18
LH:16
end_of_record
SF:lib/core/middleware/onboarding_redirect.dart
DA:16,1
DA:22,1
DA:24,3
DA:26,2
DA:29,2
DA:33,2
LF:6
LH:6
end_of_record
SF:lib/core/services/auth_service.dart
DA:13,5
DA:14,15
DA:18,6
DA:21,0
DA:24,0
DA:26,0
DA:27,0
DA:29,0
DA:33,0
DA:38,0
DA:42,0
DA:46,1
DA:51,3
DA:54,0
DA:60,4
DA:64,0
DA:66,0
DA:68,0
DA:73,6
DA:76,0
DA:81,0
DA:83,0
DA:88,0
DA:91,0
DA:92,0
DA:93,0
DA:94,0
DA:95,0
DA:98,0
DA:100,0
DA:106,0
DA:107,0
DA:109,0
DA:118,0
DA:124,0
DA:125,0
DA:126,0
DA:127,0
DA:130,0
DA:131,0
LF:40
LH:7
end_of_record
SF:lib/core/models/profile.dart
DA:17,2
DA:23,0
DA:24,0
DA:25,0
DA:26,0
DA:27,0
DA:31,0
DA:32,0
DA:33,0
DA:34,0
DA:37,0
DA:42,0
DA:43,0
DA:44,0
DA:45,0
DA:49,0
DA:51,0
DA:53,0
DA:56,0
DA:57,0
DA:58,0
DA:59,0
DA:62,0
DA:64,0
LF:24
LH:1
end_of_record
SF:lib/core/navigation/routes.dart
DA:27,0
DA:28,0
DA:31,0
DA:33,0
DA:37,0
DA:41,0
DA:45,0
DA:49,0
DA:55,0
DA:58,0
DA:59,0
DA:60,0
DA:63,0
DA:65,0
DA:67,0
DA:69,0
DA:71,0
DA:73,0
DA:75,0
DA:77,0
DA:78,0
DA:80,0
DA:82,0
DA:83,0
DA:85,0
DA:87,0
DA:88,0
DA:90,0
DA:92,0
DA:93,0
DA:95,0
DA:97,0
LF:32
LH:0
end_of_record
SF:lib/core/config/environment.dart
DA:10,0
DA:16,0
DA:25,0
DA:26,0
DA:27,0
DA:31,0
DA:33,0
DA:37,0
DA:38,0
DA:41,0
DA:42,0
DA:51,0
DA:55,0
DA:59,0
DA:60,0
DA:66,1
DA:67,0
DA:68,0
DA:74,2
DA:75,0
DA:76,0
DA:81,0
DA:82,0
DA:83,0
DA:89,0
DA:90,0
DA:91,0
DA:97,0
DA:98,0
DA:99,0
DA:106,0
DA:107,0
DA:110,3
DA:111,0
DA:112,0
DA:113,0
DA:116,2
DA:117,4
DA:121,0
DA:122,0
DA:123,0
DA:124,0
DA:125,0
DA:126,0
DA:127,0
DA:128,0
DA:132,0
DA:133,0
DA:137,0
DA:138,0
DA:145,0
DA:146,0
DA:149,0
DA:150,0
LF:54
LH:5
end_of_record
SF:lib/core/config/supabase_config.dart
DA:6,0
DA:7,0
LF:2
LH:0
end_of_record
SF:lib/core/mixins/input_validator.dart
DA:22,1
DA:24,1
DA:25,3
DA:26,3
DA:27,6
DA:28,0
DA:30,2
DA:37,2
DA:38,6
DA:47,0
DA:48,0
DA:50,0
DA:51,0
LF:13
LH:8
end_of_record
SF:lib/core/mixins/permission_auto_refresh_mixin.dart
DA:28,0
DA:30,0
DA:31,0
DA:33,0
DA:34,0
DA:37,0
DA:39,0
DA:40,0
DA:41,0
DA:44,0
DA:46,0
DA:47,0
DA:48,0
DA:49,0
DA:50,0
DA:51,0
DA:52,0
DA:56,0
DA:57,0
DA:58,0
DA:61,0
DA:62,0
DA:63,0
DA:64,0
DA:70,0
DA:76,0
DA:78,0
DA:82,0
DA:85,0
DA:88,0
DA:91,0
DA:94,0
DA:97,0
DA:100,0
DA:103,0
DA:106,0
DA:113,0
DA:114,0
LF:38
LH:0
end_of_record
SF:lib/core/providers/health_permission_provider.dart
DA:15,3
DA:18,0
DA:22,0
DA:23,0
DA:26,0
DA:27,0
DA:31,0
DA:34,0
DA:35,0
DA:39,0
DA:40,0
DA:41,0
DA:45,0
DA:48,0
DA:49,0
DA:50,0
DA:52,0
DA:56,0
DA:57,0
DA:58,0
DA:59,0
DA:60,0
DA:62,0
DA:63,0
DA:75,124
DA:84,0
DA:92,0
DA:93,0
DA:94,0
DA:95,0
DA:96,0
DA:97,0
DA:98,0
DA:103,0
DA:106,0
DA:107,0
DA:112,0
DA:113,0
DA:114,0
DA:120,0
DA:121,0
DA:124,0
DA:126,0
DA:127,0
DA:130,0
DA:133,0
DA:139,0
DA:141,0
DA:143,0
DA:148,0
DA:150,0
DA:151,0
DA:153,0
DA:156,0
DA:160,0
DA:161,0
DA:166,0
DA:167,0
DA:170,0
DA:171,0
DA:173,0
DA:175,0
DA:178,0
DA:180,0
DA:182,0
DA:188,0
DA:189,0
DA:192,0
DA:193,0
DA:195,0
DA:197,0
DA:200,0
DA:202,0
DA:204,0
DA:210,0
DA:211,0
DA:214,0
DA:215,0
DA:217,0
DA:219,0
DA:221,0
DA:226,0
DA:228,0
DA:229,0
DA:231,0
DA:232,0
DA:237,0
DA:239,0
DA:241,0
DA:246,0
DA:248,0
DA:250,0
LF:92
LH:2
end_of_record
SF:lib/core/providers/health_revocation_provider.dart
DA:7,0
DA:10,0
DA:13,0
DA:14,0
DA:20,4
DA:21,1
DA:22,1
DA:27,3
DA:28,0
DA:29,0
LF:10
LH:4
end_of_record
SF:lib/core/models/ai_tags.dart
DA:14,0
LF:1
LH:0
end_of_record
SF:lib/core/models/ai_tags.g.dart
DA:9,0
DA:11,0
DA:13,0
DA:14,0
DA:17,0
DA:18,0
DA:19,0
DA:20,0
DA:21,0
LF:9
LH:0
end_of_record
SF:lib/core/models/permission_summary.dart
DA:24,2
DA:26,0
DA:27,0
DA:28,0
DA:30,0
DA:31,0
DA:32,0
DA:36,0
DA:37,0
DA:48,6
DA:50,0
DA:51,0
DA:53,1
DA:56,1
DA:57,1
DA:58,5
LF:16
LH:6
end_of_record
SF:lib/core/services/wearable_data_models.dart
DA:21,9
DA:33,0
DA:34,0
DA:35,0
DA:36,0
DA:37,0
DA:38,0
DA:39,0
DA:40,0
DA:41,0
DA:42,0
DA:47,1
DA:48,1
DA:49,1
DA:50,2
DA:51,1
DA:52,1
DA:53,2
DA:54,2
DA:55,1
DA:56,1
DA:61,1
DA:62,1
DA:63,1
DA:64,1
DA:65,4
DA:66,0
DA:68,1
DA:69,1
DA:70,2
DA:71,3
DA:72,1
DA:73,1
DA:77,0
DA:79,0
DA:118,1
DA:120,1
DA:122,1
DA:124,1
DA:126,1
DA:128,1
DA:130,1
DA:132,0
DA:134,0
DA:136,0
DA:138,0
DA:140,0
DA:142,0
DA:144,0
DA:146,0
DA:148,0
DA:150,0
DA:152,0
DA:160,2
DA:162,2
DA:164,2
DA:166,2
DA:168,2
DA:170,2
DA:172,2
DA:174,1
DA:176,1
DA:178,1
DA:180,1
DA:182,1
DA:184,1
DA:186,1
DA:188,1
DA:190,1
DA:192,1
DA:194,0
DA:196,0
DA:214,127
DA:221,2
DA:222,0
DA:233,124
DA:290,124
DA:299,0
DA:302,0
DA:303,0
DA:305,0
DA:306,0
DA:308,0
DA:310,0
DA:317,0
DA:318,0
DA:319,0
DA:320,0
DA:321,0
DA:322,0
DA:323,0
DA:332,1
DA:334,1
DA:335,1
LF:94
LH:53
end_of_record
SF:lib/core/services/health_permission_manager.dart
DA:28,3
DA:37,0
DA:45,0
DA:46,0
DA:47,0
DA:48,0
DA:49,0
DA:50,0
DA:51,0
DA:55,1
DA:56,1
DA:57,2
DA:58,1
DA:59,2
DA:60,2
DA:61,1
DA:62,1
DA:66,1
DA:67,1
DA:68,1
DA:69,4
DA:70,1
DA:72,1
DA:73,2
DA:75,3
DA:77,1
DA:78,1
DA:90,2
DA:97,5
DA:98,5
DA:99,2
DA:101,0
DA:103,0
DA:115,126
DA:134,6
DA:135,3
DA:136,6
DA:137,3
DA:155,0
DA:156,0
DA:159,0
DA:162,0
DA:163,0
DA:166,0
DA:169,0
DA:172,1
DA:174,1
DA:178,0
DA:182,2
DA:184,0
DA:189,1
DA:192,1
DA:193,1
DA:194,1
DA:195,1
DA:198,1
DA:200,1
DA:203,0
DA:204,0
DA:210,0
DA:211,0
DA:212,0
DA:215,0
DA:219,1
DA:222,1
DA:223,1
DA:226,0
DA:231,0
DA:232,0
DA:233,0
DA:237,0
DA:239,0
DA:246,0
DA:247,0
DA:248,0
DA:257,0
DA:258,0
DA:259,0
DA:262,0
DA:265,0
DA:266,0
DA:268,0
DA:271,0
DA:272,0
DA:275,0
DA:276,0
DA:278,0
DA:281,0
DA:285,0
DA:288,0
DA:289,0
DA:290,0
DA:291,0
DA:294,0
DA:295,0
DA:298,0
DA:299,0
DA:300,0
DA:304,0
DA:309,0
DA:311,0
DA:312,0
DA:317,0
DA:320,0
DA:321,0
DA:325,0
DA:331,2
DA:335,2
DA:336,1
DA:339,2
DA:340,1
DA:341,1
DA:342,1
DA:344,2
DA:346,2
DA:350,0
DA:355,2
DA:356,1
DA:358,1
DA:361,2
DA:365,1
DA:371,0
DA:372,0
DA:373,0
DA:374,0
DA:378,0
DA:379,0
DA:380,0
DA:382,0
DA:389,2
DA:392,0
DA:395,1
DA:397,0
DA:398,0
DA:403,1
DA:404,0
DA:405,0
DA:410,2
DA:411,7
DA:412,1
DA:413,2
DA:420,0
DA:421,0
DA:422,0
DA:423,0
DA:424,0
DA:425,0
DA:429,0
DA:432,0
DA:436,0
DA:440,0
DA:441,0
DA:445,0
DA:446,0
DA:448,0
DA:450,0
DA:451,0
DA:454,0
DA:456,0
DA:458,0
DA:463,0
DA:465,0
DA:467,0
DA:469,0
DA:471,0
DA:473,0
DA:475,0
DA:477,0
DA:479,0
DA:481,0
DA:484,0
DA:489,1
DA:491,1
DA:492,1
DA:494,0
DA:499,1
DA:500,1
DA:503,2
DA:505,0
DA:507,0
DA:513,1
DA:515,1
DA:516,0
DA:519,0
DA:520,0
DA:521,0
DA:522,0
DA:523,0
DA:524,0
DA:526,0
DA:529,0
DA:532,0
DA:533,0
DA:534,0
DA:535,0
DA:541,2
DA:542,2
DA:547,0
DA:549,0
DA:550,0
DA:551,0
DA:553,0
DA:554,0
DA:557,0
DA:558,0
DA:559,0
DA:560,0
DA:565,0
DA:570,1
DA:572,1
DA:573,0
DA:577,0
DA:580,2
DA:585,0
DA:587,0
DA:589,0
DA:590,0
DA:592,0
DA:597,0
DA:598,0
DA:599,0
DA:600,0
DA:604,0
DA:605,0
DA:606,0
DA:610,0
DA:611,0
DA:612,0
DA:613,0
DA:614,0
DA:618,1
DA:620,1
DA:622,1
DA:624,1
DA:626,1
DA:628,1
DA:630,1
DA:632,1
DA:640,0
DA:641,0
DA:642,0
DA:646,1
DA:647,2
DA:648,3
DA:650,1
DA:651,1
DA:657,2
DA:659,0
DA:662,1
DA:663,1
DA:665,1
DA:668,1
DA:669,2
DA:670,2
DA:672,2
DA:674,2
LF:256
LH:97
end_of_record
SF:lib/core/widgets/launch_controller.dart
DA:14,24
DA:15,6
DA:19,12
DA:20,9
DA:21,6
DA:23,3
DA:34,626
DA:36,6
DA:39,12
DA:40,12
DA:42,12
DA:46,6
DA:48,2
DA:49,2
DA:50,0
DA:51,0
DA:57,8
DA:59,4
DA:60,4
DA:62,2
DA:64,0
DA:65,0
DA:68,3
DA:75,6
DA:77,3
DA:78,3
DA:79,1
DA:82,3
DA:83,4
DA:87,2
DA:89,2
DA:103,3
DA:108,3
DA:110,3
DA:111,3
DA:112,3
DA:114,3
DA:116,3
DA:119,3
DA:120,6
DA:122,9
DA:125,6
LF:42
LH:38
end_of_record
SF:lib/features/onboarding/ui/about_you_page.dart
DA:16,252
DA:18,6
DA:19,6
DA:26,6
DA:28,12
DA:29,6
DA:32,6
DA:34,6
DA:38,24
DA:39,18
DA:42,6
DA:43,10
DA:46,6
DA:47,6
DA:48,6
DA:49,6
DA:50,6
DA:51,6
DA:52,6
DA:53,6
DA:55,6
DA:57,6
DA:59,6
DA:60,6
DA:65,0
DA:66,3
DA:68,6
DA:71,6
DA:72,6
DA:86,6
DA:88,2
DA:90,6
DA:93,6
DA:95,6
DA:98,6
DA:100,12
DA:103,6
DA:106,6
DA:107,1
DA:108,3
DA:109,0
DA:127,0
DA:131,0
DA:132,0
DA:134,0
DA:135,0
DA:136,0
DA:139,0
DA:143,1
DA:144,1
LF:50
LH:41
end_of_record
SF:lib/features/onboarding/ui/preferences_page.dart
DA:14,127
DA:16,2
DA:18,6
DA:19,4
DA:21,2
DA:23,2
DA:24,2
DA:25,2
DA:26,2
DA:27,2
DA:28,2
DA:30,2
DA:32,2
DA:33,2
DA:34,2
DA:35,2
DA:38,2
DA:39,4
DA:40,2
DA:41,4
DA:42,8
DA:43,6
DA:46,4
DA:47,2
DA:50,4
DA:51,0
DA:52,0
DA:53,0
DA:54,0
DA:74,2
DA:117,2
DA:119,2
DA:120,2
DA:121,2
DA:123,4
DA:124,6
DA:125,2
DA:126,6
DA:127,4
DA:128,2
DA:129,2
DA:133,6
DA:134,1
DA:137,2
DA:138,6
DA:139,0
DA:141,2
DA:143,6
DA:146,2
DA:153,124
LF:50
LH:45
end_of_record
SF:lib/core/providers/supabase_provider.dart
DA:18,29
DA:21,2
DA:24,4
DA:26,2
DA:27,2
DA:30,0
DA:31,0
DA:32,0
DA:39,0
DA:40,0
DA:41,0
DA:43,0
DA:44,0
DA:50,0
DA:51,0
DA:52,0
DA:58,25
DA:59,1
DA:63,124
DA:71,0
DA:73,0
DA:80,0
DA:81,0
DA:89,0
DA:94,0
DA:101,0
DA:102,0
DA:103,0
DA:104,0
DA:106,0
LF:30
LH:8
end_of_record
SF:lib/features/onboarding/ui/readiness_page.dart
DA:18,251
DA:30,3
DA:32,9
DA:33,6
DA:34,3
DA:35,3
DA:37,3
DA:38,3
DA:39,3
DA:40,3
DA:41,3
DA:42,3
DA:44,3
DA:46,3
DA:48,3
DA:50,6
DA:53,3
DA:55,6
DA:58,3
DA:60,6
DA:63,3
DA:71,3
DA:78,3
DA:80,3
DA:81,3
DA:82,6
DA:83,9
DA:88,3
DA:90,9
DA:91,6
DA:94,3
DA:95,3
DA:96,3
DA:97,3
DA:99,6
DA:100,6
DA:101,3
DA:102,6
DA:103,3
DA:105,2
DA:107,3
DA:113,3
DA:119,3
DA:121,3
DA:122,3
DA:123,6
DA:124,3
DA:126,9
DA:128,3
DA:129,3
DA:130,3
DA:131,3
DA:132,6
DA:138,3
DA:144,3
DA:146,3
DA:147,3
DA:148,6
DA:149,3
DA:151,9
DA:153,3
DA:154,3
DA:155,3
DA:156,3
DA:157,6
DA:163,3
DA:168,3
DA:171,3
DA:172,1
DA:173,2
DA:176,1
DA:178,3
DA:185,3
DA:187,3
DA:189,3
DA:191,3
DA:193,3
DA:195,3
DA:197,3
DA:199,3
DA:211,3
DA:222,3
DA:224,3
DA:225,3
DA:228,3
DA:229,4
DA:230,3
DA:232,8
DA:234,3
DA:235,3
DA:237,3
DA:238,3
DA:239,3
DA:240,3
DA:241,3
DA:244,3
DA:246,3
DA:247,3
DA:248,5
DA:252,3
DA:253,3
DA:254,9
DA:256,3
LF:103
LH:103
end_of_record
SF:lib/features/onboarding/ui/mindset_page.dart
DA:16,251
DA:18,4
DA:20,12
DA:21,8
DA:22,4
DA:24,4
DA:25,4
DA:26,4
DA:27,4
DA:28,4
DA:29,4
DA:31,4
DA:33,4
DA:35,4
DA:36,8
DA:44,4
DA:45,4
DA:47,8
DA:50,4
DA:51,8
DA:58,4
DA:59,4
DA:61,8
DA:64,4
DA:65,8
DA:72,4
DA:73,4
DA:75,8
DA:78,4
DA:79,8
DA:86,4
DA:87,4
DA:89,8
DA:91,4
DA:94,4
DA:95,0
DA:96,0
DA:99,0
DA:100,0
DA:101,0
DA:120,4
DA:132,4
DA:134,4
DA:135,4
DA:137,4
DA:139,4
DA:140,4
DA:141,4
DA:142,12
DA:146,4
DA:147,12
DA:148,8
DA:149,12
DA:150,8
DA:151,4
DA:152,4
DA:153,4
LF:57
LH:52
end_of_record
SF:lib/features/onboarding/ui/goal_setup_page.dart
DA:18,249
DA:20,1
DA:21,1
DA:28,1
DA:30,2
DA:31,1
DA:34,1
DA:36,4
DA:37,3
DA:40,4
DA:41,3
DA:42,3
DA:43,4
DA:47,1
DA:49,1
DA:50,1
DA:51,1
DA:52,1
DA:53,1
DA:54,1
DA:55,1
DA:56,1
DA:58,1
DA:60,2
DA:61,1
DA:62,1
DA:66,1
DA:68,0
DA:69,0
DA:73,2
DA:74,1
DA:77,1
DA:78,0
DA:79,0
DA:82,0
DA:87,0
DA:88,0
DA:89,0
LF:38
LH:30
end_of_record
SF:lib/features/onboarding/ui/medical_history_page.dart
DA:14,250
DA:16,1
DA:18,1
DA:19,3
DA:20,2
DA:21,1
DA:22,2
DA:24,2
DA:26,1
DA:28,1
DA:29,1
DA:30,1
DA:31,1
DA:32,1
DA:33,1
DA:34,1
DA:35,1
DA:39,1
DA:40,1
DA:41,1
DA:42,1
DA:48,2
DA:49,1
DA:50,1
DA:52,2
DA:54,0
DA:56,1
DA:59,1
DA:60,1
DA:61,2
DA:62,1
DA:63,1
DA:66,2
DA:67,1
DA:68,0
DA:69,0
DA:85,1
DA:86,1
DA:87,1
DA:88,1
DA:90,1
DA:92,1
DA:93,0
DA:100,1
DA:110,1
DA:112,2
DA:113,1
DA:114,1
DA:115,1
DA:116,1
DA:117,2
DA:118,2
LF:52
LH:48
end_of_record
SF:lib/features/onboarding/onboarding_controller.dart
DA:11,20
DA:12,10
DA:19,0
DA:21,10
DA:23,33
DA:25,1
DA:30,20
DA:32,0
DA:33,0
DA:38,9
DA:40,9
DA:41,9
DA:48,2
DA:49,6
DA:52,2
DA:53,6
DA:56,0
DA:57,0
DA:60,2
DA:61,6
DA:64,2
DA:65,6
DA:68,2
DA:69,6
DA:76,2
DA:77,6
DA:80,2
DA:81,6
DA:84,2
DA:85,6
DA:93,1
DA:94,3
DA:95,1
DA:96,0
DA:98,2
DA:99,1
DA:101,3
DA:105,1
DA:106,4
DA:114,2
DA:115,6
DA:116,2
DA:117,0
DA:119,4
DA:120,2
DA:122,6
DA:126,0
DA:127,0
DA:130,1
DA:131,3
DA:139,1
DA:140,3
DA:141,1
DA:142,0
DA:144,1
DA:146,3
DA:149,0
DA:154,4
DA:160,0
DA:162,6
DA:163,18
DA:165,0
DA:167,3
DA:168,9
DA:169,4
DA:170,4
DA:172,4
DA:173,8
DA:174,4
DA:175,4
DA:176,4
DA:180,18
DA:181,9
DA:182,16
LF:74
LH:61
end_of_record
SF:lib/features/action_steps/ui/action_step_setup_page.dart
DA:7,125
DA:9,1
DA:11,1
DA:12,1
LF:4
LH:4
end_of_record
SF:lib/core/notifications/domain/models/notification_models.dart
DA:18,3
DA:27,2
DA:28,2
DA:29,6
DA:30,2
DA:31,2
DA:32,4
DA:33,12
DA:39,2
DA:40,2
DA:41,2
DA:42,2
DA:43,2
DA:44,2
DA:45,4
DA:46,10
DA:51,0
DA:53,0
DA:65,3
DA:72,2
DA:73,2
DA:74,4
DA:75,4
DA:76,4
DA:77,6
DA:81,0
DA:83,0
DA:98,2
DA:108,4
DA:109,2
DA:110,2
DA:111,2
DA:112,2
DA:113,2
DA:114,2
DA:115,4
DA:118,2
DA:119,2
DA:120,2
DA:121,2
DA:122,2
DA:124,2
DA:125,0
DA:126,2
DA:127,2
DA:128,4
DA:140,2
DA:147,4
DA:148,2
DA:149,2
DA:150,2
DA:151,4
DA:154,1
DA:155,1
DA:156,1
DA:157,1
DA:159,1
DA:160,0
DA:161,2
DA:172,2
DA:178,2
DA:179,2
DA:182,2
DA:186,2
DA:187,2
DA:188,2
DA:189,2
DA:190,8
DA:191,0
DA:193,4
DA:197,1
DA:198,5
DA:213,1
DA:223,1
DA:224,1
DA:225,1
DA:226,1
DA:228,1
DA:229,1
DA:230,1
DA:231,2
DA:233,1
DA:234,2
DA:235,2
DA:237,3
DA:238,1
DA:252,1
DA:260,1
DA:261,1
DA:262,1
DA:264,1
DA:265,4
DA:266,1
DA:268,2
DA:269,1
DA:270,2
DA:286,1
DA:296,1
DA:297,1
DA:298,1
DA:299,1
DA:300,2
DA:301,2
DA:302,2
DA:303,2
DA:304,2
DA:319,1
DA:328,1
DA:329,1
DA:330,2
DA:331,1
DA:332,1
DA:333,1
DA:334,1
DA:335,2
DA:359,1
DA:368,1
DA:369,1
DA:370,1
DA:371,1
DA:372,1
DA:373,1
DA:374,4
DA:375,0
DA:377,1
DA:378,2
DA:382,0
DA:383,0
DA:384,0
DA:385,0
DA:386,0
DA:387,0
DA:388,0
DA:389,0
DA:407,0
DA:419,0
DA:420,0
DA:421,0
DA:422,0
DA:423,0
DA:424,0
DA:425,0
DA:426,0
DA:427,0
DA:428,0
DA:429,0
DA:448,0
DA:460,0
DA:461,0
DA:462,0
DA:464,0
DA:466,0
DA:468,0
DA:469,0
DA:470,0
DA:471,0
DA:472,0
DA:473,0
DA:474,0
DA:476,0
DA:480,0
DA:481,0
DA:482,0
DA:483,0
DA:484,0
DA:485,0
DA:486,0
DA:487,0
DA:488,0
DA:489,0
DA:493,0
DA:494,0
DA:496,0
DA:497,0
DA:500,0
DA:501,0
DA:505,0
DA:510,0
DA:511,0
DA:514,0
DA:515,0
DA:516,0
DA:517,0
DA:518,0
DA:519,0
DA:520,0
DA:521,0
DA:522,0
DA:523,0
DA:536,0
DA:542,0
DA:543,0
DA:544,0
DA:545,0
DA:548,0
DA:549,0
DA:550,0
DA:551,0
DA:552,0
DA:553,0
DA:554,0
DA:555,0
DA:568,0
DA:575,0
DA:576,0
DA:577,0
DA:578,0
DA:579,0
DA:580,0
DA:598,0
DA:620,0
DA:638,0
DA:640,0
DA:641,0
DA:642,0
DA:643,0
DA:657,0
DA:675,0
DA:677,0
DA:678,0
DA:679,0
DA:680,0
DA:690,0
DA:691,0
DA:692,0
DA:693,0
DA:694,0
DA:695,0
DA:697,0
DA:698,0
DA:700,0
DA:701,0
DA:703,0
DA:704,0
DA:706,0
DA:707,0
LF:236
LH:118
end_of_record
SF:lib/core/notifications/domain/services/notification_core_service.dart
DA:17,3
DA:18,3
DA:20,3
DA:38,1
DA:44,1
DA:45,1
DA:48,2
DA:51,2
DA:54,1
DA:59,0
DA:60,0
DA:61,0
DA:62,0
DA:64,0
DA:65,0
DA:67,0
DA:70,0
DA:75,0
DA:78,0
DA:79,0
DA:87,4
DA:90,0
DA:91,0
DA:96,1
DA:97,1
DA:98,1
DA:104,0
DA:115,0
DA:118,0
DA:119,0
DA:122,0
DA:123,0
DA:126,0
DA:129,0
DA:136,0
DA:138,0
DA:141,0
DA:143,0
DA:144,0
DA:147,0
DA:151,0
DA:153,0
DA:155,0
DA:159,0
DA:161,0
DA:163,0
DA:164,0
DA:168,0
DA:171,0
DA:172,0
DA:175,0
DA:180,2
DA:184,0
DA:191,2
DA:193,4
DA:195,2
DA:203,1
DA:204,1
DA:206,1
DA:211,0
DA:212,0
DA:215,0
DA:223,0
DA:226,0
DA:227,0
DA:231,0
DA:233,0
DA:235,0
DA:244,0
DA:246,0
DA:251,0
DA:253,0
DA:254,0
DA:255,0
DA:261,0
DA:271,0
DA:272,0
DA:273,0
DA:274,0
DA:278,0
DA:279,0
DA:280,0
DA:283,0
DA:294,2
DA:298,0
DA:307,2
DA:309,4
DA:311,2
DA:319,1
DA:320,1
DA:321,1
DA:326,0
DA:327,0
DA:328,0
DA:331,0
DA:335,0
DA:341,1
DA:344,2
DA:345,3
DA:350,1
DA:353,1
DA:356,0
DA:362,1
DA:365,1
DA:368,1
DA:371,2
DA:375,0
DA:381,2
DA:382,2
DA:383,2
DA:388,0
DA:389,0
DA:391,0
DA:392,0
DA:394,0
DA:397,0
DA:406,0
DA:409,0
DA:410,0
DA:411,0
DA:413,0
DA:417,0
DA:421,0
DA:424,0
DA:430,1
DA:432,1
DA:433,1
DA:436,0
DA:443,0
DA:445,0
DA:446,0
DA:450,0
DA:451,0
DA:453,0
DA:456,0
DA:463,1
DA:465,1
DA:466,1
DA:467,1
DA:470,0
DA:476,0
DA:478,0
DA:479,0
DA:482,0
DA:483,0
DA:485,0
DA:486,0
DA:490,0
DA:495,0
DA:501,0
DA:503,0
DA:504,0
DA:508,0
DA:509,0
DA:511,0
DA:513,0
DA:516,0
DA:521,0
DA:529,1
DA:549,1
DA:550,1
DA:554,0
DA:560,1
DA:562,1
DA:563,1
DA:566,1
DA:567,1
DA:569,0
DA:571,0
DA:576,0
DA:578,0
DA:582,1
DA:583,1
DA:584,1
DA:585,1
DA:587,2
DA:588,2
DA:589,1
DA:593,0
DA:600,1
DA:602,1
DA:603,2
DA:604,1
DA:607,0
DA:613,1
DA:616,2
DA:618,1
DA:621,1
DA:623,1
DA:625,1
DA:628,2
DA:633,0
DA:639,1
DA:641,2
DA:643,1
DA:644,1
DA:645,1
DA:646,1
DA:647,1
DA:650,1
DA:651,2
DA:652,3
DA:653,1
DA:656,0
DA:662,1
DA:663,1
DA:664,1
DA:665,1
DA:666,1
DA:670,1
DA:671,1
DA:673,1
DA:674,1
DA:675,0
DA:676,1
DA:678,1
DA:679,1
DA:681,0
DA:682,0
DA:684,0
DA:685,0
DA:688,0
DA:689,0
DA:691,0
DA:692,0
DA:702,0
DA:704,0
DA:705,0
DA:708,0
DA:709,0
DA:715,0
DA:722,0
DA:724,0
DA:725,0
DA:728,0
DA:730,0
DA:731,0
DA:734,0
DA:739,0
DA:740,0
DA:741,0
DA:744,0
DA:746,0
DA:751,0
DA:753,0
DA:754,0
DA:757,0
DA:763,0
DA:770,0
DA:772,0
DA:773,0
DA:774,0
DA:775,0
DA:778,0
DA:782,0
DA:789,0
DA:791,0
LF:257
LH:95
end_of_record
SF:lib/core/services/firebase_service.dart
DA:18,1
DA:23,2
DA:29,0
DA:35,1
DA:36,1
DA:42,0
DA:46,1
DA:47,0
DA:53,0
DA:61,0
DA:64,0
DA:65,0
DA:66,0
DA:70,0
DA:76,1
DA:79,3
DA:80,2
DA:81,2
DA:85,1
DA:93,0
DA:95,0
DA:99,0
DA:100,0
DA:105,0
DA:110,1
DA:113,1
DA:116,0
DA:119,0
DA:123,0
DA:127,0
DA:130,0
DA:137,0
DA:140,0
DA:141,0
DA:150,2
DA:152,2
DA:154,0
DA:156,2
DA:157,1
DA:159,3
DA:165,2
DA:169,6
LF:42
LH:19
end_of_record
SF:lib/core/notifications/domain/services/notification_preferences_service.dart
DA:30,0
DA:31,0
DA:35,0
DA:41,0
DA:42,0
DA:44,0
DA:45,0
DA:46,0
DA:49,0
DA:54,0
DA:56,0
DA:57,0
DA:58,0
DA:62,0
DA:63,0
DA:65,0
DA:66,0
DA:67,0
DA:70,0
DA:71,0
DA:73,0
DA:74,0
DA:75,0
DA:78,0
DA:79,0
DA:81,0
DA:82,0
DA:83,0
DA:87,0
DA:88,0
DA:90,0
DA:91,0
DA:92,0
DA:95,0
DA:96,0
DA:98,0
DA:99,0
DA:101,0
DA:105,0
DA:106,0
DA:108,0
DA:109,0
DA:111,0
DA:115,0
DA:116,0
DA:118,0
DA:119,0
DA:120,0
DA:123,0
DA:124,0
DA:125,0
DA:129,0
DA:130,0
DA:131,0
DA:132,0
DA:133,0
DA:137,0
DA:138,0
DA:140,0
DA:141,0
DA:147,0
DA:148,0
DA:150,0
DA:151,0
DA:152,0
DA:155,0
DA:156,0
DA:159,0
DA:166,0
DA:167,0
DA:168,0
DA:171,0
DA:181,0
DA:182,0
DA:185,0
DA:186,0
DA:187,0
DA:193,0
DA:194,0
DA:195,0
DA:197,0
DA:198,0
DA:201,0
DA:202,0
DA:208,0
DA:218,0
DA:221,0
DA:224,0
DA:227,0
DA:230,0
DA:233,0
DA:236,0
DA:239,0
DA:242,0
DA:245,0
DA:249,0
DA:250,0
DA:251,0
DA:252,0
DA:253,0
DA:254,0
DA:255,0
DA:257,0
DA:258,0
DA:259,0
DA:260,0
DA:261,0
DA:263,0
DA:264,0
DA:265,0
DA:266,0
DA:267,0
DA:269,0
DA:273,0
DA:274,0
DA:276,0
DA:280,0
DA:282,0
DA:283,0
DA:284,0
DA:285,0
DA:289,0
DA:290,0
DA:294,0
DA:295,0
DA:296,0
DA:297,0
DA:298,0
DA:301,0
DA:302,0
DA:303,0
DA:305,0
DA:310,0
DA:313,0
DA:314,0
LF:135
LH:0
end_of_record
SF:lib/core/providers/analytics_provider.dart
DA:8,17
DA:9,4
DA:10,2
LF:3
LH:3
end_of_record
SF:lib/core/services/analytics_service.dart
DA:16,5
DA:19,0
DA:21,0
DA:23,0
DA:24,0
DA:25,0
DA:31,0
DA:34,0
DA:36,0
LF:9
LH:1
end_of_record
SF:lib/core/providers/auth_provider.dart
DA:7,27
DA:8,9
DA:9,3
DA:21,16
DA:24,2
DA:26,3
DA:27,1
DA:31,17
DA:32,6
DA:33,2
DA:37,0
DA:38,0
DA:43,13
DA:44,1
DA:50,1
DA:52,5
DA:53,2
DA:57,0
DA:58,0
DA:60,0
DA:61,0
DA:63,0
DA:68,0
DA:72,0
DA:74,0
DA:75,0
DA:77,0
DA:82,0
DA:87,0
DA:89,0
DA:94,0
DA:96,0
DA:101,0
DA:102,0
DA:104,0
DA:105,0
DA:107,0
DA:112,0
DA:116,0
DA:118,0
DA:120,0
DA:122,0
LF:42
LH:15
end_of_record
SF:lib/core/services/health_revocation_watcher.dart
DA:30,0
DA:31,0
DA:32,0
DA:33,0
DA:42,0
DA:44,0
DA:45,0
DA:46,0
DA:48,0
DA:49,0
DA:53,0
DA:57,0
DA:62,0
DA:64,0
DA:66,0
DA:67,0
DA:68,0
DA:69,0
DA:75,0
DA:78,0
DA:81,0
DA:82,0
DA:83,0
DA:92,0
DA:93,0
DA:94,0
DA:97,0
DA:100,0
DA:101,0
DA:102,0
DA:105,0
DA:109,0
DA:110,0
DA:114,0
DA:115,0
DA:116,0
LF:36
LH:0
end_of_record
SF:lib/core/providers/permission_summary_provider.dart
DA:9,4
DA:10,2
DA:13,3
DA:16,1
DA:17,1
DA:18,0
DA:23,1
DA:25,3
DA:28,1
DA:32,1
DA:36,0
DA:39,2
DA:42,5
DA:45,1
LF:14
LH:12
end_of_record
SF:lib/core/services/onboarding_submission_flag_service.dart
DA:16,1
DA:18,1
DA:20,0
DA:22,0
DA:24,0
DA:30,0
DA:32,0
DA:33,0
DA:34,0
LF:9
LH:2
end_of_record
SF:lib/core/providers/theme_provider.dart
DA:6,0
DA:9,0
DA:16,0
DA:17,0
DA:21,0
DA:23,0
DA:24,0
DA:25,0
DA:27,0
DA:28,0
DA:33,0
DA:35,0
DA:36,0
DA:37,0
DA:38,0
DA:40,0
DA:45,0
DA:46,0
DA:47,0
DA:48,0
DA:50,0
DA:51,0
DA:53,0
DA:54,0
LF:24
LH:0
end_of_record
SF:lib/core/providers/vitals_notifier_provider.dart
DA:15,12
DA:16,6
DA:17,3
DA:18,3
DA:19,3
DA:23,12
DA:24,0
DA:25,0
DA:29,0
DA:32,0
DA:33,0
DA:37,0
DA:38,0
DA:41,0
DA:42,0
DA:46,15
DA:47,6
DA:48,3
DA:52,0
DA:53,0
DA:54,0
DA:58,0
DA:59,0
DA:60,0
DA:70,124
DA:77,0
DA:83,0
DA:84,0
DA:85,0
DA:86,0
DA:87,0
DA:91,0
DA:92,0
DA:93,0
DA:101,0
DA:102,0
DA:105,0
DA:107,0
DA:108,0
DA:111,0
DA:113,0
DA:116,0
DA:121,0
DA:122,0
DA:123,0
DA:126,0
DA:131,0
DA:132,0
DA:135,0
DA:137,0
DA:142,0
DA:148,0
DA:149,0
DA:152,0
DA:153,0
DA:155,0
DA:159,0
DA:161,0
DA:162,0
LF:59
LH:10
end_of_record
SF:lib/core/services/vitals/vitals_facade.dart
DA:34,3
DA:38,3
DA:39,6
DA:40,6
DA:43,3
DA:52,0
DA:53,0
DA:55,9
DA:60,0
DA:61,0
DA:63,0
DA:64,0
DA:65,0
DA:69,0
DA:70,0
DA:73,0
DA:75,0
DA:78,0
DA:81,0
DA:82,0
DA:85,0
DA:86,0
DA:90,0
DA:93,0
DA:94,0
DA:95,0
DA:96,0
DA:99,0
DA:100,0
DA:102,0
DA:103,0
DA:104,0
DA:107,0
DA:108,0
DA:109,0
DA:111,0
DA:112,0
DA:113,0
DA:114,0
DA:115,0
LF:40
LH:6
end_of_record
SF:lib/core/services/wearable_live_service.dart
DA:42,4
DA:48,3
DA:49,3
DA:50,8
DA:54,0
DA:55,0
DA:58,2
DA:61,2
DA:64,2
DA:67,0
DA:68,0
DA:73,0
DA:75,0
DA:76,0
DA:77,0
DA:80,0
DA:82,0
DA:85,0
DA:87,0
DA:88,0
DA:92,0
DA:93,0
DA:97,0
DA:98,0
DA:99,0
DA:100,0
DA:104,0
DA:105,0
DA:108,0
DA:109,0
DA:115,0
DA:118,0
DA:121,0
DA:122,0
DA:123,0
DA:125,0
DA:126,0
DA:129,0
DA:135,1
DA:136,1
DA:139,1
DA:140,1
DA:141,1
DA:142,1
DA:145,1
DA:146,0
DA:147,0
DA:150,1
DA:151,1
DA:154,1
DA:155,1
DA:158,2
DA:159,2
DA:160,1
DA:161,1
DA:163,1
DA:167,0
DA:168,0
DA:169,0
DA:174,0
DA:179,0
DA:180,0
DA:184,0
DA:186,0
DA:189,0
DA:190,0
DA:194,0
DA:199,0
DA:200,0
DA:204,0
DA:206,0
DA:208,0
DA:210,0
DA:213,0
DA:217,0
DA:222,0
DA:224,0
DA:225,0
DA:227,0
DA:230,0
DA:232,0
DA:235,0
DA:236,0
DA:239,0
DA:240,0
DA:241,0
DA:244,0
DA:245,0
DA:253,0
DA:254,0
DA:260,0
DA:261,0
DA:262,0
DA:263,0
DA:264,0
DA:265,0
DA:266,0
DA:267,0
DA:270,0
DA:273,0
DA:274,0
DA:278,0
DA:279,0
DA:282,0
DA:284,0
DA:285,0
DA:286,0
DA:289,0
DA:291,0
DA:294,0
DA:295,0
DA:300,0
DA:301,0
DA:302,0
DA:305,0
DA:306,0
DA:308,0
DA:313,0
DA:314,0
DA:316,0
DA:317,0
DA:320,0
DA:321,0
DA:322,0
DA:325,0
DA:328,0
DA:333,0
DA:334,0
DA:336,0
DA:337,0
DA:339,0
DA:340,0
DA:344,0
DA:346,0
DA:348,0
DA:349,0
DA:352,0
DA:353,0
DA:356,0
DA:361,0
DA:362,0
DA:366,0
DA:367,0
DA:369,0
DA:370,0
DA:372,0
DA:376,0
DA:378,0
DA:379,0
DA:380,0
DA:382,0
DA:383,0
DA:388,0
DA:393,0
DA:395,0
DA:396,0
DA:398,0
DA:400,0
DA:402,0
DA:404,0
DA:406,0
DA:408,0
DA:416,1
DA:417,1
DA:418,0
DA:419,0
DA:424,3
DA:427,1
DA:429,1
DA:430,0
DA:434,1
DA:437,2
DA:438,0
DA:441,0
DA:446,1
DA:447,1
DA:450,0
DA:451,0
DA:452,0
DA:455,0
DA:456,0
DA:457,0
DA:465,0
DA:466,0
DA:472,0
DA:473,0
LF:186
LH:32
end_of_record
SF:lib/core/services/wearable_data_repository.dart
DA:24,16
DA:25,8
DA:26,16
DA:27,8
DA:60,0
DA:63,0
DA:66,0
DA:69,0
DA:72,0
DA:75,0
DA:76,0
DA:77,0
DA:78,0
DA:79,0
DA:80,0
DA:81,0
DA:82,0
DA:86,2
DA:89,0
DA:93,4
DA:96,1
DA:97,0
DA:98,0
DA:100,0
DA:101,0
DA:103,0
DA:106,1
DA:107,0
DA:110,1
DA:111,2
DA:114,0
DA:120,0
DA:121,0
DA:125,0
DA:126,0
DA:129,0
DA:132,0
DA:134,0
DA:136,0
DA:137,0
DA:141,0
DA:149,0
DA:150,0
DA:151,0
DA:152,0
DA:153,0
DA:160,0
DA:163,0
DA:164,0
DA:168,0
DA:169,0
DA:170,0
DA:171,0
DA:172,0
DA:173,0
DA:174,0
DA:180,0
DA:186,0
DA:188,0
DA:198,0
DA:199,0
DA:201,0
DA:209,0
DA:210,0
DA:211,0
DA:215,0
DA:217,0
DA:218,0
DA:229,0
DA:230,0
DA:231,0
DA:241,0
DA:242,0
DA:254,0
DA:258,0
DA:260,0
DA:263,0
DA:265,0
DA:271,0
DA:277,0
DA:280,0
DA:281,0
DA:285,0
DA:286,0
DA:290,0
DA:291,0
DA:297,0
DA:298,0
DA:299,0
DA:300,0
DA:305,0
DA:308,0
DA:309,0
DA:310,0
DA:311,0
DA:316,0
DA:318,0
DA:323,0
DA:325,0
DA:330,0
DA:335,0
DA:336,0
DA:339,0
DA:343,0
DA:344,0
DA:345,0
DA:346,0
DA:350,0
DA:353,0
DA:354,0
DA:355,0
DA:356,0
DA:358,0
DA:364,0
DA:365,0
DA:366,0
DA:369,0
DA:370,0
DA:371,0
DA:373,0
DA:375,0
DA:383,1
DA:386,1
DA:391,1
DA:392,0
DA:396,0
DA:401,0
DA:404,3
DA:405,2
DA:406,1
DA:407,1
DA:411,3
DA:413,2
DA:420,0
DA:421,0
DA:426,0
DA:429,0
DA:430,0
DA:440,0
DA:445,0
DA:446,0
DA:452,0
DA:455,0
DA:457,0
DA:460,0
DA:463,0
DA:470,0
DA:472,0
DA:482,3
DA:488,0
DA:489,0
DA:498,0
DA:504,0
DA:505,0
DA:512,0
DA:515,0
DA:521,0
DA:522,0
DA:523,0
DA:524,0
DA:528,0
DA:533,0
DA:541,0
DA:548,0
DA:551,0
DA:552,0
DA:553,0
DA:554,0
DA:556,0
DA:557,0
DA:561,0
DA:569,0
DA:570,0
DA:573,0
DA:574,0
DA:575,0
DA:576,0
DA:577,0
DA:581,0
DA:582,0
DA:583,0
DA:586,0
DA:587,0
DA:588,0
DA:589,0
DA:590,0
DA:593,0
DA:594,0
DA:598,0
DA:599,0
DA:605,0
DA:607,0
DA:609,0
DA:612,0
DA:615,0
DA:616,0
DA:622,0
DA:623,0
DA:624,0
DA:627,0
DA:628,0
DA:629,0
DA:631,0
DA:633,0
DA:637,0
DA:642,0
DA:643,0
DA:644,0
DA:645,0
DA:646,0
DA:649,0
DA:653,0
DA:658,0
DA:664,0
DA:665,0
DA:668,0
DA:670,0
DA:672,0
DA:674,0
DA:677,0
DA:678,0
DA:679,0
DA:680,0
DA:682,0
DA:683,0
DA:684,0
DA:687,0
DA:688,0
DA:689,0
DA:691,0
DA:693,0
DA:694,0
DA:698,0
DA:699,0
DA:701,0
DA:702,0
DA:703,0
DA:708,0
DA:716,0
DA:717,0
DA:723,0
DA:724,0
DA:725,0
DA:732,0
DA:733,0
DA:734,0
DA:740,0
DA:741,0
DA:744,0
DA:746,0
DA:747,0
DA:748,0
DA:752,0
DA:755,0
DA:759,0
DA:765,0
DA:767,0
DA:768,0
DA:769,0
DA:771,0
DA:777,0
DA:781,0
DA:782,0
DA:786,0
DA:787,0
DA:788,0
DA:791,0
DA:798,0
DA:799,0
DA:805,0
DA:806,0
DA:809,0
DA:810,0
DA:818,0
DA:819,0
DA:826,0
DA:827,0
DA:828,0
DA:832,0
DA:833,0
DA:835,0
DA:836,0
DA:837,0
DA:843,0
DA:847,0
DA:854,0
DA:855,0
DA:859,0
DA:860,0
DA:866,0
DA:872,0
DA:878,0
DA:882,0
DA:883,0
DA:887,0
DA:888,0
DA:889,0
DA:890,0
DA:891,0
DA:896,0
DA:901,0
DA:910,0
DA:915,0
DA:921,0
DA:922,0
DA:923,0
DA:925,0
DA:928,0
DA:932,0
DA:936,0
DA:941,0
DA:946,0
DA:950,0
DA:953,0
DA:954,0
DA:959,0
DA:960,0
DA:961,0
DA:962,0
DA:966,1
DA:971,2
DA:973,3
DA:979,1
DA:984,2
DA:986,3
DA:992,0
DA:994,0
DA:996,0
DA:998,0
DA:1000,0
DA:1002,0
DA:1004,0
DA:1006,0
DA:1008,0
DA:1010,0
DA:1020,0
DA:1025,0
DA:1026,0
DA:1027,0
DA:1029,0
DA:1031,0
DA:1040,0
DA:1041,0
DA:1044,0
DA:1045,0
DA:1046,0
DA:1049,0
DA:1056,0
DA:1057,0
DA:1061,0
DA:1062,0
DA:1064,0
DA:1065,0
DA:1079,0
DA:1081,0
LF:355
LH:26
end_of_record
SF:lib/core/services/accessibility_service.dart
DA:15,3
DA:16,3
DA:17,3
DA:19,6
DA:23,2
DA:28,2
DA:29,2
DA:30,2
DA:31,2
DA:33,4
DA:37,1
DA:38,1
DA:40,5
DA:41,1
DA:43,2
DA:47,2
DA:52,2
DA:56,1
DA:57,1
DA:61,0
DA:62,0
DA:63,0
DA:67,3
DA:68,6
DA:72,3
DA:73,6
DA:74,3
DA:75,3
DA:82,0
DA:89,0
DA:93,0
DA:98,0
DA:100,0
DA:102,0
DA:113,2
DA:120,2
DA:122,2
DA:124,6
DA:132,0
DA:134,0
DA:138,0
DA:142,0
DA:145,0
DA:147,0
DA:148,0
DA:150,0
DA:153,0
DA:158,0
DA:168,0
DA:182,3
DA:184,3
DA:186,2
DA:188,0
DA:193,2
DA:195,2
DA:197,0
DA:199,0
DA:204,1
DA:205,2
DA:207,1
DA:208,1
DA:210,2
DA:211,0
DA:218,0
DA:219,0
DA:220,0
DA:222,0
DA:223,0
LF:68
LH:39
end_of_record
SF:lib/features/momentum/domain/models/momentum_data.dart
DA:12,3
DA:22,2
DA:23,2
DA:27,2
DA:28,2
DA:39,2
DA:40,2
DA:41,4
DA:42,6
DA:43,2
DA:52,2
DA:54,2
DA:56,2
DA:57,2
DA:63,2
DA:71,2
DA:72,2
DA:73,1
DA:74,1
DA:75,2
DA:76,2
DA:77,2
DA:82,1
DA:83,1
DA:84,2
DA:85,1
DA:86,1
DA:87,2
DA:88,5
DA:89,2
DA:94,1
DA:95,1
DA:96,1
DA:97,4
DA:98,0
DA:100,2
DA:101,1
DA:102,2
DA:104,1
DA:105,3
DA:106,1
DA:107,2
DA:118,3
DA:125,1
DA:126,1
DA:127,2
DA:128,2
DA:129,1
DA:134,1
DA:135,1
DA:136,2
DA:137,1
DA:138,4
DA:139,0
DA:141,2
DA:153,252
DA:161,4
DA:164,5
DA:167,3
DA:170,1
DA:171,1
DA:172,1
DA:173,1
DA:174,1
DA:175,1
DA:180,2
DA:181,2
DA:182,2
DA:183,2
DA:184,2
DA:185,2
LF:71
LH:69
end_of_record
SF:lib/core/theme/app_theme.dart
DA:52,13
DA:53,13
DA:55,13
DA:66,13
DA:69,13
DA:99,13
DA:100,13
DA:102,26
DA:121,2
DA:122,2
DA:124,2
DA:135,2
DA:138,2
DA:159,2
DA:163,2
DA:165,2
DA:166,2
DA:173,2
DA:174,2
DA:176,4
DA:197,13
DA:199,13
DA:201,13
DA:203,13
DA:205,13
DA:209,13
DA:213,13
DA:217,13
DA:221,13
DA:225,13
DA:229,13
DA:236,13
DA:243,13
DA:250,13
DA:258,13
DA:266,13
DA:277,15
DA:279,15
DA:281,11
DA:283,1
DA:289,13
DA:290,39
DA:296,14
DA:297,42
DA:303,11
DA:304,33
DA:310,10
DA:311,30
DA:317,7
DA:318,21
DA:324,0
DA:325,0
DA:331,0
DA:332,0
DA:338,3
DA:339,9
DA:344,3
DA:346,3
DA:348,2
DA:350,1
DA:355,0
DA:357,0
DA:359,0
DA:361,0
LF:64
LH:56
end_of_record
SF:lib/core/services/action_step_status_service.dart
DA:13,0
DA:15,0
DA:17,0
DA:19,0
DA:21,0
DA:27,0
DA:29,0
DA:30,0
DA:31,0
LF:9
LH:0
end_of_record
SF:lib/core/services/ai_coaching_service.dart
DA:9,1
DA:10,1
DA:14,1
DA:16,1
DA:18,1
DA:21,2
DA:22,1
DA:30,0
DA:31,0
DA:32,0
DA:33,0
DA:38,1
DA:45,1
DA:47,2
DA:50,1
DA:51,1
DA:52,1
DA:61,0
DA:62,0
DA:63,0
DA:66,0
DA:69,0
DA:70,0
DA:72,0
DA:73,0
DA:74,0
DA:75,0
DA:76,0
DA:78,0
DA:79,0
DA:80,0
DA:83,0
DA:85,0
DA:86,0
DA:89,0
DA:91,0
DA:97,0
DA:98,0
DA:102,0
DA:108,0
DA:111,0
DA:114,0
DA:115,0
DA:116,0
DA:117,0
DA:118,0
DA:119,0
DA:122,0
DA:125,0
DA:127,0
DA:129,0
DA:132,0
DA:142,0
DA:146,0
DA:148,0
DA:159,0
DA:160,0
DA:164,0
DA:165,0
DA:169,0
DA:180,0
DA:181,0
DA:182,0
DA:183,0
DA:184,0
DA:185,0
DA:186,0
DA:187,0
DA:188,0
DA:189,0
DA:190,0
DA:191,0
DA:192,0
DA:193,0
DA:194,0
DA:195,0
DA:196,0
DA:197,0
DA:198,0
DA:199,0
DA:200,0
DA:201,0
DA:202,0
DA:203,0
DA:204,0
DA:205,0
DA:208,0
DA:213,1
DA:214,1
DA:216,2
DA:218,2
DA:220,2
DA:228,0
DA:233,0
DA:235,0
DA:239,0
DA:242,0
DA:243,0
DA:245,0
DA:246,0
DA:247,0
DA:248,0
DA:249,0
DA:250,0
DA:253,0
DA:254,0
DA:255,0
DA:256,0
DA:259,0
DA:261,0
DA:266,1
DA:269,1
DA:271,2
DA:276,0
DA:277,0
DA:279,0
DA:284,0
DA:286,0
DA:289,0
DA:290,0
DA:291,0
DA:292,0
DA:293,0
DA:294,0
DA:295,0
DA:297,0
DA:300,0
DA:301,0
DA:305,0
DA:321,1
DA:339,1
DA:347,0
DA:348,0
DA:349,0
DA:350,0
DA:351,0
DA:352,0
DA:353,0
DA:354,0
DA:359,3
DA:360,0
LF:141
LH:24
end_of_record
SF:lib/core/services/ai_tag_generation_service.dart
DA:12,0
DA:15,3
DA:16,3
DA:17,6
DA:18,6
DA:20,3
DA:30,3
DA:32,3
DA:33,3
DA:37,3
DA:39,3
DA:41,3
DA:43,3
LF:13
LH:12
end_of_record
SF:lib/core/services/motivation_scoring_service.dart
DA:13,0
DA:21,4
DA:27,8
DA:28,8
DA:29,4
DA:31,4
DA:32,4
DA:33,4
DA:38,6
DA:39,3
DA:40,3
DA:41,3
DA:47,4
DA:49,4
DA:50,4
DA:52,4
DA:54,4
DA:55,4
DA:62,4
DA:64,4
DA:66,4
DA:67,4
DA:69,4
DA:76,4
DA:78,4
DA:80,4
DA:82,4
DA:83,4
LF:28
LH:27
end_of_record
SF:lib/features/onboarding/models/onboarding_draft.dart
DA:27,138
DA:48,4
DA:68,4
DA:69,4
DA:70,4
DA:71,4
DA:72,4
DA:73,4
DA:74,4
DA:75,4
DA:76,4
DA:77,4
DA:78,4
DA:79,4
DA:80,4
DA:81,4
DA:82,4
DA:83,4
DA:84,4
DA:85,4
DA:86,4
DA:90,3
DA:91,3
DA:93,3
DA:94,4
DA:96,3
DA:97,3
DA:99,6
DA:101,6
DA:102,3
DA:103,3
DA:104,3
DA:105,3
DA:106,3
DA:107,3
DA:108,3
DA:109,3
DA:110,3
DA:111,3
DA:112,3
DA:114,3
DA:115,7
DA:116,3
DA:118,3
DA:122,8
DA:123,6
DA:124,4
DA:125,4
DA:126,4
DA:127,4
DA:128,4
DA:129,4
DA:130,4
DA:131,4
DA:132,4
DA:133,4
DA:134,4
DA:135,4
DA:136,4
DA:137,4
DA:138,4
DA:139,16
DA:140,4
DA:143,2
DA:146,2
DA:147,6
DA:148,6
DA:149,6
DA:150,6
DA:151,6
DA:152,6
DA:153,6
DA:154,6
DA:155,6
DA:156,6
DA:157,6
DA:158,6
DA:159,6
DA:160,6
DA:161,6
DA:162,6
DA:163,6
DA:164,6
DA:167,0
DA:168,0
DA:169,0
DA:170,0
DA:171,0
DA:172,0
DA:173,0
DA:174,0
DA:175,0
DA:176,0
DA:177,0
DA:178,0
DA:179,0
DA:180,0
DA:181,0
DA:182,0
DA:183,0
DA:184,0
DA:185,0
DA:186,0
DA:189,0
DA:190,0
DA:191,0
DA:192,0
DA:196,0
DA:197,0
DA:198,0
DA:199,0
DA:201,0
DA:202,0
DA:204,0
LF:114
LH:83
end_of_record
SF:lib/core/services/android_background_sync_service.dart
DA:22,125
DA:28,3
DA:29,3
DA:34,2
DA:35,1
DA:36,2
DA:37,1
DA:43,1
DA:44,1
DA:47,0
DA:50,0
DA:56,1
DA:59,1
DA:68,0
DA:77,0
DA:80,0
DA:81,0
DA:83,0
DA:89,1
DA:95,0
DA:103,1
DA:104,1
DA:105,1
DA:106,1
DA:108,1
DA:116,0
DA:117,0
DA:123,0
DA:131,0
DA:132,0
DA:134,0
DA:140,0
DA:142,0
DA:143,0
DA:146,0
DA:152,0
DA:154,0
DA:155,0
DA:158,0
DA:159,0
DA:160,0
DA:164,0
DA:178,0
LF:43
LH:17
end_of_record
SF:lib/core/services/android_callback_flow_service.dart
DA:23,124
DA:38,125
DA:43,1
DA:49,1
DA:53,124
DA:72,1
DA:79,2
DA:82,2
DA:85,3
DA:88,1
DA:89,1
DA:96,2
DA:98,1
DA:99,1
DA:108,3
DA:109,1
DA:111,1
DA:112,1
DA:114,0
DA:118,1
DA:119,1
DA:120,1
DA:122,2
DA:124,3
DA:127,1
DA:129,0
DA:135,0
DA:140,1
DA:142,1
DA:146,3
DA:147,1
DA:151,1
DA:152,2
DA:153,0
DA:154,1
DA:156,2
DA:158,3
DA:161,0
DA:162,0
DA:169,1
DA:170,4
DA:171,2
DA:173,3
DA:177,0
DA:178,0
DA:180,0
DA:183,0
DA:185,0
DA:188,0
DA:189,0
DA:194,0
DA:195,0
DA:196,0
DA:199,0
DA:204,0
DA:208,0
DA:210,0
DA:211,0
DA:215,0
DA:217,0
DA:222,0
DA:223,0
DA:227,0
DA:232,0
DA:233,0
DA:235,0
DA:239,0
DA:240,0
DA:243,0
DA:248,0
DA:253,0
DA:254,0
DA:256,0
DA:257,0
DA:260,0
DA:266,0
DA:268,0
DA:269,0
DA:270,0
DA:272,0
DA:279,1
DA:280,1
DA:281,4
DA:282,0
DA:287,0
DA:288,0
DA:290,0
DA:291,0
DA:292,0
DA:294,0
DA:296,0
DA:297,0
DA:299,0
DA:300,0
DA:306,1
DA:308,1
DA:310,1
DA:312,1
DA:314,0
DA:316,0
DA:318,0
DA:326,1
DA:327,1
DA:329,1
DA:332,2
DA:333,1
DA:336,3
DA:337,1
DA:339,2
DA:342,2
DA:343,2
DA:344,2
DA:346,2
DA:350,0
DA:351,0
DA:352,0
DA:353,0
DA:355,0
DA:359,0
DA:360,0
DA:361,0
DA:362,0
DA:363,0
DA:365,0
DA:370,1
DA:371,1
DA:372,1
DA:373,1
DA:374,6
DA:375,3
DA:376,3
DA:377,2
DA:378,2
DA:379,0
DA:381,2
DA:382,0
DA:384,2
DA:385,0
DA:391,1
DA:392,1
LF:140
LH:69
end_of_record
SF:lib/core/services/wearable_live_models.dart
DA:16,3
DA:24,2
DA:25,2
DA:26,4
DA:27,2
DA:28,8
DA:29,0
DA:31,2
DA:32,2
DA:37,2
DA:38,2
DA:39,4
DA:40,4
DA:41,2
DA:42,2
DA:47,1
DA:48,1
DA:49,1
DA:50,1
DA:51,1
DA:52,1
DA:56,0
DA:58,0
DA:61,0
DA:64,0
DA:65,0
DA:66,0
DA:67,0
DA:68,0
DA:69,0
DA:71,0
DA:72,0
DA:81,2
DA:88,2
DA:89,2
DA:90,2
DA:91,10
DA:92,4
DA:93,4
DA:98,1
DA:100,1
DA:101,1
DA:102,1
DA:103,1
DA:105,1
DA:106,1
DA:108,2
DA:120,124
LF:48
LH:36
end_of_record
SF:lib/core/services/android_settings_service.dart
DA:16,0
DA:17,124
DA:25,0
DA:26,0
DA:31,0
DA:34,0
DA:39,0
DA:41,0
DA:42,0
DA:44,0
DA:49,0
DA:50,0
DA:54,0
DA:56,0
DA:61,0
DA:63,0
DA:64,0
DA:69,0
DA:70,0
DA:74,0
DA:75,0
DA:78,0
DA:84,0
DA:85,0
DA:88,0
DA:93,0
DA:94,0
DA:101,0
LF:28
LH:1
end_of_record
SF:lib/core/services/demo_auth_service.dart
DA:9,5
DA:16,0
DA:19,0
DA:21,0
DA:27,0
DA:28,0
DA:29,0
DA:30,0
DA:31,0
DA:34,0
DA:39,0
DA:40,0
DA:44,0
DA:45,0
DA:46,0
DA:49,0
DA:53,0
DA:54,0
DA:58,0
DA:59,0
DA:60,0
DA:63,0
DA:67,0
DA:70,0
DA:76,0
DA:77,0
DA:78,0
DA:80,0
DA:81,0
DA:82,0
DA:84,0
DA:86,0
LF:32
LH:1
end_of_record
SF:lib/core/services/auth_session_service.dart
DA:24,2
DA:25,0
DA:30,2
DA:32,4
DA:35,6
DA:37,2
DA:39,0
DA:45,0
DA:46,0
DA:47,0
DA:48,0
DA:51,0
DA:53,0
DA:56,0
DA:57,0
DA:67,0
DA:69,0
DA:70,0
DA:71,0
DA:73,0
DA:77,0
DA:79,0
DA:80,0
DA:82,0
DA:86,2
DA:89,6
LF:26
LH:7
end_of_record
SF:lib/core/services/coach_intervention_service.dart
DA:9,0
DA:10,0
DA:14,0
DA:20,0
DA:29,0
DA:31,0
DA:33,0
DA:42,0
DA:43,0
DA:44,0
DA:46,0
DA:47,0
DA:48,0
DA:49,0
DA:51,0
DA:52,0
DA:54,0
DA:55,0
DA:57,0
DA:60,0
DA:68,0
DA:69,0
DA:73,0
DA:76,0
DA:80,0
DA:82,0
DA:84,0
DA:91,0
DA:95,0
DA:97,0
DA:100,0
DA:101,0
DA:102,0
DA:103,0
DA:104,0
DA:105,0
DA:106,0
DA:108,0
DA:111,0
DA:112,0
DA:115,0
DA:117,0
DA:122,0
DA:129,0
DA:130,0
DA:131,0
DA:132,0
DA:133,0
DA:135,0
DA:136,0
DA:138,0
DA:141,0
DA:142,0
DA:149,0
DA:156,0
DA:162,0
DA:164,0
DA:167,0
DA:168,0
DA:169,0
DA:170,0
DA:177,0
DA:184,0
DA:191,0
DA:193,0
DA:196,0
DA:197,0
DA:198,0
DA:203,0
DA:209,0
DA:210,0
DA:213,0
DA:215,0
DA:216,0
DA:218,0
DA:219,0
DA:221,0
DA:222,0
DA:224,0
DA:229,0
DA:231,0
DA:233,0
DA:235,0
DA:237,0
DA:239,0
DA:245,0
DA:250,0
DA:252,0
DA:255,0
DA:256,0
DA:257,0
DA:258,0
DA:259,0
DA:260,0
DA:263,0
DA:264,0
DA:267,0
DA:269,0
DA:274,0
DA:276,0
DA:278,0
DA:281,0
DA:282,0
DA:286,0
DA:287,0
DA:293,0
DA:294,0
DA:297,0
DA:298,0
DA:299,0
DA:303,0
DA:306,0
DA:307,0
DA:308,0
DA:313,0
DA:317,0
DA:319,0
DA:324,0
DA:326,0
DA:327,0
DA:328,0
DA:332,0
DA:333,0
DA:334,0
DA:336,0
DA:338,0
DA:340,0
DA:342,0
DA:344,0
DA:347,0
DA:349,0
DA:354,0
DA:356,0
DA:357,0
DA:358,0
DA:362,0
DA:363,0
DA:365,0
DA:367,0
DA:369,0
DA:371,0
DA:374,0
DA:376,0
DA:381,0
DA:382,0
DA:385,0
DA:390,0
DA:391,0
DA:398,0
DA:402,0
DA:404,0
DA:407,0
DA:408,0
DA:412,0
DA:413,0
DA:419,0
DA:420,0
DA:421,0
DA:422,0
DA:427,0
DA:429,0
DA:456,0
DA:478,0
DA:492,0
DA:493,0
DA:494,0
DA:495,0
DA:496,0
DA:497,0
DA:499,0
DA:500,0
DA:502,0
DA:503,0
DA:505,0
DA:506,0
DA:507,0
DA:509,0
DA:510,0
DA:512,0
DA:513,0
DA:517,0
DA:518,0
DA:519,0
DA:520,0
DA:521,0
DA:522,0
DA:523,0
DA:524,0
DA:525,0
DA:526,0
DA:527,0
DA:528,0
DA:529,0
DA:542,0
DA:550,0
DA:551,0
DA:552,0
DA:553,0
DA:555,0
DA:556,0
DA:558,0
DA:559,0
DA:560,0
DA:566,15
DA:569,0
LF:205
LH:1
end_of_record
SF:lib/core/services/connectivity_service.dart
DA:15,0
DA:17,0
DA:18,0
DA:22,0
DA:27,0
DA:28,0
DA:31,2
DA:32,0
DA:35,0
DA:39,0
DA:46,0
DA:47,0
DA:50,0
DA:52,0
DA:53,0
DA:56,0
DA:62,0
DA:63,0
DA:64,0
DA:70,0
DA:72,0
DA:77,0
DA:80,3
DA:83,0
DA:86,0
DA:87,0
DA:89,0
DA:95,0
DA:96,0
DA:97,0
DA:100,0
DA:101,0
DA:102,0
DA:111,0
DA:112,0
DA:115,0
DA:119,0
DA:123,0
DA:124,0
DA:127,0
DA:130,0
DA:135,0
DA:136,0
DA:140,0
DA:141,0
DA:142,0
DA:143,0
DA:144,0
DA:149,0
DA:150,0
DA:151,0
DA:155,0
DA:156,0
DA:157,0
LF:54
LH:2
end_of_record
SF:lib/core/services/data_source_filter_service.dart
DA:22,124
DA:49,1
DA:56,1
DA:57,2
DA:58,3
DA:60,1
DA:61,2
DA:62,4
DA:100,1
DA:101,1
DA:103,2
DA:104,1
DA:105,1
DA:107,1
DA:108,3
DA:118,1
DA:122,1
DA:123,1
DA:126,2
DA:127,2
DA:128,3
DA:132,2
DA:133,2
DA:138,2
DA:139,2
DA:143,2
DA:148,1
DA:149,0
DA:154,1
DA:158,1
DA:161,1
DA:162,1
DA:167,1
DA:168,2
DA:172,0
DA:173,0
DA:176,0
DA:180,1
DA:181,3
DA:185,1
DA:186,1
DA:188,1
DA:189,1
DA:190,2
DA:191,3
DA:193,1
DA:194,3
DA:195,5
DA:200,0
DA:202,0
DA:206,0
DA:207,0
DA:208,0
DA:210,0
DA:211,0
DA:212,0
DA:218,0
DA:222,0
DA:223,0
LF:59
LH:44
end_of_record
SF:lib/core/services/error_handling_service.dart
DA:38,0
DA:48,0
DA:51,0
DA:56,0
DA:57,0
DA:69,0
DA:70,0
DA:82,0
DA:83,0
DA:86,0
DA:95,0
DA:97,0
DA:99,0
DA:102,0
DA:115,0
DA:118,0
DA:127,0
DA:129,0
DA:140,124
DA:148,0
DA:150,0
DA:156,0
DA:162,0
DA:169,0
DA:184,0
DA:188,0
DA:198,0
DA:199,0
DA:202,0
DA:205,0
DA:206,0
DA:207,0
DA:213,0
DA:216,0
DA:217,0
DA:218,0
DA:219,0
DA:220,0
DA:224,0
DA:227,0
DA:232,0
DA:234,0
DA:235,0
DA:236,0
DA:239,0
DA:241,0
DA:242,0
DA:245,0
DA:254,0
DA:256,0
DA:259,0
DA:260,0
DA:264,0
DA:266,0
DA:267,0
DA:268,0
DA:270,0
DA:271,0
DA:273,0
DA:274,0
DA:276,0
DA:277,0
DA:283,0
DA:284,0
DA:285,0
DA:290,0
DA:291,0
DA:292,0
DA:293,0
DA:299,0
DA:300,0
DA:304,0
DA:305,0
DA:306,0
DA:309,0
DA:310,0
DA:311,0
DA:313,0
DA:314,0
DA:316,0
DA:317,0
DA:318,0
DA:319,0
DA:322,0
DA:323,0
DA:324,0
DA:325,0
DA:326,0
DA:328,0
LF:89
LH:1
end_of_record
SF:lib/firebase_options.dart
DA:12,1
DA:16,1
DA:17,1
DA:19,0
DA:21,0
DA:23,0
DA:25,0
DA:26,0
DA:31,0
LF:9
LH:3
end_of_record
SF:lib/core/services/health_background_sync_service.dart
DA:20,20
DA:21,10
DA:22,20
DA:23,10
DA:38,6
DA:41,4
DA:44,2
DA:47,1
DA:52,0
DA:55,2
DA:58,2
DA:59,1
DA:60,2
DA:65,0
DA:67,0
DA:72,0
DA:73,0
DA:75,0
DA:76,0
DA:81,1
DA:84,1
DA:85,0
DA:91,2
DA:93,1
DA:94,0
DA:95,1
DA:96,0
DA:99,1
DA:101,0
DA:102,0
DA:107,1
DA:108,1
DA:109,1
DA:115,0
DA:116,0
DA:117,0
DA:118,0
DA:121,0
DA:122,0
DA:124,0
DA:125,0
DA:129,0
DA:130,0
DA:135,0
DA:138,0
DA:139,0
DA:140,0
DA:141,0
DA:142,0
DA:144,0
DA:147,0
DA:149,0
DA:156,0
DA:162,0
DA:165,0
DA:169,0
DA:171,0
DA:172,0
DA:179,0
DA:180,0
DA:183,0
DA:184,0
DA:187,0
DA:189,0
DA:190,0
DA:193,0
DA:194,0
DA:199,0
DA:202,0
DA:203,0
DA:208,0
DA:209,0
DA:211,0
DA:212,0
DA:213,0
DA:217,0
DA:218,0
DA:219,0
DA:224,0
DA:227,0
DA:228,0
DA:229,0
DA:231,0
DA:232,0
DA:238,0
DA:240,0
DA:242,0
DA:243,0
DA:244,0
DA:246,0
DA:247,0
DA:248,0
DA:250,0
DA:251,0
DA:254,0
DA:256,0
DA:257,0
DA:258,0
DA:262,0
DA:263,0
DA:265,0
DA:266,0
DA:268,0
DA:269,0
DA:271,0
DA:272,0
DA:274,0
DA:279,0
DA:280,0
DA:285,0
DA:286,0
DA:287,0
DA:288,0
DA:293,0
DA:295,0
DA:296,0
DA:302,0
DA:303,0
DA:304,0
DA:308,0
DA:309,0
DA:310,0
DA:311,0
DA:312,0
DA:314,0
DA:316,0
DA:322,0
DA:325,0
DA:326,0
DA:328,0
DA:329,0
DA:332,0
DA:333,0
DA:338,0
DA:339,0
DA:340,0
DA:344,0
DA:345,0
DA:347,0
DA:348,0
DA:350,0
DA:351,0
DA:355,0
DA:356,0
DA:357,0
DA:362,2
DA:363,2
DA:364,4
DA:368,2
DA:369,2
DA:370,2
DA:371,2
DA:372,12
DA:373,6
DA:374,4
DA:375,2
DA:380,1
DA:382,1
DA:385,2
DA:391,2
DA:392,1
DA:403,127
DA:410,10
DA:422,1
DA:428,1
DA:429,1
DA:430,0
DA:431,1
DA:432,0
DA:442,1
DA:447,1
DA:448,1
DA:449,1
DA:450,2
DA:454,1
DA:455,1
DA:456,1
DA:460,1
DA:461,1
DA:462,1
DA:463,2
DA:467,1
DA:468,1
DA:469,1
DA:470,1
DA:479,1
DA:488,1
DA:498,1
DA:509,1
DA:522,1
DA:528,1
DA:529,1
DA:531,1
DA:534,1
DA:535,1
DA:537,1
DA:543,1
DA:546,1
DA:553,1
DA:556,1
LF:200
LH:74
end_of_record
SF:lib/core/services/health_data_batching_service.dart
DA:14,126
DA:27,1
DA:33,1
DA:35,0
DA:36,0
DA:37,0
DA:38,0
DA:39,0
DA:40,0
DA:41,0
DA:48,10
DA:49,5
DA:50,10
DA:51,5
DA:56,2
DA:59,2
DA:60,2
DA:61,4
DA:62,4
DA:67,1
DA:72,1
DA:73,1
DA:76,2
DA:77,4
DA:80,1
DA:82,5
DA:84,5
DA:85,3
DA:86,1
DA:88,1
DA:89,3
DA:90,1
DA:92,1
DA:93,1
DA:97,1
DA:98,0
DA:99,1
DA:100,6
DA:106,2
DA:107,3
DA:113,1
DA:114,1
DA:116,2
DA:117,1
DA:120,2
DA:121,1
DA:124,2
DA:125,1
DA:128,1
DA:129,1
DA:136,1
DA:137,2
DA:138,1
DA:148,1
LF:54
LH:46
end_of_record
SF:lib/core/services/health_data_http_client.dart
DA:23,126
DA:44,2
DA:56,2
DA:63,2
DA:69,2
DA:75,1
DA:82,1
DA:86,1
DA:93,0
DA:94,0
DA:95,0
DA:96,0
DA:97,0
DA:98,0
DA:99,0
DA:100,0
DA:101,0
DA:102,0
DA:103,0
DA:110,12
DA:111,6
DA:112,12
DA:113,6
DA:119,2
DA:122,2
DA:123,2
DA:124,4
DA:128,0
DA:129,0
DA:132,0
DA:135,0
DA:136,0
DA:138,0
DA:141,0
DA:143,0
DA:144,0
DA:148,0
DA:153,0
DA:156,0
DA:157,0
DA:158,0
DA:160,0
DA:163,0
DA:165,0
DA:166,0
DA:169,0
DA:170,0
DA:174,0
DA:175,0
DA:176,0
DA:178,0
DA:180,0
DA:182,0
DA:183,0
DA:184,0
DA:186,0
DA:188,0
DA:190,0
DA:191,0
DA:192,0
DA:194,0
DA:196,0
DA:199,0
DA:200,0
DA:202,0
DA:204,0
DA:210,0
DA:212,0
DA:213,0
DA:214,0
DA:216,0
DA:222,0
DA:226,0
DA:227,0
DA:228,0
DA:229,0
DA:230,0
DA:231,0
DA:232,0
DA:235,0
DA:236,0
DA:237,0
DA:244,0
DA:249,0
DA:250,0
DA:254,0
DA:256,0
DA:261,0
DA:262,0
DA:265,0
DA:266,0
DA:268,0
DA:270,0
DA:278,0
DA:280,0
DA:282,0
DA:283,0
DA:288,0
DA:290,0
DA:298,0
DA:300,0
DA:308,0
DA:310,0
DA:318,0
DA:319,0
DA:320,0
DA:321,0
DA:323,0
DA:325,0
DA:333,0
DA:335,0
DA:344,0
DA:346,0
DA:347,0
DA:349,0
DA:350,0
DA:351,0
DA:353,0
DA:354,0
DA:356,0
DA:362,0
DA:363,0
DA:364,0
DA:365,0
DA:366,0
DA:367,0
DA:369,0
DA:374,0
DA:375,0
DA:376,0
LF:130
LH:16
end_of_record
SF:lib/core/utils/logger.dart
DA:12,3
DA:15,1
DA:25,2
DA:27,0
DA:31,1
DA:33,0
DA:37,1
DA:38,2
DA:42,1
DA:43,2
DA:50,0
DA:52,0
LF:12
LH:8
end_of_record
SF:lib/core/services/notification_action_dispatcher.dart
DA:12,0
DA:13,0
DA:17,0
DA:24,0
DA:25,0
DA:26,0
DA:27,0
DA:30,0
DA:34,0
DA:37,0
DA:41,0
DA:42,0
DA:43,0
DA:44,0
DA:48,0
DA:51,0
DA:52,0
DA:57,0
DA:61,0
DA:64,0
DA:67,0
DA:73,0
DA:76,0
DA:80,0
DA:84,0
DA:85,0
DA:86,0
DA:87,0
DA:88,0
DA:89,0
DA:93,0
DA:96,0
DA:102,0
DA:103,0
DA:106,0
DA:107,0
DA:108,0
DA:112,0
DA:118,0
DA:119,0
DA:122,0
DA:125,0
DA:131,0
DA:133,0
DA:134,0
DA:136,0
DA:137,0
DA:138,0
DA:139,0
DA:141,0
DA:142,0
DA:143,0
DA:144,0
DA:145,0
DA:147,0
DA:148,0
DA:149,0
DA:150,0
DA:154,0
DA:161,0
DA:162,0
DA:166,0
DA:167,0
DA:170,0
DA:171,0
DA:175,0
DA:177,0
DA:179,0
DA:184,0
DA:185,0
DA:187,0
DA:188,0
DA:189,0
DA:190,0
DA:193,0
DA:194,0
DA:197,0
DA:198,0
DA:199,0
DA:205,0
DA:214,0
DA:217,0
DA:224,0
DA:225,0
DA:227,0
DA:228,0
DA:229,0
DA:230,0
DA:233,0
DA:234,0
DA:237,0
DA:238,0
DA:239,0
DA:245,0
DA:254,0
DA:257,0
DA:264,0
DA:265,0
DA:267,0
DA:268,0
DA:269,0
DA:270,0
DA:273,0
DA:274,0
DA:277,0
DA:278,0
DA:279,0
DA:285,0
DA:294,0
DA:297,0
DA:304,0
DA:306,0
DA:307,0
DA:308,0
DA:309,0
DA:310,0
DA:311,0
DA:315,0
DA:321,0
DA:322,0
DA:326,0
DA:327,0
DA:328,0
DA:333,0
DA:334,0
DA:337,0
DA:341,0
DA:347,0
DA:350,0
DA:353,0
DA:355,0
DA:359,0
DA:361,0
DA:362,0
DA:364,0
DA:365,0
DA:366,0
DA:367,0
DA:374,0
DA:376,0
DA:378,0
DA:382,0
DA:388,0
DA:391,0
DA:392,0
DA:394,0
DA:396,0
DA:398,0
DA:399,0
DA:400,0
DA:404,0
DA:406,0
LF:152
LH:0
end_of_record
SF:lib/core/services/notification_deep_link_service.dart
DA:13,0
DA:22,0
DA:26,0
DA:27,0
DA:28,0
DA:30,0
DA:31,0
DA:33,0
DA:34,0
DA:36,0
DA:37,0
DA:41,0
DA:44,0
DA:48,0
DA:51,0
DA:57,0
DA:63,0
DA:67,0
DA:71,0
DA:72,0
DA:75,0
DA:76,0
DA:83,0
DA:84,0
DA:89,0
DA:95,0
DA:98,0
DA:99,0
DA:101,0
DA:103,0
DA:112,0
DA:118,0
DA:121,0
DA:123,0
DA:125,0
DA:133,0
DA:139,0
DA:142,0
DA:144,0
DA:146,0
DA:147,0
DA:154,0
DA:155,0
DA:157,0
DA:179,0
DA:184,0
DA:186,0
DA:188,0
DA:189,0
DA:197,0
DA:200,0
DA:205,0
DA:207,0
DA:209,0
DA:210,0
DA:211,0
DA:212,0
DA:233,0
DA:234,0
DA:235,0
DA:238,0
DA:239,0
DA:240,0
DA:241,0
DA:253,0
DA:257,0
DA:259,0
DA:261,0
DA:262,0
DA:270,0
DA:273,0
DA:278,0
DA:280,0
DA:282,0
DA:283,0
DA:284,0
DA:285,0
DA:287,0
DA:288,0
DA:295,0
DA:296,0
DA:297,0
DA:310,0
DA:311,0
DA:312,0
DA:315,0
DA:316,0
DA:317,0
DA:318,0
DA:330,0
DA:332,0
DA:333,0
DA:334,0
DA:338,0
DA:340,0
DA:344,0
DA:348,0
DA:350,0
DA:353,0
DA:358,0
DA:359,0
DA:366,0
DA:368,0
DA:372,0
DA:377,0
DA:383,0
DA:385,0
DA:392,0
DA:398,0
DA:399,0
DA:407,0
DA:413,0
DA:419,0
DA:421,0
DA:424,0
DA:425,0
DA:430,0
DA:433,0
DA:435,0
DA:436,0
DA:437,0
DA:438,0
DA:444,0
DA:445,0
DA:449,0
DA:455,0
DA:459,0
DA:461,0
DA:462,0
DA:463,0
DA:464,0
DA:470,0
DA:473,0
DA:480,0
DA:483,0
DA:487,0
DA:491,0
DA:492,0
DA:496,0
LF:139
LH:0
end_of_record
SF:lib/features/momentum/presentation/providers/momentum_api_provider.dart
DA:11,0
DA:14,0
DA:15,0
DA:19,0
DA:21,0
DA:22,0
DA:24,0
DA:28,0
DA:29,0
DA:30,0
DA:32,0
DA:35,0
DA:39,0
DA:48,0
DA:53,0
DA:59,0
DA:62,0
DA:65,0
DA:73,0
DA:78,0
DA:82,0
DA:83,0
DA:88,0
DA:89,0
DA:91,0
DA:93,0
DA:95,0
DA:98,0
DA:106,0
DA:108,0
DA:111,0
DA:117,0
DA:122,0
DA:131,0
DA:136,0
DA:148,0
DA:149,0
DA:155,0
DA:163,0
DA:164,0
DA:168,0
DA:171,0
DA:173,0
DA:174,0
DA:176,0
DA:178,0
DA:182,0
DA:184,0
DA:190,0
DA:191,0
DA:192,0
DA:193,0
DA:194,0
DA:199,0
DA:200,0
DA:201,0
DA:205,0
DA:206,0
DA:207,0
DA:210,0
DA:213,0
DA:216,0
DA:221,0
DA:222,0
DA:223,0
DA:224,0
DA:229,0
DA:230,0
DA:237,0
DA:240,0
DA:241,0
DA:242,0
DA:246,0
DA:247,0
DA:251,0
DA:252,0
DA:256,0
DA:257,0
DA:258,0
DA:262,0
DA:263,0
DA:264,0
DA:269,0
DA:270,0
DA:273,0
DA:280,0
DA:281,0
DA:284,0
DA:286,0
DA:287,0
DA:288,0
DA:290,0
DA:294,0
DA:295,0
DA:298,0
DA:299,0
DA:300,0
DA:301,0
DA:304,0
DA:309,0
DA:311,0
DA:318,0
DA:319,0
DA:323,0
DA:324,0
DA:325,0
DA:326,0
DA:335,0
DA:337,0
DA:340,0
DA:341,0
DA:342,0
DA:343,0
DA:345,0
DA:346,0
DA:350,0
DA:351,0
DA:358,0
DA:361,0
DA:362,0
DA:363,0
DA:364,0
DA:368,0
DA:371,0
DA:375,0
DA:376,0
DA:377,0
DA:378,0
DA:383,0
LF:129
LH:0
end_of_record
SF:lib/core/services/offline_cache_service.dart
DA:40,0
DA:42,0
DA:46,0
DA:48,0
DA:52,0
DA:57,0
DA:61,0
DA:65,0
DA:69,0
DA:73,0
DA:74,0
DA:76,0
DA:85,0
DA:88,0
DA:93,0
DA:96,0
DA:97,0
DA:98,0
DA:102,0
DA:104,0
DA:106,0
LF:21
LH:0
end_of_record
SF:lib/core/services/onboarding_draft_storage_service.dart
DA:16,1
DA:18,1
DA:19,3
DA:20,0
DA:26,10
DA:28,10
DA:29,1
DA:31,1
DA:32,1
DA:33,2
DA:41,0
DA:43,0
DA:44,0
DA:45,0
LF:14
LH:9
end_of_record
SF:lib/core/services/scoring_service.dart
DA:11,0
DA:15,2
DA:16,2
LF:3
LH:2
end_of_record
SF:lib/core/services/today_feed_local_store.dart
DA:18,0
DA:19,0
DA:23,0
DA:24,0
DA:25,0
DA:26,0
DA:27,0
DA:28,0
DA:32,0
DA:33,0
DA:34,0
DA:37,0
DA:38,0
DA:40,0
DA:46,0
DA:47,0
DA:48,0
DA:50,0
DA:54,0
DA:55,0
DA:57,0
DA:58,0
DA:59,0
DA:60,0
DA:64,0
DA:65,0
DA:66,0
DA:67,0
LF:28
LH:0
end_of_record
SF:lib/features/today_feed/domain/models/today_feed_content.dart
DA:18,0
DA:19,0
DA:20,0
DA:21,0
DA:37,0
DA:38,0
DA:39,0
DA:40,0
DA:59,0
DA:60,0
DA:61,0
DA:62,0
DA:77,248
DA:87,0
DA:88,0
DA:89,0
DA:90,0
DA:92,0
DA:93,0
DA:95,0
DA:96,0
DA:97,0
DA:98,0
DA:102,0
DA:103,0
DA:104,0
DA:105,0
DA:106,0
DA:107,0
DA:108,0
DA:109,0
DA:110,0
DA:115,0
DA:124,0
DA:125,0
DA:126,0
DA:127,0
DA:128,0
DA:129,0
DA:130,0
DA:131,0
DA:143,124
DA:150,0
DA:151,0
DA:153,0
DA:154,0
DA:155,0
DA:157,0
DA:159,0
DA:160,0
DA:162,0
DA:163,0
DA:167,0
DA:168,0
DA:169,0
DA:170,0
DA:171,0
DA:172,0
DA:177,0
DA:183,0
DA:184,0
DA:185,0
DA:186,0
DA:187,0
DA:192,1
DA:258,1
DA:274,3
DA:275,3
DA:277,3
DA:282,1
DA:283,1
DA:284,1
DA:294,1
DA:295,1
DA:299,1
DA:304,0
DA:305,0
DA:306,0
DA:307,0
DA:308,0
DA:309,0
DA:310,0
DA:311,0
DA:312,0
DA:313,0
DA:315,0
DA:316,0
DA:319,0
DA:320,0
DA:322,0
DA:323,0
DA:324,0
DA:325,0
DA:327,0
DA:328,0
DA:329,0
DA:336,0
DA:337,0
DA:338,0
DA:339,0
DA:340,0
DA:341,0
DA:342,0
DA:343,0
DA:344,0
DA:345,0
DA:346,0
DA:347,0
DA:348,0
DA:349,0
DA:350,0
DA:351,0
DA:352,0
DA:353,0
DA:358,1
DA:375,1
DA:376,1
DA:377,1
DA:378,1
DA:379,1
DA:381,1
DA:383,2
DA:384,1
DA:385,1
DA:386,2
DA:387,2
DA:388,2
DA:390,1
DA:391,1
DA:392,1
DA:394,1
DA:395,1
DA:403,0
DA:404,0
DA:405,0
DA:406,0
DA:407,0
DA:408,0
DA:409,0
DA:413,0
DA:414,0
DA:415,0
DA:416,0
DA:417,0
DA:421,0
DA:422,0
DA:426,0
DA:427,0
DA:433,0
DA:434,0
DA:438,0
DA:439,0
DA:443,0
DA:444,0
DA:445,0
DA:447,0
DA:449,0
DA:451,0
DA:453,0
DA:455,0
DA:461,0
DA:462,0
DA:463,0
DA:468,0
DA:469,0
DA:473,0
DA:474,0
DA:478,0
DA:479,0
DA:482,0
DA:485,0
DA:486,0
DA:487,0
DA:488,0
DA:489,0
DA:490,0
DA:493,0
DA:495,0
DA:498,0
DA:500,0
DA:506,124
DA:528,0
DA:535,0
DA:536,0
DA:537,0
DA:538,0
DA:539,0
DA:540,0
DA:541,0
DA:542,0
DA:543,0
DA:544,0
DA:546,0
DA:550,0
DA:551,0
DA:552,0
DA:553,0
DA:554,0
DA:557,0
DA:558,0
DA:559,0
DA:560,0
DA:561,0
DA:562,0
DA:563,0
DA:569,0
DA:570,0
DA:571,0
DA:578,124
DA:580,0
DA:583,0
DA:584,0
DA:586,0
DA:595,0
DA:597,0
DA:598,0
DA:600,0
DA:602,0
DA:605,0
DA:606,0
DA:613,0
DA:615,0
DA:616,0
DA:618,0
DA:620,0
DA:623,0
DA:624,0
DA:631,0
DA:633,0
DA:634,0
DA:636,0
DA:638,0
DA:639,0
DA:642,0
DA:643,0
DA:650,0
DA:652,0
DA:653,0
DA:655,0
DA:657,0
DA:658,0
DA:661,0
DA:662,0
DA:674,0
DA:684,0
DA:685,0
DA:686,0
DA:687,0
DA:688,0
DA:689,0
DA:690,0
DA:692,0
DA:693,0
DA:695,0
DA:700,0
DA:701,0
DA:702,0
DA:703,0
DA:704,0
DA:705,0
DA:706,0
DA:707,0
DA:711,0
DA:714,0
DA:715,0
DA:716,0
DA:717,0
DA:718,0
DA:721,0
DA:723,0
DA:724,0
DA:725,0
DA:726,0
DA:727,0
DA:731,0
DA:733,0
DA:747,0
DA:757,0
DA:760,0
DA:761,0
DA:762,0
DA:763,0
DA:764,0
DA:765,0
DA:766,0
DA:767,0
DA:770,0
DA:772,0
DA:773,0
DA:774,0
DA:775,0
DA:776,0
DA:777,0
DA:778,0
DA:779,0
DA:802,0
LF:296
LH:33
end_of_record
SF:lib/core/services/url_launcher_service.dart
DA:9,0
DA:10,124
DA:14,0
DA:19,0
DA:21,0
DA:22,0
DA:27,0
DA:30,0
DA:41,0
DA:46,0
DA:50,0
DA:51,0
DA:57,0
DA:62,0
DA:64,0
DA:65,0
DA:70,0
DA:72,0
DA:78,0
DA:83,0
DA:84,0
DA:89,0
DA:90,0
DA:92,0
DA:98,0
DA:99,0
DA:102,0
DA:103,0
DA:105,0
DA:106,0
DA:113,0
DA:119,0
DA:122,0
DA:124,0
DA:127,0
DA:128,0
DA:129,0
DA:132,0
DA:133,0
DA:134,0
DA:138,0
DA:139,0
DA:141,0
DA:142,0
DA:148,0
DA:149,0
DA:155,0
DA:156,0
DA:157,0
DA:160,0
DA:161,0
DA:171,0
DA:173,0
DA:174,0
DA:176,0
DA:181,0
DA:182,0
DA:185,0
DA:188,0
DA:191,0
DA:196,0
LF:61
LH:1
end_of_record
SF:lib/core/services/version_service.dart
DA:10,0
DA:14,0
DA:16,0
DA:18,0
DA:24,0
DA:25,0
DA:29,0
DA:30,0
DA:34,0
DA:35,0
DA:39,0
DA:40,0
DA:44,0
DA:45,0
DA:49,0
DA:50,0
DA:51,0
DA:52,0
DA:53,0
DA:54,0
DA:55,0
DA:60,0
LF:22
LH:0
end_of_record
SF:lib/core/services/vitals/adapters/live_adapter.dart
DA:12,4
DA:19,1
DA:20,3
DA:23,3
DA:25,1
DA:26,2
DA:27,1
DA:28,2
DA:32,1
DA:33,1
DA:41,1
DA:42,1
DA:43,2
DA:45,0
DA:46,0
DA:48,0
DA:49,0
DA:51,0
DA:52,0
DA:53,0
DA:55,0
DA:56,0
DA:58,0
DA:59,0
DA:60,0
DA:75,1
DA:84,2
LF:27
LH:15
end_of_record
SF:lib/core/services/vitals_notifier_service.dart
DA:36,10
DA:49,6
DA:50,8
DA:51,8
DA:52,6
DA:53,0
DA:54,0
DA:55,0
DA:57,2
DA:68,2
DA:69,2
DA:70,1
DA:71,2
DA:72,2
DA:73,2
DA:74,2
DA:75,0
DA:76,0
DA:77,0
DA:86,0
DA:97,0
DA:99,0
DA:100,0
DA:101,0
DA:105,0
DA:106,0
DA:107,0
DA:110,0
DA:111,0
DA:113,0
DA:115,1
DA:117,1
DA:119,1
DA:121,1
LF:34
LH:17
end_of_record
SF:lib/core/services/vitals/processing/numeric_helpers.dart
DA:4,5
DA:6,10
DA:10,1
DA:11,2
DA:17,1
DA:18,2
DA:20,2
DA:26,2
DA:27,2
DA:28,2
LF:10
LH:10
end_of_record
SF:lib/core/services/vitals/processing/vitals_aggregator.dart
DA:9,6
DA:28,3
DA:31,12
DA:34,0
DA:39,3
DA:40,6
DA:41,3
DA:44,3
DA:47,5
DA:48,4
DA:49,3
DA:55,3
DA:56,9
DA:57,15
DA:59,12
DA:60,0
DA:61,0
DA:65,3
DA:68,3
DA:69,2
DA:70,2
DA:71,6
DA:74,3
DA:79,3
DA:80,4
DA:81,6
DA:82,4
DA:84,6
DA:85,6
DA:86,6
DA:87,6
DA:88,2
DA:89,2
DA:90,2
DA:93,3
DA:94,6
DA:98,2
DA:99,2
DA:100,4
DA:101,4
DA:102,4
DA:106,6
DA:107,2
DA:108,4
DA:109,6
DA:110,2
DA:112,2
DA:115,1
DA:116,1
DA:117,2
DA:118,2
DA:119,2
DA:122,3
DA:123,1
DA:124,2
DA:125,3
DA:128,1
DA:130,3
DA:131,3
DA:134,2
DA:135,2
DA:136,2
DA:138,2
DA:140,2
DA:146,4
DA:147,2
DA:150,1
DA:151,1
DA:152,1
DA:154,1
DA:156,1
DA:160,2
DA:161,1
DA:164,0
DA:166,0
DA:167,0
DA:168,0
DA:169,0
DA:170,0
DA:171,0
DA:185,0
DA:186,0
DA:187,0
DA:188,0
DA:190,0
DA:191,0
DA:192,0
DA:194,0
DA:195,0
DA:196,0
DA:197,0
DA:198,0
DA:199,0
DA:202,0
DA:204,0
DA:206,0
DA:207,0
DA:209,0
DA:210,0
DA:212,0
DA:213,0
DA:215,0
DA:216,0
DA:219,0
DA:227,0
DA:230,0
DA:233,0
DA:234,0
DA:237,0
DA:239,0
DA:241,0
DA:242,0
DA:248,0
DA:249,0
LF:114
LH:70
end_of_record
SF:lib/core/services/vitals/adapters/polling_adapter.dart
DA:11,4
DA:24,1
DA:25,1
DA:26,1
DA:29,2
DA:30,0
DA:34,1
DA:35,5
DA:38,1
DA:39,1
DA:40,2
DA:43,1
DA:44,1
DA:45,1
DA:48,1
DA:49,1
DA:52,2
DA:53,0
DA:58,5
DA:59,1
DA:60,1
DA:61,1
DA:62,1
DA:64,2
DA:66,1
DA:71,4
DA:73,7
DA:75,2
DA:82,2
DA:83,1
DA:84,1
DA:90,2
DA:91,2
DA:92,2
DA:96,1
DA:97,1
DA:98,1
DA:99,1
DA:100,1
DA:102,2
DA:103,1
DA:116,2
DA:117,1
DA:118,1
DA:123,2
DA:124,2
DA:125,2
DA:129,1
DA:130,1
DA:131,1
DA:132,1
DA:133,1
DA:134,1
DA:137,2
DA:138,1
DA:139,2
DA:143,0
DA:145,0
DA:151,1
DA:152,1
DA:160,1
DA:161,1
DA:162,1
DA:163,0
DA:165,1
DA:166,2
DA:168,0
DA:169,0
DA:171,0
DA:172,0
DA:173,0
DA:174,0
DA:175,0
DA:176,0
DA:177,0
DA:179,0
DA:180,0
DA:182,0
DA:183,0
DA:185,0
DA:186,0
DA:187,0
DA:202,2
DA:205,3
DA:206,0
DA:207,0
DA:208,0
DA:211,1
DA:224,0
DA:226,0
DA:228,0
DA:229,0
LF:92
LH:64
end_of_record
SF:lib/core/services/vitals/cache/vitals_cache.dart
DA:11,1
DA:13,1
DA:14,1
DA:17,1
DA:18,1
DA:21,1
DA:22,1
DA:23,1
DA:24,1
DA:25,1
DA:26,1
DA:27,1
DA:29,2
DA:30,0
DA:31,2
DA:41,1
DA:43,1
DA:44,2
DA:45,1
DA:46,1
DA:47,1
DA:48,1
DA:49,1
DA:50,1
DA:51,2
DA:52,2
DA:54,1
LF:27
LH:26
end_of_record
SF:lib/core/services/vitals/processing/sleep_analyzer.dart
DA:6,0
DA:11,2
DA:12,2
DA:16,6
DA:17,6
DA:20,4
DA:21,2
DA:22,8
DA:24,0
DA:26,2
DA:32,4
DA:33,4
DA:34,4
DA:38,4
DA:41,2
DA:42,2
DA:43,1
DA:45,2
DA:46,2
DA:47,1
DA:49,2
DA:50,2
DA:51,1
DA:52,0
DA:53,2
DA:61,2
DA:62,2
DA:66,1
DA:70,2
DA:71,2
LF:30
LH:27
end_of_record
SF:lib/core/services/vitals/processing/step_deduplicator.dart
DA:7,0
DA:14,4
DA:15,4
DA:18,4
DA:19,8
DA:20,16
DA:21,16
DA:26,8
DA:27,12
DA:28,1
DA:30,8
DA:31,4
DA:34,2
DA:35,0
DA:36,0
DA:37,0
DA:42,4
DA:43,8
DA:45,4
DA:46,8
DA:47,8
DA:48,8
DA:49,8
DA:50,8
DA:51,4
DA:52,4
DA:53,4
DA:54,8
DA:57,4
DA:58,16
LF:30
LH:26
end_of_record
SF:lib/core/services/vitals/stream_manager/subscription_controller.dart
DA:18,3
DA:25,3
DA:26,3
DA:44,0
DA:48,0
DA:49,0
DA:50,0
DA:51,0
DA:56,0
DA:61,0
DA:62,0
DA:68,0
DA:71,0
DA:72,0
DA:73,0
DA:78,0
DA:80,0
DA:84,0
DA:88,0
DA:90,0
DA:91,0
DA:96,0
DA:97,0
DA:100,0
DA:101,0
DA:102,0
DA:104,0
DA:105,0
DA:110,0
DA:111,0
DA:112,0
LF:31
LH:3
end_of_record
SF:lib/core/services/wearable_edge_case_logger.dart
DA:19,2
DA:21,4
DA:22,0
DA:46,1
DA:55,2
DA:56,1
DA:57,2
DA:58,2
DA:59,1
DA:60,1
DA:61,1
DA:64,1
DA:65,1
DA:66,1
DA:67,1
DA:68,4
DA:69,1
DA:71,2
DA:72,2
DA:73,1
DA:74,1
DA:94,9
DA:98,3
DA:99,3
DA:102,4
DA:103,1
DA:104,1
DA:105,0
DA:109,1
DA:110,0
DA:117,1
DA:118,1
DA:121,0
DA:122,0
DA:125,0
DA:126,0
DA:127,0
DA:130,0
DA:131,0
DA:132,0
DA:133,0
DA:134,0
DA:135,0
DA:140,0
DA:142,0
DA:143,0
DA:149,1
DA:150,1
DA:153,0
DA:154,0
DA:157,0
DA:158,0
DA:161,0
DA:162,0
DA:163,0
DA:164,0
DA:169,0
DA:171,0
DA:172,0
DA:178,1
DA:179,1
DA:182,1
DA:185,1
DA:188,1
DA:189,3
DA:191,1
DA:192,1
DA:195,1
DA:196,1
DA:197,2
DA:198,1
DA:199,1
DA:200,1
DA:206,0
DA:207,0
DA:213,1
DA:214,1
DA:217,0
DA:218,0
DA:220,0
DA:223,0
DA:224,0
DA:225,0
DA:226,0
DA:227,0
DA:228,0
DA:229,0
DA:231,0
DA:236,0
DA:237,0
DA:243,1
DA:247,1
DA:250,1
DA:251,1
DA:252,3
DA:253,1
DA:259,1
DA:260,1
DA:261,1
DA:262,0
DA:267,0
DA:268,0
DA:271,0
DA:272,0
DA:273,0
DA:274,0
DA:275,0
DA:280,1
DA:284,2
DA:287,1
DA:288,2
DA:290,2
DA:291,0
DA:292,2
DA:294,1
DA:296,0
DA:297,0
DA:299,0
DA:304,1
DA:305,1
DA:306,1
DA:308,1
DA:309,0
DA:312,1
DA:314,1
DA:315,1
DA:316,1
DA:319,1
DA:320,1
DA:321,1
DA:322,1
DA:327,1
DA:334,1
DA:335,3
DA:337,1
DA:343,2
DA:344,1
DA:345,0
DA:348,0
DA:349,0
DA:355,1
DA:357,2
DA:358,1
DA:360,1
DA:361,4
DA:362,5
DA:364,0
DA:365,0
DA:367,0
DA:372,1
DA:374,1
DA:375,2
DA:378,2
DA:379,0
DA:382,5
DA:383,2
DA:385,0
DA:386,0
LF:158
LH:93
end_of_record
SF:lib/core/services/wearable_offline_buffer.dart
DA:21,124
DA:42,0
DA:49,0
DA:53,0
DA:60,0
DA:64,0
DA:85,4
DA:91,4
DA:94,4
DA:101,0
DA:102,0
DA:105,0
DA:106,0
DA:108,0
DA:110,0
DA:111,0
DA:113,0
DA:115,0
DA:116,0
DA:122,0
DA:123,0
DA:124,0
DA:130,0
DA:133,0
DA:136,0
DA:137,0
DA:141,0
DA:142,0
DA:144,0
DA:145,0
DA:149,0
DA:151,0
DA:152,0
DA:154,0
DA:156,0
DA:158,0
DA:161,0
DA:162,0
DA:164,0
DA:166,0
DA:167,0
DA:168,0
DA:174,0
DA:177,0
DA:178,0
DA:181,0
DA:184,0
DA:186,0
DA:187,0
DA:188,0
DA:189,0
DA:190,0
DA:193,0
DA:196,0
DA:197,0
DA:199,0
DA:202,0
DA:203,0
DA:205,0
DA:206,0
DA:207,0
DA:210,0
DA:211,0
DA:213,0
DA:215,0
DA:216,0
DA:217,0
DA:223,0
DA:224,0
DA:225,0
DA:227,0
DA:232,0
DA:233,0
DA:234,0
DA:236,0
DA:237,0
DA:238,0
DA:239,0
DA:240,0
DA:241,0
DA:242,0
DA:245,0
DA:247,0
DA:248,0
DA:253,0
DA:254,0
DA:255,0
DA:260,0
DA:261,0
DA:264,0
DA:267,0
DA:268,0
DA:269,0
DA:271,0
DA:273,0
DA:274,0
DA:275,0
DA:277,0
DA:278,0
DA:282,0
DA:283,0
DA:284,0
DA:287,0
DA:289,0
DA:290,0
DA:295,0
DA:296,0
DA:298,0
DA:299,0
DA:300,0
DA:301,0
DA:302,0
DA:305,0
DA:307,0
DA:308,0
DA:313,0
DA:314,0
DA:317,0
DA:318,0
DA:319,0
DA:321,0
DA:323,0
DA:325,0
DA:326,0
DA:328,0
DA:330,0
DA:331,0
DA:333,0
DA:342,0
DA:343,0
DA:346,0
DA:348,0
DA:349,0
DA:355,0
DA:360,0
DA:361,0
DA:364,0
DA:366,0
DA:367,0
DA:373,0
DA:378,0
DA:379,0
DA:380,0
DA:382,0
DA:383,0
DA:387,0
DA:393,0
DA:396,0
DA:399,0
LF:149
LH:4
end_of_record
SF:lib/core/utils/auth_error_mapper.dart
DA:5,2
DA:6,2
DA:7,2
DA:9,2
DA:13,1
DA:14,0
DA:15,0
DA:20,0
LF:8
LH:5
end_of_record
SF:lib/core/utils/deep_link_service.dart
DA:5,0
DA:13,0
DA:16,0
DA:17,0
DA:18,0
DA:21,0
DA:23,0
DA:24,0
DA:31,1
DA:32,3
DA:33,2
DA:37,1
DA:38,2
LF:13
LH:5
end_of_record
SF:lib/core/validators/auth_validators.dart
DA:9,6
DA:11,2
DA:12,4
DA:16,6
DA:22,2
DA:23,2
DA:27,4
DA:28,1
LF:8
LH:8
end_of_record
SF:lib/core/widgets/can_pop_scope.dart
DA:6,9
DA:10,9
DA:12,18
LF:3
LH:3
end_of_record
SF:lib/core/widgets/splash_screen.dart
DA:4,124
DA:6,6
LF:2
LH:2
end_of_record
SF:lib/features/auth/ui/login_page.dart
DA:16,249
DA:18,3
DA:19,3
DA:29,3
DA:31,6
DA:32,6
DA:33,3
DA:36,1
DA:37,3
DA:39,0
DA:40,0
DA:42,0
DA:43,0
DA:44,0
DA:47,3
DA:49,9
DA:50,3
DA:52,12
DA:53,3
DA:54,4
DA:55,2
DA:57,6
DA:58,4
DA:59,2
DA:60,2
DA:61,1
DA:66,3
DA:67,3
DA:68,3
DA:69,3
DA:70,3
DA:71,3
DA:72,3
DA:74,3
DA:75,3
DA:76,3
DA:82,3
DA:83,3
DA:84,3
DA:89,6
DA:90,3
DA:91,6
DA:93,3
DA:101,3
DA:102,3
DA:103,1
DA:104,1
DA:106,3
DA:110,5
DA:111,2
DA:112,2
DA:113,4
DA:114,8
LF:53
LH:48
end_of_record
SF:lib/main.dart
DA:29,0
DA:31,0
DA:32,0
DA:36,0
DA:37,0
DA:40,0
DA:41,0
DA:42,0
DA:44,0
DA:45,0
DA:48,0
DA:50,0
DA:52,0
DA:53,0
DA:55,0
DA:56,0
DA:57,0
DA:58,0
DA:59,0
DA:61,0
DA:69,0
DA:80,0
DA:83,0
DA:84,0
DA:87,0
DA:88,0
DA:91,0
DA:92,0
DA:95,0
DA:96,0
DA:99,0
DA:100,0
DA:102,0
DA:104,0
DA:105,0
DA:112,124
DA:114,0
DA:115,0
DA:130,0
DA:132,0
DA:133,0
DA:134,0
DA:137,0
DA:140,0
DA:143,0
DA:144,0
DA:147,0
DA:149,0
DA:151,0
DA:154,0
DA:158,0
DA:161,0
DA:164,0
DA:166,0
DA:168,0
DA:169,0
DA:173,0
DA:176,0
DA:178,0
DA:179,0
DA:182,0
DA:184,0
DA:189,0
DA:192,0
DA:193,0
DA:194,0
DA:196,0
DA:201,0
DA:203,0
DA:204,0
DA:208,0
DA:209,0
DA:210,0
DA:211,0
DA:216,0
DA:217,0
DA:218,0
DA:220,0
DA:221,0
DA:222,0
DA:229,0
DA:231,0
DA:232,0
DA:233,0
DA:234,0
DA:235,0
DA:236,0
DA:237,0
DA:238,0
DA:242,0
DA:243,0
DA:244,0
DA:278,124
DA:280,0
DA:282,0
DA:284,0
DA:286,0
DA:287,0
DA:289,0
LF:99
LH:2
end_of_record
SF:lib/features/auth/ui/registration_success_page.dart
DA:9,125
DA:11,3
DA:13,3
DA:15,3
DA:16,3
DA:18,3
DA:20,3
DA:21,3
DA:24,9
DA:27,3
DA:28,2
DA:29,4
DA:30,4
LF:13
LH:13
end_of_record
SF:lib/core/widgets/likert_selector.dart
DA:39,4
DA:48,4
DA:49,4
DA:62,4
DA:64,4
DA:65,12
DA:68,8
DA:69,4
DA:73,4
DA:75,12
DA:76,8
DA:77,4
DA:80,1
DA:81,2
DA:82,3
DA:87,1
DA:88,1
DA:89,1
DA:90,1
DA:91,0
DA:93,1
DA:94,1
DA:96,1
DA:97,0
DA:98,1
DA:100,0
DA:101,0
DA:108,1
DA:109,2
DA:110,4
DA:115,1
DA:116,4
DA:117,5
DA:122,2
DA:123,8
DA:125,4
DA:126,2
DA:130,8
DA:133,4
DA:135,4
DA:136,4
DA:138,4
DA:139,8
DA:142,4
DA:143,4
DA:144,1
DA:145,1
DA:148,4
DA:149,4
DA:150,4
DA:153,4
DA:154,1
DA:155,1
DA:156,2
DA:159,1
DA:162,4
DA:164,8
DA:165,4
DA:166,12
DA:167,6
DA:168,12
DA:170,4
DA:171,4
DA:172,8
DA:173,4
DA:178,8
DA:179,4
DA:200,4
DA:209,4
DA:211,4
DA:212,4
DA:216,11
DA:219,11
DA:221,4
DA:222,8
DA:223,4
DA:225,4
DA:226,4
DA:228,4
DA:229,12
DA:230,8
DA:231,4
DA:232,4
DA:233,4
DA:235,4
DA:236,4
DA:237,5
DA:241,4
DA:242,1
DA:243,1
DA:244,2
DA:251,4
DA:252,4
DA:253,4
DA:254,12
DA:256,4
LF:96
LH:92
end_of_record
SF:lib/core/widgets/momentum_scaffold.dart
DA:15,3
DA:26,2
DA:28,2
DA:29,2
DA:30,2
DA:31,2
DA:32,2
DA:33,2
DA:34,2
DA:36,2
DA:37,2
DA:38,2
DA:50,3
DA:58,2
DA:60,2
DA:61,4
DA:62,2
DA:63,2
DA:64,2
DA:68,2
LF:20
LH:20
end_of_record
SF:lib/core/widgets/onboarding_submission_snackbar.dart
DA:17,124
DA:19,1
DA:21,3
DA:25,1
DA:26,1
DA:28,2
DA:29,2
DA:46,0
DA:47,0
DA:48,0
DA:49,0
DA:50,0
DA:55,0
DA:57,0
DA:58,0
DA:59,0
DA:60,0
DA:61,0
DA:68,0
DA:70,0
DA:72,0
DA:74,0
DA:75,0
DA:77,0
DA:81,0
DA:85,0
DA:90,0
DA:91,0
DA:92,0
DA:95,0
DA:96,0
DA:104,0
DA:106,0
DA:109,0
DA:111,0
DA:114,0
DA:116,0
LF:37
LH:7
end_of_record
SF:lib/features/onboarding/onboarding_completion_controller.dart
DA:14,1
DA:15,1
DA:24,1
DA:25,1
DA:29,1
DA:30,1
DA:33,0
DA:39,0
DA:40,0
DA:42,0
DA:44,0
DA:46,0
DA:47,0
DA:48,0
DA:52,0
DA:53,0
DA:56,0
DA:58,0
DA:60,0
DA:63,0
DA:69,2
DA:70,1
DA:71,2
LF:23
LH:9
end_of_record
SF:lib/core/widgets/step_progress_bar.dart
DA:9,744
DA:21,9
DA:24,27
DA:25,18
DA:26,9
DA:28,9
DA:29,18
DA:31,9
DA:32,18
DA:33,9
DA:34,9
DA:36,9
DA:37,9
DA:38,18
DA:39,9
DA:43,27
DA:44,9
DA:45,27
DA:50,9
DA:52,9
DA:53,9
DA:54,36
DA:55,27
LF:23
LH:23
end_of_record
SF:lib/features/achievements/progress_celebration_widget.dart
DA:18,0
DA:22,0
DA:24,0
DA:33,0
DA:36,0
DA:37,0
DA:38,0
DA:40,0
DA:43,0
DA:44,0
DA:46,0
DA:47,0
DA:48,0
DA:50,0
DA:53,0
DA:54,0
DA:55,0
DA:56,0
DA:59,0
DA:60,0
DA:62,0
DA:63,0
DA:65,0
DA:69,0
DA:70,0
DA:71,0
DA:73,0
DA:74,0
DA:75,0
DA:76,0
DA:77,0
DA:82,0
DA:83,0
DA:86,0
DA:89,0
DA:92,0
DA:95,0
DA:103,0
DA:107,0
DA:108,0
DA:113,0
DA:120,0
DA:121,0
DA:123,0
DA:127,0
DA:128,0
DA:131,0
DA:133,0
DA:137,0
DA:142,0
DA:143,0
DA:144,0
DA:145,0
DA:146,0
DA:147,0
DA:148,0
DA:150,0
DA:151,0
LF:58
LH:0
end_of_record
SF:lib/features/momentum/presentation/providers/momentum_provider.dart
DA:9,0
DA:12,0
DA:13,0
DA:14,0
DA:15,0
DA:16,0
DA:21,0
DA:22,0
DA:23,0
DA:24,0
DA:25,0
DA:30,0
DA:31,0
DA:32,0
DA:33,0
DA:34,0
DA:39,0
DA:40,0
DA:41,0
DA:42,0
DA:43,0
DA:48,0
DA:49,0
DA:50,0
DA:51,0
DA:52,0
DA:57,0
DA:58,0
DA:59,0
DA:60,0
DA:61,0
DA:66,0
DA:68,0
DA:73,0
DA:74,0
DA:76,0
DA:78,0
DA:80,0
DA:86,0
DA:87,0
DA:88,0
DA:92,0
DA:93,0
DA:94,0
DA:95,0
DA:96,0
DA:103,0
DA:105,0
DA:109,0
DA:111,0
DA:112,0
DA:113,0
DA:117,0
DA:118,0
DA:122,0
DA:123,0
DA:124,0
DA:126,0
DA:128,0
DA:133,0
DA:134,0
DA:135,0
DA:137,0
DA:139,0
DA:144,0
DA:145,0
DA:146,0
DA:148,0
DA:150,0
DA:155,0
DA:156,0
DA:159,0
DA:160,0
DA:161,0
DA:165,0
DA:166,0
DA:167,0
DA:170,0
DA:174,0
DA:177,0
LF:80
LH:0
end_of_record
SF:lib/features/achievements/streak_service.dart
DA:9,0
DA:12,0
DA:15,0
DA:16,0
DA:17,0
DA:18,0
DA:19,0
DA:20,0
DA:22,0
DA:24,0
DA:26,0
DA:29,0
DA:30,0
DA:31,0
DA:33,0
DA:34,0
DA:39,0
DA:43,0
DA:45,0
DA:46,0
DA:47,0
DA:55,0
DA:61,0
DA:64,0
DA:65,0
DA:66,0
DA:67,0
DA:68,0
DA:71,0
DA:74,0
DA:78,0
DA:80,0
DA:81,0
DA:83,0
DA:84,0
DA:87,0
DA:88,0
DA:91,0
DA:97,0
DA:103,0
DA:106,0
DA:107,0
DA:110,0
DA:118,0
DA:120,0
DA:122,0
DA:125,0
DA:130,0
DA:132,0
DA:134,0
DA:135,0
DA:136,0
DA:137,0
DA:138,0
DA:139,0
DA:140,0
DA:141,0
DA:143,0
DA:145,0
DA:157,1
DA:163,3
DA:167,4
DA:168,1
DA:170,0
DA:173,0
DA:177,0
DA:178,0
DA:179,0
DA:182,0
DA:186,0
DA:188,0
DA:191,0
DA:195,0
LF:73
LH:4
end_of_record
SF:lib/features/achievements/streak_badge.dart
DA:13,1
DA:15,1
DA:17,2
DA:19,0
DA:20,0
DA:21,0
DA:23,0
DA:25,0
DA:26,0
DA:27,0
DA:28,0
DA:29,0
DA:30,0
DA:31,0
DA:33,0
DA:36,0
DA:38,0
DA:39,0
DA:41,0
DA:42,0
DA:43,0
DA:46,0
DA:48,0
DA:49,0
DA:51,0
DA:55,0
DA:57,0
DA:58,0
DA:60,0
DA:61,0
DA:62,0
DA:63,0
DA:66,0
DA:68,0
DA:70,0
DA:71,0
DA:72,0
DA:75,0
DA:76,0
DA:87,0
DA:90,0
DA:95,0
DA:96,0
DA:99,0
DA:108,1
DA:110,1
DA:112,2
DA:114,1
DA:115,3
DA:116,1
DA:117,0
DA:124,124
DA:126,0
DA:128,0
DA:129,0
DA:131,0
DA:139,0
DA:142,0
DA:143,0
DA:144,0
DA:145,0
DA:146,0
DA:150,0
DA:151,0
DA:152,0
DA:159,0
DA:164,0
DA:166,0
DA:167,0
DA:168,0
DA:169,0
DA:170,0
DA:175,0
DA:176,0
DA:178,0
DA:179,0
DA:181,0
DA:182,0
DA:184,0
DA:185,0
DA:188,0
DA:189,0
DA:191,0
DA:192,0
DA:202,0
DA:204,0
DA:206,0
DA:207,0
DA:209,0
DA:210,0
DA:217,0
DA:218,0
DA:220,0
LF:93
LH:10
end_of_record
SF:lib/features/action_steps/providers/momentum_listener_provider.dart
DA:15,4
DA:17,1
DA:20,2
DA:21,2
DA:32,2
DA:33,1
DA:34,1
DA:36,0
DA:38,0
DA:40,1
DA:43,2
DA:44,1
DA:45,1
LF:13
LH:11
end_of_record
SF:lib/features/action_steps/services/action_step_analytics.dart
DA:13,3
DA:23,1
DA:31,1
DA:32,3
DA:34,3
DA:36,1
DA:37,1
DA:38,1
DA:39,0
DA:48,2
DA:55,0
DA:59,0
DA:62,0
DA:65,0
DA:68,0
DA:74,0
DA:81,0
DA:84,0
DA:85,0
DA:86,0
DA:87,0
DA:88,0
DA:89,0
DA:90,0
DA:91,0
DA:103,14
DA:104,4
DA:105,4
DA:106,2
LF:29
LH:13
end_of_record
SF:lib/features/action_steps/state/action_step_controller.dart
DA:11,2
DA:12,2
DA:21,1
DA:22,3
DA:25,2
DA:26,6
DA:29,1
DA:30,3
DA:34,2
DA:35,4
DA:36,3
DA:37,3
DA:42,1
DA:43,1
DA:46,1
DA:47,0
DA:50,4
DA:52,0
DA:56,2
DA:57,4
DA:59,1
DA:61,1
DA:62,2
DA:63,1
DA:64,2
DA:69,1
DA:70,1
DA:71,0
DA:72,0
DA:73,0
DA:75,0
DA:78,0
DA:80,0
DA:81,0
DA:82,0
DA:83,0
DA:86,0
DA:91,4
DA:92,4
DA:93,4
DA:94,4
DA:95,2
LF:42
LH:30
end_of_record
SF:lib/features/action_steps/state/action_step_draft.dart
DA:6,126
DA:21,2
DA:26,2
DA:27,2
DA:28,1
DA:29,2
DA:34,2
DA:35,6
LF:8
LH:8
end_of_record
SF:lib/features/action_steps/validators/action_step_validators.dart
DA:5,2
DA:6,2
DA:16,6
DA:20,3
DA:27,2
DA:28,4
DA:29,2
DA:34,0
DA:36,0
LF:9
LH:7
end_of_record
SF:lib/features/action_steps/ui/action_step_form.dart
DA:10,125
DA:12,2
DA:13,2
DA:30,2
DA:32,4
DA:33,2
DA:36,2
DA:38,8
DA:39,6
DA:41,2
DA:43,2
DA:44,2
DA:45,2
DA:46,2
DA:47,2
DA:49,2
DA:51,2
DA:52,2
DA:57,8
DA:58,2
DA:59,2
DA:61,2
DA:63,2
DA:66,2
DA:67,2
DA:71,2
DA:74,2
DA:77,2
DA:79,6
DA:81,4
DA:82,2
DA:83,2
DA:84,2
DA:86,4
DA:89,2
DA:91,3
DA:92,1
DA:93,3
DA:96,1
DA:97,1
DA:98,3
DA:100,1
DA:101,1
DA:102,0
DA:104,2
DA:105,1
DA:106,3
DA:109,2
DA:110,1
DA:111,3
DA:117,2
LF:51
LH:50
end_of_record
SF:lib/features/action_steps/ui/widgets/action_step_frequency_selector.dart
DA:6,2
DA:15,2
DA:17,2
DA:19,2
DA:21,4
DA:22,2
DA:23,4
DA:25,2
DA:26,4
DA:28,3
LF:10
LH:10
end_of_record
SF:lib/features/ai_coach/models/coach_conversation.dart
DA:7,1
DA:13,0
DA:14,0
DA:15,0
DA:16,0
DA:17,0
LF:6
LH:1
end_of_record
SF:lib/features/ai_coach/providers/coach_stream_provider.dart
DA:11,0
DA:15,4
DA:16,2
DA:17,0
DA:19,0
DA:22,0
DA:24,0
DA:25,0
DA:28,0
DA:30,0
DA:31,0
DA:32,0
DA:37,0
DA:39,0
DA:40,0
DA:41,0
DA:44,0
LF:17
LH:2
end_of_record
SF:lib/features/ai_coach/providers/conversation_providers.dart
DA:7,3
DA:9,0
DA:11,0
DA:12,0
DA:13,0
DA:16,0
DA:17,0
DA:18,0
DA:19,0
DA:20,0
DA:21,0
DA:24,0
DA:25,0
DA:26,0
DA:27,0
DA:32,0
DA:37,8
DA:40,0
DA:41,0
DA:43,0
DA:46,0
DA:47,0
DA:48,0
DA:49,0
DA:50,0
DA:53,0
DA:54,0
DA:55,0
DA:57,0
DA:59,0
LF:30
LH:2
end_of_record
SF:lib/features/ai_coach/ui/chat_history_drawer.dart
DA:10,125
DA:12,1
DA:14,2
DA:16,1
DA:18,1
DA:19,1
DA:20,1
DA:22,1
DA:23,1
DA:24,1
DA:25,1
DA:26,1
DA:32,1
DA:34,0
DA:36,0
DA:44,0
DA:49,0
DA:51,0
DA:58,1
DA:59,1
DA:60,2
DA:61,1
DA:63,0
DA:64,0
DA:66,0
DA:67,0
DA:82,1
DA:84,1
DA:85,1
DA:91,1
DA:93,1
DA:94,4
DA:97,1
DA:99,2
DA:100,0
DA:101,0
DA:103,0
DA:108,1
DA:109,2
DA:110,1
DA:111,2
DA:112,1
DA:113,2
DA:115,1
DA:121,0
DA:122,0
DA:125,0
DA:130,0
DA:131,0
DA:132,0
DA:135,0
DA:136,0
DA:144,0
DA:145,0
DA:148,0
DA:150,0
DA:151,0
DA:152,0
DA:160,0
DA:162,1
DA:163,1
DA:164,1
DA:168,1
DA:169,3
DA:170,6
DA:171,2
LF:66
LH:39
end_of_record
SF:lib/features/ai_coach/ui/coach_chat_screen.dart
DA:30,125
DA:38,1
DA:39,1
DA:53,1
DA:55,1
DA:56,3
DA:58,0
DA:60,1
DA:63,4
DA:67,0
DA:69,0
DA:71,0
DA:72,0
DA:73,0
DA:80,1
DA:82,2
DA:83,2
DA:84,2
DA:85,1
DA:88,1
DA:93,2
DA:94,0
DA:95,0
DA:97,0
DA:99,0
DA:106,1
DA:117,1
DA:119,2
DA:120,1
DA:121,1
DA:123,1
DA:128,0
DA:129,0
DA:131,0
DA:132,0
DA:133,0
DA:134,0
DA:137,0
DA:139,0
DA:140,0
DA:141,0
DA:142,0
DA:143,0
DA:144,0
DA:150,0
DA:153,0
DA:154,0
DA:158,1
DA:159,1
DA:162,3
DA:163,1
DA:164,2
DA:165,1
DA:169,2
DA:170,0
DA:171,0
DA:175,0
DA:176,0
DA:177,0
DA:181,0
DA:187,1
DA:188,3
DA:189,2
DA:192,1
DA:193,1
DA:195,2
DA:197,0
DA:204,3
DA:212,0
DA:219,0
DA:220,0
DA:221,0
DA:222,0
DA:224,0
DA:225,0
DA:226,0
DA:227,0
DA:229,0
DA:233,0
DA:235,0
DA:237,0
DA:240,0
DA:241,0
DA:242,0
DA:243,0
DA:251,1
DA:253,2
DA:254,2
DA:255,2
DA:257,2
DA:258,1
DA:262,2
DA:263,3
DA:264,1
DA:267,1
DA:270,1
DA:281,1
DA:282,0
DA:283,2
DA:284,2
DA:285,0
DA:288,2
DA:291,1
DA:294,1
DA:296,1
DA:298,2
DA:299,1
DA:300,2
DA:301,1
DA:302,1
DA:304,1
DA:308,1
DA:311,0
DA:312,0
DA:314,0
DA:318,0
DA:319,0
DA:320,0
DA:321,0
DA:322,0
DA:323,0
DA:327,0
DA:331,0
DA:336,1
DA:337,1
DA:338,2
DA:340,3
DA:341,2
DA:343,3
DA:347,4
DA:348,1
DA:349,0
DA:351,2
DA:361,3
DA:362,4
DA:366,1
DA:367,2
DA:368,1
DA:371,0
DA:372,0
DA:373,0
DA:374,0
DA:376,0
DA:382,0
DA:383,0
DA:384,0
DA:385,0
DA:386,0
DA:387,0
DA:388,0
DA:389,0
DA:391,0
DA:392,0
DA:394,0
DA:396,0
DA:397,0
DA:399,0
DA:400,0
DA:401,0
DA:403,0
DA:404,0
DA:416,0
DA:420,0
DA:426,0
DA:430,0
DA:431,0
DA:432,0
DA:433,0
DA:439,0
DA:440,0
DA:441,0
DA:443,0
DA:444,0
DA:445,0
DA:448,1
DA:451,3
DA:452,0
DA:453,0
DA:454,0
DA:455,0
DA:456,0
DA:457,0
DA:464,1
DA:466,1
DA:470,2
DA:471,0
DA:474,0
DA:476,1
DA:478,2
DA:481,0
DA:482,0
DA:483,0
DA:487,1
DA:488,1
DA:489,2
DA:491,1
DA:492,0
DA:493,1
DA:494,1
DA:496,1
DA:497,1
DA:498,1
DA:499,1
DA:500,4
DA:501,1
DA:502,4
DA:506,2
DA:507,1
DA:508,1
DA:509,1
DA:510,1
DA:517,1
DA:518,1
DA:520,1
DA:522,1
DA:524,1
DA:525,1
DA:526,1
DA:529,2
DA:532,2
DA:533,1
DA:536,0
DA:545,1
DA:546,1
DA:547,1
DA:548,1
DA:549,1
DA:550,1
DA:551,1
DA:553,1
DA:558,1
DA:559,1
DA:560,1
DA:561,1
DA:562,1
DA:565,1
DA:566,1
DA:567,1
DA:569,1
DA:570,1
DA:572,1
DA:573,1
DA:574,1
DA:575,1
DA:577,1
DA:580,1
DA:581,1
DA:582,1
DA:583,1
DA:585,1
DA:588,1
DA:589,1
DA:590,1
DA:591,1
DA:596,1
DA:598,1
DA:605,0
DA:609,2
DA:610,1
DA:612,2
DA:613,1
DA:616,1
DA:617,0
DA:618,1
DA:622,1
DA:624,1
DA:625,0
DA:627,0
DA:628,1
DA:630,1
DA:651,1
LF:271
LH:154
end_of_record
SF:lib/features/ai_coach/ui/message_bubble.dart
DA:15,6
DA:22,5
DA:25,10
DA:28,5
DA:30,4
DA:34,5
DA:35,3
DA:37,3
DA:39,3
DA:40,1
DA:42,3
DA:43,3
DA:48,10
DA:50,5
DA:51,5
DA:53,5
DA:55,5
DA:56,5
DA:59,5
DA:61,5
DA:62,5
DA:63,20
DA:65,5
DA:67,5
DA:69,5
DA:71,10
DA:72,5
DA:73,5
DA:75,5
DA:76,5
DA:77,5
DA:83,5
DA:86,5
DA:87,5
DA:88,5
DA:89,5
DA:90,5
DA:92,20
DA:99,8
DA:100,6
DA:101,3
DA:102,6
DA:103,12
DA:105,3
DA:106,2
DA:107,3
DA:119,3
DA:120,3
DA:121,3
DA:123,6
DA:125,2
DA:126,2
DA:127,0
DA:128,0
DA:130,0
DA:135,5
DA:136,5
DA:141,5
DA:143,6
DA:144,3
DA:145,3
DA:147,2
DA:148,1
DA:154,5
DA:157,5
DA:160,4
DA:163,4
DA:164,4
DA:170,5
DA:171,5
DA:172,5
DA:173,5
DA:175,5
DA:181,124
DA:183,1
DA:184,1
DA:192,1
DA:194,1
DA:195,2
DA:199,2
DA:202,3
DA:203,2
DA:206,1
DA:208,2
DA:209,1
DA:212,1
DA:214,1
DA:216,1
DA:218,1
DA:219,1
DA:222,1
DA:224,1
DA:225,1
DA:227,1
DA:229,1
DA:230,1
DA:231,1
DA:233,1
DA:234,1
DA:235,1
DA:236,1
DA:242,1
DA:244,1
DA:245,1
DA:246,1
DA:247,1
DA:248,1
DA:249,2
DA:250,1
DA:251,1
DA:253,2
DA:255,1
DA:256,2
DA:257,1
DA:260,1
DA:261,1
DA:271,2
DA:272,1
DA:274,4
DA:275,1
LF:120
LH:117
end_of_record
SF:lib/features/ai_coach/ui/coaching_card.dart
DA:14,1
DA:23,1
DA:25,1
DA:27,1
DA:28,2
DA:29,1
DA:31,1
DA:33,1
DA:34,1
DA:35,1
DA:37,1
DA:39,1
DA:40,1
DA:41,1
DA:42,1
DA:43,1
DA:44,1
DA:45,2
DA:47,1
DA:48,1
DA:49,1
DA:50,1
DA:51,2
DA:52,1
DA:53,1
DA:54,1
DA:56,1
DA:57,1
DA:58,1
DA:60,2
DA:62,1
DA:64,1
DA:65,1
DA:68,1
DA:69,1
DA:70,1
DA:71,3
DA:72,1
DA:74,1
DA:75,1
DA:77,1
DA:78,1
DA:79,1
DA:81,3
DA:82,1
DA:90,1
DA:92,1
DA:112,2
DA:120,2
DA:122,2
DA:124,2
DA:125,2
DA:126,1
DA:128,2
DA:130,2
DA:131,2
DA:132,4
DA:133,2
DA:134,2
DA:135,2
DA:136,2
DA:137,2
DA:138,2
DA:139,2
DA:140,4
DA:142,2
DA:144,2
DA:145,4
DA:146,2
DA:147,2
DA:148,2
DA:149,2
DA:150,8
LF:73
LH:73
end_of_record
SF:lib/features/auth/ui/auth_page.dart
DA:20,126
DA:22,2
DA:23,2
DA:35,2
DA:37,4
DA:38,4
DA:39,4
DA:40,2
DA:43,2
DA:44,6
DA:46,6
DA:47,6
DA:48,6
DA:51,2
DA:53,2
DA:54,6
DA:55,2
DA:58,2
DA:60,6
DA:61,2
DA:63,8
DA:64,2
DA:65,2
DA:66,1
DA:68,3
DA:69,4
DA:71,2
DA:72,2
DA:73,1
DA:75,6
DA:77,3
DA:78,2
DA:79,1
DA:80,2
DA:82,1
DA:87,2
DA:88,2
DA:89,2
DA:90,2
DA:91,2
DA:92,2
DA:93,2
DA:95,2
DA:96,2
DA:97,2
DA:101,6
DA:103,2
DA:104,2
DA:105,2
DA:111,2
DA:112,2
DA:113,2
DA:118,4
DA:119,2
DA:120,4
DA:122,2
DA:130,2
DA:131,2
DA:132,1
DA:133,1
DA:135,3
DA:139,3
DA:140,1
DA:141,1
DA:142,2
DA:143,4
LF:66
LH:66
end_of_record
SF:lib/features/auth/ui/confirmation_pending_page.dart
DA:14,3
DA:18,3
DA:20,3
DA:27,3
DA:30,12
DA:31,5
DA:33,4
DA:34,2
DA:35,2
DA:38,2
DA:41,6
DA:45,1
DA:47,1
DA:48,1
DA:49,2
DA:50,2
DA:51,1
DA:57,3
DA:58,3
DA:59,3
DA:60,3
DA:61,3
DA:62,3
DA:64,3
DA:65,6
DA:66,6
DA:70,6
LF:27
LH:27
end_of_record
SF:lib/features/auth/ui/password_reset_page.dart
DA:8,0
DA:10,0
DA:11,0
DA:20,0
DA:21,0
DA:22,0
DA:23,0
DA:24,0
DA:28,0
DA:29,0
DA:31,0
DA:34,0
DA:36,0
DA:37,0
DA:40,0
DA:42,0
DA:43,0
DA:44,0
DA:46,0
DA:47,0
DA:48,0
DA:49,0
DA:50,0
DA:51,0
DA:55,0
DA:56,0
DA:59,0
DA:60,0
DA:61,0
DA:63,0
DA:64,0
DA:66,0
LF:32
LH:0
end_of_record
SF:lib/features/auth/ui/widgets/email_verification_banner.dart
DA:14,125
DA:16,1
DA:18,2
DA:20,1
DA:21,0
DA:22,0
DA:23,0
DA:26,0
DA:28,0
DA:29,0
DA:30,0
DA:33,0
DA:34,0
DA:35,0
DA:37,0
DA:40,0
DA:41,0
DA:42,0
DA:44,0
DA:45,0
DA:54,1
DA:55,0
LF:22
LH:5
end_of_record
SF:lib/features/gamification/models/badge.dart
DA:13,129
DA:26,1
DA:27,1
DA:28,1
DA:29,4
DA:33,0
DA:34,0
DA:35,0
DA:36,0
DA:37,0
DA:38,0
DA:39,0
DA:40,0
DA:42,0
DA:43,0
DA:44,0
DA:49,0
DA:50,0
DA:51,0
DA:52,0
DA:53,0
DA:54,0
DA:55,0
DA:56,0
DA:57,0
DA:58,0
DA:59,0
DA:63,0
DA:74,0
DA:75,0
DA:76,0
DA:77,0
DA:78,0
DA:79,0
DA:80,0
DA:81,0
DA:82,0
DA:83,0
DA:99,0
DA:100,0
DA:101,0
DA:102,0
DA:106,0
DA:108,0
DA:110,0
DA:112,0
DA:114,0
DA:116,0
DA:128,2
DA:134,0
DA:135,0
DA:136,0
DA:137,0
DA:139,0
DA:140,0
DA:141,0
DA:142,0
DA:159,1
DA:172,1
DA:173,4
DA:177,1
DA:178,3
DA:182,1
DA:183,3
DA:187,1
DA:188,1
DA:189,2
DA:191,2
DA:192,2
DA:193,2
DA:194,0
DA:195,0
DA:197,0
DA:201,0
DA:202,0
DA:203,0
DA:204,0
DA:205,0
DA:206,0
DA:207,0
DA:208,0
DA:209,0
DA:210,0
DA:211,0
DA:226,0
DA:227,0
DA:228,0
DA:229,0
DA:233,1
DA:235,1
DA:237,1
DA:239,0
DA:241,0
LF:93
LH:22
end_of_record
SF:lib/features/gamification/providers/gamification_providers.dart
DA:7,15
DA:8,0
DA:9,0
DA:11,0
DA:15,0
DA:16,0
DA:23,0
DA:47,0
DA:54,0
DA:62,0
DA:67,7
DA:70,1
DA:71,1
DA:73,2
DA:74,2
DA:76,5
DA:78,1
DA:82,1
DA:83,1
DA:84,1
DA:96,1
DA:102,0
DA:107,22
DA:110,1
DA:111,1
DA:118,2
DA:122,1
DA:129,2
DA:133,1
DA:140,2
DA:149,0
DA:153,0
DA:154,0
DA:155,0
DA:156,0
DA:157,0
DA:158,0
DA:159,0
DA:160,0
DA:161,0
DA:162,0
DA:163,0
DA:164,0
DA:165,0
DA:169,0
DA:173,0
DA:178,3
DA:181,0
DA:182,0
DA:189,12
DA:191,0
DA:192,0
DA:199,12
DA:209,2
DA:210,2
DA:211,1
DA:214,3
DA:217,2
DA:219,0
LF:59
LH:28
end_of_record
SF:lib/features/gamification/services/share_helper.dart
DA:7,1
DA:9,2
DA:10,0
DA:14,1
DA:18,1
DA:24,0
DA:27,1
DA:28,0
DA:34,1
DA:49,1
DA:52,1
DA:55,0
DA:58,1
DA:59,0
DA:65,1
DA:78,1
DA:81,1
DA:84,0
DA:87,1
DA:88,0
DA:94,1
DA:103,1
DA:106,2
DA:109,0
DA:112,1
DA:113,0
LF:26
LH:17
end_of_record
SF:lib/features/gamification/ui/achievements_screen.dart
DA:13,250
DA:15,4
DA:17,8
DA:18,8
DA:19,8
DA:20,8
DA:22,4
DA:23,4
DA:24,4
DA:26,4
DA:27,4
DA:29,4
DA:30,4
DA:32,1
DA:33,2
DA:34,1
DA:35,1
DA:41,4
DA:43,0
DA:48,4
DA:49,4
DA:50,4
DA:51,0
DA:52,4
DA:53,4
DA:57,3
DA:58,3
DA:59,3
DA:61,3
DA:64,3
DA:67,3
DA:77,3
DA:83,3
DA:85,3
DA:86,3
DA:87,3
DA:89,3
DA:90,3
DA:91,3
DA:92,3
DA:93,3
DA:95,12
DA:97,3
DA:102,3
DA:103,6
DA:104,0
DA:105,0
DA:113,3
DA:115,6
DA:116,6
DA:117,12
DA:118,3
DA:121,0
DA:122,0
DA:129,3
DA:130,3
DA:132,3
DA:134,3
DA:135,6
DA:136,3
DA:137,3
DA:139,3
DA:140,3
DA:141,3
DA:142,3
DA:144,3
DA:148,3
DA:150,3
DA:151,3
DA:153,6
DA:154,3
DA:156,6
DA:157,3
DA:158,3
DA:159,12
DA:160,3
DA:169,3
DA:173,3
DA:175,3
DA:176,0
DA:177,0
DA:178,3
DA:179,3
DA:181,0
DA:182,0
DA:183,0
DA:185,0
DA:187,0
DA:188,0
DA:189,0
DA:191,0
DA:194,0
DA:195,0
DA:197,0
DA:199,0
DA:205,0
DA:208,0
DA:209,0
DA:210,0
DA:211,0
DA:214,0
DA:216,0
DA:227,3
DA:228,3
DA:230,3
DA:231,3
DA:232,3
DA:234,3
DA:236,3
DA:237,3
DA:238,3
DA:240,3
DA:243,6
DA:244,3
DA:246,12
DA:248,3
DA:254,3
DA:257,3
DA:260,3
DA:261,3
DA:266,3
DA:267,3
DA:268,3
DA:269,3
DA:271,2
DA:280,3
DA:281,3
DA:283,3
DA:285,3
DA:287,3
DA:289,3
DA:291,0
DA:296,1
DA:297,1
DA:301,2
DA:305,0
DA:307,0
DA:308,0
DA:309,0
DA:311,0
DA:317,0
DA:318,0
DA:320,0
DA:325,0
DA:327,0
DA:328,0
DA:330,0
DA:335,0
DA:337,0
DA:339,0
DA:348,3
DA:350,3
DA:352,3
DA:353,6
DA:355,3
DA:356,9
DA:359,12
DA:360,8
DA:362,3
DA:364,3
DA:365,3
DA:366,3
DA:367,3
DA:369,3
DA:371,3
DA:372,3
DA:373,3
DA:374,3
DA:375,3
DA:377,6
DA:379,6
DA:382,3
DA:383,6
DA:384,12
DA:388,3
DA:389,1
DA:396,6
DA:400,3
DA:403,6
DA:404,3
DA:407,1
DA:417,3
DA:418,6
DA:420,3
DA:421,3
DA:425,3
DA:427,3
DA:428,2
DA:430,12
DA:434,3
DA:439,6
DA:441,3
DA:442,1
DA:443,1
DA:444,1
DA:445,0
DA:448,3
DA:450,3
DA:457,1
DA:458,2
DA:460,1
DA:463,1
DA:465,1
DA:467,1
DA:468,1
DA:469,1
DA:480,1
DA:482,1
DA:484,1
DA:486,1
DA:487,1
DA:488,1
DA:491,1
DA:492,1
DA:493,1
DA:494,1
DA:496,1
DA:498,1
DA:502,1
DA:503,1
DA:505,1
DA:506,1
DA:511,1
DA:514,1
DA:517,2
DA:518,1
DA:520,1
DA:521,0
DA:523,0
DA:525,1
DA:526,1
DA:527,3
DA:533,1
DA:536,1
DA:537,2
DA:538,4
DA:540,1
DA:545,2
DA:548,1
DA:549,2
DA:550,4
DA:551,1
DA:556,1
DA:559,3
DA:560,1
DA:561,2
DA:562,1
DA:563,1
DA:565,1
DA:566,1
DA:568,1
DA:570,1
DA:571,1
DA:573,1
DA:576,2
DA:577,1
DA:578,7
DA:579,4
DA:580,1
DA:590,1
DA:593,1
DA:594,0
DA:595,0
DA:596,0
DA:597,0
DA:599,0
DA:603,1
DA:604,1
DA:610,0
DA:612,0
DA:613,0
DA:614,0
DA:615,0
DA:616,0
DA:618,0
DA:622,0
DA:624,0
DA:625,0
DA:626,0
DA:628,0
DA:629,0
DA:630,0
DA:634,0
DA:636,0
DA:637,0
DA:638,0
DA:639,0
DA:652,1
DA:654,1
DA:655,1
DA:656,1
DA:657,1
DA:658,0
DA:665,124
DA:667,4
DA:677,0
DA:679,0
DA:681,0
DA:682,0
DA:684,0
DA:687,0
DA:689,0
DA:692,0
DA:693,0
DA:694,0
DA:705,124
DA:707,1
DA:709,1
DA:711,1
DA:712,1
DA:713,1
DA:714,1
DA:716,1
DA:718,1
DA:721,1
[...]
DA:596,0
DA:598,0
DA:599,0
DA:600,0
LF:201
LH:10
end_of_record
SF:lib/core/services/notification_content_service.dart
DA:21,1
DA:30,1
DA:31,1
DA:32,3
DA:33,1
DA:34,1
DA:35,2
DA:36,6
DA:42,1
DA:43,1
DA:44,1
DA:45,1
DA:46,1
DA:47,1
DA:48,2
DA:49,4
DA:54,0
DA:56,0
DA:67,1
DA:74,1
DA:75,1
DA:76,2
DA:77,2
DA:78,2
DA:79,3
DA:83,0
DA:85,0
DA:91,1
DA:92,1
DA:94,1
DA:100,1
DA:106,2
DA:113,1
DA:117,1
DA:122,2
DA:128,1
DA:132,1
DA:137,2
DA:143,1
DA:147,1
DA:152,2
DA:158,1
DA:162,1
DA:168,2
DA:175,1
DA:179,0
DA:188,0
DA:189,0
DA:190,0
DA:191,0
DA:192,0
DA:193,0
DA:196,0
DA:198,0
DA:206,0
DA:210,1
DA:211,2
DA:215,1
DA:218,1
DA:219,1
DA:220,1
DA:221,1
DA:222,1
DA:224,1
DA:225,1
DA:226,2
DA:227,1
DA:228,1
DA:229,1
DA:230,1
DA:233,1
LF:71
LH:57
end_of_record
SF:lib/core/services/ios_background_delivery_service.dart
DA:25,2
DA:40,1
DA:45,0
DA:51,0
DA:55,1
DA:75,1
DA:82,2
DA:85,2
DA:88,3
DA:92,1
DA:93,1
DA:101,0
DA:103,0
DA:104,0
DA:113,0
DA:114,0
DA:116,0
DA:117,0
DA:119,0
DA:123,0
DA:124,0
DA:125,0
DA:126,0
DA:128,0
DA:130,0
DA:133,0
DA:135,0
DA:141,0
DA:142,0
DA:143,0
DA:149,0
DA:151,0
DA:154,0
DA:155,0
DA:157,0
DA:158,0
DA:165,0
DA:166,0
DA:167,0
DA:169,0
DA:173,0
DA:174,0
DA:175,0
DA:176,0
DA:181,0
DA:182,0
DA:184,0
DA:186,0
DA:188,0
DA:194,0
DA:195,0
DA:198,0
DA:200,0
DA:203,0
DA:204,0
DA:209,0
DA:210,0
DA:211,0
DA:214,0
DA:219,0
DA:223,0
DA:225,0
DA:226,0
DA:230,0
DA:232,0
DA:237,0
DA:238,0
DA:242,0
DA:247,0
DA:248,0
DA:250,0
DA:254,0
DA:255,0
DA:258,0
DA:259,0
DA:265,0
DA:270,0
DA:271,0
DA:273,0
DA:274,0
DA:277,0
DA:283,0
DA:285,0
DA:286,0
DA:287,0
DA:289,0
DA:296,0
DA:297,0
DA:298,0
DA:299,0
DA:304,0
DA:305,0
DA:307,0
DA:308,0
DA:309,0
DA:311,0
DA:313,0
DA:314,0
DA:316,0
DA:317,0
DA:323,0
DA:325,0
DA:327,0
DA:329,0
DA:331,0
DA:333,0
DA:335,0
DA:337,0
DA:345,1
DA:346,1
DA:348,0
DA:351,0
DA:352,0
DA:353,0
DA:354,0
DA:357,0
DA:358,0
DA:359,0
DA:361,0
DA:365,1
DA:366,1
DA:367,1
DA:368,2
DA:372,1
DA:373,1
DA:374,0
DA:375,0
DA:376,0
DA:381,0
DA:382,0
DA:383,0
DA:384,0
DA:385,0
DA:386,0
DA:387,0
DA:388,0
DA:389,0
DA:391,0
DA:392,0
DA:394,0
DA:395,0
DA:401,0
DA:403,0
DA:407,0
DA:408,0
LF:145
LH:17
end_of_record
SF:lib/features/onboarding/ui/onboarding_screen.dart
DA:17,1
DA:19,1
DA:21,1
DA:23,2
DA:25,1
DA:27,1
DA:30,0
DA:31,0
DA:32,0
DA:35,2
DA:36,1
DA:37,1
DA:38,1
DA:39,1
DA:40,1
DA:42,1
DA:44,1
DA:49,1
DA:50,1
DA:51,1
DA:52,1
DA:53,1
DA:54,2
DA:55,1
DA:56,1
DA:58,1
LF:26
LH:23
end_of_record
SF:lib/features/momentum/domain/models/coach_intervention.dart
DA:19,2
DA:34,1
DA:41,1
DA:47,2
DA:48,1
DA:55,1
DA:68,1
DA:69,1
DA:70,1
DA:71,1
DA:72,1
DA:73,1
DA:74,1
DA:75,1
DA:76,1
DA:77,1
DA:78,1
DA:79,1
DA:84,1
DA:85,1
DA:86,2
DA:87,2
DA:88,3
DA:89,3
DA:90,3
DA:91,4
DA:92,4
DA:93,1
DA:94,3
DA:95,3
DA:96,3
DA:101,1
DA:102,1
DA:103,1
DA:104,1
DA:105,2
DA:106,2
DA:107,2
DA:109,1
DA:110,2
DA:113,1
DA:114,2
DA:117,1
DA:118,0
DA:120,1
DA:121,1
DA:122,1
DA:127,1
DA:128,1
DA:132,1
DA:133,1
DA:137,1
DA:138,1
DA:139,1
DA:141,1
DA:143,1
DA:145,1
DA:147,1
DA:149,1
DA:155,1
DA:156,1
DA:157,1
DA:159,1
DA:161,1
DA:163,1
DA:169,1
DA:170,1
DA:171,1
DA:173,1
DA:175,1
DA:177,1
DA:179,1
DA:185,1
DA:186,2
DA:187,2
DA:191,1
DA:192,1
DA:193,1
DA:194,1
DA:195,3
DA:196,3
DA:197,3
DA:201,1
DA:202,1
DA:203,1
DA:204,3
DA:205,3
DA:206,1
DA:210,1
DA:211,1
DA:212,1
DA:213,2
DA:215,2
DA:216,4
DA:217,2
DA:218,4
DA:219,2
DA:220,4
DA:226,0
DA:229,0
DA:230,0
DA:231,0
DA:232,0
DA:233,0
DA:234,0
DA:235,0
DA:236,0
DA:237,0
DA:238,0
DA:239,0
DA:242,0
DA:244,0
DA:245,0
DA:246,0
DA:247,0
DA:248,0
DA:249,0
DA:250,0
DA:251,0
DA:252,0
DA:253,0
DA:254,0
DA:258,0
DA:260,0
DA:264,1
DA:266,1
DA:267,1
DA:268,1
DA:269,1
DA:271,1
DA:272,1
DA:273,1
DA:275,1
DA:276,1
DA:277,1
DA:279,1
DA:280,1
DA:281,0
DA:283,0
DA:284,0
DA:285,0
DA:287,0
DA:288,0
DA:289,0
DA:296,1
DA:300,1
DA:301,1
DA:303,1
DA:305,1
DA:307,0
DA:314,1
DA:316,1
DA:317,1
DA:319,0
DA:320,0
DA:321,0
DA:323,0
DA:325,0
DA:326,0
DA:328,0
DA:329,0
DA:330,0
LF:162
LH:118
end_of_record
SF:lib/features/momentum/domain/models/coach_dashboard_filters.dart
DA:29,9
DA:65,3
DA:70,3
DA:71,3
DA:72,3
DA:73,3
DA:85,1
DA:93,3
DA:94,18
DA:98,9
DA:101,9
DA:104,9
DA:107,3
DA:108,3
DA:109,3
DA:111,3
DA:113,3
DA:121,3
DA:122,3
DA:123,3
DA:125,3
DA:127,1
DA:129,1
DA:137,3
DA:138,3
DA:139,3
DA:141,3
DA:143,2
DA:145,2
DA:155,1
DA:156,4
DA:163,1
DA:165,1
DA:166,1
DA:167,1
DA:170,1
DA:171,1
DA:172,1
DA:173,1
DA:180,1
DA:183,1
DA:184,3
DA:185,3
DA:186,3
DA:190,1
DA:192,4
DA:196,1
DA:198,1
DA:199,1
DA:200,1
DA:201,1
DA:229,1
DA:231,1
DA:233,0
DA:235,0
DA:269,1
DA:271,1
DA:273,1
DA:275,0
DA:277,0
DA:311,1
DA:313,1
DA:315,1
DA:317,0
DA:319,0
LF:65
LH:59
end_of_record
SF:lib/features/momentum/presentation/providers/coach_dashboard_state_provider.dart
DA:13,4
DA:25,0
DA:30,2
DA:32,6
DA:33,6
DA:34,4
DA:35,6
DA:42,2
DA:44,6
DA:45,6
DA:46,4
DA:47,6
DA:54,2
DA:56,6
DA:57,6
DA:58,4
DA:59,6
DA:64,2
DA:65,2
DA:66,10
DA:72,2
DA:75,6
DA:76,6
DA:77,6
DA:80,6
DA:85,4
DA:86,6
DA:91,3
DA:94,2
DA:95,2
DA:97,4
DA:98,6
DA:100,4
DA:101,8
DA:103,4
DA:104,8
DA:107,2
DA:111,2
DA:115,0
DA:116,0
DA:124,4
DA:125,4
DA:128,2
DA:138,8
DA:139,2
DA:140,8
DA:146,8
DA:147,2
DA:148,8
DA:154,8
DA:155,10
DA:160,8
DA:161,2
DA:162,8
DA:168,8
DA:170,2
DA:171,4
DA:172,10
DA:175,2
DA:176,4
DA:177,2
DA:178,2
DA:179,2
DA:181,2
DA:183,2
DA:185,1
DA:187,0
DA:190,1
DA:192,2
DA:194,0
DA:196,0
DA:198,0
DA:201,0
DA:203,2
DA:205,0
DA:207,0
DA:209,0
DA:212,0
DA:215,2
DA:217,1
DA:223,4
DA:230,4
DA:231,4
DA:232,6
DA:240,8
DA:253,8
DA:264,0
DA:265,0
DA:269,0
DA:273,0
DA:276,0
DA:277,0
LF:92
LH:74
end_of_record
SF:lib/features/momentum/presentation/widgets/coach_dashboard/coach_dashboard_scheduled_tab.dart
DA:20,1
DA:25,1
DA:27,2
DA:29,1
DA:30,1
DA:31,2
DA:36,1
DA:40,2
DA:41,1
DA:44,1
DA:45,3
DA:48,1
DA:50,1
DA:51,1
DA:54,1
DA:58,1
DA:59,1
DA:60,1
DA:61,1
DA:62,1
DA:64,1
DA:66,2
DA:67,1
DA:69,1
DA:70,2
DA:71,1
DA:75,2
DA:77,1
DA:85,1
DA:86,1
DA:87,1
DA:89,2
DA:90,1
DA:91,1
DA:93,2
DA:94,1
DA:95,1
DA:96,1
DA:97,1
DA:106,1
DA:107,1
DA:108,1
DA:109,1
DA:110,1
DA:112,1
DA:113,1
DA:115,1
DA:118,2
DA:119,1
DA:121,1
DA:122,2
DA:128,2
DA:129,1
DA:131,1
DA:132,2
DA:133,1
DA:137,2
DA:139,1
DA:140,0
DA:141,0
DA:142,0
DA:147,1
DA:148,1
DA:158,1
DA:159,1
DA:160,1
DA:161,1
DA:162,1
DA:164,1
DA:165,1
DA:167,1
DA:168,1
DA:170,2
DA:171,1
DA:173,1
DA:174,2
DA:176,1
DA:179,2
DA:180,1
DA:182,1
DA:183,2
DA:184,1
DA:188,2
DA:190,1
DA:191,0
DA:193,0
DA:210,1
DA:214,1
DA:217,1
DA:219,1
DA:220,1
DA:221,1
DA:222,1
DA:223,4
DA:224,1
DA:225,2
DA:227,1
DA:233,1
DA:234,1
DA:235,1
DA:236,1
DA:238,1
DA:240,1
DA:241,2
DA:243,1
DA:244,2
DA:246,2
DA:247,1
DA:249,1
DA:252,0
DA:255,0
DA:258,0
DA:260,0
DA:263,0
DA:265,1
DA:269,1
DA:271,1
DA:275,1
DA:276,2
DA:283,0
DA:289,0
DA:290,0
DA:291,0
DA:296,0
DA:297,0
DA:298,0
DA:302,0
DA:303,0
DA:304,0
DA:305,0
DA:306,0
DA:307,0
DA:308,0
DA:309,0
DA:310,0
DA:311,0
DA:313,0
DA:322,0
DA:325,0
DA:327,0
DA:339,0
DA:340,0
DA:341,0
DA:347,0
DA:351,0
DA:353,0
DA:354,0
DA:355,0
DA:356,0
DA:357,0
DA:360,0
DA:361,0
DA:362,0
DA:365,0
DA:367,0
DA:368,0
DA:369,0
DA:371,0
DA:373,0
DA:380,0
DA:383,0
DA:384,0
DA:385,0
DA:386,0
DA:388,0
DA:392,0
DA:393,0
DA:395,0
DA:397,0
DA:398,0
DA:403,0
DA:404,0
DA:405,0
DA:408,0
DA:409,0
DA:410,0
DA:411,0
DA:414,0
LF:178
LH:109
end_of_record
SF:lib/features/momentum/presentation/widgets/coach_dashboard/coach_dashboard_intervention_card.dart
DA:23,4
DA:47,4
DA:49,8
DA:51,4
DA:52,4
DA:53,4
DA:55,4
DA:56,4
DA:57,4
DA:60,4
DA:61,4
DA:62,4
DA:63,4
DA:65,4
DA:66,4
DA:67,8
DA:68,4
DA:76,4
DA:77,8
DA:78,8
DA:80,4
DA:81,4
DA:82,4
DA:83,8
DA:84,4
DA:86,4
DA:92,4
DA:93,4
DA:95,4
DA:96,4
DA:97,4
DA:98,4
DA:100,4
DA:101,4
DA:102,4
DA:103,8
DA:105,4
DA:106,4
DA:110,4
DA:111,4
DA:112,4
DA:115,8
DA:122,4
DA:123,4
DA:124,4
DA:125,4
DA:126,4
DA:128,4
DA:129,4
DA:130,4
DA:131,8
DA:134,4
DA:135,8
DA:136,4
DA:139,8
DA:146,4
DA:150,4
DA:151,4
DA:153,4
DA:155,0
DA:157,2
DA:158,1
DA:160,1
DA:161,1
DA:162,1
DA:165,1
DA:167,2
DA:168,1
DA:170,1
DA:172,2
DA:178,1
DA:180,1
DA:181,1
DA:182,1
DA:185,1
DA:187,2
DA:188,1
DA:190,1
DA:192,2
DA:198,1
DA:200,1
DA:201,1
DA:202,1
DA:205,1
DA:207,2
DA:208,1
DA:210,1
DA:212,2
DA:223,4
DA:224,8
DA:225,8
DA:226,4
DA:227,8
DA:229,8
DA:231,4
DA:233,4
DA:234,4
DA:236,4
DA:237,8
DA:242,8
DA:243,4
DA:244,12
DA:245,4
DA:246,4
DA:248,8
DA:252,3
DA:253,6
DA:254,3
DA:255,3
DA:256,3
DA:258,3
DA:259,3
DA:261,6
DA:262,3
DA:263,3
DA:264,9
DA:265,3
DA:266,3
DA:268,6
DA:276,6
DA:277,4
DA:278,2
DA:280,2
DA:281,4
DA:283,2
DA:292,0
DA:297,0
DA:298,0
DA:299,0
DA:300,0
DA:302,0
DA:303,0
DA:305,0
DA:306,0
DA:307,0
DA:308,0
DA:314,4
DA:316,4
DA:318,4
DA:320,0
LF:140
LH:127
end_of_record
SF:lib/features/momentum/presentation/widgets/coach_dashboard/coach_dashboard_time_selector.dart
DA:21,3
DA:33,3
DA:35,3
DA:36,3
DA:37,3
DA:38,3
DA:39,3
DA:40,3
DA:42,6
DA:44,3
DA:46,3
DA:47,3
DA:48,3
DA:51,3
DA:53,6
DA:54,3
DA:56,3
DA:58,6
DA:61,6
DA:62,3
DA:70,3
DA:71,3
DA:72,3
DA:73,3
DA:75,3
DA:77,3
DA:78,6
DA:82,3
DA:84,3
DA:86,3
DA:87,6
DA:91,3
DA:93,3
DA:95,3
DA:96,6
DA:101,3
DA:102,1
DA:103,1
DA:104,3
LF:39
LH:39
end_of_record
SF:lib/features/momentum/presentation/widgets/coach_dashboard/coach_dashboard_active_tab.dart
DA:26,1
DA:50,1
DA:52,2
DA:54,1
DA:55,1
DA:56,1
DA:57,1
DA:58,1
DA:59,1
DA:60,1
DA:61,1
DA:62,1
DA:63,1
DA:65,2
DA:73,1
DA:77,2
DA:78,1
DA:81,1
DA:82,3
DA:85,1
DA:87,1
DA:88,1
DA:91,1
DA:95,1
DA:96,1
DA:97,1
DA:99,1
DA:101,2
DA:102,1
DA:104,1
DA:105,2
DA:106,1
DA:115,1
DA:116,1
DA:117,1
DA:118,1
DA:119,1
DA:121,1
DA:122,1
DA:124,1
DA:127,2
DA:128,1
DA:129,1
DA:130,1
DA:131,2
DA:136,2
DA:138,1
DA:139,0
DA:141,0
DA:142,0
DA:155,1
DA:156,1
DA:157,1
DA:158,1
DA:159,1
DA:161,1
DA:162,1
DA:164,1
DA:167,2
DA:168,1
DA:170,1
DA:171,2
DA:175,2
DA:176,1
DA:178,1
DA:179,2
DA:180,1
DA:191,1
DA:195,1
DA:198,1
DA:199,1
DA:202,1
DA:203,1
DA:206,1
DA:207,3
DA:208,1
DA:209,1
DA:211,1
DA:214,0
DA:217,0
DA:219,0
DA:221,0
DA:224,0
DA:226,1
DA:234,0
DA:239,0
DA:240,0
DA:241,0
DA:242,0
DA:243,0
DA:244,0
DA:248,0
DA:254,0
DA:255,0
DA:260,0
DA:264,0
DA:266,0
DA:267,0
DA:268,0
DA:270,0
DA:271,0
DA:274,0
DA:275,0
DA:276,0
DA:277,0
DA:280,0
DA:281,0
DA:282,0
DA:285,0
DA:286,0
DA:287,0
DA:288,0
DA:291,0
LF:113
LH:76
end_of_record
SF:lib/features/momentum/presentation/widgets/coach_dashboard/coach_dashboard_filter_bar.dart
DA:24,2
DA:44,2
DA:46,2
DA:47,2
DA:48,2
DA:49,2
DA:50,6
DA:53,2
DA:54,1
DA:55,2
DA:60,1
DA:61,1
DA:62,1
DA:63,1
DA:64,2
DA:65,1
DA:71,2
DA:72,2
DA:73,2
DA:74,4
DA:75,4
DA:76,4
DA:82,2
DA:83,2
DA:84,2
DA:85,2
DA:87,2
DA:88,4
DA:90,2
DA:91,2
DA:92,2
DA:95,2
DA:96,2
DA:97,2
DA:100,2
DA:101,4
DA:104,2
DA:105,2
DA:107,2
DA:109,2
DA:110,4
DA:114,2
DA:116,2
DA:118,2
DA:119,4
DA:123,2
DA:125,2
DA:127,2
DA:128,4
DA:132,2
DA:134,2
DA:136,2
DA:137,4
DA:142,1
DA:144,2
DA:151,2
DA:152,2
DA:153,2
DA:154,2
DA:156,2
DA:157,4
DA:159,2
DA:160,2
DA:161,2
DA:164,2
DA:165,2
DA:166,2
DA:169,2
DA:170,4
DA:173,2
DA:174,2
DA:176,2
DA:178,2
DA:179,4
DA:183,2
DA:185,2
DA:187,2
DA:188,4
DA:192,2
DA:194,2
DA:196,2
DA:197,4
DA:201,2
DA:203,2
DA:205,2
DA:206,4
DA:211,1
DA:213,2
LF:88
LH:88
end_of_record
SF:lib/features/momentum/presentation/widgets/coach_dashboard/coach_dashboard_overview_tab.dart
DA:26,1
DA:38,1
DA:40,2
DA:42,1
DA:43,1
DA:44,1
DA:45,2
DA:49,1
DA:50,3
DA:53,1
DA:54,1
DA:60,1
DA:61,1
DA:62,1
DA:63,1
DA:64,1
DA:66,1
DA:67,1
DA:69,1
DA:70,1
DA:72,2
DA:73,1
DA:74,1
DA:76,1
DA:77,2
DA:78,1
DA:81,2
DA:82,1
DA:83,0
DA:87,1
DA:89,1
DA:91,2
DA:102,1
DA:106,1
DA:107,1
DA:108,1
DA:110,1
DA:111,1
DA:112,1
DA:113,1
DA:115,2
DA:116,1
DA:117,2
DA:118,1
DA:119,2
DA:120,1
DA:127,1
DA:128,2
DA:130,1
DA:131,1
DA:134,1
DA:135,1
DA:137,1
DA:138,1
DA:139,1
DA:141,2
DA:145,1
DA:147,2
DA:151,1
DA:153,2
DA:157,1
DA:159,2
DA:168,1
DA:169,2
DA:171,1
DA:173,1
DA:174,1
DA:176,1
DA:177,2
DA:181,2
DA:182,1
DA:183,1
DA:185,1
DA:186,1
DA:188,2
DA:191,1
DA:192,1
DA:193,1
DA:200,1
DA:201,1
DA:202,2
DA:203,1
DA:204,1
DA:206,1
DA:208,2
DA:216,1
DA:217,1
DA:220,2
DA:221,1
DA:222,1
DA:223,1
DA:224,1
DA:230,1
DA:234,1
DA:235,2
DA:236,1
DA:237,1
DA:239,1
DA:241,1
DA:242,1
DA:243,1
DA:244,1
DA:245,1
DA:248,1
DA:251,1
DA:253,1
DA:255,2
DA:258,1
DA:260,1
DA:261,1
DA:263,1
DA:264,2
DA:268,1
DA:269,2
DA:270,1
DA:271,2
DA:272,1
DA:277,1
DA:279,1
DA:280,1
DA:282,0
DA:290,1
DA:292,1
DA:294,1
DA:296,1
DA:298,1
DA:306,1
DA:311,2
DA:313,1
DA:315,1
DA:316,1
DA:318,1
DA:319,2
DA:323,2
DA:324,1
DA:325,1
DA:326,1
DA:328,1
DA:329,1
DA:331,2
DA:333,1
DA:334,1
DA:335,1
DA:338,1
DA:341,2
DA:342,1
DA:345,1
DA:348,2
DA:349,1
DA:352,1
DA:363,1
DA:369,1
DA:370,3
DA:372,1
DA:373,1
DA:374,1
DA:375,1
DA:376,1
DA:377,1
DA:379,2
DA:380,1
DA:381,1
DA:383,1
DA:385,2
DA:389,1
DA:390,1
DA:391,1
DA:393,2
DA:396,2
DA:397,1
DA:399,1
DA:400,1
DA:401,1
DA:402,1
LF:174
LH:172
end_of_record
SF:lib/features/momentum/presentation/widgets/coach_dashboard/coach_dashboard_stat_card.dart
DA:11,3
DA:35,2
DA:37,2
DA:38,2
DA:39,2
DA:40,2
DA:41,2
DA:43,2
DA:44,2
DA:45,2
DA:47,2
DA:49,2
DA:50,4
DA:51,2
DA:52,2
DA:53,2
DA:60,2
DA:62,2
DA:63,2
DA:64,2
DA:65,6
DA:66,2
DA:67,2
DA:68,2
DA:70,2
DA:71,2
DA:73,2
DA:75,2
DA:76,4
DA:77,2
DA:79,2
DA:80,2
DA:81,2
DA:82,2
DA:84,2
DA:93,2
DA:94,2
DA:95,2
DA:96,2
DA:97,2
LF:40
LH:40
end_of_record
SF:lib/features/momentum/presentation/widgets/coach_dashboard/coach_dashboard_analytics_tab.dart
DA:18,1
DA:27,1
DA:29,2
DA:31,1
DA:32,2
DA:33,1
DA:34,2
DA:38,1
DA:39,0
DA:40,0
DA:41,0
DA:42,0
DA:43,0
DA:44,0
DA:50,1
DA:52,1
DA:53,1
DA:54,1
DA:56,1
DA:57,1
DA:58,1
DA:59,1
DA:61,2
DA:62,1
DA:63,2
DA:64,1
DA:65,2
DA:66,1
DA:76,1
DA:80,1
DA:81,1
DA:82,1
DA:86,1
DA:90,1
DA:93,1
DA:94,1
DA:96,2
DA:100,1
DA:102,2
DA:106,1
DA:108,2
DA:112,1
DA:113,0
DA:114,1
DA:116,2
DA:123,1
DA:124,3
DA:125,3
DA:126,1
DA:127,1
DA:129,2
DA:130,1
DA:131,1
DA:133,1
DA:134,2
DA:139,1
DA:144,1
DA:146,2
DA:147,1
DA:148,3
DA:151,1
DA:156,1
DA:160,2
DA:162,2
DA:164,1
DA:165,1
DA:167,1
DA:169,1
DA:170,1
DA:172,1
DA:174,2
DA:175,1
DA:178,1
DA:180,1
DA:181,2
DA:182,1
DA:183,1
DA:184,1
DA:191,1
DA:192,1
DA:195,1
DA:197,2
DA:207,1
DA:211,1
DA:212,2
DA:213,1
DA:214,1
DA:216,1
DA:218,1
DA:219,1
DA:221,1
DA:223,2
DA:224,1
DA:226,1
DA:228,1
DA:229,2
DA:230,1
DA:231,1
DA:232,1
DA:240,1
DA:241,0
DA:242,0
DA:243,0
DA:244,0
DA:246,0
DA:249,0
DA:250,0
DA:255,1
DA:257,2
DA:258,1
DA:262,1
DA:270,1
DA:271,1
DA:272,1
DA:273,1
DA:274,1
DA:275,2
DA:276,2
DA:278,1
DA:279,1
DA:280,1
DA:282,1
DA:283,1
DA:284,1
DA:289,2
DA:290,1
DA:291,1
DA:293,1
DA:296,1
DA:297,2
DA:298,1
LF:131
LH:117
end_of_record
SF:lib/features/momentum/presentation/widgets/action_buttons.dart
DA:15,1
DA:23,1
DA:24,1
DA:34,1
DA:36,1
DA:37,1
DA:38,1
DA:41,1
DA:43,2
DA:45,2
DA:51,1
DA:52,1
DA:53,1
DA:54,3
DA:55,1
DA:58,1
DA:60,1
DA:61,1
DA:62,1
DA:63,2
DA:66,1
DA:67,1
DA:70,1
DA:73,1
DA:75,2
DA:78,4
DA:79,4
DA:80,1
DA:81,3
DA:84,2
DA:88,1
DA:91,1
DA:92,3
DA:93,1
DA:98,2
DA:99,1
DA:101,1
DA:104,1
DA:105,2
DA:106,1
DA:108,1
DA:110,1
DA:115,1
DA:117,1
DA:118,2
DA:119,1
DA:121,1
DA:122,1
DA:123,1
DA:124,3
DA:126,2
DA:127,1
DA:128,1
DA:129,1
DA:130,1
DA:134,3
DA:135,2
DA:138,2
DA:139,1
DA:140,1
DA:145,2
DA:155,1
DA:162,1
DA:163,2
DA:164,2
DA:165,2
DA:167,1
DA:168,1
DA:169,2
DA:170,1
DA:171,2
DA:172,1
DA:192,1
DA:199,1
DA:200,1
DA:208,1
DA:210,1
DA:211,2
DA:215,3
DA:216,2
DA:220,1
DA:222,2
DA:223,1
DA:226,0
DA:227,0
DA:228,0
DA:229,0
DA:230,0
DA:233,0
DA:237,1
DA:239,1
DA:241,1
DA:244,1
DA:246,1
DA:247,1
DA:248,1
DA:249,1
DA:250,2
DA:251,1
DA:252,1
DA:253,2
DA:256,4
DA:258,1
DA:259,3
DA:260,3
DA:261,3
DA:262,1
DA:263,2
DA:264,3
DA:266,3
DA:267,1
DA:268,1
DA:269,1
LF:113
LH:107
end_of_record
SF:lib/features/momentum/presentation/providers/momentum_recovery_provider.dart
DA:8,2
DA:11,1
DA:15,1
DA:16,2
DA:20,1
DA:21,1
DA:23,1
DA:25,1
DA:28,1
DA:33,2
DA:34,2
DA:35,1
DA:40,0
DA:41,0
LF:14
LH:12
end_of_record
SF:lib/core/widgets/confetti_overlay.dart
DA:12,0
DA:20,1
DA:21,1
DA:24,1
DA:26,2
DA:27,0
DA:28,0
DA:29,0
DA:34,1
DA:37,0
DA:38,0
DA:45,0
DA:47,0
DA:48,0
DA:53,0
DA:54,0
DA:58,0
DA:60,0
DA:61,0
DA:62,0
DA:63,0
DA:64,0
DA:68,0
DA:70,0
DA:71,0
DA:74,0
DA:76,0
DA:77,0
DA:78,0
DA:79,0
DA:80,0
DA:81,0
DA:83,0
DA:84,0
DA:85,0
DA:97,1
DA:99,1
DA:101,1
DA:108,1
DA:110,1
DA:111,2
DA:116,3
DA:117,0
DA:121,1
DA:123,2
DA:124,1
DA:127,1
DA:129,1
DA:131,1
DA:132,1
DA:133,2
DA:144,1
DA:150,1
DA:152,1
DA:153,1
DA:154,1
DA:155,1
DA:157,1
DA:158,2
DA:159,2
DA:173,1
DA:174,1
DA:176,1
DA:178,2
DA:179,3
DA:183,0
DA:185,0
DA:188,1
DA:189,1
DA:190,1
DA:193,2
DA:195,2
DA:196,1
DA:197,1
DA:198,3
DA:199,4
DA:200,1
DA:201,3
DA:202,3
DA:203,3
DA:204,3
DA:205,3
DA:213,1
DA:214,1
DA:224,3
DA:239,1
DA:250,1
DA:253,8
DA:255,2
DA:256,7
DA:259,3
DA:260,3
DA:261,4
DA:266,4
DA:270,1
DA:273,1
DA:274,3
DA:275,1
DA:277,1
DA:278,1
DA:279,1
DA:282,2
DA:284,1
DA:285,4
DA:290,3
DA:293,1
LF:106
LH:73
end_of_record
SF:lib/features/ai_coach/ui/animated_message_bubble.dart
DA:14,2
DA:21,2
DA:22,2
DA:34,2
DA:35,10
DA:37,2
DA:39,2
DA:41,4
DA:47,4
DA:48,8
DA:50,6
DA:52,4
DA:55,6
DA:57,2
DA:58,2
DA:65,6
DA:66,4
DA:67,3
DA:71,2
DA:73,4
DA:74,3
DA:75,2
DA:78,2
DA:80,2
DA:81,2
DA:82,2
DA:83,2
DA:84,2
DA:86,2
DA:87,2
DA:88,4
DA:89,4
DA:90,4
DA:92,3
DA:93,1
DA:95,2
DA:96,2
DA:97,1
DA:98,1
DA:99,1
DA:100,2
DA:101,1
DA:102,1
LF:43
LH:43
end_of_record
SF:lib/features/ai_coach/ui/typing_indicator.dart
DA:5,1
DA:7,1
DA:8,1
DA:15,1
DA:17,1
DA:18,2
DA:21,1
DA:24,1
DA:26,2
DA:27,1
DA:30,1
DA:33,3
DA:35,1
DA:37,1
DA:38,1
DA:39,1
DA:40,1
DA:41,1
DA:43,2
DA:44,5
DA:46,1
DA:47,1
DA:48,0
DA:49,1
DA:51,1
DA:52,3
DA:53,1
DA:56,1
LF:28
LH:27
end_of_record
SF:lib/features/action_steps/ui/widgets/daily_checkin_card.dart
DA:17,2
DA:23,2
DA:25,4
DA:26,4
DA:28,2
DA:29,2
DA:31,2
DA:32,2
DA:33,2
DA:34,2
DA:35,2
DA:36,2
DA:37,2
DA:38,2
DA:40,2
DA:41,2
DA:42,2
DA:43,2
DA:44,4
DA:45,2
DA:46,0
DA:48,2
DA:49,2
DA:59,2
DA:63,2
DA:65,2
DA:66,6
DA:68,22
DA:70,2
DA:71,2
DA:73,2
DA:74,2
DA:75,2
DA:76,6
DA:82,2
DA:85,4
DA:90,2
DA:93,2
DA:95,2
DA:99,2
DA:100,2
DA:103,2
DA:106,2
DA:111,2
DA:112,2
DA:114,2
DA:115,8
DA:122,2
DA:127,2
DA:129,2
DA:130,4
DA:132,6
DA:133,4
DA:134,2
DA:135,2
DA:138,2
DA:140,2
DA:141,2
DA:144,2
DA:148,1
DA:149,1
DA:154,1
DA:157,2
DA:158,1
DA:162,2
DA:168,2
DA:169,2
DA:172,2
DA:176,0
DA:177,0
DA:180,0
DA:181,0
DA:185,2
LF:73
LH:68
end_of_record
SF:lib/features/action_steps/services/action_step_coach_messenger.dart
DA:9,5
DA:13,2
DA:15,3
DA:17,2
DA:22,1
DA:24,2
DA:26,1
DA:29,2
DA:30,2
DA:32,2
DA:38,0
DA:39,0
DA:40,0
DA:41,0
DA:50,3
DA:51,1
LF:16
LH:12
end_of_record
SF:lib/features/action_steps/state/daily_checkin_controller.dart
DA:12,2
DA:19,1
DA:21,1
DA:22,1
DA:27,4
DA:31,0
DA:32,0
DA:33,0
DA:38,0
DA:43,4
DA:44,2
LF:11
LH:7
end_of_record
SF:lib/features/action_steps/widgets/confetti_overlay.dart
DA:8,0
DA:14,2
DA:15,2
DA:18,2
DA:20,4
DA:22,2
DA:23,2
DA:25,2
DA:26,1
DA:34,2
DA:39,2
DA:47,2
DA:48,2
DA:55,2
DA:57,2
DA:59,4
DA:60,4
DA:62,4
DA:63,6
DA:64,6
DA:67,4
DA:70,6
DA:74,2
DA:76,4
DA:77,2
DA:80,2
DA:82,4
DA:83,1
DA:84,1
DA:85,1
DA:93,1
DA:98,1
DA:99,1
DA:101,5
DA:109,2
DA:110,2
DA:111,2
DA:112,2
LF:38
LH:37
end_of_record
SF:lib/features/health_signals/pes/widgets/energy_input_slider.dart
DA:13,1
DA:27,1
DA:29,2
DA:32,1
DA:34,1
DA:37,3
DA:38,1
DA:39,1
DA:40,1
DA:42,1
DA:43,1
DA:44,4
DA:45,1
DA:47,1
DA:48,1
DA:51,1
DA:53,1
DA:54,1
DA:58,1
DA:60,2
DA:62,1
DA:65,3
DA:66,2
DA:68,1
DA:70,1
DA:72,1
DA:74,2
DA:77,3
DA:78,4
DA:84,1
LF:30
LH:30
end_of_record
SF:lib/features/health_signals/pes/pes_providers.dart
DA:8,4
DA:13,3
DA:16,0
DA:17,0
DA:19,0
DA:21,0
DA:24,0
DA:27,0
LF:8
LH:2
end_of_record
SF:lib/features/health_signals/pes/widgets/pes_trend_sparkline.dart
DA:14,1
DA:16,1
DA:18,2
DA:20,1
DA:21,1
DA:22,2
DA:23,1
DA:25,1
DA:27,0
DA:36,1
DA:48,1
DA:51,5
DA:52,1
DA:53,2
DA:54,3
DA:55,1
DA:57,3
DA:59,1
DA:60,2
DA:61,1
DA:62,1
DA:65,1
DA:68,1
DA:69,1
DA:76,1
DA:90,1
DA:92,1
DA:93,2
DA:94,1
DA:95,2
DA:96,4
DA:97,1
LF:32
LH:31
end_of_record
SF:lib/features/ai_coach/ui/chat_history_widget.dart
DA:11,3
DA:12,0
DA:20,1
DA:22,1
DA:24,2
DA:26,1
DA:27,1
DA:29,0
DA:30,0
DA:32,0
DA:33,0
DA:37,1
DA:38,1
DA:39,0
DA:40,0
DA:42,0
DA:43,0
DA:49,1
DA:51,1
DA:52,1
DA:53,1
DA:55,1
DA:56,2
DA:57,1
DA:58,1
DA:59,1
DA:60,1
DA:61,1
DA:62,1
LF:29
LH:20
end_of_record
